[0.586s] DEBUG:colcon:Command line arguments: ['/usr/bin/colcon', 'build', '--packages-select', 'tiago_inspection']
[0.586s] DEBUG:colcon:Parsed command line arguments: Namespace(log_base=None, log_level=None, verb_name='build', build_base='build', install_base='install', merge_install=False, symlink_install=False, test_result_base=None, continue_on_error=False, executor='parallel', parallel_workers=8, event_handlers=None, ignore_user_meta=False, metas=['./colcon.meta'], base_paths=['.'], packages_ignore=None, packages_ignore_regex=None, paths=None, packages_up_to=None, packages_up_to_regex=None, packages_above=None, packages_above_and_dependencies=None, packages_above_depth=None, packages_select_by_dep=None, packages_skip_by_dep=None, packages_skip_up_to=None, packages_select_build_failed=False, packages_skip_build_finished=False, packages_select_test_failures=False, packages_skip_test_passed=False, packages_select=['tiago_inspection'], packages_skip=None, packages_select_regex=None, packages_skip_regex=None, packages_start=None, packages_end=None, cmake_args=None, cmake_target=None, cmake_target_skip_unavailable=False, cmake_clean_cache=False, cmake_clean_first=False, cmake_force_configure=False, ament_cmake_args=None, catkin_cmake_args=None, catkin_skip_building_tests=False, mixin_files=None, mixin=None, verb_parser=<colcon_mixin.mixin.mixin_argument.MixinArgumentDecorator object at 0x7e6ef1159000>, verb_extension=<colcon_core.verb.build.BuildVerb object at 0x7e6ef1275810>, main=<bound method BuildVerb.main of <colcon_core.verb.build.BuildVerb object at 0x7e6ef1275810>>, mixin_verb=('build',))
[1.468s] Level 1:colcon.colcon_core.package_discovery:discover_packages(colcon_meta) check parameters
[1.469s] Level 1:colcon.colcon_core.package_discovery:discover_packages(recursive) check parameters
[1.470s] Level 1:colcon.colcon_core.package_discovery:discover_packages(ignore) check parameters
[1.470s] Level 1:colcon.colcon_core.package_discovery:discover_packages(path) check parameters
[1.470s] Level 1:colcon.colcon_core.package_discovery:discover_packages(colcon_meta) discover
[1.471s] Level 1:colcon.colcon_core.package_discovery:discover_packages(recursive) discover
[1.471s] INFO:colcon.colcon_core.package_discovery:Crawling recursively for packages in '/root/ros2_ws/src/nb-246830/stage_3'
[1.471s] Level 1:colcon.colcon_core.package_identification:_identify(.) by extensions ['ignore', 'ignore_ament_install']
[1.472s] Level 1:colcon.colcon_core.package_identification:_identify(.) by extension 'ignore'
[1.473s] Level 1:colcon.colcon_core.package_identification:_identify(.) by extension 'ignore_ament_install'
[1.473s] Level 1:colcon.colcon_core.package_identification:_identify(.) by extensions ['colcon_pkg']
[1.473s] Level 1:colcon.colcon_core.package_identification:_identify(.) by extension 'colcon_pkg'
[1.473s] Level 1:colcon.colcon_core.package_identification:_identify(.) by extensions ['colcon_meta']
[1.473s] Level 1:colcon.colcon_core.package_identification:_identify(.) by extension 'colcon_meta'
[1.474s] Level 1:colcon.colcon_core.package_identification:_identify(.) by extensions ['ros']
[1.474s] Level 1:colcon.colcon_core.package_identification:_identify(.) by extension 'ros'
[1.535s] Level 1:colcon.colcon_core.package_identification:_identify(.) by extensions ['cmake', 'python']
[1.535s] Level 1:colcon.colcon_core.package_identification:_identify(.) by extension 'cmake'
[1.535s] Level 1:colcon.colcon_core.package_identification:_identify(.) by extension 'python'
[1.535s] Level 1:colcon.colcon_core.package_identification:_identify(.) by extensions ['python_setup_py']
[1.535s] Level 1:colcon.colcon_core.package_identification:_identify(.) by extension 'python_setup_py'
[1.536s] Level 1:colcon.colcon_core.package_identification:_identify(build) by extensions ['ignore', 'ignore_ament_install']
[1.536s] Level 1:colcon.colcon_core.package_identification:_identify(build) by extension 'ignore'
[1.536s] Level 1:colcon.colcon_core.package_identification:_identify(build) ignored
[1.537s] Level 1:colcon.colcon_core.package_identification:_identify(docker) by extensions ['ignore', 'ignore_ament_install']
[1.537s] Level 1:colcon.colcon_core.package_identification:_identify(docker) by extension 'ignore'
[1.538s] Level 1:colcon.colcon_core.package_identification:_identify(docker) by extension 'ignore_ament_install'
[1.538s] Level 1:colcon.colcon_core.package_identification:_identify(docker) by extensions ['colcon_pkg']
[1.538s] Level 1:colcon.colcon_core.package_identification:_identify(docker) by extension 'colcon_pkg'
[1.538s] Level 1:colcon.colcon_core.package_identification:_identify(docker) by extensions ['colcon_meta']
[1.538s] Level 1:colcon.colcon_core.package_identification:_identify(docker) by extension 'colcon_meta'
[1.539s] Level 1:colcon.colcon_core.package_identification:_identify(docker) by extensions ['ros']
[1.539s] Level 1:colcon.colcon_core.package_identification:_identify(docker) by extension 'ros'
[1.539s] Level 1:colcon.colcon_core.package_identification:_identify(docker) by extensions ['cmake', 'python']
[1.539s] Level 1:colcon.colcon_core.package_identification:_identify(docker) by extension 'cmake'
[1.540s] Level 1:colcon.colcon_core.package_identification:_identify(docker) by extension 'python'
[1.540s] Level 1:colcon.colcon_core.package_identification:_identify(docker) by extensions ['python_setup_py']
[1.540s] Level 1:colcon.colcon_core.package_identification:_identify(docker) by extension 'python_setup_py'
[1.541s] Level 1:colcon.colcon_core.package_identification:_identify(install) by extensions ['ignore', 'ignore_ament_install']
[1.541s] Level 1:colcon.colcon_core.package_identification:_identify(install) by extension 'ignore'
[1.541s] Level 1:colcon.colcon_core.package_identification:_identify(install) ignored
[1.542s] Level 1:colcon.colcon_core.package_identification:_identify(log) by extensions ['ignore', 'ignore_ament_install']
[1.543s] Level 1:colcon.colcon_core.package_identification:_identify(log) by extension 'ignore'
[1.543s] Level 1:colcon.colcon_core.package_identification:_identify(log) ignored
[1.544s] Level 1:colcon.colcon_core.package_identification:_identify(my_nav2) by extensions ['ignore', 'ignore_ament_install']
[1.544s] Level 1:colcon.colcon_core.package_identification:_identify(my_nav2) by extension 'ignore'
[1.544s] Level 1:colcon.colcon_core.package_identification:_identify(my_nav2) by extension 'ignore_ament_install'
[1.545s] Level 1:colcon.colcon_core.package_identification:_identify(my_nav2) by extensions ['colcon_pkg']
[1.545s] Level 1:colcon.colcon_core.package_identification:_identify(my_nav2) by extension 'colcon_pkg'
[1.545s] Level 1:colcon.colcon_core.package_identification:_identify(my_nav2) by extensions ['colcon_meta']
[1.545s] Level 1:colcon.colcon_core.package_identification:_identify(my_nav2) by extension 'colcon_meta'
[1.545s] Level 1:colcon.colcon_core.package_identification:_identify(my_nav2) by extensions ['ros']
[1.546s] Level 1:colcon.colcon_core.package_identification:_identify(my_nav2) by extension 'ros'
[1.556s] DEBUG:colcon.colcon_core.package_identification:Package 'my_nav2' with type 'ros.ament_python' and name 'my_nav2'
[1.556s] Level 1:colcon.colcon_core.package_identification:_identify(py_srvcli) by extensions ['ignore', 'ignore_ament_install']
[1.557s] Level 1:colcon.colcon_core.package_identification:_identify(py_srvcli) by extension 'ignore'
[1.557s] Level 1:colcon.colcon_core.package_identification:_identify(py_srvcli) by extension 'ignore_ament_install'
[1.557s] Level 1:colcon.colcon_core.package_identification:_identify(py_srvcli) by extensions ['colcon_pkg']
[1.557s] Level 1:colcon.colcon_core.package_identification:_identify(py_srvcli) by extension 'colcon_pkg'
[1.558s] Level 1:colcon.colcon_core.package_identification:_identify(py_srvcli) by extensions ['colcon_meta']
[1.558s] Level 1:colcon.colcon_core.package_identification:_identify(py_srvcli) by extension 'colcon_meta'
[1.558s] Level 1:colcon.colcon_core.package_identification:_identify(py_srvcli) by extensions ['ros']
[1.558s] Level 1:colcon.colcon_core.package_identification:_identify(py_srvcli) by extension 'ros'
[1.561s] DEBUG:colcon.colcon_core.package_identification:Package 'py_srvcli' with type 'ros.ament_python' and name 'py_srvcli'
[1.561s] Level 1:colcon.colcon_core.package_identification:_identify(tiago_inspection) by extensions ['ignore', 'ignore_ament_install']
[1.562s] Level 1:colcon.colcon_core.package_identification:_identify(tiago_inspection) by extension 'ignore'
[1.562s] Level 1:colcon.colcon_core.package_identification:_identify(tiago_inspection) by extension 'ignore_ament_install'
[1.563s] Level 1:colcon.colcon_core.package_identification:_identify(tiago_inspection) by extensions ['colcon_pkg']
[1.563s] Level 1:colcon.colcon_core.package_identification:_identify(tiago_inspection) by extension 'colcon_pkg'
[1.563s] Level 1:colcon.colcon_core.package_identification:_identify(tiago_inspection) by extensions ['colcon_meta']
[1.563s] Level 1:colcon.colcon_core.package_identification:_identify(tiago_inspection) by extension 'colcon_meta'
[1.564s] Level 1:colcon.colcon_core.package_identification:_identify(tiago_inspection) by extensions ['ros']
[1.564s] Level 1:colcon.colcon_core.package_identification:_identify(tiago_inspection) by extension 'ros'
[1.567s] DEBUG:colcon.colcon_core.package_identification:Package 'tiago_inspection' with type 'ros.ament_python' and name 'tiago_inspection'
[1.568s] Level 1:colcon.colcon_core.package_identification:_identify(wall_stop) by extensions ['ignore', 'ignore_ament_install']
[1.568s] Level 1:colcon.colcon_core.package_identification:_identify(wall_stop) by extension 'ignore'
[1.569s] Level 1:colcon.colcon_core.package_identification:_identify(wall_stop) by extension 'ignore_ament_install'
[1.569s] Level 1:colcon.colcon_core.package_identification:_identify(wall_stop) by extensions ['colcon_pkg']
[1.570s] Level 1:colcon.colcon_core.package_identification:_identify(wall_stop) by extension 'colcon_pkg'
[1.571s] Level 1:colcon.colcon_core.package_identification:_identify(wall_stop) by extensions ['colcon_meta']
[1.571s] Level 1:colcon.colcon_core.package_identification:_identify(wall_stop) by extension 'colcon_meta'
[1.571s] Level 1:colcon.colcon_core.package_identification:_identify(wall_stop) by extensions ['ros']
[1.572s] Level 1:colcon.colcon_core.package_identification:_identify(wall_stop) by extension 'ros'
[1.575s] DEBUG:colcon.colcon_core.package_identification:Package 'wall_stop' with type 'ros.ament_python' and name 'wall_stop'
[1.575s] Level 1:colcon.colcon_core.package_discovery:discover_packages(recursive) using defaults
[1.576s] Level 1:colcon.colcon_core.package_discovery:discover_packages(ignore) discover
[1.576s] Level 1:colcon.colcon_core.package_discovery:discover_packages(ignore) using defaults
[1.576s] Level 1:colcon.colcon_core.package_discovery:discover_packages(path) discover
[1.576s] Level 1:colcon.colcon_core.package_discovery:discover_packages(path) using defaults
[1.672s] INFO:colcon.colcon_core.package_selection:Skipping not selected package 'my_nav2' in 'my_nav2'
[1.673s] INFO:colcon.colcon_core.package_selection:Skipping not selected package 'py_srvcli' in 'py_srvcli'
[1.673s] INFO:colcon.colcon_core.package_selection:Skipping not selected package 'wall_stop' in 'wall_stop'
[1.677s] Level 5:colcon.colcon_core.verb:set package 'tiago_inspection' build argument 'cmake_args' from command line to 'None'
[1.678s] Level 5:colcon.colcon_core.verb:set package 'tiago_inspection' build argument 'cmake_target' from command line to 'None'
[1.678s] Level 5:colcon.colcon_core.verb:set package 'tiago_inspection' build argument 'cmake_target_skip_unavailable' from command line to 'False'
[1.679s] Level 5:colcon.colcon_core.verb:set package 'tiago_inspection' build argument 'cmake_clean_cache' from command line to 'False'
[1.679s] Level 5:colcon.colcon_core.verb:set package 'tiago_inspection' build argument 'cmake_clean_first' from command line to 'False'
[1.679s] Level 5:colcon.colcon_core.verb:set package 'tiago_inspection' build argument 'cmake_force_configure' from command line to 'False'
[1.679s] Level 5:colcon.colcon_core.verb:set package 'tiago_inspection' build argument 'ament_cmake_args' from command line to 'None'
[1.679s] Level 5:colcon.colcon_core.verb:set package 'tiago_inspection' build argument 'catkin_cmake_args' from command line to 'None'
[1.679s] Level 5:colcon.colcon_core.verb:set package 'tiago_inspection' build argument 'catkin_skip_building_tests' from command line to 'False'
[1.680s] DEBUG:colcon.colcon_core.verb:Building package 'tiago_inspection' with the following arguments: {'ament_cmake_args': None, 'build_base': '/root/ros2_ws/src/nb-246830/stage_3/build/tiago_inspection', 'catkin_cmake_args': None, 'catkin_skip_building_tests': False, 'cmake_args': None, 'cmake_clean_cache': False, 'cmake_clean_first': False, 'cmake_force_configure': False, 'cmake_target': None, 'cmake_target_skip_unavailable': False, 'install_base': '/root/ros2_ws/src/nb-246830/stage_3/install/tiago_inspection', 'merge_install': False, 'path': '/root/ros2_ws/src/nb-246830/stage_3/tiago_inspection', 'symlink_install': False, 'test_result_base': None}
[1.680s] INFO:colcon.colcon_core.executor:Executing jobs using 'parallel' executor
[1.685s] DEBUG:colcon.colcon_parallel_executor.executor.parallel:run_until_complete
[1.686s] INFO:colcon.colcon_ros.task.ament_python.build:Building ROS package in '/root/ros2_ws/src/nb-246830/stage_3/tiago_inspection' with build type 'ament_python'
[1.687s] Level 1:colcon.colcon_core.shell:create_environment_hook('tiago_inspection', 'ament_prefix_path')
[1.699s] INFO:colcon.colcon_core.plugin_system:Skipping extension 'colcon_core.shell.bat': Not used on non-Windows systems
[1.699s] INFO:colcon.colcon_core.shell:Creating environment hook '/root/ros2_ws/src/nb-246830/stage_3/install/tiago_inspection/share/tiago_inspection/hook/ament_prefix_path.ps1'
[1.702s] INFO:colcon.colcon_core.shell:Creating environment descriptor '/root/ros2_ws/src/nb-246830/stage_3/install/tiago_inspection/share/tiago_inspection/hook/ament_prefix_path.dsv'
[1.704s] INFO:colcon.colcon_core.shell:Creating environment hook '/root/ros2_ws/src/nb-246830/stage_3/install/tiago_inspection/share/tiago_inspection/hook/ament_prefix_path.sh'
[1.709s] INFO:colcon.colcon_core.shell:Skip shell extension 'powershell' for command environment: Not usable outside of PowerShell
[1.710s] DEBUG:colcon.colcon_core.shell:Skip shell extension 'dsv' for command environment
[3.113s] INFO:colcon.colcon_core.task.python.build:Building Python package in '/root/ros2_ws/src/nb-246830/stage_3/tiago_inspection'
[3.115s] INFO:colcon.colcon_core.shell:Skip shell extension 'powershell' for command environment: Not usable outside of PowerShell
[3.116s] DEBUG:colcon.colcon_core.shell:Skip shell extension 'dsv' for command environment
[5.589s] DEBUG:colcon.colcon_core.event_handler.log_command:Invoking command in '/root/ros2_ws/src/nb-246830/stage_3/tiago_inspection': PYTHONPATH=/root/ros2_ws/src/nb-246830/stage_3/build/tiago_inspection/prefix_override:/usr/lib/python3/dist-packages/colcon_core/task/python/colcon_distutils_commands:/root/ros2_ws/src/nb-246830/stage_3/install/tiago_inspection/lib/python3.10/site-packages:${PYTHONPATH} /usr/bin/python3 -W ignore:setup.py install is deprecated setup.py egg_info --egg-base ../build/tiago_inspection build --build-base /root/ros2_ws/src/nb-246830/stage_3/build/tiago_inspection/build install --record /root/ros2_ws/src/nb-246830/stage_3/build/tiago_inspection/install.log --single-version-externally-managed install_data
[7.539s] DEBUG:colcon.colcon_core.event_handler.log_command:Invoked command in '/root/ros2_ws/src/nb-246830/stage_3/tiago_inspection' returned '0': PYTHONPATH=/root/ros2_ws/src/nb-246830/stage_3/build/tiago_inspection/prefix_override:/usr/lib/python3/dist-packages/colcon_core/task/python/colcon_distutils_commands:/root/ros2_ws/src/nb-246830/stage_3/install/tiago_inspection/lib/python3.10/site-packages:${PYTHONPATH} /usr/bin/python3 -W ignore:setup.py install is deprecated setup.py egg_info --egg-base ../build/tiago_inspection build --build-base /root/ros2_ws/src/nb-246830/stage_3/build/tiago_inspection/build install --record /root/ros2_ws/src/nb-246830/stage_3/build/tiago_inspection/install.log --single-version-externally-managed install_data
[7.574s] Level 1:colcon.colcon_core.environment:checking '/root/ros2_ws/src/nb-246830/stage_3/install/tiago_inspection' for CMake module files
[7.577s] Level 1:colcon.colcon_core.environment:checking '/root/ros2_ws/src/nb-246830/stage_3/install/tiago_inspection' for CMake config files
[7.581s] Level 1:colcon.colcon_core.environment:checking '/root/ros2_ws/src/nb-246830/stage_3/install/tiago_inspection/lib'
[7.583s] Level 1:colcon.colcon_core.environment:checking '/root/ros2_ws/src/nb-246830/stage_3/install/tiago_inspection/bin'
[7.583s] Level 1:colcon.colcon_core.environment:checking '/root/ros2_ws/src/nb-246830/stage_3/install/tiago_inspection/lib/pkgconfig/tiago_inspection.pc'
[7.585s] Level 1:colcon.colcon_core.environment:checking '/root/ros2_ws/src/nb-246830/stage_3/install/tiago_inspection/lib/python3.10/site-packages'
[7.586s] Level 1:colcon.colcon_core.shell:create_environment_hook('tiago_inspection', 'pythonpath')
[7.588s] INFO:colcon.colcon_core.shell:Creating environment hook '/root/ros2_ws/src/nb-246830/stage_3/install/tiago_inspection/share/tiago_inspection/hook/pythonpath.ps1'
[7.590s] INFO:colcon.colcon_core.shell:Creating environment descriptor '/root/ros2_ws/src/nb-246830/stage_3/install/tiago_inspection/share/tiago_inspection/hook/pythonpath.dsv'
[7.594s] INFO:colcon.colcon_core.shell:Creating environment hook '/root/ros2_ws/src/nb-246830/stage_3/install/tiago_inspection/share/tiago_inspection/hook/pythonpath.sh'
[7.599s] Level 1:colcon.colcon_core.environment:checking '/root/ros2_ws/src/nb-246830/stage_3/install/tiago_inspection/bin'
[7.599s] Level 1:colcon.colcon_core.environment:create_environment_scripts_only(tiago_inspection)
[7.602s] INFO:colcon.colcon_core.shell:Creating package script '/root/ros2_ws/src/nb-246830/stage_3/install/tiago_inspection/share/tiago_inspection/package.ps1'
[7.608s] INFO:colcon.colcon_core.shell:Creating package descriptor '/root/ros2_ws/src/nb-246830/stage_3/install/tiago_inspection/share/tiago_inspection/package.dsv'
[7.612s] INFO:colcon.colcon_core.shell:Creating package script '/root/ros2_ws/src/nb-246830/stage_3/install/tiago_inspection/share/tiago_inspection/package.sh'
[7.618s] INFO:colcon.colcon_core.shell:Creating package script '/root/ros2_ws/src/nb-246830/stage_3/install/tiago_inspection/share/tiago_inspection/package.bash'
[7.623s] INFO:colcon.colcon_core.shell:Creating package script '/root/ros2_ws/src/nb-246830/stage_3/install/tiago_inspection/share/tiago_inspection/package.zsh'
[7.629s] Level 1:colcon.colcon_core.environment:create_file_with_runtime_dependencies(/root/ros2_ws/src/nb-246830/stage_3/install/tiago_inspection/share/colcon-core/packages/tiago_inspection)
[7.630s] DEBUG:colcon.colcon_parallel_executor.executor.parallel:closing loop
[7.631s] DEBUG:colcon.colcon_parallel_executor.executor.parallel:loop closed
[7.632s] DEBUG:colcon.colcon_parallel_executor.executor.parallel:run_until_complete finished with '0'
[7.632s] DEBUG:colcon.colcon_core.event_reactor:joining thread
[7.733s] INFO:colcon.colcon_core.plugin_system:Skipping extension 'colcon_notification.desktop_notification.notify_send': Could not find 'notify-send'
[7.734s] INFO:colcon.colcon_core.plugin_system:Skipping extension 'colcon_notification.desktop_notification.terminal_notifier': Not used on non-Darwin systems
[7.735s] INFO:colcon.colcon_core.plugin_system:Skipping extension 'colcon_notification.desktop_notification.win32': Not used on non-Windows systems
[7.735s] INFO:colcon.colcon_notification.desktop_notification:Sending desktop notification using 'notify2'
[7.749s] DEBUG:colcon.colcon_notification.desktop_notification.notify2:Failed to initialize notify2: org.freedesktop.DBus.Error.Spawn.ExecFailed: /usr/bin/dbus-launch terminated abnormally without any error message
[7.751s] DEBUG:colcon.colcon_core.event_reactor:joined thread
[7.757s] INFO:colcon.colcon_core.shell:Creating prefix script '/root/ros2_ws/src/nb-246830/stage_3/install/local_setup.ps1'
[7.769s] INFO:colcon.colcon_core.shell:Creating prefix util module '/root/ros2_ws/src/nb-246830/stage_3/install/_local_setup_util_ps1.py'
[7.786s] INFO:colcon.colcon_core.shell:Creating prefix chain script '/root/ros2_ws/src/nb-246830/stage_3/install/setup.ps1'
[7.801s] INFO:colcon.colcon_core.shell:Creating prefix script '/root/ros2_ws/src/nb-246830/stage_3/install/local_setup.sh'
[7.807s] INFO:colcon.colcon_core.shell:Creating prefix util module '/root/ros2_ws/src/nb-246830/stage_3/install/_local_setup_util_sh.py'
[7.813s] INFO:colcon.colcon_core.shell:Creating prefix chain script '/root/ros2_ws/src/nb-246830/stage_3/install/setup.sh'
[7.828s] INFO:colcon.colcon_core.shell:Creating prefix script '/root/ros2_ws/src/nb-246830/stage_3/install/local_setup.bash'
[7.832s] INFO:colcon.colcon_core.shell:Creating prefix chain script '/root/ros2_ws/src/nb-246830/stage_3/install/setup.bash'
[7.843s] INFO:colcon.colcon_core.shell:Creating prefix script '/root/ros2_ws/src/nb-246830/stage_3/install/local_setup.zsh'
[7.849s] INFO:colcon.colcon_core.shell:Creating prefix chain script '/root/ros2_ws/src/nb-246830/stage_3/install/setup.zsh'
