[0.084s] Invoking command in '/root/ros2_ws/build/moveit_wrapper_interfaces': CMAKE_PREFIX_PATH=/opt/ros/humble /usr/bin/cmake /root/ros2_ws/src/25ws_nb-246830/submodules/moveit-wrapper-stud/moveit_wrapper_interfaces -DAMENT_CMAKE_SYMLINK_INSTALL=1 -DCMAKE_INSTALL_PREFIX=/root/ros2_ws/install/moveit_wrapper_interfaces
[0.180s] -- Found ament_cmake: 1.3.12 (/opt/ros/humble/share/ament_cmake/cmake)
[1.074s] -- Found Python3: /usr/bin/python3 (found version "3.10.12") found components: Interpreter 
[1.465s] -- Override CMake install command with custom implementation using symlinks instead of copying resources
[1.730s] -- Found rosidl_default_generators: 1.2.0 (/opt/ros/humble/share/rosidl_default_generators/cmake)
[1.762s] -- Using all available rosidl_typesupport_c: rosidl_typesupport_fastrtps_c;rosidl_typesupport_introspection_c
[1.830s] -- Found rosidl_adapter: 3.1.7 (/opt/ros/humble/share/rosidl_adapter/cmake)
[2.182s] -- Using all available rosidl_typesupport_cpp: rosidl_typesupport_fastrtps_cpp;rosidl_typesupport_introspection_cpp
[2.450s] -- Found geometry_msgs: 4.9.0 (/opt/ros/humble/share/geometry_msgs/cmake)
[2.784s] -- Found visualization_msgs: 4.9.0 (/opt/ros/humble/share/visualization_msgs/cmake)
[3.052s] -- Found moveit_msgs: 2.2.1 (/opt/ros/humble/share/moveit_msgs/cmake)
[6.410s] -- Found ament_cmake_ros: 0.10.0 (/opt/ros/humble/share/ament_cmake_ros/cmake)
[8.493s] -- Using all available rosidl_typesupport_c: rosidl_typesupport_fastrtps_c;rosidl_typesupport_introspection_c
[11.369s] -- Using all available rosidl_typesupport_cpp: rosidl_typesupport_fastrtps_cpp;rosidl_typesupport_introspection_cpp
[11.479s] -- Found PythonInterp: /usr/bin/python3 (found suitable version "3.10.12", minimum required is "3.6") 
[11.495s] -- Found python_cmake_module: 0.10.0 (/opt/ros/humble/share/python_cmake_module/cmake)
[11.635s] -- Found PythonLibs: /usr/lib/x86_64-linux-gnu/libpython3.10.so (found suitable version "3.10.12", minimum required is "3.5") 
[11.635s] -- Using PYTHON_EXECUTABLE: /usr/bin/python3
[11.635s] -- Using PYTHON_INCLUDE_DIRS: /usr/include/python3.10
[11.635s] -- Using PYTHON_LIBRARIES: /usr/lib/x86_64-linux-gnu/libpython3.10.so
[11.731s] -- Found PythonExtra: .so  
[12.505s] -- Configuring done
[12.874s] -- Generating done
[12.967s] -- Build files have been written to: /root/ros2_ws/build/moveit_wrapper_interfaces
[13.006s] Invoked command in '/root/ros2_ws/build/moveit_wrapper_interfaces' returned '0': CMAKE_PREFIX_PATH=/opt/ros/humble /usr/bin/cmake /root/ros2_ws/src/25ws_nb-246830/submodules/moveit-wrapper-stud/moveit_wrapper_interfaces -DAMENT_CMAKE_SYMLINK_INSTALL=1 -DCMAKE_INSTALL_PREFIX=/root/ros2_ws/install/moveit_wrapper_interfaces
[13.015s] Invoking command in '/root/ros2_ws/build/moveit_wrapper_interfaces': CMAKE_PREFIX_PATH=/opt/ros/humble /usr/bin/cmake --build /root/ros2_ws/build/moveit_wrapper_interfaces -- -j8 -l8
[13.287s] [  0%] [34m[1mGenerating C++ code for ROS interfaces[0m
[25.394s] [  0%] Built target moveit_wrapper_interfaces__cpp
[25.551s] [  0%] Built target ament_cmake_python_symlink_moveit_wrapper_interfaces
[25.623s] [  0%] [34m[1mGenerating C++ introspection for ROS interfaces[0m
[43.827s] [  1%] [32mBuilding CXX object CMakeFiles/moveit_wrapper_interfaces__rosidl_typesupport_introspection_cpp.dir/rosidl_typesupport_introspection_cpp/moveit_wrapper_interfaces/msg/detail/waypoint__type_support.cpp.o[0m
[51.423s] [  2%] [32mBuilding CXX object CMakeFiles/moveit_wrapper_interfaces__rosidl_typesupport_introspection_cpp.dir/rosidl_typesupport_introspection_cpp/moveit_wrapper_interfaces/srv/detail/attach_obj__type_support.cpp.o[0m
[57.143s] [  3%] [32mBuilding CXX object CMakeFiles/moveit_wrapper_interfaces__rosidl_typesupport_introspection_cpp.dir/rosidl_typesupport_introspection_cpp/moveit_wrapper_interfaces/srv/detail/dettach_obj__type_support.cpp.o[0m
[60.895s] [  4%] [32mBuilding CXX object CMakeFiles/moveit_wrapper_interfaces__rosidl_typesupport_introspection_cpp.dir/rosidl_typesupport_introspection_cpp/moveit_wrapper_interfaces/srv/detail/execute_plans__type_support.cpp.o[0m
[65.453s] [  4%] [32mBuilding CXX object CMakeFiles/moveit_wrapper_interfaces__rosidl_typesupport_introspection_cpp.dir/rosidl_typesupport_introspection_cpp/moveit_wrapper_interfaces/srv/detail/get_attached_objs__type_support.cpp.o[0m
[69.043s] [  5%] [32mBuilding CXX object CMakeFiles/moveit_wrapper_interfaces__rosidl_typesupport_introspection_cpp.dir/rosidl_typesupport_introspection_cpp/moveit_wrapper_interfaces/srv/detail/get_col_obj__type_support.cpp.o[0m
[72.223s] [  6%] [32mBuilding CXX object CMakeFiles/moveit_wrapper_interfaces__rosidl_typesupport_introspection_cpp.dir/rosidl_typesupport_introspection_cpp/moveit_wrapper_interfaces/srv/detail/get_named_target__type_support.cpp.o[0m
[74.195s] [  6%] [32mBuilding CXX object CMakeFiles/moveit_wrapper_interfaces__rosidl_typesupport_introspection_cpp.dir/rosidl_typesupport_introspection_cpp/moveit_wrapper_interfaces/srv/detail/get_named_targets__type_support.cpp.o[0m
[76.664s] [  7%] [32mBuilding CXX object CMakeFiles/moveit_wrapper_interfaces__rosidl_typesupport_introspection_cpp.dir/rosidl_typesupport_introspection_cpp/moveit_wrapper_interfaces/srv/detail/goto_named_target__type_support.cpp.o[0m
[78.585s] [  8%] [32mBuilding CXX object CMakeFiles/moveit_wrapper_interfaces__rosidl_typesupport_introspection_cpp.dir/rosidl_typesupport_introspection_cpp/moveit_wrapper_interfaces/srv/detail/plan__type_support.cpp.o[0m
[85.876s] [  8%] [32mBuilding CXX object CMakeFiles/moveit_wrapper_interfaces__rosidl_typesupport_introspection_cpp.dir/rosidl_typesupport_introspection_cpp/moveit_wrapper_interfaces/srv/detail/plan_joints__type_support.cpp.o[0m
[92.127s] [  9%] [32mBuilding CXX object CMakeFiles/moveit_wrapper_interfaces__rosidl_typesupport_introspection_cpp.dir/rosidl_typesupport_introspection_cpp/moveit_wrapper_interfaces/srv/detail/remove_col_obj__type_support.cpp.o[0m
[97.669s] [ 10%] [32mBuilding CXX object CMakeFiles/moveit_wrapper_interfaces__rosidl_typesupport_introspection_cpp.dir/rosidl_typesupport_introspection_cpp/moveit_wrapper_interfaces/srv/detail/move_torso__type_support.cpp.o[0m
[102.807s] [ 10%] [32mBuilding CXX object CMakeFiles/moveit_wrapper_interfaces__rosidl_typesupport_introspection_cpp.dir/rosidl_typesupport_introspection_cpp/moveit_wrapper_interfaces/srv/detail/add_col_obj__type_support.cpp.o[0m
[110.959s] [ 11%] [32mBuilding CXX object CMakeFiles/moveit_wrapper_interfaces__rosidl_typesupport_introspection_cpp.dir/rosidl_typesupport_introspection_cpp/moveit_wrapper_interfaces/msg/detail/waypoint_sequence__type_support.cpp.o[0m
[122.985s] [ 12%] [32m[1mLinking CXX shared library libmoveit_wrapper_interfaces__rosidl_typesupport_introspection_cpp.so[0m
[124.450s] [ 12%] Built target moveit_wrapper_interfaces__rosidl_typesupport_introspection_cpp
[126.334s] running egg_info
[126.346s] creating moveit_wrapper_interfaces.egg-info
[126.350s] writing moveit_wrapper_interfaces.egg-info/PKG-INFO
[126.351s] writing dependency_links to moveit_wrapper_interfaces.egg-info/dependency_links.txt
[126.351s] writing top-level names to moveit_wrapper_interfaces.egg-info/top_level.txt
[126.354s] writing manifest file 'moveit_wrapper_interfaces.egg-info/SOURCES.txt'
[126.358s] reading manifest file 'moveit_wrapper_interfaces.egg-info/SOURCES.txt'
[126.360s] writing manifest file 'moveit_wrapper_interfaces.egg-info/SOURCES.txt'
[126.523s] [ 12%] Built target ament_cmake_python_build_moveit_wrapper_interfaces_egg
[126.596s] [ 13%] [34m[1mGenerating C++ type support for eProsima Fast-RTPS[0m
[136.400s] [ 14%] [32mBuilding CXX object CMakeFiles/moveit_wrapper_interfaces__rosidl_typesupport_fastrtps_cpp.dir/rosidl_typesupport_fastrtps_cpp/moveit_wrapper_interfaces/msg/detail/dds_fastrtps/waypoint__type_support.cpp.o[0m
[138.570s] [ 14%] [32mBuilding CXX object CMakeFiles/moveit_wrapper_interfaces__rosidl_typesupport_fastrtps_cpp.dir/rosidl_typesupport_fastrtps_cpp/moveit_wrapper_interfaces/srv/detail/dds_fastrtps/execute_plans__type_support.cpp.o[0m
[141.183s] [ 15%] [32mBuilding CXX object CMakeFiles/moveit_wrapper_interfaces__rosidl_typesupport_fastrtps_cpp.dir/rosidl_typesupport_fastrtps_cpp/moveit_wrapper_interfaces/srv/detail/dds_fastrtps/get_attached_objs__type_support.cpp.o[0m
[143.835s] [ 16%] [32mBuilding CXX object CMakeFiles/moveit_wrapper_interfaces__rosidl_typesupport_fastrtps_cpp.dir/rosidl_typesupport_fastrtps_cpp/moveit_wrapper_interfaces/srv/detail/dds_fastrtps/get_col_obj__type_support.cpp.o[0m
[146.454s] [ 16%] [32mBuilding CXX object CMakeFiles/moveit_wrapper_interfaces__rosidl_typesupport_fastrtps_cpp.dir/rosidl_typesupport_fastrtps_cpp/moveit_wrapper_interfaces/srv/detail/dds_fastrtps/get_named_target__type_support.cpp.o[0m
[148.895s] [ 17%] [32mBuilding CXX object CMakeFiles/moveit_wrapper_interfaces__rosidl_typesupport_fastrtps_cpp.dir/rosidl_typesupport_fastrtps_cpp/moveit_wrapper_interfaces/srv/detail/dds_fastrtps/get_named_targets__type_support.cpp.o[0m
[151.957s] [ 18%] [32mBuilding CXX object CMakeFiles/moveit_wrapper_interfaces__rosidl_typesupport_fastrtps_cpp.dir/rosidl_typesupport_fastrtps_cpp/moveit_wrapper_interfaces/srv/detail/dds_fastrtps/goto_named_target__type_support.cpp.o[0m
[154.711s] [ 19%] [32mBuilding CXX object CMakeFiles/moveit_wrapper_interfaces__rosidl_typesupport_fastrtps_cpp.dir/rosidl_typesupport_fastrtps_cpp/moveit_wrapper_interfaces/srv/detail/dds_fastrtps/plan__type_support.cpp.o[0m
[161.857s] [ 19%] [32mBuilding CXX object CMakeFiles/moveit_wrapper_interfaces__rosidl_typesupport_fastrtps_cpp.dir/rosidl_typesupport_fastrtps_cpp/moveit_wrapper_interfaces/srv/detail/dds_fastrtps/plan_joints__type_support.cpp.o[0m
[170.427s] [ 20%] [32mBuilding CXX object CMakeFiles/moveit_wrapper_interfaces__rosidl_typesupport_fastrtps_cpp.dir/rosidl_typesupport_fastrtps_cpp/moveit_wrapper_interfaces/srv/detail/dds_fastrtps/remove_col_obj__type_support.cpp.o[0m
[176.554s] [ 21%] [32mBuilding CXX object CMakeFiles/moveit_wrapper_interfaces__rosidl_typesupport_fastrtps_cpp.dir/rosidl_typesupport_fastrtps_cpp/moveit_wrapper_interfaces/srv/detail/dds_fastrtps/move_torso__type_support.cpp.o[0m
[182.132s] [ 22%] [32mBuilding CXX object CMakeFiles/moveit_wrapper_interfaces__rosidl_typesupport_fastrtps_cpp.dir/rosidl_typesupport_fastrtps_cpp/moveit_wrapper_interfaces/srv/detail/dds_fastrtps/dettach_obj__type_support.cpp.o[0m
[187.864s] [ 23%] [32mBuilding CXX object CMakeFiles/moveit_wrapper_interfaces__rosidl_typesupport_fastrtps_cpp.dir/rosidl_typesupport_fastrtps_cpp/moveit_wrapper_interfaces/srv/detail/dds_fastrtps/attach_obj__type_support.cpp.o[0m
[191.637s] [ 23%] [32mBuilding CXX object CMakeFiles/moveit_wrapper_interfaces__rosidl_typesupport_fastrtps_cpp.dir/rosidl_typesupport_fastrtps_cpp/moveit_wrapper_interfaces/srv/detail/dds_fastrtps/add_col_obj__type_support.cpp.o[0m
[195.173s] [ 24%] [32mBuilding CXX object CMakeFiles/moveit_wrapper_interfaces__rosidl_typesupport_fastrtps_cpp.dir/rosidl_typesupport_fastrtps_cpp/moveit_wrapper_interfaces/msg/detail/dds_fastrtps/waypoint_sequence__type_support.cpp.o[0m
[198.446s] [ 24%] [32m[1mLinking CXX shared library libmoveit_wrapper_interfaces__rosidl_typesupport_fastrtps_cpp.so[0m
[199.121s] [ 24%] Built target moveit_wrapper_interfaces__rosidl_typesupport_fastrtps_cpp
[199.162s] [ 25%] [34m[1mGenerating C++ type support dispatch for ROS interfaces[0m
[204.702s] [ 26%] [32mBuilding CXX object CMakeFiles/moveit_wrapper_interfaces__rosidl_typesupport_cpp.dir/rosidl_typesupport_cpp/moveit_wrapper_interfaces/msg/waypoint__type_support.cpp.o[0m
[206.081s] [ 27%] [32mBuilding CXX object CMakeFiles/moveit_wrapper_interfaces__rosidl_typesupport_cpp.dir/rosidl_typesupport_cpp/moveit_wrapper_interfaces/srv/get_attached_objs__type_support.cpp.o[0m
[207.483s] [ 28%] [32mBuilding CXX object CMakeFiles/moveit_wrapper_interfaces__rosidl_typesupport_cpp.dir/rosidl_typesupport_cpp/moveit_wrapper_interfaces/srv/get_col_obj__type_support.cpp.o[0m
[208.981s] [ 28%] [32mBuilding CXX object CMakeFiles/moveit_wrapper_interfaces__rosidl_typesupport_cpp.dir/rosidl_typesupport_cpp/moveit_wrapper_interfaces/srv/get_named_target__type_support.cpp.o[0m
[210.368s] [ 29%] [32mBuilding CXX object CMakeFiles/moveit_wrapper_interfaces__rosidl_typesupport_cpp.dir/rosidl_typesupport_cpp/moveit_wrapper_interfaces/srv/get_named_targets__type_support.cpp.o[0m
[211.749s] [ 30%] [32mBuilding CXX object CMakeFiles/moveit_wrapper_interfaces__rosidl_typesupport_cpp.dir/rosidl_typesupport_cpp/moveit_wrapper_interfaces/srv/goto_named_target__type_support.cpp.o[0m
[213.368s] [ 30%] [32mBuilding CXX object CMakeFiles/moveit_wrapper_interfaces__rosidl_typesupport_cpp.dir/rosidl_typesupport_cpp/moveit_wrapper_interfaces/srv/plan__type_support.cpp.o[0m
[215.044s] [ 31%] [32mBuilding CXX object CMakeFiles/moveit_wrapper_interfaces__rosidl_typesupport_cpp.dir/rosidl_typesupport_cpp/moveit_wrapper_interfaces/srv/plan_joints__type_support.cpp.o[0m
[216.725s] [ 32%] [32mBuilding CXX object CMakeFiles/moveit_wrapper_interfaces__rosidl_typesupport_cpp.dir/rosidl_typesupport_cpp/moveit_wrapper_interfaces/srv/remove_col_obj__type_support.cpp.o[0m
[218.636s] [ 32%] [32mBuilding CXX object CMakeFiles/moveit_wrapper_interfaces__rosidl_typesupport_cpp.dir/rosidl_typesupport_cpp/moveit_wrapper_interfaces/srv/move_torso__type_support.cpp.o[0m
[220.573s] [ 33%] [32mBuilding CXX object CMakeFiles/moveit_wrapper_interfaces__rosidl_typesupport_cpp.dir/rosidl_typesupport_cpp/moveit_wrapper_interfaces/srv/execute_plans__type_support.cpp.o[0m
[222.627s] [ 33%] [32mBuilding CXX object CMakeFiles/moveit_wrapper_interfaces__rosidl_typesupport_cpp.dir/rosidl_typesupport_cpp/moveit_wrapper_interfaces/srv/dettach_obj__type_support.cpp.o[0m
[226.434s] [ 34%] [32mBuilding CXX object CMakeFiles/moveit_wrapper_interfaces__rosidl_typesupport_cpp.dir/rosidl_typesupport_cpp/moveit_wrapper_interfaces/srv/attach_obj__type_support.cpp.o[0m
[230.246s] [ 35%] [32mBuilding CXX object CMakeFiles/moveit_wrapper_interfaces__rosidl_typesupport_cpp.dir/rosidl_typesupport_cpp/moveit_wrapper_interfaces/srv/add_col_obj__type_support.cpp.o[0m
[233.978s] [ 35%] [32mBuilding CXX object CMakeFiles/moveit_wrapper_interfaces__rosidl_typesupport_cpp.dir/rosidl_typesupport_cpp/moveit_wrapper_interfaces/msg/waypoint_sequence__type_support.cpp.o[0m
[237.683s] [ 36%] [32m[1mLinking CXX shared library libmoveit_wrapper_interfaces__rosidl_typesupport_cpp.so[0m
[238.315s] [ 36%] Built target moveit_wrapper_interfaces__rosidl_typesupport_cpp
[238.494s] [ 37%] [34m[1mGenerating C code for ROS interfaces[0m
[260.518s] [ 37%] [32mBuilding C object CMakeFiles/moveit_wrapper_interfaces__rosidl_generator_c.dir/rosidl_generator_c/moveit_wrapper_interfaces/msg/detail/waypoint__functions.c.o[0m
[260.821s] [ 38%] [32mBuilding C object CMakeFiles/moveit_wrapper_interfaces__rosidl_generator_c.dir/rosidl_generator_c/moveit_wrapper_interfaces/srv/detail/get_col_obj__functions.c.o[0m
[261.139s] [ 39%] [32mBuilding C object CMakeFiles/moveit_wrapper_interfaces__rosidl_generator_c.dir/rosidl_generator_c/moveit_wrapper_interfaces/srv/detail/get_named_target__functions.c.o[0m
[261.480s] [ 40%] [32mBuilding C object CMakeFiles/moveit_wrapper_interfaces__rosidl_generator_c.dir/rosidl_generator_c/moveit_wrapper_interfaces/srv/detail/get_named_targets__functions.c.o[0m
[261.769s] [ 40%] [32mBuilding C object CMakeFiles/moveit_wrapper_interfaces__rosidl_generator_c.dir/rosidl_generator_c/moveit_wrapper_interfaces/srv/detail/goto_named_target__functions.c.o[0m
[262.109s] [ 41%] [32mBuilding C object CMakeFiles/moveit_wrapper_interfaces__rosidl_generator_c.dir/rosidl_generator_c/moveit_wrapper_interfaces/srv/detail/plan__functions.c.o[0m
[262.516s] [ 42%] [32mBuilding C object CMakeFiles/moveit_wrapper_interfaces__rosidl_generator_c.dir/rosidl_generator_c/moveit_wrapper_interfaces/srv/detail/plan_joints__functions.c.o[0m
[262.932s] [ 42%] [32mBuilding C object CMakeFiles/moveit_wrapper_interfaces__rosidl_generator_c.dir/rosidl_generator_c/moveit_wrapper_interfaces/srv/detail/remove_col_obj__functions.c.o[0m
[263.215s] [ 43%] [32mBuilding C object CMakeFiles/moveit_wrapper_interfaces__rosidl_generator_c.dir/rosidl_generator_c/moveit_wrapper_interfaces/srv/detail/move_torso__functions.c.o[0m
[263.585s] [ 43%] [32mBuilding C object CMakeFiles/moveit_wrapper_interfaces__rosidl_generator_c.dir/rosidl_generator_c/moveit_wrapper_interfaces/srv/detail/get_attached_objs__functions.c.o[0m
[263.975s] [ 44%] [32mBuilding C object CMakeFiles/moveit_wrapper_interfaces__rosidl_generator_c.dir/rosidl_generator_c/moveit_wrapper_interfaces/srv/detail/execute_plans__functions.c.o[0m
[264.325s] [ 45%] [32mBuilding C object CMakeFiles/moveit_wrapper_interfaces__rosidl_generator_c.dir/rosidl_generator_c/moveit_wrapper_interfaces/srv/detail/dettach_obj__functions.c.o[0m
[264.618s] [ 45%] [32mBuilding C object CMakeFiles/moveit_wrapper_interfaces__rosidl_generator_c.dir/rosidl_generator_c/moveit_wrapper_interfaces/srv/detail/attach_obj__functions.c.o[0m
[264.940s] [ 46%] [32mBuilding C object CMakeFiles/moveit_wrapper_interfaces__rosidl_generator_c.dir/rosidl_generator_c/moveit_wrapper_interfaces/srv/detail/add_col_obj__functions.c.o[0m
[265.238s] [ 47%] [32mBuilding C object CMakeFiles/moveit_wrapper_interfaces__rosidl_generator_c.dir/rosidl_generator_c/moveit_wrapper_interfaces/msg/detail/waypoint_sequence__functions.c.o[0m
[265.511s] [ 48%] [32m[1mLinking C shared library libmoveit_wrapper_interfaces__rosidl_generator_c.so[0m
[265.814s] [ 48%] Built target moveit_wrapper_interfaces__rosidl_generator_c
[265.890s] [ 49%] [34m[1mGenerating C type support for eProsima Fast-RTPS[0m
[274.247s] [ 50%] [32mBuilding CXX object CMakeFiles/moveit_wrapper_interfaces__rosidl_typesupport_fastrtps_c.dir/rosidl_typesupport_fastrtps_c/moveit_wrapper_interfaces/msg/detail/waypoint__type_support_c.cpp.o[0m
[275.960s] [ 51%] [32mBuilding CXX object CMakeFiles/moveit_wrapper_interfaces__rosidl_typesupport_fastrtps_c.dir/rosidl_typesupport_fastrtps_c/moveit_wrapper_interfaces/srv/detail/execute_plans__type_support_c.cpp.o[0m
[277.878s] [ 52%] [32mBuilding CXX object CMakeFiles/moveit_wrapper_interfaces__rosidl_typesupport_fastrtps_c.dir/rosidl_typesupport_fastrtps_c/moveit_wrapper_interfaces/srv/detail/get_attached_objs__type_support_c.cpp.o[0m
[279.853s] [ 52%] [32mBuilding CXX object CMakeFiles/moveit_wrapper_interfaces__rosidl_typesupport_fastrtps_c.dir/rosidl_typesupport_fastrtps_c/moveit_wrapper_interfaces/srv/detail/get_col_obj__type_support_c.cpp.o[0m
[281.937s] [ 53%] [32mBuilding CXX object CMakeFiles/moveit_wrapper_interfaces__rosidl_typesupport_fastrtps_c.dir/rosidl_typesupport_fastrtps_c/moveit_wrapper_interfaces/srv/detail/get_named_target__type_support_c.cpp.o[0m
[284.357s] [ 54%] [32mBuilding CXX object CMakeFiles/moveit_wrapper_interfaces__rosidl_typesupport_fastrtps_c.dir/rosidl_typesupport_fastrtps_c/moveit_wrapper_interfaces/srv/detail/get_named_targets__type_support_c.cpp.o[0m
[287.475s] [ 55%] [32mBuilding CXX object CMakeFiles/moveit_wrapper_interfaces__rosidl_typesupport_fastrtps_c.dir/rosidl_typesupport_fastrtps_c/moveit_wrapper_interfaces/srv/detail/goto_named_target__type_support_c.cpp.o[0m
[292.429s] [ 55%] [32mBuilding CXX object CMakeFiles/moveit_wrapper_interfaces__rosidl_typesupport_fastrtps_c.dir/rosidl_typesupport_fastrtps_c/moveit_wrapper_interfaces/srv/detail/plan__type_support_c.cpp.o[0m
[297.655s] [ 56%] [32mBuilding CXX object CMakeFiles/moveit_wrapper_interfaces__rosidl_typesupport_fastrtps_c.dir/rosidl_typesupport_fastrtps_c/moveit_wrapper_interfaces/srv/detail/plan_joints__type_support_c.cpp.o[0m
[302.735s] [ 57%] [32mBuilding CXX object CMakeFiles/moveit_wrapper_interfaces__rosidl_typesupport_fastrtps_c.dir/rosidl_typesupport_fastrtps_c/moveit_wrapper_interfaces/srv/detail/remove_col_obj__type_support_c.cpp.o[0m
[307.826s] [ 57%] [32mBuilding CXX object CMakeFiles/moveit_wrapper_interfaces__rosidl_typesupport_fastrtps_c.dir/rosidl_typesupport_fastrtps_c/moveit_wrapper_interfaces/srv/detail/move_torso__type_support_c.cpp.o[0m
[312.406s] [ 57%] [32mBuilding CXX object CMakeFiles/moveit_wrapper_interfaces__rosidl_typesupport_fastrtps_c.dir/rosidl_typesupport_fastrtps_c/moveit_wrapper_interfaces/srv/detail/dettach_obj__type_support_c.cpp.o[0m
[316.851s] [ 58%] [32mBuilding CXX object CMakeFiles/moveit_wrapper_interfaces__rosidl_typesupport_fastrtps_c.dir/rosidl_typesupport_fastrtps_c/moveit_wrapper_interfaces/srv/detail/attach_obj__type_support_c.cpp.o[0m
[319.787s] [ 59%] [32mBuilding CXX object CMakeFiles/moveit_wrapper_interfaces__rosidl_typesupport_fastrtps_c.dir/rosidl_typesupport_fastrtps_c/moveit_wrapper_interfaces/srv/detail/add_col_obj__type_support_c.cpp.o[0m
[322.260s] [ 59%] [32mBuilding CXX object CMakeFiles/moveit_wrapper_interfaces__rosidl_typesupport_fastrtps_c.dir/rosidl_typesupport_fastrtps_c/moveit_wrapper_interfaces/msg/detail/waypoint_sequence__type_support_c.cpp.o[0m
[324.486s] [ 60%] [32m[1mLinking CXX shared library libmoveit_wrapper_interfaces__rosidl_typesupport_fastrtps_c.so[0m
[325.051s] [ 60%] Built target moveit_wrapper_interfaces__rosidl_typesupport_fastrtps_c
[325.104s] [ 61%] [34m[1mGenerating C type support dispatch for ROS interfaces[0m
[330.802s] [ 61%] [32mBuilding CXX object CMakeFiles/moveit_wrapper_interfaces__rosidl_typesupport_c.dir/rosidl_typesupport_c/moveit_wrapper_interfaces/msg/waypoint__type_support.cpp.o[0m
[330.968s] [ 62%] [32mBuilding CXX object CMakeFiles/moveit_wrapper_interfaces__rosidl_typesupport_c.dir/rosidl_typesupport_c/moveit_wrapper_interfaces/srv/get_attached_objs__type_support.cpp.o[0m
[331.129s] [ 62%] [32mBuilding CXX object CMakeFiles/moveit_wrapper_interfaces__rosidl_typesupport_c.dir/rosidl_typesupport_c/moveit_wrapper_interfaces/srv/get_col_obj__type_support.cpp.o[0m
[331.288s] [ 63%] [32mBuilding CXX object CMakeFiles/moveit_wrapper_interfaces__rosidl_typesupport_c.dir/rosidl_typesupport_c/moveit_wrapper_interfaces/srv/get_named_target__type_support.cpp.o[0m
[331.435s] [ 64%] [32mBuilding CXX object CMakeFiles/moveit_wrapper_interfaces__rosidl_typesupport_c.dir/rosidl_typesupport_c/moveit_wrapper_interfaces/srv/get_named_targets__type_support.cpp.o[0m
[331.574s] [ 64%] [32mBuilding CXX object CMakeFiles/moveit_wrapper_interfaces__rosidl_typesupport_c.dir/rosidl_typesupport_c/moveit_wrapper_interfaces/srv/goto_named_target__type_support.cpp.o[0m
[331.720s] [ 65%] [32mBuilding CXX object CMakeFiles/moveit_wrapper_interfaces__rosidl_typesupport_c.dir/rosidl_typesupport_c/moveit_wrapper_interfaces/srv/plan__type_support.cpp.o[0m
[331.930s] [ 66%] [32mBuilding CXX object CMakeFiles/moveit_wrapper_interfaces__rosidl_typesupport_c.dir/rosidl_typesupport_c/moveit_wrapper_interfaces/srv/plan_joints__type_support.cpp.o[0m
[332.145s] [ 66%] [32mBuilding CXX object CMakeFiles/moveit_wrapper_interfaces__rosidl_typesupport_c.dir/rosidl_typesupport_c/moveit_wrapper_interfaces/srv/remove_col_obj__type_support.cpp.o[0m
[332.278s] [ 67%] [32mBuilding CXX object CMakeFiles/moveit_wrapper_interfaces__rosidl_typesupport_c.dir/rosidl_typesupport_c/moveit_wrapper_interfaces/srv/move_torso__type_support.cpp.o[0m
[332.470s] [ 68%] [32mBuilding CXX object CMakeFiles/moveit_wrapper_interfaces__rosidl_typesupport_c.dir/rosidl_typesupport_c/moveit_wrapper_interfaces/srv/execute_plans__type_support.cpp.o[0m
[332.621s] [ 69%] [32mBuilding CXX object CMakeFiles/moveit_wrapper_interfaces__rosidl_typesupport_c.dir/rosidl_typesupport_c/moveit_wrapper_interfaces/srv/dettach_obj__type_support.cpp.o[0m
[332.789s] [ 69%] [32mBuilding CXX object CMakeFiles/moveit_wrapper_interfaces__rosidl_typesupport_c.dir/rosidl_typesupport_c/moveit_wrapper_interfaces/srv/attach_obj__type_support.cpp.o[0m
[332.943s] [ 70%] [32mBuilding CXX object CMakeFiles/moveit_wrapper_interfaces__rosidl_typesupport_c.dir/rosidl_typesupport_c/moveit_wrapper_interfaces/srv/add_col_obj__type_support.cpp.o[0m
[333.102s] [ 71%] [32mBuilding CXX object CMakeFiles/moveit_wrapper_interfaces__rosidl_typesupport_c.dir/rosidl_typesupport_c/moveit_wrapper_interfaces/msg/waypoint_sequence__type_support.cpp.o[0m
[333.266s] [ 72%] [32m[1mLinking CXX shared library libmoveit_wrapper_interfaces__rosidl_typesupport_c.so[0m
[333.480s] [ 72%] Built target moveit_wrapper_interfaces__rosidl_typesupport_c
[333.531s] [ 73%] [34m[1mGenerating C introspection for ROS interfaces[0m
[341.000s] [ 74%] [32mBuilding C object CMakeFiles/moveit_wrapper_interfaces__rosidl_typesupport_introspection_c.dir/rosidl_typesupport_introspection_c/moveit_wrapper_interfaces/msg/detail/waypoint__type_support.c.o[0m
[341.240s] [ 75%] [32mBuilding C object CMakeFiles/moveit_wrapper_interfaces__rosidl_typesupport_introspection_c.dir/rosidl_typesupport_introspection_c/moveit_wrapper_interfaces/srv/detail/get_col_obj__type_support.c.o[0m
[341.447s] [ 75%] [32mBuilding C object CMakeFiles/moveit_wrapper_interfaces__rosidl_typesupport_introspection_c.dir/rosidl_typesupport_introspection_c/moveit_wrapper_interfaces/srv/detail/get_named_target__type_support.c.o[0m
[341.659s] [ 76%] [32mBuilding C object CMakeFiles/moveit_wrapper_interfaces__rosidl_typesupport_introspection_c.dir/rosidl_typesupport_introspection_c/moveit_wrapper_interfaces/srv/detail/get_named_targets__type_support.c.o[0m
[341.884s] [ 77%] [32mBuilding C object CMakeFiles/moveit_wrapper_interfaces__rosidl_typesupport_introspection_c.dir/rosidl_typesupport_introspection_c/moveit_wrapper_interfaces/srv/detail/goto_named_target__type_support.c.o[0m
[342.078s] [ 77%] [32mBuilding C object CMakeFiles/moveit_wrapper_interfaces__rosidl_typesupport_introspection_c.dir/rosidl_typesupport_introspection_c/moveit_wrapper_interfaces/srv/detail/plan__type_support.c.o[0m
[342.407s] [ 78%] [32mBuilding C object CMakeFiles/moveit_wrapper_interfaces__rosidl_typesupport_introspection_c.dir/rosidl_typesupport_introspection_c/moveit_wrapper_interfaces/srv/detail/plan_joints__type_support.c.o[0m
[342.698s] [ 79%] [32mBuilding C object CMakeFiles/moveit_wrapper_interfaces__rosidl_typesupport_introspection_c.dir/rosidl_typesupport_introspection_c/moveit_wrapper_interfaces/srv/detail/remove_col_obj__type_support.c.o[0m
[342.906s] [ 80%] [32mBuilding C object CMakeFiles/moveit_wrapper_interfaces__rosidl_typesupport_introspection_c.dir/rosidl_typesupport_introspection_c/moveit_wrapper_interfaces/srv/detail/move_torso__type_support.c.o[0m
[343.124s] [ 81%] [32mBuilding C object CMakeFiles/moveit_wrapper_interfaces__rosidl_typesupport_introspection_c.dir/rosidl_typesupport_introspection_c/moveit_wrapper_interfaces/srv/detail/get_attached_objs__type_support.c.o[0m
[343.345s] [ 81%] [32mBuilding C object CMakeFiles/moveit_wrapper_interfaces__rosidl_typesupport_introspection_c.dir/rosidl_typesupport_introspection_c/moveit_wrapper_interfaces/srv/detail/execute_plans__type_support.c.o[0m
[343.556s] [ 82%] [32mBuilding C object CMakeFiles/moveit_wrapper_interfaces__rosidl_typesupport_introspection_c.dir/rosidl_typesupport_introspection_c/moveit_wrapper_interfaces/srv/detail/dettach_obj__type_support.c.o[0m
[343.796s] [ 83%] [32mBuilding C object CMakeFiles/moveit_wrapper_interfaces__rosidl_typesupport_introspection_c.dir/rosidl_typesupport_introspection_c/moveit_wrapper_interfaces/srv/detail/attach_obj__type_support.c.o[0m
[344.032s] [ 84%] [32mBuilding C object CMakeFiles/moveit_wrapper_interfaces__rosidl_typesupport_introspection_c.dir/rosidl_typesupport_introspection_c/moveit_wrapper_interfaces/srv/detail/add_col_obj__type_support.c.o[0m
[344.259s] [ 84%] [32mBuilding C object CMakeFiles/moveit_wrapper_interfaces__rosidl_typesupport_introspection_c.dir/rosidl_typesupport_introspection_c/moveit_wrapper_interfaces/msg/detail/waypoint_sequence__type_support.c.o[0m
[344.512s] [ 84%] [32m[1mLinking C shared library libmoveit_wrapper_interfaces__rosidl_typesupport_introspection_c.so[0m
[344.772s] [ 84%] Built target moveit_wrapper_interfaces__rosidl_typesupport_introspection_c
[344.874s] [ 84%] Built target moveit_wrapper_interfaces
[344.998s] [ 85%] [34m[1mGenerating Python code for ROS interfaces[0m
[384.942s] [ 85%] Built target moveit_wrapper_interfaces__py
[385.070s] [ 85%] [32mBuilding C object CMakeFiles/moveit_wrapper_interfaces__rosidl_generator_py.dir/rosidl_generator_py/moveit_wrapper_interfaces/msg/_waypoint_s.c.o[0m
[386.085s] [ 85%] [32mBuilding C object CMakeFiles/moveit_wrapper_interfaces__rosidl_generator_py.dir/rosidl_generator_py/moveit_wrapper_interfaces/srv/_get_col_obj_s.c.o[0m
[386.847s] [ 86%] [32mBuilding C object CMakeFiles/moveit_wrapper_interfaces__rosidl_generator_py.dir/rosidl_generator_py/moveit_wrapper_interfaces/srv/_get_named_target_s.c.o[0m
[387.551s] [ 87%] [32mBuilding C object CMakeFiles/moveit_wrapper_interfaces__rosidl_generator_py.dir/rosidl_generator_py/moveit_wrapper_interfaces/srv/_get_named_targets_s.c.o[0m
[388.259s] [ 87%] [32mBuilding C object CMakeFiles/moveit_wrapper_interfaces__rosidl_generator_py.dir/rosidl_generator_py/moveit_wrapper_interfaces/srv/_goto_named_target_s.c.o[0m
[388.999s] [ 88%] [32mBuilding C object CMakeFiles/moveit_wrapper_interfaces__rosidl_generator_py.dir/rosidl_generator_py/moveit_wrapper_interfaces/srv/_plan_s.c.o[0m
[389.772s] [ 89%] [32mBuilding C object CMakeFiles/moveit_wrapper_interfaces__rosidl_generator_py.dir/rosidl_generator_py/moveit_wrapper_interfaces/srv/_plan_joints_s.c.o[0m
[390.506s] [ 90%] [32mBuilding C object CMakeFiles/moveit_wrapper_interfaces__rosidl_generator_py.dir/rosidl_generator_py/moveit_wrapper_interfaces/srv/_remove_col_obj_s.c.o[0m
[391.148s] [ 90%] [32mBuilding C object CMakeFiles/moveit_wrapper_interfaces__rosidl_generator_py.dir/rosidl_generator_py/moveit_wrapper_interfaces/srv/_move_torso_s.c.o[0m
[391.804s] [ 91%] [32mBuilding C object CMakeFiles/moveit_wrapper_interfaces__rosidl_generator_py.dir/rosidl_generator_py/moveit_wrapper_interfaces/srv/_get_attached_objs_s.c.o[0m
[392.469s] [ 92%] [32mBuilding C object CMakeFiles/moveit_wrapper_interfaces__rosidl_generator_py.dir/rosidl_generator_py/moveit_wrapper_interfaces/srv/_execute_plans_s.c.o[0m
[393.119s] [ 92%] [32mBuilding C object CMakeFiles/moveit_wrapper_interfaces__rosidl_generator_py.dir/rosidl_generator_py/moveit_wrapper_interfaces/srv/_dettach_obj_s.c.o[0m
[393.729s] [ 93%] [32mBuilding C object CMakeFiles/moveit_wrapper_interfaces__rosidl_generator_py.dir/rosidl_generator_py/moveit_wrapper_interfaces/srv/_attach_obj_s.c.o[0m
[394.298s] [ 94%] [32mBuilding C object CMakeFiles/moveit_wrapper_interfaces__rosidl_generator_py.dir/rosidl_generator_py/moveit_wrapper_interfaces/srv/_add_col_obj_s.c.o[0m
[394.859s] [ 95%] [32mBuilding C object CMakeFiles/moveit_wrapper_interfaces__rosidl_generator_py.dir/rosidl_generator_py/moveit_wrapper_interfaces/msg/_waypoint_sequence_s.c.o[0m
[395.413s] [ 96%] [32m[1mLinking C shared library rosidl_generator_py/moveit_wrapper_interfaces/libmoveit_wrapper_interfaces__rosidl_generator_py.so[0m
[395.756s] [ 96%] Built target moveit_wrapper_interfaces__rosidl_generator_py
[395.851s] [ 97%] [32mBuilding C object CMakeFiles/moveit_wrapper_interfaces__rosidl_typesupport_fastrtps_c__pyext.dir/rosidl_generator_py/moveit_wrapper_interfaces/_moveit_wrapper_interfaces_s.ep.rosidl_typesupport_fastrtps_c.c.o[0m
[396.787s] [ 97%] [32m[1mLinking C shared library rosidl_generator_py/moveit_wrapper_interfaces/moveit_wrapper_interfaces_s__rosidl_typesupport_fastrtps_c.cpython-310-x86_64-linux-gnu.so[0m
[397.080s] [ 97%] Built target moveit_wrapper_interfaces__rosidl_typesupport_fastrtps_c__pyext
[397.180s] [ 98%] [32mBuilding C object CMakeFiles/moveit_wrapper_interfaces__rosidl_typesupport_c__pyext.dir/rosidl_generator_py/moveit_wrapper_interfaces/_moveit_wrapper_interfaces_s.ep.rosidl_typesupport_c.c.o[0m
[398.142s] [ 98%] [32m[1mLinking C shared library rosidl_generator_py/moveit_wrapper_interfaces/moveit_wrapper_interfaces_s__rosidl_typesupport_c.cpython-310-x86_64-linux-gnu.so[0m
[398.494s] [ 98%] Built target moveit_wrapper_interfaces__rosidl_typesupport_c__pyext
[398.584s] [ 99%] [32mBuilding C object CMakeFiles/moveit_wrapper_interfaces__rosidl_typesupport_introspection_c__pyext.dir/rosidl_generator_py/moveit_wrapper_interfaces/_moveit_wrapper_interfaces_s.ep.rosidl_typesupport_introspection_c.c.o[0m
[399.580s] [100%] [32m[1mLinking C shared library rosidl_generator_py/moveit_wrapper_interfaces/moveit_wrapper_interfaces_s__rosidl_typesupport_introspection_c.cpython-310-x86_64-linux-gnu.so[0m
[399.907s] [100%] Built target moveit_wrapper_interfaces__rosidl_typesupport_introspection_c__pyext
[399.965s] Invoked command in '/root/ros2_ws/build/moveit_wrapper_interfaces' returned '0': CMAKE_PREFIX_PATH=/opt/ros/humble /usr/bin/cmake --build /root/ros2_ws/build/moveit_wrapper_interfaces -- -j8 -l8
[400.028s] Invoking command in '/root/ros2_ws/build/moveit_wrapper_interfaces': CMAKE_PREFIX_PATH=/opt/ros/humble /usr/bin/cmake --install /root/ros2_ws/build/moveit_wrapper_interfaces
[400.065s] -- Install configuration: ""
[400.072s] -- Execute custom install script
[400.073s] -- Symlinking: /root/ros2_ws/install/moveit_wrapper_interfaces/share/ament_index/resource_index/rosidl_interfaces/moveit_wrapper_interfaces
[400.115s] -- Symlinking: /root/ros2_ws/install/moveit_wrapper_interfaces/include/moveit_wrapper_interfaces/moveit_wrapper_interfaces/msg/detail/waypoint__functions.h
[400.154s] -- Symlinking: /root/ros2_ws/install/moveit_wrapper_interfaces/include/moveit_wrapper_interfaces/moveit_wrapper_interfaces/msg/detail/waypoint__struct.h
[400.202s] -- Symlinking: /root/ros2_ws/install/moveit_wrapper_interfaces/include/moveit_wrapper_interfaces/moveit_wrapper_interfaces/msg/detail/waypoint__type_support.h
[400.247s] -- Symlinking: /root/ros2_ws/install/moveit_wrapper_interfaces/include/moveit_wrapper_interfaces/moveit_wrapper_interfaces/msg/detail/waypoint_sequence__functions.h
[400.283s] -- Symlinking: /root/ros2_ws/install/moveit_wrapper_interfaces/include/moveit_wrapper_interfaces/moveit_wrapper_interfaces/msg/detail/waypoint_sequence__struct.h
[400.320s] -- Symlinking: /root/ros2_ws/install/moveit_wrapper_interfaces/include/moveit_wrapper_interfaces/moveit_wrapper_interfaces/msg/detail/waypoint_sequence__type_support.h
[400.361s] -- Symlinking: /root/ros2_ws/install/moveit_wrapper_interfaces/include/moveit_wrapper_interfaces/moveit_wrapper_interfaces/msg/rosidl_generator_c__visibility_control.h
[400.385s] -- Symlinking: /root/ros2_ws/install/moveit_wrapper_interfaces/include/moveit_wrapper_interfaces/moveit_wrapper_interfaces/msg/waypoint.h
[400.426s] -- Symlinking: /root/ros2_ws/install/moveit_wrapper_interfaces/include/moveit_wrapper_interfaces/moveit_wrapper_interfaces/msg/waypoint_sequence.h
[400.469s] -- Symlinking: /root/ros2_ws/install/moveit_wrapper_interfaces/include/moveit_wrapper_interfaces/moveit_wrapper_interfaces/srv/add_col_obj.h
[400.520s] -- Symlinking: /root/ros2_ws/install/moveit_wrapper_interfaces/include/moveit_wrapper_interfaces/moveit_wrapper_interfaces/srv/attach_obj.h
[400.572s] -- Symlinking: /root/ros2_ws/install/moveit_wrapper_interfaces/include/moveit_wrapper_interfaces/moveit_wrapper_interfaces/srv/detail/add_col_obj__functions.h
[400.613s] -- Symlinking: /root/ros2_ws/install/moveit_wrapper_interfaces/include/moveit_wrapper_interfaces/moveit_wrapper_interfaces/srv/detail/add_col_obj__struct.h
[400.650s] -- Symlinking: /root/ros2_ws/install/moveit_wrapper_interfaces/include/moveit_wrapper_interfaces/moveit_wrapper_interfaces/srv/detail/add_col_obj__type_support.h
[400.699s] -- Symlinking: /root/ros2_ws/install/moveit_wrapper_interfaces/include/moveit_wrapper_interfaces/moveit_wrapper_interfaces/srv/detail/attach_obj__functions.h
[400.725s] -- Symlinking: /root/ros2_ws/install/moveit_wrapper_interfaces/include/moveit_wrapper_interfaces/moveit_wrapper_interfaces/srv/detail/attach_obj__struct.h
[400.770s] -- Symlinking: /root/ros2_ws/install/moveit_wrapper_interfaces/include/moveit_wrapper_interfaces/moveit_wrapper_interfaces/srv/detail/attach_obj__type_support.h
[400.811s] -- Symlinking: /root/ros2_ws/install/moveit_wrapper_interfaces/include/moveit_wrapper_interfaces/moveit_wrapper_interfaces/srv/detail/dettach_obj__functions.h
[400.851s] -- Symlinking: /root/ros2_ws/install/moveit_wrapper_interfaces/include/moveit_wrapper_interfaces/moveit_wrapper_interfaces/srv/detail/dettach_obj__struct.h
[400.881s] -- Symlinking: /root/ros2_ws/install/moveit_wrapper_interfaces/include/moveit_wrapper_interfaces/moveit_wrapper_interfaces/srv/detail/dettach_obj__type_support.h
[400.932s] -- Symlinking: /root/ros2_ws/install/moveit_wrapper_interfaces/include/moveit_wrapper_interfaces/moveit_wrapper_interfaces/srv/detail/execute_plans__functions.h
[400.978s] -- Symlinking: /root/ros2_ws/install/moveit_wrapper_interfaces/include/moveit_wrapper_interfaces/moveit_wrapper_interfaces/srv/detail/execute_plans__struct.h
[401.024s] -- Symlinking: /root/ros2_ws/install/moveit_wrapper_interfaces/include/moveit_wrapper_interfaces/moveit_wrapper_interfaces/srv/detail/execute_plans__type_support.h
[401.061s] -- Symlinking: /root/ros2_ws/install/moveit_wrapper_interfaces/include/moveit_wrapper_interfaces/moveit_wrapper_interfaces/srv/detail/get_attached_objs__functions.h
[401.109s] -- Symlinking: /root/ros2_ws/install/moveit_wrapper_interfaces/include/moveit_wrapper_interfaces/moveit_wrapper_interfaces/srv/detail/get_attached_objs__struct.h
[401.146s] -- Symlinking: /root/ros2_ws/install/moveit_wrapper_interfaces/include/moveit_wrapper_interfaces/moveit_wrapper_interfaces/srv/detail/get_attached_objs__type_support.h
[401.189s] -- Symlinking: /root/ros2_ws/install/moveit_wrapper_interfaces/include/moveit_wrapper_interfaces/moveit_wrapper_interfaces/srv/detail/get_col_obj__functions.h
[401.235s] -- Symlinking: /root/ros2_ws/install/moveit_wrapper_interfaces/include/moveit_wrapper_interfaces/moveit_wrapper_interfaces/srv/detail/get_col_obj__struct.h
[401.293s] -- Symlinking: /root/ros2_ws/install/moveit_wrapper_interfaces/include/moveit_wrapper_interfaces/moveit_wrapper_interfaces/srv/detail/get_col_obj__type_support.h
[401.333s] -- Symlinking: /root/ros2_ws/install/moveit_wrapper_interfaces/include/moveit_wrapper_interfaces/moveit_wrapper_interfaces/srv/detail/get_named_target__functions.h
[401.371s] -- Symlinking: /root/ros2_ws/install/moveit_wrapper_interfaces/include/moveit_wrapper_interfaces/moveit_wrapper_interfaces/srv/detail/get_named_target__struct.h
[401.424s] -- Symlinking: /root/ros2_ws/install/moveit_wrapper_interfaces/include/moveit_wrapper_interfaces/moveit_wrapper_interfaces/srv/detail/get_named_target__type_support.h
[401.463s] -- Symlinking: /root/ros2_ws/install/moveit_wrapper_interfaces/include/moveit_wrapper_interfaces/moveit_wrapper_interfaces/srv/detail/get_named_targets__functions.h
[401.511s] -- Symlinking: /root/ros2_ws/install/moveit_wrapper_interfaces/include/moveit_wrapper_interfaces/moveit_wrapper_interfaces/srv/detail/get_named_targets__struct.h
[401.561s] -- Symlinking: /root/ros2_ws/install/moveit_wrapper_interfaces/include/moveit_wrapper_interfaces/moveit_wrapper_interfaces/srv/detail/get_named_targets__type_support.h
[401.592s] -- Symlinking: /root/ros2_ws/install/moveit_wrapper_interfaces/include/moveit_wrapper_interfaces/moveit_wrapper_interfaces/srv/detail/goto_named_target__functions.h
[401.628s] -- Symlinking: /root/ros2_ws/install/moveit_wrapper_interfaces/include/moveit_wrapper_interfaces/moveit_wrapper_interfaces/srv/detail/goto_named_target__struct.h
[401.668s] -- Symlinking: /root/ros2_ws/install/moveit_wrapper_interfaces/include/moveit_wrapper_interfaces/moveit_wrapper_interfaces/srv/detail/goto_named_target__type_support.h
[401.703s] -- Symlinking: /root/ros2_ws/install/moveit_wrapper_interfaces/include/moveit_wrapper_interfaces/moveit_wrapper_interfaces/srv/detail/move_torso__functions.h
[401.737s] -- Symlinking: /root/ros2_ws/install/moveit_wrapper_interfaces/include/moveit_wrapper_interfaces/moveit_wrapper_interfaces/srv/detail/move_torso__struct.h
[401.772s] -- Symlinking: /root/ros2_ws/install/moveit_wrapper_interfaces/include/moveit_wrapper_interfaces/moveit_wrapper_interfaces/srv/detail/move_torso__type_support.h
[401.832s] -- Symlinking: /root/ros2_ws/install/moveit_wrapper_interfaces/include/moveit_wrapper_interfaces/moveit_wrapper_interfaces/srv/detail/plan__functions.h
[401.864s] -- Symlinking: /root/ros2_ws/install/moveit_wrapper_interfaces/include/moveit_wrapper_interfaces/moveit_wrapper_interfaces/srv/detail/plan__struct.h
[401.906s] -- Symlinking: /root/ros2_ws/install/moveit_wrapper_interfaces/include/moveit_wrapper_interfaces/moveit_wrapper_interfaces/srv/detail/plan__type_support.h
[401.937s] -- Symlinking: /root/ros2_ws/install/moveit_wrapper_interfaces/include/moveit_wrapper_interfaces/moveit_wrapper_interfaces/srv/detail/plan_joints__functions.h
[401.981s] -- Symlinking: /root/ros2_ws/install/moveit_wrapper_interfaces/include/moveit_wrapper_interfaces/moveit_wrapper_interfaces/srv/detail/plan_joints__struct.h
[402.006s] -- Symlinking: /root/ros2_ws/install/moveit_wrapper_interfaces/include/moveit_wrapper_interfaces/moveit_wrapper_interfaces/srv/detail/plan_joints__type_support.h
[402.041s] -- Symlinking: /root/ros2_ws/install/moveit_wrapper_interfaces/include/moveit_wrapper_interfaces/moveit_wrapper_interfaces/srv/detail/remove_col_obj__functions.h
[402.082s] -- Symlinking: /root/ros2_ws/install/moveit_wrapper_interfaces/include/moveit_wrapper_interfaces/moveit_wrapper_interfaces/srv/detail/remove_col_obj__struct.h
[402.122s] -- Symlinking: /root/ros2_ws/install/moveit_wrapper_interfaces/include/moveit_wrapper_interfaces/moveit_wrapper_interfaces/srv/detail/remove_col_obj__type_support.h
[402.163s] -- Symlinking: /root/ros2_ws/install/moveit_wrapper_interfaces/include/moveit_wrapper_interfaces/moveit_wrapper_interfaces/srv/dettach_obj.h
[402.199s] -- Symlinking: /root/ros2_ws/install/moveit_wrapper_interfaces/include/moveit_wrapper_interfaces/moveit_wrapper_interfaces/srv/execute_plans.h
[402.247s] -- Symlinking: /root/ros2_ws/install/moveit_wrapper_interfaces/include/moveit_wrapper_interfaces/moveit_wrapper_interfaces/srv/get_attached_objs.h
[402.285s] -- Symlinking: /root/ros2_ws/install/moveit_wrapper_interfaces/include/moveit_wrapper_interfaces/moveit_wrapper_interfaces/srv/get_col_obj.h
[402.316s] -- Symlinking: /root/ros2_ws/install/moveit_wrapper_interfaces/include/moveit_wrapper_interfaces/moveit_wrapper_interfaces/srv/get_named_target.h
[402.369s] -- Symlinking: /root/ros2_ws/install/moveit_wrapper_interfaces/include/moveit_wrapper_interfaces/moveit_wrapper_interfaces/srv/get_named_targets.h
[402.404s] -- Symlinking: /root/ros2_ws/install/moveit_wrapper_interfaces/include/moveit_wrapper_interfaces/moveit_wrapper_interfaces/srv/goto_named_target.h
[402.436s] -- Symlinking: /root/ros2_ws/install/moveit_wrapper_interfaces/include/moveit_wrapper_interfaces/moveit_wrapper_interfaces/srv/move_torso.h
[402.469s] -- Symlinking: /root/ros2_ws/install/moveit_wrapper_interfaces/include/moveit_wrapper_interfaces/moveit_wrapper_interfaces/srv/plan.h
[402.512s] -- Symlinking: /root/ros2_ws/install/moveit_wrapper_interfaces/include/moveit_wrapper_interfaces/moveit_wrapper_interfaces/srv/plan_joints.h
[402.553s] -- Symlinking: /root/ros2_ws/install/moveit_wrapper_interfaces/include/moveit_wrapper_interfaces/moveit_wrapper_interfaces/srv/remove_col_obj.h
[402.601s] -- Symlinking: /root/ros2_ws/install/moveit_wrapper_interfaces/share/moveit_wrapper_interfaces/environment/library_path.sh
[402.635s] -- Symlinking: /root/ros2_ws/install/moveit_wrapper_interfaces/share/moveit_wrapper_interfaces/environment/library_path.dsv
[402.670s] -- Symlinking: /root/ros2_ws/install/moveit_wrapper_interfaces/include/moveit_wrapper_interfaces/moveit_wrapper_interfaces/msg/detail/waypoint__rosidl_typesupport_fastrtps_c.h
[402.703s] -- Symlinking: /root/ros2_ws/install/moveit_wrapper_interfaces/include/moveit_wrapper_interfaces/moveit_wrapper_interfaces/msg/detail/waypoint_sequence__rosidl_typesupport_fastrtps_c.h
[402.749s] -- Symlinking: /root/ros2_ws/install/moveit_wrapper_interfaces/include/moveit_wrapper_interfaces/moveit_wrapper_interfaces/msg/rosidl_typesupport_fastrtps_c__visibility_control.h
[402.783s] -- Symlinking: /root/ros2_ws/install/moveit_wrapper_interfaces/include/moveit_wrapper_interfaces/moveit_wrapper_interfaces/srv/detail/add_col_obj__rosidl_typesupport_fastrtps_c.h
[402.824s] -- Symlinking: /root/ros2_ws/install/moveit_wrapper_interfaces/include/moveit_wrapper_interfaces/moveit_wrapper_interfaces/srv/detail/attach_obj__rosidl_typesupport_fastrtps_c.h
[402.877s] -- Symlinking: /root/ros2_ws/install/moveit_wrapper_interfaces/include/moveit_wrapper_interfaces/moveit_wrapper_interfaces/srv/detail/dettach_obj__rosidl_typesupport_fastrtps_c.h
[402.926s] -- Symlinking: /root/ros2_ws/install/moveit_wrapper_interfaces/include/moveit_wrapper_interfaces/moveit_wrapper_interfaces/srv/detail/execute_plans__rosidl_typesupport_fastrtps_c.h
[402.964s] -- Symlinking: /root/ros2_ws/install/moveit_wrapper_interfaces/include/moveit_wrapper_interfaces/moveit_wrapper_interfaces/srv/detail/get_attached_objs__rosidl_typesupport_fastrtps_c.h
[403.005s] -- Symlinking: /root/ros2_ws/install/moveit_wrapper_interfaces/include/moveit_wrapper_interfaces/moveit_wrapper_interfaces/srv/detail/get_col_obj__rosidl_typesupport_fastrtps_c.h
[403.058s] -- Symlinking: /root/ros2_ws/install/moveit_wrapper_interfaces/include/moveit_wrapper_interfaces/moveit_wrapper_interfaces/srv/detail/get_named_target__rosidl_typesupport_fastrtps_c.h
[403.098s] -- Symlinking: /root/ros2_ws/install/moveit_wrapper_interfaces/include/moveit_wrapper_interfaces/moveit_wrapper_interfaces/srv/detail/get_named_targets__rosidl_typesupport_fastrtps_c.h
[403.146s] -- Symlinking: /root/ros2_ws/install/moveit_wrapper_interfaces/include/moveit_wrapper_interfaces/moveit_wrapper_interfaces/srv/detail/goto_named_target__rosidl_typesupport_fastrtps_c.h
[403.181s] -- Symlinking: /root/ros2_ws/install/moveit_wrapper_interfaces/include/moveit_wrapper_interfaces/moveit_wrapper_interfaces/srv/detail/move_torso__rosidl_typesupport_fastrtps_c.h
[403.227s] -- Symlinking: /root/ros2_ws/install/moveit_wrapper_interfaces/include/moveit_wrapper_interfaces/moveit_wrapper_interfaces/srv/detail/plan__rosidl_typesupport_fastrtps_c.h
[403.267s] -- Symlinking: /root/ros2_ws/install/moveit_wrapper_interfaces/include/moveit_wrapper_interfaces/moveit_wrapper_interfaces/srv/detail/plan_joints__rosidl_typesupport_fastrtps_c.h
[403.305s] -- Symlinking: /root/ros2_ws/install/moveit_wrapper_interfaces/include/moveit_wrapper_interfaces/moveit_wrapper_interfaces/srv/detail/remove_col_obj__rosidl_typesupport_fastrtps_c.h
[403.349s] -- Symlinking: /root/ros2_ws/install/moveit_wrapper_interfaces/include/moveit_wrapper_interfaces/moveit_wrapper_interfaces/msg/detail/waypoint__rosidl_typesupport_introspection_c.h
[403.398s] -- Symlinking: /root/ros2_ws/install/moveit_wrapper_interfaces/include/moveit_wrapper_interfaces/moveit_wrapper_interfaces/msg/detail/waypoint_sequence__rosidl_typesupport_introspection_c.h
[403.457s] -- Symlinking: /root/ros2_ws/install/moveit_wrapper_interfaces/include/moveit_wrapper_interfaces/moveit_wrapper_interfaces/msg/rosidl_typesupport_introspection_c__visibility_control.h
[403.500s] -- Symlinking: /root/ros2_ws/install/moveit_wrapper_interfaces/include/moveit_wrapper_interfaces/moveit_wrapper_interfaces/srv/detail/add_col_obj__rosidl_typesupport_introspection_c.h
[403.543s] -- Symlinking: /root/ros2_ws/install/moveit_wrapper_interfaces/include/moveit_wrapper_interfaces/moveit_wrapper_interfaces/srv/detail/attach_obj__rosidl_typesupport_introspection_c.h
[403.587s] -- Symlinking: /root/ros2_ws/install/moveit_wrapper_interfaces/include/moveit_wrapper_interfaces/moveit_wrapper_interfaces/srv/detail/dettach_obj__rosidl_typesupport_introspection_c.h
[403.619s] -- Symlinking: /root/ros2_ws/install/moveit_wrapper_interfaces/include/moveit_wrapper_interfaces/moveit_wrapper_interfaces/srv/detail/execute_plans__rosidl_typesupport_introspection_c.h
[403.648s] -- Symlinking: /root/ros2_ws/install/moveit_wrapper_interfaces/include/moveit_wrapper_interfaces/moveit_wrapper_interfaces/srv/detail/get_attached_objs__rosidl_typesupport_introspection_c.h
[403.695s] -- Symlinking: /root/ros2_ws/install/moveit_wrapper_interfaces/include/moveit_wrapper_interfaces/moveit_wrapper_interfaces/srv/detail/get_col_obj__rosidl_typesupport_introspection_c.h
[403.736s] -- Symlinking: /root/ros2_ws/install/moveit_wrapper_interfaces/include/moveit_wrapper_interfaces/moveit_wrapper_interfaces/srv/detail/get_named_target__rosidl_typesupport_introspection_c.h
[403.783s] -- Symlinking: /root/ros2_ws/install/moveit_wrapper_interfaces/include/moveit_wrapper_interfaces/moveit_wrapper_interfaces/srv/detail/get_named_targets__rosidl_typesupport_introspection_c.h
[403.836s] -- Symlinking: /root/ros2_ws/install/moveit_wrapper_interfaces/include/moveit_wrapper_interfaces/moveit_wrapper_interfaces/srv/detail/goto_named_target__rosidl_typesupport_introspection_c.h
[403.880s] -- Symlinking: /root/ros2_ws/install/moveit_wrapper_interfaces/include/moveit_wrapper_interfaces/moveit_wrapper_interfaces/srv/detail/move_torso__rosidl_typesupport_introspection_c.h
[403.915s] -- Symlinking: /root/ros2_ws/install/moveit_wrapper_interfaces/include/moveit_wrapper_interfaces/moveit_wrapper_interfaces/srv/detail/plan__rosidl_typesupport_introspection_c.h
[403.965s] -- Symlinking: /root/ros2_ws/install/moveit_wrapper_interfaces/include/moveit_wrapper_interfaces/moveit_wrapper_interfaces/srv/detail/plan_joints__rosidl_typesupport_introspection_c.h
[404.026s] -- Symlinking: /root/ros2_ws/install/moveit_wrapper_interfaces/include/moveit_wrapper_interfaces/moveit_wrapper_interfaces/srv/detail/remove_col_obj__rosidl_typesupport_introspection_c.h
[404.069s] -- Symlinking: /root/ros2_ws/install/moveit_wrapper_interfaces/include/moveit_wrapper_interfaces/moveit_wrapper_interfaces/msg/detail/waypoint__builder.hpp
[404.114s] -- Symlinking: /root/ros2_ws/install/moveit_wrapper_interfaces/include/moveit_wrapper_interfaces/moveit_wrapper_interfaces/msg/detail/waypoint__struct.hpp
[404.157s] -- Symlinking: /root/ros2_ws/install/moveit_wrapper_interfaces/include/moveit_wrapper_interfaces/moveit_wrapper_interfaces/msg/detail/waypoint__traits.hpp
[404.196s] -- Symlinking: /root/ros2_ws/install/moveit_wrapper_interfaces/include/moveit_wrapper_interfaces/moveit_wrapper_interfaces/msg/detail/waypoint__type_support.hpp
[404.239s] -- Symlinking: /root/ros2_ws/install/moveit_wrapper_interfaces/include/moveit_wrapper_interfaces/moveit_wrapper_interfaces/msg/detail/waypoint_sequence__builder.hpp
[404.280s] -- Symlinking: /root/ros2_ws/install/moveit_wrapper_interfaces/include/moveit_wrapper_interfaces/moveit_wrapper_interfaces/msg/detail/waypoint_sequence__struct.hpp
[404.315s] -- Symlinking: /root/ros2_ws/install/moveit_wrapper_interfaces/include/moveit_wrapper_interfaces/moveit_wrapper_interfaces/msg/detail/waypoint_sequence__traits.hpp
[404.351s] -- Symlinking: /root/ros2_ws/install/moveit_wrapper_interfaces/include/moveit_wrapper_interfaces/moveit_wrapper_interfaces/msg/detail/waypoint_sequence__type_support.hpp
[404.385s] -- Symlinking: /root/ros2_ws/install/moveit_wrapper_interfaces/include/moveit_wrapper_interfaces/moveit_wrapper_interfaces/msg/rosidl_generator_cpp__visibility_control.hpp
[404.424s] -- Symlinking: /root/ros2_ws/install/moveit_wrapper_interfaces/include/moveit_wrapper_interfaces/moveit_wrapper_interfaces/msg/waypoint.hpp
[404.458s] -- Symlinking: /root/ros2_ws/install/moveit_wrapper_interfaces/include/moveit_wrapper_interfaces/moveit_wrapper_interfaces/msg/waypoint_sequence.hpp
[404.499s] -- Symlinking: /root/ros2_ws/install/moveit_wrapper_interfaces/include/moveit_wrapper_interfaces/moveit_wrapper_interfaces/srv/add_col_obj.hpp
[404.547s] -- Symlinking: /root/ros2_ws/install/moveit_wrapper_interfaces/include/moveit_wrapper_interfaces/moveit_wrapper_interfaces/srv/attach_obj.hpp
[404.591s] -- Symlinking: /root/ros2_ws/install/moveit_wrapper_interfaces/include/moveit_wrapper_interfaces/moveit_wrapper_interfaces/srv/detail/add_col_obj__builder.hpp
[404.629s] -- Symlinking: /root/ros2_ws/install/moveit_wrapper_interfaces/include/moveit_wrapper_interfaces/moveit_wrapper_interfaces/srv/detail/add_col_obj__struct.hpp
[404.670s] -- Symlinking: /root/ros2_ws/install/moveit_wrapper_interfaces/include/moveit_wrapper_interfaces/moveit_wrapper_interfaces/srv/detail/add_col_obj__traits.hpp
[404.715s] -- Symlinking: /root/ros2_ws/install/moveit_wrapper_interfaces/include/moveit_wrapper_interfaces/moveit_wrapper_interfaces/srv/detail/add_col_obj__type_support.hpp
[404.762s] -- Symlinking: /root/ros2_ws/install/moveit_wrapper_interfaces/include/moveit_wrapper_interfaces/moveit_wrapper_interfaces/srv/detail/attach_obj__builder.hpp
[404.806s] -- Symlinking: /root/ros2_ws/install/moveit_wrapper_interfaces/include/moveit_wrapper_interfaces/moveit_wrapper_interfaces/srv/detail/attach_obj__struct.hpp
[404.852s] -- Symlinking: /root/ros2_ws/install/moveit_wrapper_interfaces/include/moveit_wrapper_interfaces/moveit_wrapper_interfaces/srv/detail/attach_obj__traits.hpp
[404.897s] -- Symlinking: /root/ros2_ws/install/moveit_wrapper_interfaces/include/moveit_wrapper_interfaces/moveit_wrapper_interfaces/srv/detail/attach_obj__type_support.hpp
[404.933s] -- Symlinking: /root/ros2_ws/install/moveit_wrapper_interfaces/include/moveit_wrapper_interfaces/moveit_wrapper_interfaces/srv/detail/dettach_obj__builder.hpp
[404.974s] -- Symlinking: /root/ros2_ws/install/moveit_wrapper_interfaces/include/moveit_wrapper_interfaces/moveit_wrapper_interfaces/srv/detail/dettach_obj__struct.hpp
[405.015s] -- Symlinking: /root/ros2_ws/install/moveit_wrapper_interfaces/include/moveit_wrapper_interfaces/moveit_wrapper_interfaces/srv/detail/dettach_obj__traits.hpp
[405.068s] -- Symlinking: /root/ros2_ws/install/moveit_wrapper_interfaces/include/moveit_wrapper_interfaces/moveit_wrapper_interfaces/srv/detail/dettach_obj__type_support.hpp
[405.107s] -- Symlinking: /root/ros2_ws/install/moveit_wrapper_interfaces/include/moveit_wrapper_interfaces/moveit_wrapper_interfaces/srv/detail/execute_plans__builder.hpp
[405.147s] -- Symlinking: /root/ros2_ws/install/moveit_wrapper_interfaces/include/moveit_wrapper_interfaces/moveit_wrapper_interfaces/srv/detail/execute_plans__struct.hpp
[405.192s] -- Symlinking: /root/ros2_ws/install/moveit_wrapper_interfaces/include/moveit_wrapper_interfaces/moveit_wrapper_interfaces/srv/detail/execute_plans__traits.hpp
[405.232s] -- Symlinking: /root/ros2_ws/install/moveit_wrapper_interfaces/include/moveit_wrapper_interfaces/moveit_wrapper_interfaces/srv/detail/execute_plans__type_support.hpp
[405.269s] -- Symlinking: /root/ros2_ws/install/moveit_wrapper_interfaces/include/moveit_wrapper_interfaces/moveit_wrapper_interfaces/srv/detail/get_attached_objs__builder.hpp
[405.297s] -- Symlinking: /root/ros2_ws/install/moveit_wrapper_interfaces/include/moveit_wrapper_interfaces/moveit_wrapper_interfaces/srv/detail/get_attached_objs__struct.hpp
[405.335s] -- Symlinking: /root/ros2_ws/install/moveit_wrapper_interfaces/include/moveit_wrapper_interfaces/moveit_wrapper_interfaces/srv/detail/get_attached_objs__traits.hpp
[405.383s] -- Symlinking: /root/ros2_ws/install/moveit_wrapper_interfaces/include/moveit_wrapper_interfaces/moveit_wrapper_interfaces/srv/detail/get_attached_objs__type_support.hpp
[405.426s] -- Symlinking: /root/ros2_ws/install/moveit_wrapper_interfaces/include/moveit_wrapper_interfaces/moveit_wrapper_interfaces/srv/detail/get_col_obj__builder.hpp
[405.456s] -- Symlinking: /root/ros2_ws/install/moveit_wrapper_interfaces/include/moveit_wrapper_interfaces/moveit_wrapper_interfaces/srv/detail/get_col_obj__struct.hpp
[405.500s] -- Symlinking: /root/ros2_ws/install/moveit_wrapper_interfaces/include/moveit_wrapper_interfaces/moveit_wrapper_interfaces/srv/detail/get_col_obj__traits.hpp
[405.532s] -- Symlinking: /root/ros2_ws/install/moveit_wrapper_interfaces/include/moveit_wrapper_interfaces/moveit_wrapper_interfaces/srv/detail/get_col_obj__type_support.hpp
[405.573s] -- Symlinking: /root/ros2_ws/install/moveit_wrapper_interfaces/include/moveit_wrapper_interfaces/moveit_wrapper_interfaces/srv/detail/get_named_target__builder.hpp
[405.617s] -- Symlinking: /root/ros2_ws/install/moveit_wrapper_interfaces/include/moveit_wrapper_interfaces/moveit_wrapper_interfaces/srv/detail/get_named_target__struct.hpp
[405.658s] -- Symlinking: /root/ros2_ws/install/moveit_wrapper_interfaces/include/moveit_wrapper_interfaces/moveit_wrapper_interfaces/srv/detail/get_named_target__traits.hpp
[405.703s] -- Symlinking: /root/ros2_ws/install/moveit_wrapper_interfaces/include/moveit_wrapper_interfaces/moveit_wrapper_interfaces/srv/detail/get_named_target__type_support.hpp
[405.752s] -- Symlinking: /root/ros2_ws/install/moveit_wrapper_interfaces/include/moveit_wrapper_interfaces/moveit_wrapper_interfaces/srv/detail/get_named_targets__builder.hpp
[405.821s] -- Symlinking: /root/ros2_ws/install/moveit_wrapper_interfaces/include/moveit_wrapper_interfaces/moveit_wrapper_interfaces/srv/detail/get_named_targets__struct.hpp
[405.860s] -- Symlinking: /root/ros2_ws/install/moveit_wrapper_interfaces/include/moveit_wrapper_interfaces/moveit_wrapper_interfaces/srv/detail/get_named_targets__traits.hpp
[405.900s] -- Symlinking: /root/ros2_ws/install/moveit_wrapper_interfaces/include/moveit_wrapper_interfaces/moveit_wrapper_interfaces/srv/detail/get_named_targets__type_support.hpp
[405.953s] -- Symlinking: /root/ros2_ws/install/moveit_wrapper_interfaces/include/moveit_wrapper_interfaces/moveit_wrapper_interfaces/srv/detail/goto_named_target__builder.hpp
[405.993s] -- Symlinking: /root/ros2_ws/install/moveit_wrapper_interfaces/include/moveit_wrapper_interfaces/moveit_wrapper_interfaces/srv/detail/goto_named_target__struct.hpp
[406.032s] -- Symlinking: /root/ros2_ws/install/moveit_wrapper_interfaces/include/moveit_wrapper_interfaces/moveit_wrapper_interfaces/srv/detail/goto_named_target__traits.hpp
[406.075s] -- Symlinking: /root/ros2_ws/install/moveit_wrapper_interfaces/include/moveit_wrapper_interfaces/moveit_wrapper_interfaces/srv/detail/goto_named_target__type_support.hpp
[406.123s] -- Symlinking: /root/ros2_ws/install/moveit_wrapper_interfaces/include/moveit_wrapper_interfaces/moveit_wrapper_interfaces/srv/detail/move_torso__builder.hpp
[406.162s] -- Symlinking: /root/ros2_ws/install/moveit_wrapper_interfaces/include/moveit_wrapper_interfaces/moveit_wrapper_interfaces/srv/detail/move_torso__struct.hpp
[406.207s] -- Symlinking: /root/ros2_ws/install/moveit_wrapper_interfaces/include/moveit_wrapper_interfaces/moveit_wrapper_interfaces/srv/detail/move_torso__traits.hpp
[406.257s] -- Symlinking: /root/ros2_ws/install/moveit_wrapper_interfaces/include/moveit_wrapper_interfaces/moveit_wrapper_interfaces/srv/detail/move_torso__type_support.hpp
[406.317s] -- Symlinking: /root/ros2_ws/install/moveit_wrapper_interfaces/include/moveit_wrapper_interfaces/moveit_wrapper_interfaces/srv/detail/plan__builder.hpp
[406.369s] -- Symlinking: /root/ros2_ws/install/moveit_wrapper_interfaces/include/moveit_wrapper_interfaces/moveit_wrapper_interfaces/srv/detail/plan__struct.hpp
[406.408s] -- Symlinking: /root/ros2_ws/install/moveit_wrapper_interfaces/include/moveit_wrapper_interfaces/moveit_wrapper_interfaces/srv/detail/plan__traits.hpp
[406.450s] -- Symlinking: /root/ros2_ws/install/moveit_wrapper_interfaces/include/moveit_wrapper_interfaces/moveit_wrapper_interfaces/srv/detail/plan__type_support.hpp
[406.507s] -- Symlinking: /root/ros2_ws/install/moveit_wrapper_interfaces/include/moveit_wrapper_interfaces/moveit_wrapper_interfaces/srv/detail/plan_joints__builder.hpp
[406.553s] -- Symlinking: /root/ros2_ws/install/moveit_wrapper_interfaces/include/moveit_wrapper_interfaces/moveit_wrapper_interfaces/srv/detail/plan_joints__struct.hpp
[406.599s] -- Symlinking: /root/ros2_ws/install/moveit_wrapper_interfaces/include/moveit_wrapper_interfaces/moveit_wrapper_interfaces/srv/detail/plan_joints__traits.hpp
[406.641s] -- Symlinking: /root/ros2_ws/install/moveit_wrapper_interfaces/include/moveit_wrapper_interfaces/moveit_wrapper_interfaces/srv/detail/plan_joints__type_support.hpp
[406.694s] -- Symlinking: /root/ros2_ws/install/moveit_wrapper_interfaces/include/moveit_wrapper_interfaces/moveit_wrapper_interfaces/srv/detail/remove_col_obj__builder.hpp
[406.743s] -- Symlinking: /root/ros2_ws/install/moveit_wrapper_interfaces/include/moveit_wrapper_interfaces/moveit_wrapper_interfaces/srv/detail/remove_col_obj__struct.hpp
[406.789s] -- Symlinking: /root/ros2_ws/install/moveit_wrapper_interfaces/include/moveit_wrapper_interfaces/moveit_wrapper_interfaces/srv/detail/remove_col_obj__traits.hpp
[406.831s] -- Symlinking: /root/ros2_ws/install/moveit_wrapper_interfaces/include/moveit_wrapper_interfaces/moveit_wrapper_interfaces/srv/detail/remove_col_obj__type_support.hpp
[406.868s] -- Symlinking: /root/ros2_ws/install/moveit_wrapper_interfaces/include/moveit_wrapper_interfaces/moveit_wrapper_interfaces/srv/dettach_obj.hpp
[406.910s] -- Symlinking: /root/ros2_ws/install/moveit_wrapper_interfaces/include/moveit_wrapper_interfaces/moveit_wrapper_interfaces/srv/execute_plans.hpp
[406.949s] -- Symlinking: /root/ros2_ws/install/moveit_wrapper_interfaces/include/moveit_wrapper_interfaces/moveit_wrapper_interfaces/srv/get_attached_objs.hpp
[406.996s] -- Symlinking: /root/ros2_ws/install/moveit_wrapper_interfaces/include/moveit_wrapper_interfaces/moveit_wrapper_interfaces/srv/get_col_obj.hpp
[407.045s] -- Symlinking: /root/ros2_ws/install/moveit_wrapper_interfaces/include/moveit_wrapper_interfaces/moveit_wrapper_interfaces/srv/get_named_target.hpp
[407.078s] -- Symlinking: /root/ros2_ws/install/moveit_wrapper_interfaces/include/moveit_wrapper_interfaces/moveit_wrapper_interfaces/srv/get_named_targets.hpp
[407.122s] -- Symlinking: /root/ros2_ws/install/moveit_wrapper_interfaces/include/moveit_wrapper_interfaces/moveit_wrapper_interfaces/srv/goto_named_target.hpp
[407.168s] -- Symlinking: /root/ros2_ws/install/moveit_wrapper_interfaces/include/moveit_wrapper_interfaces/moveit_wrapper_interfaces/srv/move_torso.hpp
[407.224s] -- Symlinking: /root/ros2_ws/install/moveit_wrapper_interfaces/include/moveit_wrapper_interfaces/moveit_wrapper_interfaces/srv/plan.hpp
[407.280s] -- Symlinking: /root/ros2_ws/install/moveit_wrapper_interfaces/include/moveit_wrapper_interfaces/moveit_wrapper_interfaces/srv/plan_joints.hpp
[407.329s] -- Symlinking: /root/ros2_ws/install/moveit_wrapper_interfaces/include/moveit_wrapper_interfaces/moveit_wrapper_interfaces/srv/remove_col_obj.hpp
[407.369s] -- Symlinking: /root/ros2_ws/install/moveit_wrapper_interfaces/include/moveit_wrapper_interfaces/moveit_wrapper_interfaces/msg/detail/waypoint__rosidl_typesupport_fastrtps_cpp.hpp
[407.415s] -- Symlinking: /root/ros2_ws/install/moveit_wrapper_interfaces/include/moveit_wrapper_interfaces/moveit_wrapper_interfaces/msg/detail/waypoint_sequence__rosidl_typesupport_fastrtps_cpp.hpp
[407.457s] -- Symlinking: /root/ros2_ws/install/moveit_wrapper_interfaces/include/moveit_wrapper_interfaces/moveit_wrapper_interfaces/msg/rosidl_typesupport_fastrtps_cpp__visibility_control.h
[407.494s] -- Symlinking: /root/ros2_ws/install/moveit_wrapper_interfaces/include/moveit_wrapper_interfaces/moveit_wrapper_interfaces/srv/detail/add_col_obj__rosidl_typesupport_fastrtps_cpp.hpp
[407.546s] -- Symlinking: /root/ros2_ws/install/moveit_wrapper_interfaces/include/moveit_wrapper_interfaces/moveit_wrapper_interfaces/srv/detail/attach_obj__rosidl_typesupport_fastrtps_cpp.hpp
[407.601s] -- Symlinking: /root/ros2_ws/install/moveit_wrapper_interfaces/include/moveit_wrapper_interfaces/moveit_wrapper_interfaces/srv/detail/dettach_obj__rosidl_typesupport_fastrtps_cpp.hpp
[407.647s] -- Symlinking: /root/ros2_ws/install/moveit_wrapper_interfaces/include/moveit_wrapper_interfaces/moveit_wrapper_interfaces/srv/detail/execute_plans__rosidl_typesupport_fastrtps_cpp.hpp
[407.688s] -- Symlinking: /root/ros2_ws/install/moveit_wrapper_interfaces/include/moveit_wrapper_interfaces/moveit_wrapper_interfaces/srv/detail/get_attached_objs__rosidl_typesupport_fastrtps_cpp.hpp
[407.735s] -- Symlinking: /root/ros2_ws/install/moveit_wrapper_interfaces/include/moveit_wrapper_interfaces/moveit_wrapper_interfaces/srv/detail/get_col_obj__rosidl_typesupport_fastrtps_cpp.hpp
[407.791s] -- Symlinking: /root/ros2_ws/install/moveit_wrapper_interfaces/include/moveit_wrapper_interfaces/moveit_wrapper_interfaces/srv/detail/get_named_target__rosidl_typesupport_fastrtps_cpp.hpp
[407.842s] -- Symlinking: /root/ros2_ws/install/moveit_wrapper_interfaces/include/moveit_wrapper_interfaces/moveit_wrapper_interfaces/srv/detail/get_named_targets__rosidl_typesupport_fastrtps_cpp.hpp
[407.884s] -- Symlinking: /root/ros2_ws/install/moveit_wrapper_interfaces/include/moveit_wrapper_interfaces/moveit_wrapper_interfaces/srv/detail/goto_named_target__rosidl_typesupport_fastrtps_cpp.hpp
[407.938s] -- Symlinking: /root/ros2_ws/install/moveit_wrapper_interfaces/include/moveit_wrapper_interfaces/moveit_wrapper_interfaces/srv/detail/move_torso__rosidl_typesupport_fastrtps_cpp.hpp
[407.987s] -- Symlinking: /root/ros2_ws/install/moveit_wrapper_interfaces/include/moveit_wrapper_interfaces/moveit_wrapper_interfaces/srv/detail/plan__rosidl_typesupport_fastrtps_cpp.hpp
[408.036s] -- Symlinking: /root/ros2_ws/install/moveit_wrapper_interfaces/include/moveit_wrapper_interfaces/moveit_wrapper_interfaces/srv/detail/plan_joints__rosidl_typesupport_fastrtps_cpp.hpp
[408.077s] -- Symlinking: /root/ros2_ws/install/moveit_wrapper_interfaces/include/moveit_wrapper_interfaces/moveit_wrapper_interfaces/srv/detail/remove_col_obj__rosidl_typesupport_fastrtps_cpp.hpp
[408.123s] -- Symlinking: /root/ros2_ws/install/moveit_wrapper_interfaces/include/moveit_wrapper_interfaces/moveit_wrapper_interfaces/msg/detail/waypoint__rosidl_typesupport_introspection_cpp.hpp
[408.166s] -- Symlinking: /root/ros2_ws/install/moveit_wrapper_interfaces/include/moveit_wrapper_interfaces/moveit_wrapper_interfaces/msg/detail/waypoint_sequence__rosidl_typesupport_introspection_cpp.hpp
[408.201s] -- Symlinking: /root/ros2_ws/install/moveit_wrapper_interfaces/include/moveit_wrapper_interfaces/moveit_wrapper_interfaces/srv/detail/add_col_obj__rosidl_typesupport_introspection_cpp.hpp
[408.248s] -- Symlinking: /root/ros2_ws/install/moveit_wrapper_interfaces/include/moveit_wrapper_interfaces/moveit_wrapper_interfaces/srv/detail/attach_obj__rosidl_typesupport_introspection_cpp.hpp
[408.298s] -- Symlinking: /root/ros2_ws/install/moveit_wrapper_interfaces/include/moveit_wrapper_interfaces/moveit_wrapper_interfaces/srv/detail/dettach_obj__rosidl_typesupport_introspection_cpp.hpp
[408.343s] -- Symlinking: /root/ros2_ws/install/moveit_wrapper_interfaces/include/moveit_wrapper_interfaces/moveit_wrapper_interfaces/srv/detail/execute_plans__rosidl_typesupport_introspection_cpp.hpp
[408.390s] -- Symlinking: /root/ros2_ws/install/moveit_wrapper_interfaces/include/moveit_wrapper_interfaces/moveit_wrapper_interfaces/srv/detail/get_attached_objs__rosidl_typesupport_introspection_cpp.hpp
[408.434s] -- Symlinking: /root/ros2_ws/install/moveit_wrapper_interfaces/include/moveit_wrapper_interfaces/moveit_wrapper_interfaces/srv/detail/get_col_obj__rosidl_typesupport_introspection_cpp.hpp
[408.499s] -- Symlinking: /root/ros2_ws/install/moveit_wrapper_interfaces/include/moveit_wrapper_interfaces/moveit_wrapper_interfaces/srv/detail/get_named_target__rosidl_typesupport_introspection_cpp.hpp
[408.537s] -- Symlinking: /root/ros2_ws/install/moveit_wrapper_interfaces/include/moveit_wrapper_interfaces/moveit_wrapper_interfaces/srv/detail/get_named_targets__rosidl_typesupport_introspection_cpp.hpp
[408.570s] -- Symlinking: /root/ros2_ws/install/moveit_wrapper_interfaces/include/moveit_wrapper_interfaces/moveit_wrapper_interfaces/srv/detail/goto_named_target__rosidl_typesupport_introspection_cpp.hpp
[408.611s] -- Symlinking: /root/ros2_ws/install/moveit_wrapper_interfaces/include/moveit_wrapper_interfaces/moveit_wrapper_interfaces/srv/detail/move_torso__rosidl_typesupport_introspection_cpp.hpp
[408.656s] -- Symlinking: /root/ros2_ws/install/moveit_wrapper_interfaces/include/moveit_wrapper_interfaces/moveit_wrapper_interfaces/srv/detail/plan__rosidl_typesupport_introspection_cpp.hpp
[408.707s] -- Symlinking: /root/ros2_ws/install/moveit_wrapper_interfaces/include/moveit_wrapper_interfaces/moveit_wrapper_interfaces/srv/detail/plan_joints__rosidl_typesupport_introspection_cpp.hpp
[408.751s] -- Symlinking: /root/ros2_ws/install/moveit_wrapper_interfaces/include/moveit_wrapper_interfaces/moveit_wrapper_interfaces/srv/detail/remove_col_obj__rosidl_typesupport_introspection_cpp.hpp
[408.805s] -- Symlinking: /root/ros2_ws/install/moveit_wrapper_interfaces/share/moveit_wrapper_interfaces/environment/pythonpath.sh
[408.837s] -- Symlinking: /root/ros2_ws/install/moveit_wrapper_interfaces/share/moveit_wrapper_interfaces/environment/pythonpath.dsv
[408.873s] -- Symlinking: /root/ros2_ws/install/moveit_wrapper_interfaces/local/lib/python3.10/dist-packages/moveit_wrapper_interfaces-1.1.2-py3.10.egg-info/PKG-INFO
[408.916s] -- Symlinking: /root/ros2_ws/install/moveit_wrapper_interfaces/local/lib/python3.10/dist-packages/moveit_wrapper_interfaces-1.1.2-py3.10.egg-info/SOURCES.txt
[408.962s] -- Symlinking: /root/ros2_ws/install/moveit_wrapper_interfaces/local/lib/python3.10/dist-packages/moveit_wrapper_interfaces-1.1.2-py3.10.egg-info/dependency_links.txt
[409.005s] -- Symlinking: /root/ros2_ws/install/moveit_wrapper_interfaces/local/lib/python3.10/dist-packages/moveit_wrapper_interfaces-1.1.2-py3.10.egg-info/top_level.txt
[409.046s] -- Symlinking: /root/ros2_ws/install/moveit_wrapper_interfaces/local/lib/python3.10/dist-packages/moveit_wrapper_interfaces/__init__.py
[409.081s] -- Symlinking: /root/ros2_ws/install/moveit_wrapper_interfaces/local/lib/python3.10/dist-packages/moveit_wrapper_interfaces/_moveit_wrapper_interfaces_s.ep.rosidl_typesupport_c.c
[409.126s] -- Symlinking: /root/ros2_ws/install/moveit_wrapper_interfaces/local/lib/python3.10/dist-packages/moveit_wrapper_interfaces/_moveit_wrapper_interfaces_s.ep.rosidl_typesupport_fastrtps_c.c
[409.170s] -- Symlinking: /root/ros2_ws/install/moveit_wrapper_interfaces/local/lib/python3.10/dist-packages/moveit_wrapper_interfaces/_moveit_wrapper_interfaces_s.ep.rosidl_typesupport_introspection_c.c
[409.222s] -- Symlinking: /root/ros2_ws/install/moveit_wrapper_interfaces/local/lib/python3.10/dist-packages/moveit_wrapper_interfaces/libmoveit_wrapper_interfaces__rosidl_generator_py.so
[409.274s] -- Symlinking: /root/ros2_ws/install/moveit_wrapper_interfaces/local/lib/python3.10/dist-packages/moveit_wrapper_interfaces/moveit_wrapper_interfaces_s__rosidl_typesupport_c.cpython-310-x86_64-linux-gnu.so
[409.325s] -- Symlinking: /root/ros2_ws/install/moveit_wrapper_interfaces/local/lib/python3.10/dist-packages/moveit_wrapper_interfaces/moveit_wrapper_interfaces_s__rosidl_typesupport_fastrtps_c.cpython-310-x86_64-linux-gnu.so
[409.372s] -- Symlinking: /root/ros2_ws/install/moveit_wrapper_interfaces/local/lib/python3.10/dist-packages/moveit_wrapper_interfaces/moveit_wrapper_interfaces_s__rosidl_typesupport_introspection_c.cpython-310-x86_64-linux-gnu.so
[409.406s] -- Symlinking: /root/ros2_ws/install/moveit_wrapper_interfaces/local/lib/python3.10/dist-packages/moveit_wrapper_interfaces/msg/__init__.py
[409.448s] -- Symlinking: /root/ros2_ws/install/moveit_wrapper_interfaces/local/lib/python3.10/dist-packages/moveit_wrapper_interfaces/msg/_waypoint.py
[409.498s] -- Symlinking: /root/ros2_ws/install/moveit_wrapper_interfaces/local/lib/python3.10/dist-packages/moveit_wrapper_interfaces/msg/_waypoint_s.c
[409.538s] -- Symlinking: /root/ros2_ws/install/moveit_wrapper_interfaces/local/lib/python3.10/dist-packages/moveit_wrapper_interfaces/msg/_waypoint_sequence.py
[409.578s] -- Symlinking: /root/ros2_ws/install/moveit_wrapper_interfaces/local/lib/python3.10/dist-packages/moveit_wrapper_interfaces/msg/_waypoint_sequence_s.c
[409.621s] -- Symlinking: /root/ros2_ws/install/moveit_wrapper_interfaces/local/lib/python3.10/dist-packages/moveit_wrapper_interfaces/srv/__init__.py
[409.665s] -- Symlinking: /root/ros2_ws/install/moveit_wrapper_interfaces/local/lib/python3.10/dist-packages/moveit_wrapper_interfaces/srv/_add_col_obj.py
[409.708s] -- Symlinking: /root/ros2_ws/install/moveit_wrapper_interfaces/local/lib/python3.10/dist-packages/moveit_wrapper_interfaces/srv/_add_col_obj_s.c
[409.748s] -- Symlinking: /root/ros2_ws/install/moveit_wrapper_interfaces/local/lib/python3.10/dist-packages/moveit_wrapper_interfaces/srv/_attach_obj.py
[409.793s] -- Symlinking: /root/ros2_ws/install/moveit_wrapper_interfaces/local/lib/python3.10/dist-packages/moveit_wrapper_interfaces/srv/_attach_obj_s.c
[409.844s] -- Symlinking: /root/ros2_ws/install/moveit_wrapper_interfaces/local/lib/python3.10/dist-packages/moveit_wrapper_interfaces/srv/_dettach_obj.py
[409.881s] -- Symlinking: /root/ros2_ws/install/moveit_wrapper_interfaces/local/lib/python3.10/dist-packages/moveit_wrapper_interfaces/srv/_dettach_obj_s.c
[409.922s] -- Symlinking: /root/ros2_ws/install/moveit_wrapper_interfaces/local/lib/python3.10/dist-packages/moveit_wrapper_interfaces/srv/_execute_plans.py
[409.972s] -- Symlinking: /root/ros2_ws/install/moveit_wrapper_interfaces/local/lib/python3.10/dist-packages/moveit_wrapper_interfaces/srv/_execute_plans_s.c
[410.026s] -- Symlinking: /root/ros2_ws/install/moveit_wrapper_interfaces/local/lib/python3.10/dist-packages/moveit_wrapper_interfaces/srv/_get_attached_objs.py
[410.075s] -- Symlinking: /root/ros2_ws/install/moveit_wrapper_interfaces/local/lib/python3.10/dist-packages/moveit_wrapper_interfaces/srv/_get_attached_objs_s.c
[410.121s] -- Symlinking: /root/ros2_ws/install/moveit_wrapper_interfaces/local/lib/python3.10/dist-packages/moveit_wrapper_interfaces/srv/_get_col_obj.py
[410.169s] -- Symlinking: /root/ros2_ws/install/moveit_wrapper_interfaces/local/lib/python3.10/dist-packages/moveit_wrapper_interfaces/srv/_get_col_obj_s.c
[410.201s] -- Symlinking: /root/ros2_ws/install/moveit_wrapper_interfaces/local/lib/python3.10/dist-packages/moveit_wrapper_interfaces/srv/_get_named_target.py
[410.240s] -- Symlinking: /root/ros2_ws/install/moveit_wrapper_interfaces/local/lib/python3.10/dist-packages/moveit_wrapper_interfaces/srv/_get_named_target_s.c
[410.278s] -- Symlinking: /root/ros2_ws/install/moveit_wrapper_interfaces/local/lib/python3.10/dist-packages/moveit_wrapper_interfaces/srv/_get_named_targets.py
[410.324s] -- Symlinking: /root/ros2_ws/install/moveit_wrapper_interfaces/local/lib/python3.10/dist-packages/moveit_wrapper_interfaces/srv/_get_named_targets_s.c
[410.381s] -- Symlinking: /root/ros2_ws/install/moveit_wrapper_interfaces/local/lib/python3.10/dist-packages/moveit_wrapper_interfaces/srv/_goto_named_target.py
[410.429s] -- Symlinking: /root/ros2_ws/install/moveit_wrapper_interfaces/local/lib/python3.10/dist-packages/moveit_wrapper_interfaces/srv/_goto_named_target_s.c
[410.473s] -- Symlinking: /root/ros2_ws/install/moveit_wrapper_interfaces/local/lib/python3.10/dist-packages/moveit_wrapper_interfaces/srv/_move_torso.py
[410.516s] -- Symlinking: /root/ros2_ws/install/moveit_wrapper_interfaces/local/lib/python3.10/dist-packages/moveit_wrapper_interfaces/srv/_move_torso_s.c
[410.560s] -- Symlinking: /root/ros2_ws/install/moveit_wrapper_interfaces/local/lib/python3.10/dist-packages/moveit_wrapper_interfaces/srv/_plan.py
[410.599s] -- Symlinking: /root/ros2_ws/install/moveit_wrapper_interfaces/local/lib/python3.10/dist-packages/moveit_wrapper_interfaces/srv/_plan_joints.py
[410.643s] -- Symlinking: /root/ros2_ws/install/moveit_wrapper_interfaces/local/lib/python3.10/dist-packages/moveit_wrapper_interfaces/srv/_plan_joints_s.c
[410.681s] -- Symlinking: /root/ros2_ws/install/moveit_wrapper_interfaces/local/lib/python3.10/dist-packages/moveit_wrapper_interfaces/srv/_plan_s.c
[410.729s] -- Symlinking: /root/ros2_ws/install/moveit_wrapper_interfaces/local/lib/python3.10/dist-packages/moveit_wrapper_interfaces/srv/_remove_col_obj.py
[410.764s] -- Symlinking: /root/ros2_ws/install/moveit_wrapper_interfaces/local/lib/python3.10/dist-packages/moveit_wrapper_interfaces/srv/_remove_col_obj_s.c
[410.814s] -- Up-to-date symlink: /root/ros2_ws/install/moveit_wrapper_interfaces/local/lib/python3.10/dist-packages/moveit_wrapper_interfaces/moveit_wrapper_interfaces_s__rosidl_typesupport_fastrtps_c.cpython-310-x86_64-linux-gnu.so
[410.818s] -- Up-to-date symlink: /root/ros2_ws/install/moveit_wrapper_interfaces/local/lib/python3.10/dist-packages/moveit_wrapper_interfaces/moveit_wrapper_interfaces_s__rosidl_typesupport_introspection_c.cpython-310-x86_64-linux-gnu.so
[410.824s] -- Up-to-date symlink: /root/ros2_ws/install/moveit_wrapper_interfaces/local/lib/python3.10/dist-packages/moveit_wrapper_interfaces/moveit_wrapper_interfaces_s__rosidl_typesupport_c.cpython-310-x86_64-linux-gnu.so
[410.827s] -- Symlinking: /root/ros2_ws/install/moveit_wrapper_interfaces/share/moveit_wrapper_interfaces/msg/Waypoint.idl
[410.884s] -- Symlinking: /root/ros2_ws/install/moveit_wrapper_interfaces/share/moveit_wrapper_interfaces/msg/WaypointSequence.idl
[410.941s] -- Symlinking: /root/ros2_ws/install/moveit_wrapper_interfaces/share/moveit_wrapper_interfaces/srv/AddColObj.idl
[410.982s] -- Symlinking: /root/ros2_ws/install/moveit_wrapper_interfaces/share/moveit_wrapper_interfaces/srv/AttachObj.idl
[411.036s] -- Symlinking: /root/ros2_ws/install/moveit_wrapper_interfaces/share/moveit_wrapper_interfaces/srv/DettachObj.idl
[411.108s] -- Symlinking: /root/ros2_ws/install/moveit_wrapper_interfaces/share/moveit_wrapper_interfaces/srv/ExecutePlans.idl
[411.150s] -- Symlinking: /root/ros2_ws/install/moveit_wrapper_interfaces/share/moveit_wrapper_interfaces/srv/GetAttachedObjs.idl
[411.198s] -- Symlinking: /root/ros2_ws/install/moveit_wrapper_interfaces/share/moveit_wrapper_interfaces/srv/GetColObj.idl
[411.247s] -- Symlinking: /root/ros2_ws/install/moveit_wrapper_interfaces/share/moveit_wrapper_interfaces/srv/GetNamedTarget.idl
[411.291s] -- Symlinking: /root/ros2_ws/install/moveit_wrapper_interfaces/share/moveit_wrapper_interfaces/srv/GetNamedTargets.idl
[411.339s] -- Symlinking: /root/ros2_ws/install/moveit_wrapper_interfaces/share/moveit_wrapper_interfaces/srv/GotoNamedTarget.idl
[411.389s] -- Symlinking: /root/ros2_ws/install/moveit_wrapper_interfaces/share/moveit_wrapper_interfaces/srv/Plan.idl
[411.447s] -- Symlinking: /root/ros2_ws/install/moveit_wrapper_interfaces/share/moveit_wrapper_interfaces/srv/PlanJoints.idl
[411.516s] -- Symlinking: /root/ros2_ws/install/moveit_wrapper_interfaces/share/moveit_wrapper_interfaces/srv/RemoveColObj.idl
[411.563s] -- Symlinking: /root/ros2_ws/install/moveit_wrapper_interfaces/share/moveit_wrapper_interfaces/srv/MoveTorso.idl
[411.615s] -- Symlinking: /root/ros2_ws/install/moveit_wrapper_interfaces/share/moveit_wrapper_interfaces/msg/Waypoint.msg
[411.674s] -- Symlinking: /root/ros2_ws/install/moveit_wrapper_interfaces/share/moveit_wrapper_interfaces/msg/WaypointSequence.msg
[411.729s] -- Symlinking: /root/ros2_ws/install/moveit_wrapper_interfaces/share/moveit_wrapper_interfaces/srv/AddColObj.srv
[411.781s] -- Symlinking: /root/ros2_ws/install/moveit_wrapper_interfaces/share/moveit_wrapper_interfaces/srv/AddColObj_Request.msg
[411.821s] -- Symlinking: /root/ros2_ws/install/moveit_wrapper_interfaces/share/moveit_wrapper_interfaces/srv/AddColObj_Response.msg
[411.873s] -- Symlinking: /root/ros2_ws/install/moveit_wrapper_interfaces/share/moveit_wrapper_interfaces/srv/AttachObj.srv
[411.918s] -- Symlinking: /root/ros2_ws/install/moveit_wrapper_interfaces/share/moveit_wrapper_interfaces/srv/AttachObj_Request.msg
[411.965s] -- Symlinking: /root/ros2_ws/install/moveit_wrapper_interfaces/share/moveit_wrapper_interfaces/srv/AttachObj_Response.msg
[412.013s] -- Symlinking: /root/ros2_ws/install/moveit_wrapper_interfaces/share/moveit_wrapper_interfaces/srv/DettachObj.srv
[412.061s] -- Symlinking: /root/ros2_ws/install/moveit_wrapper_interfaces/share/moveit_wrapper_interfaces/srv/DettachObj_Request.msg
[412.114s] -- Symlinking: /root/ros2_ws/install/moveit_wrapper_interfaces/share/moveit_wrapper_interfaces/srv/DettachObj_Response.msg
[412.160s] -- Symlinking: /root/ros2_ws/install/moveit_wrapper_interfaces/share/moveit_wrapper_interfaces/srv/ExecutePlans.srv
[412.220s] -- Symlinking: /root/ros2_ws/install/moveit_wrapper_interfaces/share/moveit_wrapper_interfaces/srv/ExecutePlans_Request.msg
[412.303s] -- Symlinking: /root/ros2_ws/install/moveit_wrapper_interfaces/share/moveit_wrapper_interfaces/srv/ExecutePlans_Response.msg
[412.352s] -- Symlinking: /root/ros2_ws/install/moveit_wrapper_interfaces/share/moveit_wrapper_interfaces/srv/GetAttachedObjs.srv
[412.415s] -- Symlinking: /root/ros2_ws/install/moveit_wrapper_interfaces/share/moveit_wrapper_interfaces/srv/GetAttachedObjs_Request.msg
[412.474s] -- Symlinking: /root/ros2_ws/install/moveit_wrapper_interfaces/share/moveit_wrapper_interfaces/srv/GetAttachedObjs_Response.msg
[412.522s] -- Symlinking: /root/ros2_ws/install/moveit_wrapper_interfaces/share/moveit_wrapper_interfaces/srv/GetColObj.srv
[412.570s] -- Symlinking: /root/ros2_ws/install/moveit_wrapper_interfaces/share/moveit_wrapper_interfaces/srv/GetColObj_Request.msg
[412.623s] -- Symlinking: /root/ros2_ws/install/moveit_wrapper_interfaces/share/moveit_wrapper_interfaces/srv/GetColObj_Response.msg
[412.686s] -- Symlinking: /root/ros2_ws/install/moveit_wrapper_interfaces/share/moveit_wrapper_interfaces/srv/GetNamedTarget.srv
[412.737s] -- Symlinking: /root/ros2_ws/install/moveit_wrapper_interfaces/share/moveit_wrapper_interfaces/srv/GetNamedTarget_Request.msg
[412.786s] -- Symlinking: /root/ros2_ws/install/moveit_wrapper_interfaces/share/moveit_wrapper_interfaces/srv/GetNamedTarget_Response.msg
[412.830s] -- Symlinking: /root/ros2_ws/install/moveit_wrapper_interfaces/share/moveit_wrapper_interfaces/srv/GetNamedTargets.srv
[412.894s] -- Symlinking: /root/ros2_ws/install/moveit_wrapper_interfaces/share/moveit_wrapper_interfaces/srv/GetNamedTargets_Request.msg
[412.968s] -- Symlinking: /root/ros2_ws/install/moveit_wrapper_interfaces/share/moveit_wrapper_interfaces/srv/GetNamedTargets_Response.msg
[413.009s] -- Symlinking: /root/ros2_ws/install/moveit_wrapper_interfaces/share/moveit_wrapper_interfaces/srv/GotoNamedTarget.srv
[413.066s] -- Symlinking: /root/ros2_ws/install/moveit_wrapper_interfaces/share/moveit_wrapper_interfaces/srv/GotoNamedTarget_Request.msg
[413.115s] -- Symlinking: /root/ros2_ws/install/moveit_wrapper_interfaces/share/moveit_wrapper_interfaces/srv/GotoNamedTarget_Response.msg
[413.176s] -- Symlinking: /root/ros2_ws/install/moveit_wrapper_interfaces/share/moveit_wrapper_interfaces/srv/Plan.srv
[413.224s] -- Symlinking: /root/ros2_ws/install/moveit_wrapper_interfaces/share/moveit_wrapper_interfaces/srv/Plan_Request.msg
[413.272s] -- Symlinking: /root/ros2_ws/install/moveit_wrapper_interfaces/share/moveit_wrapper_interfaces/srv/Plan_Response.msg
[413.318s] -- Symlinking: /root/ros2_ws/install/moveit_wrapper_interfaces/share/moveit_wrapper_interfaces/srv/PlanJoints.srv
[413.387s] -- Symlinking: /root/ros2_ws/install/moveit_wrapper_interfaces/share/moveit_wrapper_interfaces/srv/PlanJoints_Request.msg
[413.430s] -- Symlinking: /root/ros2_ws/install/moveit_wrapper_interfaces/share/moveit_wrapper_interfaces/srv/PlanJoints_Response.msg
[413.485s] -- Symlinking: /root/ros2_ws/install/moveit_wrapper_interfaces/share/moveit_wrapper_interfaces/srv/RemoveColObj.srv
[413.535s] -- Symlinking: /root/ros2_ws/install/moveit_wrapper_interfaces/share/moveit_wrapper_interfaces/srv/RemoveColObj_Request.msg
[413.589s] -- Symlinking: /root/ros2_ws/install/moveit_wrapper_interfaces/share/moveit_wrapper_interfaces/srv/RemoveColObj_Response.msg
[413.641s] -- Symlinking: /root/ros2_ws/install/moveit_wrapper_interfaces/share/moveit_wrapper_interfaces/srv/MoveTorso.srv
[413.690s] -- Symlinking: /root/ros2_ws/install/moveit_wrapper_interfaces/share/moveit_wrapper_interfaces/srv/MoveTorso_Request.msg
[413.735s] -- Symlinking: /root/ros2_ws/install/moveit_wrapper_interfaces/share/moveit_wrapper_interfaces/srv/MoveTorso_Response.msg
[413.790s] -- Symlinking: /root/ros2_ws/install/moveit_wrapper_interfaces/share/ament_index/resource_index/package_run_dependencies/moveit_wrapper_interfaces
[413.855s] -- Symlinking: /root/ros2_ws/install/moveit_wrapper_interfaces/share/ament_index/resource_index/parent_prefix_path/moveit_wrapper_interfaces
[413.915s] -- Symlinking: /root/ros2_ws/install/moveit_wrapper_interfaces/share/moveit_wrapper_interfaces/environment/ament_prefix_path.sh
[413.968s] -- Symlinking: /root/ros2_ws/install/moveit_wrapper_interfaces/share/moveit_wrapper_interfaces/environment/ament_prefix_path.dsv
[414.030s] -- Symlinking: /root/ros2_ws/install/moveit_wrapper_interfaces/share/moveit_wrapper_interfaces/environment/path.sh
[414.075s] -- Symlinking: /root/ros2_ws/install/moveit_wrapper_interfaces/share/moveit_wrapper_interfaces/environment/path.dsv
[414.136s] -- Symlinking: /root/ros2_ws/install/moveit_wrapper_interfaces/share/moveit_wrapper_interfaces/local_setup.bash
[414.200s] -- Symlinking: /root/ros2_ws/install/moveit_wrapper_interfaces/share/moveit_wrapper_interfaces/local_setup.sh
[414.244s] -- Symlinking: /root/ros2_ws/install/moveit_wrapper_interfaces/share/moveit_wrapper_interfaces/local_setup.zsh
[414.296s] -- Symlinking: /root/ros2_ws/install/moveit_wrapper_interfaces/share/moveit_wrapper_interfaces/local_setup.dsv
[414.353s] -- Symlinking: /root/ros2_ws/install/moveit_wrapper_interfaces/share/moveit_wrapper_interfaces/package.dsv
[414.446s] -- Symlinking: /root/ros2_ws/install/moveit_wrapper_interfaces/share/ament_index/resource_index/packages/moveit_wrapper_interfaces
[414.490s] -- Symlinking: /root/ros2_ws/install/moveit_wrapper_interfaces/share/moveit_wrapper_interfaces/cmake/rosidl_cmake-extras.cmake
[414.534s] -- Symlinking: /root/ros2_ws/install/moveit_wrapper_interfaces/share/moveit_wrapper_interfaces/cmake/ament_cmake_export_dependencies-extras.cmake
[414.594s] -- Symlinking: /root/ros2_ws/install/moveit_wrapper_interfaces/share/moveit_wrapper_interfaces/cmake/ament_cmake_export_include_directories-extras.cmake
[414.646s] -- Symlinking: /root/ros2_ws/install/moveit_wrapper_interfaces/share/moveit_wrapper_interfaces/cmake/ament_cmake_export_libraries-extras.cmake
[414.694s] -- Symlinking: /root/ros2_ws/install/moveit_wrapper_interfaces/share/moveit_wrapper_interfaces/cmake/ament_cmake_export_targets-extras.cmake
[414.756s] -- Symlinking: /root/ros2_ws/install/moveit_wrapper_interfaces/share/moveit_wrapper_interfaces/cmake/rosidl_cmake_export_typesupport_targets-extras.cmake
[414.812s] -- Symlinking: /root/ros2_ws/install/moveit_wrapper_interfaces/share/moveit_wrapper_interfaces/cmake/rosidl_cmake_export_typesupport_libraries-extras.cmake
[414.871s] -- Symlinking: /root/ros2_ws/install/moveit_wrapper_interfaces/share/moveit_wrapper_interfaces/cmake/moveit_wrapper_interfacesConfig.cmake
[414.930s] -- Symlinking: /root/ros2_ws/install/moveit_wrapper_interfaces/share/moveit_wrapper_interfaces/cmake/moveit_wrapper_interfacesConfig-version.cmake
[414.989s] -- Symlinking: /root/ros2_ws/install/moveit_wrapper_interfaces/share/moveit_wrapper_interfaces/package.xml
[415.050s] -- Installing: /root/ros2_ws/install/moveit_wrapper_interfaces/lib/libmoveit_wrapper_interfaces__rosidl_generator_c.so
[415.058s] -- Set runtime path of "/root/ros2_ws/install/moveit_wrapper_interfaces/lib/libmoveit_wrapper_interfaces__rosidl_generator_c.so" to ""
[415.067s] -- Installing: /root/ros2_ws/install/moveit_wrapper_interfaces/lib/libmoveit_wrapper_interfaces__rosidl_typesupport_fastrtps_c.so
[415.072s] -- Set runtime path of "/root/ros2_ws/install/moveit_wrapper_interfaces/lib/libmoveit_wrapper_interfaces__rosidl_typesupport_fastrtps_c.so" to ""
[415.073s] -- Installing: /root/ros2_ws/install/moveit_wrapper_interfaces/lib/libmoveit_wrapper_interfaces__rosidl_typesupport_introspection_c.so
[415.076s] -- Set runtime path of "/root/ros2_ws/install/moveit_wrapper_interfaces/lib/libmoveit_wrapper_interfaces__rosidl_typesupport_introspection_c.so" to ""
[415.076s] -- Installing: /root/ros2_ws/install/moveit_wrapper_interfaces/lib/libmoveit_wrapper_interfaces__rosidl_typesupport_c.so
[415.082s] -- Set runtime path of "/root/ros2_ws/install/moveit_wrapper_interfaces/lib/libmoveit_wrapper_interfaces__rosidl_typesupport_c.so" to ""
[415.083s] -- Installing: /root/ros2_ws/install/moveit_wrapper_interfaces/lib/libmoveit_wrapper_interfaces__rosidl_typesupport_fastrtps_cpp.so
[415.092s] -- Set runtime path of "/root/ros2_ws/install/moveit_wrapper_interfaces/lib/libmoveit_wrapper_interfaces__rosidl_typesupport_fastrtps_cpp.so" to ""
[415.097s] -- Installing: /root/ros2_ws/install/moveit_wrapper_interfaces/lib/libmoveit_wrapper_interfaces__rosidl_typesupport_introspection_cpp.so
[415.111s] -- Set runtime path of "/root/ros2_ws/install/moveit_wrapper_interfaces/lib/libmoveit_wrapper_interfaces__rosidl_typesupport_introspection_cpp.so" to ""
[415.115s] -- Installing: /root/ros2_ws/install/moveit_wrapper_interfaces/lib/libmoveit_wrapper_interfaces__rosidl_typesupport_cpp.so
[415.126s] -- Set runtime path of "/root/ros2_ws/install/moveit_wrapper_interfaces/lib/libmoveit_wrapper_interfaces__rosidl_typesupport_cpp.so" to ""
[415.552s] Listing '/root/ros2_ws/install/moveit_wrapper_interfaces/local/lib/python3.10/dist-packages/moveit_wrapper_interfaces'...
[415.553s] Compiling '/root/ros2_ws/install/moveit_wrapper_interfaces/local/lib/python3.10/dist-packages/moveit_wrapper_interfaces/__init__.py'...
[415.553s] Listing '/root/ros2_ws/install/moveit_wrapper_interfaces/local/lib/python3.10/dist-packages/moveit_wrapper_interfaces/msg'...
[415.554s] Compiling '/root/ros2_ws/install/moveit_wrapper_interfaces/local/lib/python3.10/dist-packages/moveit_wrapper_interfaces/msg/__init__.py'...
[415.560s] Compiling '/root/ros2_ws/install/moveit_wrapper_interfaces/local/lib/python3.10/dist-packages/moveit_wrapper_interfaces/msg/_waypoint.py'...
[415.561s] Compiling '/root/ros2_ws/install/moveit_wrapper_interfaces/local/lib/python3.10/dist-packages/moveit_wrapper_interfaces/msg/_waypoint_sequence.py'...
[415.562s] Listing '/root/ros2_ws/install/moveit_wrapper_interfaces/local/lib/python3.10/dist-packages/moveit_wrapper_interfaces/srv'...
[415.562s] Compiling '/root/ros2_ws/install/moveit_wrapper_interfaces/local/lib/python3.10/dist-packages/moveit_wrapper_interfaces/srv/__init__.py'...
[415.563s] Compiling '/root/ros2_ws/install/moveit_wrapper_interfaces/local/lib/python3.10/dist-packages/moveit_wrapper_interfaces/srv/_add_col_obj.py'...
[415.563s] Compiling '/root/ros2_ws/install/moveit_wrapper_interfaces/local/lib/python3.10/dist-packages/moveit_wrapper_interfaces/srv/_attach_obj.py'...
[415.572s] Compiling '/root/ros2_ws/install/moveit_wrapper_interfaces/local/lib/python3.10/dist-packages/moveit_wrapper_interfaces/srv/_dettach_obj.py'...
[415.573s] Compiling '/root/ros2_ws/install/moveit_wrapper_interfaces/local/lib/python3.10/dist-packages/moveit_wrapper_interfaces/srv/_execute_plans.py'...
[415.573s] Compiling '/root/ros2_ws/install/moveit_wrapper_interfaces/local/lib/python3.10/dist-packages/moveit_wrapper_interfaces/srv/_get_attached_objs.py'...
[415.574s] Compiling '/root/ros2_ws/install/moveit_wrapper_interfaces/local/lib/python3.10/dist-packages/moveit_wrapper_interfaces/srv/_get_col_obj.py'...
[415.574s] Compiling '/root/ros2_ws/install/moveit_wrapper_interfaces/local/lib/python3.10/dist-packages/moveit_wrapper_interfaces/srv/_get_named_target.py'...
[415.575s] Compiling '/root/ros2_ws/install/moveit_wrapper_interfaces/local/lib/python3.10/dist-packages/moveit_wrapper_interfaces/srv/_get_named_targets.py'...
[415.575s] Compiling '/root/ros2_ws/install/moveit_wrapper_interfaces/local/lib/python3.10/dist-packages/moveit_wrapper_interfaces/srv/_goto_named_target.py'...
[415.580s] Compiling '/root/ros2_ws/install/moveit_wrapper_interfaces/local/lib/python3.10/dist-packages/moveit_wrapper_interfaces/srv/_move_torso.py'...
[415.588s] Compiling '/root/ros2_ws/install/moveit_wrapper_interfaces/local/lib/python3.10/dist-packages/moveit_wrapper_interfaces/srv/_plan.py'...
[415.590s] Compiling '/root/ros2_ws/install/moveit_wrapper_interfaces/local/lib/python3.10/dist-packages/moveit_wrapper_interfaces/srv/_plan_joints.py'...
[415.591s] Compiling '/root/ros2_ws/install/moveit_wrapper_interfaces/local/lib/python3.10/dist-packages/moveit_wrapper_interfaces/srv/_remove_col_obj.py'...
[415.593s] -- Installing: /root/ros2_ws/install/moveit_wrapper_interfaces/lib/libmoveit_wrapper_interfaces__rosidl_generator_py.so
[415.595s] -- Set runtime path of "/root/ros2_ws/install/moveit_wrapper_interfaces/lib/libmoveit_wrapper_interfaces__rosidl_generator_py.so" to ""
[415.596s] -- Installing: /root/ros2_ws/install/moveit_wrapper_interfaces/share/moveit_wrapper_interfaces/cmake/export_moveit_wrapper_interfaces__rosidl_generator_cExport.cmake
[415.597s] -- Installing: /root/ros2_ws/install/moveit_wrapper_interfaces/share/moveit_wrapper_interfaces/cmake/export_moveit_wrapper_interfaces__rosidl_generator_cExport-noconfig.cmake
[415.597s] -- Installing: /root/ros2_ws/install/moveit_wrapper_interfaces/share/moveit_wrapper_interfaces/cmake/export_moveit_wrapper_interfaces__rosidl_typesupport_fastrtps_cExport.cmake
[415.598s] -- Installing: /root/ros2_ws/install/moveit_wrapper_interfaces/share/moveit_wrapper_interfaces/cmake/export_moveit_wrapper_interfaces__rosidl_typesupport_fastrtps_cExport-noconfig.cmake
[415.598s] -- Installing: /root/ros2_ws/install/moveit_wrapper_interfaces/share/moveit_wrapper_interfaces/cmake/moveit_wrapper_interfaces__rosidl_typesupport_introspection_cExport.cmake
[415.601s] -- Installing: /root/ros2_ws/install/moveit_wrapper_interfaces/share/moveit_wrapper_interfaces/cmake/moveit_wrapper_interfaces__rosidl_typesupport_introspection_cExport-noconfig.cmake
[415.602s] -- Installing: /root/ros2_ws/install/moveit_wrapper_interfaces/share/moveit_wrapper_interfaces/cmake/moveit_wrapper_interfaces__rosidl_typesupport_cExport.cmake
[415.602s] -- Installing: /root/ros2_ws/install/moveit_wrapper_interfaces/share/moveit_wrapper_interfaces/cmake/moveit_wrapper_interfaces__rosidl_typesupport_cExport-noconfig.cmake
[415.604s] -- Installing: /root/ros2_ws/install/moveit_wrapper_interfaces/share/moveit_wrapper_interfaces/cmake/export_moveit_wrapper_interfaces__rosidl_generator_cppExport.cmake
[415.607s] -- Installing: /root/ros2_ws/install/moveit_wrapper_interfaces/share/moveit_wrapper_interfaces/cmake/export_moveit_wrapper_interfaces__rosidl_typesupport_fastrtps_cppExport.cmake
[415.610s] -- Installing: /root/ros2_ws/install/moveit_wrapper_interfaces/share/moveit_wrapper_interfaces/cmake/export_moveit_wrapper_interfaces__rosidl_typesupport_fastrtps_cppExport-noconfig.cmake
[415.610s] -- Installing: /root/ros2_ws/install/moveit_wrapper_interfaces/share/moveit_wrapper_interfaces/cmake/moveit_wrapper_interfaces__rosidl_typesupport_introspection_cppExport.cmake
[415.616s] -- Installing: /root/ros2_ws/install/moveit_wrapper_interfaces/share/moveit_wrapper_interfaces/cmake/moveit_wrapper_interfaces__rosidl_typesupport_introspection_cppExport-noconfig.cmake
[415.616s] -- Installing: /root/ros2_ws/install/moveit_wrapper_interfaces/share/moveit_wrapper_interfaces/cmake/moveit_wrapper_interfaces__rosidl_typesupport_cppExport.cmake
[415.625s] -- Installing: /root/ros2_ws/install/moveit_wrapper_interfaces/share/moveit_wrapper_interfaces/cmake/moveit_wrapper_interfaces__rosidl_typesupport_cppExport-noconfig.cmake
[415.628s] -- Installing: /root/ros2_ws/install/moveit_wrapper_interfaces/share/moveit_wrapper_interfaces/cmake/export_moveit_wrapper_interfaces__rosidl_generator_pyExport.cmake
[415.629s] -- Installing: /root/ros2_ws/install/moveit_wrapper_interfaces/share/moveit_wrapper_interfaces/cmake/export_moveit_wrapper_interfaces__rosidl_generator_pyExport-noconfig.cmake
[415.636s] Invoked command in '/root/ros2_ws/build/moveit_wrapper_interfaces' returned '0': CMAKE_PREFIX_PATH=/opt/ros/humble /usr/bin/cmake --install /root/ros2_ws/build/moveit_wrapper_interfaces
