running egg_info
creating ../build/my_nav2/my_nav2.egg-info
writing ../build/my_nav2/my_nav2.egg-info/PKG-INFO
writing dependency_links to ../build/my_nav2/my_nav2.egg-info/dependency_links.txt
writing entry points to ../build/my_nav2/my_nav2.egg-info/entry_points.txt
writing requirements to ../build/my_nav2/my_nav2.egg-info/requires.txt
writing top-level names to ../build/my_nav2/my_nav2.egg-info/top_level.txt
writing manifest file '../build/my_nav2/my_nav2.egg-info/SOURCES.txt'
reading manifest file '../build/my_nav2/my_nav2.egg-info/SOURCES.txt'
adding license file 'LICENSE'
writing manifest file '../build/my_nav2/my_nav2.egg-info/SOURCES.txt'
running build
running build_py
creating /root/ros2_ws/src/nb-246830/stage_3/build/my_nav2/build
creating /root/ros2_ws/src/nb-246830/stage_3/build/my_nav2/build/lib
creating /root/ros2_ws/src/nb-246830/stage_3/build/my_nav2/build/lib/my_nav2
copying my_nav2/__init__.py -> /root/ros2_ws/src/nb-246830/stage_3/build/my_nav2/build/lib/my_nav2
copying my_nav2/goal_pub.py -> /root/ros2_ws/src/nb-246830/stage_3/build/my_nav2/build/lib/my_nav2
running install
running install_lib
creating /root/ros2_ws/src/nb-246830/stage_3/install/my_nav2/lib/python3.10/site-packages/my_nav2
copying /root/ros2_ws/src/nb-246830/stage_3/build/my_nav2/build/lib/my_nav2/__init__.py -> /root/ros2_ws/src/nb-246830/stage_3/install/my_nav2/lib/python3.10/site-packages/my_nav2
copying /root/ros2_ws/src/nb-246830/stage_3/build/my_nav2/build/lib/my_nav2/goal_pub.py -> /root/ros2_ws/src/nb-246830/stage_3/install/my_nav2/lib/python3.10/site-packages/my_nav2
byte-compiling /root/ros2_ws/src/nb-246830/stage_3/install/my_nav2/lib/python3.10/site-packages/my_nav2/__init__.py to __init__.cpython-310.pyc
byte-compiling /root/ros2_ws/src/nb-246830/stage_3/install/my_nav2/lib/python3.10/site-packages/my_nav2/goal_pub.py to goal_pub.cpython-310.pyc
running install_data
creating /root/ros2_ws/src/nb-246830/stage_3/install/my_nav2/share/ament_index
creating /root/ros2_ws/src/nb-246830/stage_3/install/my_nav2/share/ament_index/resource_index
creating /root/ros2_ws/src/nb-246830/stage_3/install/my_nav2/share/ament_index/resource_index/packages
copying resource/my_nav2 -> /root/ros2_ws/src/nb-246830/stage_3/install/my_nav2/share/ament_index/resource_index/packages
copying package.xml -> /root/ros2_ws/src/nb-246830/stage_3/install/my_nav2/share/my_nav2
running install_egg_info
Copying ../build/my_nav2/my_nav2.egg-info to /root/ros2_ws/src/nb-246830/stage_3/install/my_nav2/lib/python3.10/site-packages/my_nav2-0.0.0-py3.10.egg-info
running install_scripts
Installing goal_pub script to /root/ros2_ws/src/nb-246830/stage_3/install/my_nav2/lib/my_nav2
writing list of installed files to '/root/ros2_ws/src/nb-246830/stage_3/build/my_nav2/install.log'
