running egg_info
writing ../build/tiago_inspection/tiago_inspection.egg-info/PKG-INFO
writing dependency_links to ../build/tiago_inspection/tiago_inspection.egg-info/dependency_links.txt
writing entry points to ../build/tiago_inspection/tiago_inspection.egg-info/entry_points.txt
writing requirements to ../build/tiago_inspection/tiago_inspection.egg-info/requires.txt
writing top-level names to ../build/tiago_inspection/tiago_inspection.egg-info/top_level.txt
reading manifest file '../build/tiago_inspection/tiago_inspection.egg-info/SOURCES.txt'
adding license file 'LICENSE'
writing manifest file '../build/tiago_inspection/tiago_inspection.egg-info/SOURCES.txt'
running build
running build_py
running install
running install_lib
byte-compiling /root/ros2_ws/src/nb-246830/stage_3/install/tiago_inspection/lib/python3.10/site-packages/tiago_inspection/start_inspection.py to start_inspection.cpython-310.pyc
byte-compiling /root/ros2_ws/src/nb-246830/stage_3/install/tiago_inspection/lib/python3.10/site-packages/tiago_inspection/__init__.py to __init__.cpython-310.pyc
running install_data
running install_egg_info
removing '/root/ros2_ws/src/nb-246830/stage_3/install/tiago_inspection/lib/python3.10/site-packages/tiago_inspection-0.0.0-py3.10.egg-info' (and everything under it)
Copying ../build/tiago_inspection/tiago_inspection.egg-info to /root/ros2_ws/src/nb-246830/stage_3/install/tiago_inspection/lib/python3.10/site-packages/tiago_inspection-0.0.0-py3.10.egg-info
running install_scripts
Installing start_inspection script to /root/ros2_ws/src/nb-246830/stage_3/install/tiago_inspection/lib/tiago_inspection
writing list of installed files to '/root/ros2_ws/src/nb-246830/stage_3/build/tiago_inspection/install.log'
