[6.508s] Invoking command in '/root/ros2_ws/src/25ws_nb-246830/stage_2/my_package': PYTHONPATH=/root/ros2_ws/build/my_package/prefix_override:/usr/lib/python3/dist-packages/colcon_core/task/python/colcon_distutils_commands:/root/ros2_ws/install/my_package/lib/python3.10/site-packages:${PYTHONPATH} /usr/bin/python3 -W ignore:setup.py install is deprecated -W ignore:easy_install command is deprecated setup.py egg_info --egg-base ../../../../build/my_package build --build-base /root/ros2_ws/build/my_package/build install --record /root/ros2_ws/build/my_package/install.log --single-version-externally-managed install_data
[9.427s] running egg_info
[9.427s] creating ../../../../build/my_package/my_package.egg-info
[9.428s] writing ../../../../build/my_package/my_package.egg-info/PKG-INFO
[9.428s] writing dependency_links to ../../../../build/my_package/my_package.egg-info/dependency_links.txt
[9.428s] writing entry points to ../../../../build/my_package/my_package.egg-info/entry_points.txt
[9.428s] writing requirements to ../../../../build/my_package/my_package.egg-info/requires.txt
[9.428s] writing top-level names to ../../../../build/my_package/my_package.egg-info/top_level.txt
[9.429s] writing manifest file '../../../../build/my_package/my_package.egg-info/SOURCES.txt'
[9.446s] reading manifest file '../../../../build/my_package/my_package.egg-info/SOURCES.txt'
[9.452s] adding license file 'LICENSE'
[9.459s] writing manifest file '../../../../build/my_package/my_package.egg-info/SOURCES.txt'
[9.460s] running build
[9.461s] running build_py
[9.484s] creating /root/ros2_ws/build/my_package/build
[9.484s] creating /root/ros2_ws/build/my_package/build/lib
[9.484s] creating /root/ros2_ws/build/my_package/build/lib/my_package
[9.485s] copying my_package/my_node.py -> /root/ros2_ws/build/my_package/build/lib/my_package
[9.485s] copying my_package/__init__.py -> /root/ros2_ws/build/my_package/build/lib/my_package
[9.485s] running install
[9.485s] running install_lib
[9.485s] creating /root/ros2_ws/install/my_package/lib/python3.10/site-packages/my_package
[9.485s] copying /root/ros2_ws/build/my_package/build/lib/my_package/my_node.py -> /root/ros2_ws/install/my_package/lib/python3.10/site-packages/my_package
[9.489s] copying /root/ros2_ws/build/my_package/build/lib/my_package/__init__.py -> /root/ros2_ws/install/my_package/lib/python3.10/site-packages/my_package
[9.496s] byte-compiling /root/ros2_ws/install/my_package/lib/python3.10/site-packages/my_package/my_node.py to my_node.cpython-310.pyc
[9.511s] byte-compiling /root/ros2_ws/install/my_package/lib/python3.10/site-packages/my_package/__init__.py to __init__.cpython-310.pyc
[9.511s] running install_data
[9.512s] creating /root/ros2_ws/install/my_package/share/ament_index
[9.512s] creating /root/ros2_ws/install/my_package/share/ament_index/resource_index
[9.512s] creating /root/ros2_ws/install/my_package/share/ament_index/resource_index/packages
[9.512s] copying resource/my_package -> /root/ros2_ws/install/my_package/share/ament_index/resource_index/packages
[9.512s] copying package.xml -> /root/ros2_ws/install/my_package/share/my_package
[9.512s] running install_egg_info
[9.530s] Copying ../../../../build/my_package/my_package.egg-info to /root/ros2_ws/install/my_package/lib/python3.10/site-packages/my_package-0.0.0-py3.10.egg-info
[9.570s] running install_scripts
[9.806s] Installing my_node script to /root/ros2_ws/install/my_package/lib/my_package
[9.806s] writing list of installed files to '/root/ros2_ws/build/my_package/install.log'
[11.238s] Invoked command in '/root/ros2_ws/src/25ws_nb-246830/stage_2/my_package' returned '0': PYTHONPATH=/root/ros2_ws/build/my_package/prefix_override:/usr/lib/python3/dist-packages/colcon_core/task/python/colcon_distutils_commands:/root/ros2_ws/install/my_package/lib/python3.10/site-packages:${PYTHONPATH} /usr/bin/python3 -W ignore:setup.py install is deprecated -W ignore:easy_install command is deprecated setup.py egg_info --egg-base ../../../../build/my_package build --build-base /root/ros2_ws/build/my_package/build install --record /root/ros2_ws/build/my_package/install.log --single-version-externally-managed install_data
