/root/ros2_ws/install/drive_to_wall/lib/python3.10/site-packages/drive_to_wall/drive_to_wall_action.py
/root/ros2_ws/install/drive_to_wall/lib/python3.10/site-packages/drive_to_wall/drive_to_wall_topic.py
/root/ros2_ws/install/drive_to_wall/lib/python3.10/site-packages/drive_to_wall/drive_to_wall_topic_client.py
/root/ros2_ws/install/drive_to_wall/lib/python3.10/site-packages/drive_to_wall/drive_to_wall_service_client.py
/root/ros2_ws/install/drive_to_wall/lib/python3.10/site-packages/drive_to_wall/drive_to_wall_service.py
/root/ros2_ws/install/drive_to_wall/lib/python3.10/site-packages/drive_to_wall/drive_to_wall_action_client.py
/root/ros2_ws/install/drive_to_wall/lib/python3.10/site-packages/drive_to_wall/__init__.py
/root/ros2_ws/install/drive_to_wall/lib/python3.10/site-packages/drive_to_wall/__pycache__/drive_to_wall_action.cpython-310.pyc
/root/ros2_ws/install/drive_to_wall/lib/python3.10/site-packages/drive_to_wall/__pycache__/drive_to_wall_topic.cpython-310.pyc
/root/ros2_ws/install/drive_to_wall/lib/python3.10/site-packages/drive_to_wall/__pycache__/drive_to_wall_topic_client.cpython-310.pyc
/root/ros2_ws/install/drive_to_wall/lib/python3.10/site-packages/drive_to_wall/__pycache__/drive_to_wall_service_client.cpython-310.pyc
/root/ros2_ws/install/drive_to_wall/lib/python3.10/site-packages/drive_to_wall/__pycache__/drive_to_wall_service.cpython-310.pyc
/root/ros2_ws/install/drive_to_wall/lib/python3.10/site-packages/drive_to_wall/__pycache__/drive_to_wall_action_client.cpython-310.pyc
/root/ros2_ws/install/drive_to_wall/lib/python3.10/site-packages/drive_to_wall/__pycache__/__init__.cpython-310.pyc
/root/ros2_ws/install/drive_to_wall/share/ament_index/resource_index/packages/drive_to_wall
/root/ros2_ws/install/drive_to_wall/share/drive_to_wall/package.xml
/root/ros2_ws/install/drive_to_wall/lib/python3.10/site-packages/drive_to_wall-0.0.0-py3.10.egg-info/requires.txt
/root/ros2_ws/install/drive_to_wall/lib/python3.10/site-packages/drive_to_wall-0.0.0-py3.10.egg-info/dependency_links.txt
/root/ros2_ws/install/drive_to_wall/lib/python3.10/site-packages/drive_to_wall-0.0.0-py3.10.egg-info/zip-safe
/root/ros2_ws/install/drive_to_wall/lib/python3.10/site-packages/drive_to_wall-0.0.0-py3.10.egg-info/PKG-INFO
/root/ros2_ws/install/drive_to_wall/lib/python3.10/site-packages/drive_to_wall-0.0.0-py3.10.egg-info/top_level.txt
/root/ros2_ws/install/drive_to_wall/lib/python3.10/site-packages/drive_to_wall-0.0.0-py3.10.egg-info/entry_points.txt
/root/ros2_ws/install/drive_to_wall/lib/python3.10/site-packages/drive_to_wall-0.0.0-py3.10.egg-info/SOURCES.txt
/root/ros2_ws/install/drive_to_wall/lib/drive_to_wall/drive_to_wall_action
/root/ros2_ws/install/drive_to_wall/lib/drive_to_wall/drive_to_wall_action_client
/root/ros2_ws/install/drive_to_wall/lib/drive_to_wall/drive_to_wall_service
/root/ros2_ws/install/drive_to_wall/lib/drive_to_wall/drive_to_wall_service_client
/root/ros2_ws/install/drive_to_wall/lib/drive_to_wall/drive_to_wall_topic
/root/ros2_ws/install/drive_to_wall/lib/drive_to_wall/drive_to_wall_topic_client
