-- The C compiler identification is GNU 11.4.0
-- The CXX compiler identification is GNU 11.4.0
-- Detecting C compiler ABI info
-- Detecting C compiler ABI info - done
-- Check for working C compiler: /usr/bin/cc - skipped
-- Detecting C compile features
-- Detecting C compile features - done
-- Detecting CXX compiler ABI info
-- Detecting CXX compiler ABI info - done
-- Check for working CXX compiler: /usr/bin/c++ - skipped
-- Detecting CXX compile features
-- Detecting CXX compile features - done
-- Found ament_cmake: 1.3.12 (/opt/ros/humble/share/ament_cmake/cmake)
-- Found Python3: /usr/bin/python3 (found version "3.10.12") found components: Interpreter 
-- Found geometry_msgs: 4.9.0 (/opt/ros/humble/share/geometry_msgs/cmake)
-- Found rosidl_generator_c: 3.1.7 (/opt/ros/humble/share/rosidl_generator_c/cmake)
-- Found rosidl_adapter: 3.1.7 (/opt/ros/humble/share/rosidl_adapter/cmake)
-- Found rosidl_generator_cpp: 3.1.7 (/opt/ros/humble/share/rosidl_generator_cpp/cmake)
-- Using all available rosidl_typesupport_c: rosidl_typesupport_fastrtps_c;rosidl_typesupport_introspection_c
-- Using all available rosidl_typesupport_cpp: rosidl_typesupport_fastrtps_cpp;rosidl_typesupport_introspection_cpp
-- Found rosidl_default_generators: 1.2.0 (/opt/ros/humble/share/rosidl_default_generators/cmake)
-- Found ament_cmake_ros: 0.10.0 (/opt/ros/humble/share/ament_cmake_ros/cmake)
-- Using all available rosidl_typesupport_c: rosidl_typesupport_fastrtps_c;rosidl_typesupport_introspection_c
-- Using all available rosidl_typesupport_cpp: rosidl_typesupport_fastrtps_cpp;rosidl_typesupport_introspection_cpp
-- Found PythonInterp: /usr/bin/python3 (found suitable version "3.10.12", minimum required is "3.6") 
-- Found python_cmake_module: 0.10.0 (/opt/ros/humble/share/python_cmake_module/cmake)
-- Found PythonLibs: /usr/lib/x86_64-linux-gnu/libpython3.10.so (found suitable version "3.10.12", minimum required is "3.5") 
-- Using PYTHON_EXECUTABLE: /usr/bin/python3
-- Using PYTHON_INCLUDE_DIRS: /usr/include/python3.10
-- Using PYTHON_LIBRARIES: /usr/lib/x86_64-linux-gnu/libpython3.10.so
-- Found PythonExtra: .so  
-- Found ament_lint_auto: 0.12.14 (/opt/ros/humble/share/ament_lint_auto/cmake)
-- Added test 'lint_cmake' to check CMake code style
-- Added test 'xmllint' to check XML markup files
-- Configuring done
-- Generating done
-- Build files have been written to: /root/ros2_ws/build/custom_interfaces
[  1%] [34m[1mGenerating C code for ROS interfaces[0m
[  3%] [34m[1mGenerating C++ code for ROS interfaces[0m
[  3%] Built target ament_cmake_python_copy_custom_interfaces
running egg_info
creating custom_interfaces.egg-info
writing custom_interfaces.egg-info/PKG-INFO
writing dependency_links to custom_interfaces.egg-info/dependency_links.txt
writing top-level names to custom_interfaces.egg-info/top_level.txt
writing manifest file 'custom_interfaces.egg-info/SOURCES.txt'
reading manifest file 'custom_interfaces.egg-info/SOURCES.txt'
writing manifest file 'custom_interfaces.egg-info/SOURCES.txt'
[  3%] Built target ament_cmake_python_build_custom_interfaces_egg
[  3%] Built target custom_interfaces__cpp
[  5%] [34m[1mGenerating C++ type support dispatch for ROS interfaces[0m
[  7%] [34m[1mGenerating C++ introspection for ROS interfaces[0m
[  9%] [34m[1mGenerating C++ type support for eProsima Fast-RTPS[0m
[ 10%] [32mBuilding C object CMakeFiles/custom_interfaces__rosidl_generator_c.dir/rosidl_generator_c/custom_interfaces/msg/detail/drive_to_wall_t__functions.c.o[0m
[ 12%] [32mBuilding C object CMakeFiles/custom_interfaces__rosidl_generator_c.dir/rosidl_generator_c/custom_interfaces/srv/detail/drive_to_wall_s__functions.c.o[0m
[ 14%] [32mBuilding C object CMakeFiles/custom_interfaces__rosidl_generator_c.dir/rosidl_generator_c/custom_interfaces/msg/detail/reached_wall_t__functions.c.o[0m
[ 16%] [32mBuilding C object CMakeFiles/custom_interfaces__rosidl_generator_c.dir/rosidl_generator_c/custom_interfaces/action/detail/drive_to_wall_a__functions.c.o[0m
[ 18%] [32m[1mLinking C shared library libcustom_interfaces__rosidl_generator_c.so[0m
[ 18%] Built target custom_interfaces__rosidl_generator_c
[ 20%] [34m[1mGenerating C introspection for ROS interfaces[0m
[ 21%] [34m[1mGenerating C type support dispatch for ROS interfaces[0m
[ 23%] [34m[1mGenerating C type support for eProsima Fast-RTPS[0m
[ 27%] [32mBuilding CXX object CMakeFiles/custom_interfaces__rosidl_typesupport_cpp.dir/rosidl_typesupport_cpp/custom_interfaces/msg/drive_to_wall_t__type_support.cpp.o[0m
[ 27%] [32mBuilding CXX object CMakeFiles/custom_interfaces__rosidl_typesupport_cpp.dir/rosidl_typesupport_cpp/custom_interfaces/msg/reached_wall_t__type_support.cpp.o[0m
[ 29%] [32mBuilding CXX object CMakeFiles/custom_interfaces__rosidl_typesupport_cpp.dir/rosidl_typesupport_cpp/custom_interfaces/srv/drive_to_wall_s__type_support.cpp.o[0m
[ 30%] [32mBuilding CXX object CMakeFiles/custom_interfaces__rosidl_typesupport_cpp.dir/rosidl_typesupport_cpp/custom_interfaces/action/drive_to_wall_a__type_support.cpp.o[0m
[ 32%] [32mBuilding CXX object CMakeFiles/custom_interfaces__rosidl_typesupport_fastrtps_cpp.dir/rosidl_typesupport_fastrtps_cpp/custom_interfaces/msg/detail/dds_fastrtps/drive_to_wall_t__type_support.cpp.o[0m
[ 36%] [32mBuilding CXX object CMakeFiles/custom_interfaces__rosidl_typesupport_fastrtps_cpp.dir/rosidl_typesupport_fastrtps_cpp/custom_interfaces/srv/detail/dds_fastrtps/drive_to_wall_s__type_support.cpp.o[0m
[ 34%] [32mBuilding CXX object CMakeFiles/custom_interfaces__rosidl_typesupport_fastrtps_cpp.dir/rosidl_typesupport_fastrtps_cpp/custom_interfaces/msg/detail/dds_fastrtps/reached_wall_t__type_support.cpp.o[0m
[ 38%] [32mBuilding CXX object CMakeFiles/custom_interfaces__rosidl_typesupport_introspection_cpp.dir/rosidl_typesupport_introspection_cpp/custom_interfaces/msg/detail/drive_to_wall_t__type_support.cpp.o[0m
[ 40%] [32mBuilding CXX object CMakeFiles/custom_interfaces__rosidl_typesupport_fastrtps_c.dir/rosidl_typesupport_fastrtps_c/custom_interfaces/msg/detail/drive_to_wall_t__type_support_c.cpp.o[0m
[ 41%] [32mBuilding CXX object CMakeFiles/custom_interfaces__rosidl_typesupport_c.dir/rosidl_typesupport_c/custom_interfaces/msg/drive_to_wall_t__type_support.cpp.o[0m
[ 43%] [32mBuilding CXX object CMakeFiles/custom_interfaces__rosidl_typesupport_c.dir/rosidl_typesupport_c/custom_interfaces/msg/reached_wall_t__type_support.cpp.o[0m
[ 45%] [32mBuilding CXX object CMakeFiles/custom_interfaces__rosidl_typesupport_introspection_cpp.dir/rosidl_typesupport_introspection_cpp/custom_interfaces/msg/detail/reached_wall_t__type_support.cpp.o[0m
[ 47%] [32mBuilding CXX object CMakeFiles/custom_interfaces__rosidl_typesupport_c.dir/rosidl_typesupport_c/custom_interfaces/srv/drive_to_wall_s__type_support.cpp.o[0m
[ 49%] [32mBuilding C object CMakeFiles/custom_interfaces__rosidl_typesupport_introspection_c.dir/rosidl_typesupport_introspection_c/custom_interfaces/msg/detail/drive_to_wall_t__type_support.c.o[0m
[ 50%] [32mBuilding CXX object CMakeFiles/custom_interfaces__rosidl_typesupport_c.dir/rosidl_typesupport_c/custom_interfaces/action/drive_to_wall_a__type_support.cpp.o[0m
[ 52%] [32mBuilding C object CMakeFiles/custom_interfaces__rosidl_typesupport_introspection_c.dir/rosidl_typesupport_introspection_c/custom_interfaces/msg/detail/reached_wall_t__type_support.c.o[0m
[ 54%] [32mBuilding CXX object CMakeFiles/custom_interfaces__rosidl_typesupport_fastrtps_c.dir/rosidl_typesupport_fastrtps_c/custom_interfaces/msg/detail/reached_wall_t__type_support_c.cpp.o[0m
[ 56%] [32m[1mLinking CXX shared library libcustom_interfaces__rosidl_typesupport_c.so[0m
[ 58%] [32mBuilding C object CMakeFiles/custom_interfaces__rosidl_typesupport_introspection_c.dir/rosidl_typesupport_introspection_c/custom_interfaces/srv/detail/drive_to_wall_s__type_support.c.o[0m
[ 60%] [32mBuilding CXX object CMakeFiles/custom_interfaces__rosidl_typesupport_fastrtps_cpp.dir/rosidl_typesupport_fastrtps_cpp/custom_interfaces/action/detail/dds_fastrtps/drive_to_wall_a__type_support.cpp.o[0m
[ 60%] Built target custom_interfaces__rosidl_typesupport_c
[ 61%] [32mBuilding CXX object CMakeFiles/custom_interfaces__rosidl_typesupport_fastrtps_c.dir/rosidl_typesupport_fastrtps_c/custom_interfaces/srv/detail/drive_to_wall_s__type_support_c.cpp.o[0m
[ 63%] [32mBuilding C object CMakeFiles/custom_interfaces__rosidl_typesupport_introspection_c.dir/rosidl_typesupport_introspection_c/custom_interfaces/action/detail/drive_to_wall_a__type_support.c.o[0m
[ 65%] [32m[1mLinking C shared library libcustom_interfaces__rosidl_typesupport_introspection_c.so[0m
[ 65%] Built target custom_interfaces__rosidl_typesupport_introspection_c
[ 67%] [32mBuilding CXX object CMakeFiles/custom_interfaces__rosidl_typesupport_fastrtps_c.dir/rosidl_typesupport_fastrtps_c/custom_interfaces/action/detail/drive_to_wall_a__type_support_c.cpp.o[0m
[ 69%] [32m[1mLinking CXX shared library libcustom_interfaces__rosidl_typesupport_cpp.so[0m
[ 70%] [32mBuilding CXX object CMakeFiles/custom_interfaces__rosidl_typesupport_introspection_cpp.dir/rosidl_typesupport_introspection_cpp/custom_interfaces/srv/detail/drive_to_wall_s__type_support.cpp.o[0m
[ 70%] Built target custom_interfaces__rosidl_typesupport_cpp
[ 72%] [32mBuilding CXX object CMakeFiles/custom_interfaces__rosidl_typesupport_introspection_cpp.dir/rosidl_typesupport_introspection_cpp/custom_interfaces/action/detail/drive_to_wall_a__type_support.cpp.o[0m
[ 74%] [32m[1mLinking CXX shared library libcustom_interfaces__rosidl_typesupport_fastrtps_cpp.so[0m
[ 74%] Built target custom_interfaces__rosidl_typesupport_fastrtps_cpp
[ 76%] [32m[1mLinking CXX shared library libcustom_interfaces__rosidl_typesupport_fastrtps_c.so[0m
[ 76%] Built target custom_interfaces__rosidl_typesupport_fastrtps_c
[ 78%] [32m[1mLinking CXX shared library libcustom_interfaces__rosidl_typesupport_introspection_cpp.so[0m
[ 78%] Built target custom_interfaces__rosidl_typesupport_introspection_cpp
[ 78%] Built target custom_interfaces
[ 80%] [34m[1mGenerating Python code for ROS interfaces[0m
[ 80%] Built target custom_interfaces__py
[ 81%] [32mBuilding C object CMakeFiles/custom_interfaces__rosidl_generator_py.dir/rosidl_generator_py/custom_interfaces/msg/_drive_to_wall_t_s.c.o[0m
[ 83%] [32mBuilding C object CMakeFiles/custom_interfaces__rosidl_generator_py.dir/rosidl_generator_py/custom_interfaces/msg/_reached_wall_t_s.c.o[0m
[ 85%] [32mBuilding C object CMakeFiles/custom_interfaces__rosidl_generator_py.dir/rosidl_generator_py/custom_interfaces/srv/_drive_to_wall_s_s.c.o[0m
[ 87%] [32mBuilding C object CMakeFiles/custom_interfaces__rosidl_generator_py.dir/rosidl_generator_py/custom_interfaces/action/_drive_to_wall_a_s.c.o[0m
[ 89%] [32m[1mLinking C shared library rosidl_generator_py/custom_interfaces/libcustom_interfaces__rosidl_generator_py.so[0m
[ 89%] Built target custom_interfaces__rosidl_generator_py
[ 90%] [32mBuilding C object CMakeFiles/custom_interfaces__rosidl_typesupport_fastrtps_c__pyext.dir/rosidl_generator_py/custom_interfaces/_custom_interfaces_s.ep.rosidl_typesupport_fastrtps_c.c.o[0m
[ 92%] [32mBuilding C object CMakeFiles/custom_interfaces__rosidl_typesupport_c__pyext.dir/rosidl_generator_py/custom_interfaces/_custom_interfaces_s.ep.rosidl_typesupport_c.c.o[0m
[ 94%] [32mBuilding C object CMakeFiles/custom_interfaces__rosidl_typesupport_introspection_c__pyext.dir/rosidl_generator_py/custom_interfaces/_custom_interfaces_s.ep.rosidl_typesupport_introspection_c.c.o[0m
[ 96%] [32m[1mLinking C shared library rosidl_generator_py/custom_interfaces/custom_interfaces_s__rosidl_typesupport_introspection_c.cpython-310-x86_64-linux-gnu.so[0m
[ 98%] [32m[1mLinking C shared library rosidl_generator_py/custom_interfaces/custom_interfaces_s__rosidl_typesupport_fastrtps_c.cpython-310-x86_64-linux-gnu.so[0m
[100%] [32m[1mLinking C shared library rosidl_generator_py/custom_interfaces/custom_interfaces_s__rosidl_typesupport_c.cpython-310-x86_64-linux-gnu.so[0m
[100%] Built target custom_interfaces__rosidl_typesupport_introspection_c__pyext
[100%] Built target custom_interfaces__rosidl_typesupport_fastrtps_c__pyext
[100%] Built target custom_interfaces__rosidl_typesupport_c__pyext
-- Install configuration: ""
-- Installing: /root/ros2_ws/install/custom_interfaces/share/ament_index/resource_index/rosidl_interfaces/custom_interfaces
-- Installing: /root/ros2_ws/install/custom_interfaces/include/custom_interfaces/custom_interfaces
-- Installing: /root/ros2_ws/install/custom_interfaces/include/custom_interfaces/custom_interfaces/action
-- Installing: /root/ros2_ws/install/custom_interfaces/include/custom_interfaces/custom_interfaces/action/detail
-- Installing: /root/ros2_ws/install/custom_interfaces/include/custom_interfaces/custom_interfaces/action/detail/drive_to_wall_a__functions.h
-- Installing: /root/ros2_ws/install/custom_interfaces/include/custom_interfaces/custom_interfaces/action/detail/drive_to_wall_a__type_support.h
-- Installing: /root/ros2_ws/install/custom_interfaces/include/custom_interfaces/custom_interfaces/action/detail/drive_to_wall_a__struct.h
-- Installing: /root/ros2_ws/install/custom_interfaces/include/custom_interfaces/custom_interfaces/action/detail/drive_to_wall_a__functions.c
-- Installing: /root/ros2_ws/install/custom_interfaces/include/custom_interfaces/custom_interfaces/action/drive_to_wall_a.h
-- Installing: /root/ros2_ws/install/custom_interfaces/include/custom_interfaces/custom_interfaces/msg
-- Installing: /root/ros2_ws/install/custom_interfaces/include/custom_interfaces/custom_interfaces/msg/drive_to_wall_t.h
-- Installing: /root/ros2_ws/install/custom_interfaces/include/custom_interfaces/custom_interfaces/msg/detail
-- Installing: /root/ros2_ws/install/custom_interfaces/include/custom_interfaces/custom_interfaces/msg/detail/drive_to_wall_t__functions.h
-- Installing: /root/ros2_ws/install/custom_interfaces/include/custom_interfaces/custom_interfaces/msg/detail/drive_to_wall_t__struct.h
-- Installing: /root/ros2_ws/install/custom_interfaces/include/custom_interfaces/custom_interfaces/msg/detail/drive_to_wall_t__functions.c
-- Installing: /root/ros2_ws/install/custom_interfaces/include/custom_interfaces/custom_interfaces/msg/detail/reached_wall_t__struct.h
-- Installing: /root/ros2_ws/install/custom_interfaces/include/custom_interfaces/custom_interfaces/msg/detail/reached_wall_t__functions.h
-- Installing: /root/ros2_ws/install/custom_interfaces/include/custom_interfaces/custom_interfaces/msg/detail/reached_wall_t__type_support.h
-- Installing: /root/ros2_ws/install/custom_interfaces/include/custom_interfaces/custom_interfaces/msg/detail/drive_to_wall_t__type_support.h
-- Installing: /root/ros2_ws/install/custom_interfaces/include/custom_interfaces/custom_interfaces/msg/detail/reached_wall_t__functions.c
-- Installing: /root/ros2_ws/install/custom_interfaces/include/custom_interfaces/custom_interfaces/msg/reached_wall_t.h
-- Installing: /root/ros2_ws/install/custom_interfaces/include/custom_interfaces/custom_interfaces/msg/rosidl_generator_c__visibility_control.h
-- Installing: /root/ros2_ws/install/custom_interfaces/include/custom_interfaces/custom_interfaces/srv
-- Installing: /root/ros2_ws/install/custom_interfaces/include/custom_interfaces/custom_interfaces/srv/drive_to_wall_s.h
-- Installing: /root/ros2_ws/install/custom_interfaces/include/custom_interfaces/custom_interfaces/srv/detail
-- Installing: /root/ros2_ws/install/custom_interfaces/include/custom_interfaces/custom_interfaces/srv/detail/drive_to_wall_s__struct.h
-- Installing: /root/ros2_ws/install/custom_interfaces/include/custom_interfaces/custom_interfaces/srv/detail/drive_to_wall_s__functions.h
-- Installing: /root/ros2_ws/install/custom_interfaces/include/custom_interfaces/custom_interfaces/srv/detail/drive_to_wall_s__type_support.h
-- Installing: /root/ros2_ws/install/custom_interfaces/include/custom_interfaces/custom_interfaces/srv/detail/drive_to_wall_s__functions.c
-- Installing: /root/ros2_ws/install/custom_interfaces/share/custom_interfaces/environment/library_path.sh
-- Installing: /root/ros2_ws/install/custom_interfaces/share/custom_interfaces/environment/library_path.dsv
-- Installing: /root/ros2_ws/install/custom_interfaces/lib/libcustom_interfaces__rosidl_generator_c.so
-- Set runtime path of "/root/ros2_ws/install/custom_interfaces/lib/libcustom_interfaces__rosidl_generator_c.so" to ""
-- Up-to-date: /root/ros2_ws/install/custom_interfaces/include/custom_interfaces/custom_interfaces
-- Up-to-date: /root/ros2_ws/install/custom_interfaces/include/custom_interfaces/custom_interfaces/action
-- Up-to-date: /root/ros2_ws/install/custom_interfaces/include/custom_interfaces/custom_interfaces/action/detail
-- Installing: /root/ros2_ws/install/custom_interfaces/include/custom_interfaces/custom_interfaces/action/detail/drive_to_wall_a__rosidl_typesupport_fastrtps_c.h
-- Up-to-date: /root/ros2_ws/install/custom_interfaces/include/custom_interfaces/custom_interfaces/msg
-- Installing: /root/ros2_ws/install/custom_interfaces/include/custom_interfaces/custom_interfaces/msg/rosidl_typesupport_fastrtps_c__visibility_control.h
-- Up-to-date: /root/ros2_ws/install/custom_interfaces/include/custom_interfaces/custom_interfaces/msg/detail
-- Installing: /root/ros2_ws/install/custom_interfaces/include/custom_interfaces/custom_interfaces/msg/detail/drive_to_wall_t__rosidl_typesupport_fastrtps_c.h
-- Installing: /root/ros2_ws/install/custom_interfaces/include/custom_interfaces/custom_interfaces/msg/detail/reached_wall_t__rosidl_typesupport_fastrtps_c.h
-- Up-to-date: /root/ros2_ws/install/custom_interfaces/include/custom_interfaces/custom_interfaces/srv
-- Up-to-date: /root/ros2_ws/install/custom_interfaces/include/custom_interfaces/custom_interfaces/srv/detail
-- Installing: /root/ros2_ws/install/custom_interfaces/include/custom_interfaces/custom_interfaces/srv/detail/drive_to_wall_s__rosidl_typesupport_fastrtps_c.h
-- Installing: /root/ros2_ws/install/custom_interfaces/lib/libcustom_interfaces__rosidl_typesupport_fastrtps_c.so
-- Set runtime path of "/root/ros2_ws/install/custom_interfaces/lib/libcustom_interfaces__rosidl_typesupport_fastrtps_c.so" to ""
-- Up-to-date: /root/ros2_ws/install/custom_interfaces/include/custom_interfaces/custom_interfaces
-- Up-to-date: /root/ros2_ws/install/custom_interfaces/include/custom_interfaces/custom_interfaces/action
-- Up-to-date: /root/ros2_ws/install/custom_interfaces/include/custom_interfaces/custom_interfaces/action/detail
-- Installing: /root/ros2_ws/install/custom_interfaces/include/custom_interfaces/custom_interfaces/action/detail/drive_to_wall_a__type_support.hpp
-- Installing: /root/ros2_ws/install/custom_interfaces/include/custom_interfaces/custom_interfaces/action/detail/drive_to_wall_a__traits.hpp
-- Installing: /root/ros2_ws/install/custom_interfaces/include/custom_interfaces/custom_interfaces/action/detail/drive_to_wall_a__struct.hpp
-- Installing: /root/ros2_ws/install/custom_interfaces/include/custom_interfaces/custom_interfaces/action/detail/drive_to_wall_a__builder.hpp
-- Installing: /root/ros2_ws/install/custom_interfaces/include/custom_interfaces/custom_interfaces/action/drive_to_wall_a.hpp
-- Up-to-date: /root/ros2_ws/install/custom_interfaces/include/custom_interfaces/custom_interfaces/msg
-- Installing: /root/ros2_ws/install/custom_interfaces/include/custom_interfaces/custom_interfaces/msg/drive_to_wall_t.hpp
-- Up-to-date: /root/ros2_ws/install/custom_interfaces/include/custom_interfaces/custom_interfaces/msg/detail
-- Installing: /root/ros2_ws/install/custom_interfaces/include/custom_interfaces/custom_interfaces/msg/detail/drive_to_wall_t__struct.hpp
-- Installing: /root/ros2_ws/install/custom_interfaces/include/custom_interfaces/custom_interfaces/msg/detail/reached_wall_t__builder.hpp
-- Installing: /root/ros2_ws/install/custom_interfaces/include/custom_interfaces/custom_interfaces/msg/detail/reached_wall_t__struct.hpp
-- Installing: /root/ros2_ws/install/custom_interfaces/include/custom_interfaces/custom_interfaces/msg/detail/reached_wall_t__traits.hpp
-- Installing: /root/ros2_ws/install/custom_interfaces/include/custom_interfaces/custom_interfaces/msg/detail/reached_wall_t__type_support.hpp
-- Installing: /root/ros2_ws/install/custom_interfaces/include/custom_interfaces/custom_interfaces/msg/detail/drive_to_wall_t__traits.hpp
-- Installing: /root/ros2_ws/install/custom_interfaces/include/custom_interfaces/custom_interfaces/msg/detail/drive_to_wall_t__type_support.hpp
-- Installing: /root/ros2_ws/install/custom_interfaces/include/custom_interfaces/custom_interfaces/msg/detail/drive_to_wall_t__builder.hpp
-- Installing: /root/ros2_ws/install/custom_interfaces/include/custom_interfaces/custom_interfaces/msg/reached_wall_t.hpp
-- Installing: /root/ros2_ws/install/custom_interfaces/include/custom_interfaces/custom_interfaces/msg/rosidl_generator_cpp__visibility_control.hpp
-- Up-to-date: /root/ros2_ws/install/custom_interfaces/include/custom_interfaces/custom_interfaces/srv
-- Up-to-date: /root/ros2_ws/install/custom_interfaces/include/custom_interfaces/custom_interfaces/srv/detail
-- Installing: /root/ros2_ws/install/custom_interfaces/include/custom_interfaces/custom_interfaces/srv/detail/drive_to_wall_s__traits.hpp
-- Installing: /root/ros2_ws/install/custom_interfaces/include/custom_interfaces/custom_interfaces/srv/detail/drive_to_wall_s__builder.hpp
-- Installing: /root/ros2_ws/install/custom_interfaces/include/custom_interfaces/custom_interfaces/srv/detail/drive_to_wall_s__type_support.hpp
-- Installing: /root/ros2_ws/install/custom_interfaces/include/custom_interfaces/custom_interfaces/srv/detail/drive_to_wall_s__struct.hpp
-- Installing: /root/ros2_ws/install/custom_interfaces/include/custom_interfaces/custom_interfaces/srv/drive_to_wall_s.hpp
-- Up-to-date: /root/ros2_ws/install/custom_interfaces/include/custom_interfaces/custom_interfaces
-- Up-to-date: /root/ros2_ws/install/custom_interfaces/include/custom_interfaces/custom_interfaces/action
-- Up-to-date: /root/ros2_ws/install/custom_interfaces/include/custom_interfaces/custom_interfaces/action/detail
-- Installing: /root/ros2_ws/install/custom_interfaces/include/custom_interfaces/custom_interfaces/action/detail/drive_to_wall_a__rosidl_typesupport_fastrtps_cpp.hpp
-- Installing: /root/ros2_ws/install/custom_interfaces/include/custom_interfaces/custom_interfaces/action/detail/dds_fastrtps
-- Up-to-date: /root/ros2_ws/install/custom_interfaces/include/custom_interfaces/custom_interfaces/msg
-- Installing: /root/ros2_ws/install/custom_interfaces/include/custom_interfaces/custom_interfaces/msg/rosidl_typesupport_fastrtps_cpp__visibility_control.h
-- Up-to-date: /root/ros2_ws/install/custom_interfaces/include/custom_interfaces/custom_interfaces/msg/detail
-- Installing: /root/ros2_ws/install/custom_interfaces/include/custom_interfaces/custom_interfaces/msg/detail/reached_wall_t__rosidl_typesupport_fastrtps_cpp.hpp
-- Installing: /root/ros2_ws/install/custom_interfaces/include/custom_interfaces/custom_interfaces/msg/detail/drive_to_wall_t__rosidl_typesupport_fastrtps_cpp.hpp
-- Installing: /root/ros2_ws/install/custom_interfaces/include/custom_interfaces/custom_interfaces/msg/detail/dds_fastrtps
-- Up-to-date: /root/ros2_ws/install/custom_interfaces/include/custom_interfaces/custom_interfaces/srv
-- Up-to-date: /root/ros2_ws/install/custom_interfaces/include/custom_interfaces/custom_interfaces/srv/detail
-- Installing: /root/ros2_ws/install/custom_interfaces/include/custom_interfaces/custom_interfaces/srv/detail/drive_to_wall_s__rosidl_typesupport_fastrtps_cpp.hpp
-- Installing: /root/ros2_ws/install/custom_interfaces/include/custom_interfaces/custom_interfaces/srv/detail/dds_fastrtps
-- Installing: /root/ros2_ws/install/custom_interfaces/lib/libcustom_interfaces__rosidl_typesupport_fastrtps_cpp.so
-- Set runtime path of "/root/ros2_ws/install/custom_interfaces/lib/libcustom_interfaces__rosidl_typesupport_fastrtps_cpp.so" to ""
-- Up-to-date: /root/ros2_ws/install/custom_interfaces/include/custom_interfaces/custom_interfaces
-- Up-to-date: /root/ros2_ws/install/custom_interfaces/include/custom_interfaces/custom_interfaces/action
-- Up-to-date: /root/ros2_ws/install/custom_interfaces/include/custom_interfaces/custom_interfaces/action/detail
-- Installing: /root/ros2_ws/install/custom_interfaces/include/custom_interfaces/custom_interfaces/action/detail/drive_to_wall_a__rosidl_typesupport_introspection_c.h
-- Installing: /root/ros2_ws/install/custom_interfaces/include/custom_interfaces/custom_interfaces/action/detail/drive_to_wall_a__type_support.c
-- Up-to-date: /root/ros2_ws/install/custom_interfaces/include/custom_interfaces/custom_interfaces/msg
-- Up-to-date: /root/ros2_ws/install/custom_interfaces/include/custom_interfaces/custom_interfaces/msg/detail
-- Installing: /root/ros2_ws/install/custom_interfaces/include/custom_interfaces/custom_interfaces/msg/detail/drive_to_wall_t__rosidl_typesupport_introspection_c.h
-- Installing: /root/ros2_ws/install/custom_interfaces/include/custom_interfaces/custom_interfaces/msg/detail/drive_to_wall_t__type_support.c
-- Installing: /root/ros2_ws/install/custom_interfaces/include/custom_interfaces/custom_interfaces/msg/detail/reached_wall_t__type_support.c
-- Installing: /root/ros2_ws/install/custom_interfaces/include/custom_interfaces/custom_interfaces/msg/detail/reached_wall_t__rosidl_typesupport_introspection_c.h
-- Installing: /root/ros2_ws/install/custom_interfaces/include/custom_interfaces/custom_interfaces/msg/rosidl_typesupport_introspection_c__visibility_control.h
-- Up-to-date: /root/ros2_ws/install/custom_interfaces/include/custom_interfaces/custom_interfaces/srv
-- Up-to-date: /root/ros2_ws/install/custom_interfaces/include/custom_interfaces/custom_interfaces/srv/detail
-- Installing: /root/ros2_ws/install/custom_interfaces/include/custom_interfaces/custom_interfaces/srv/detail/drive_to_wall_s__type_support.c
-- Installing: /root/ros2_ws/install/custom_interfaces/include/custom_interfaces/custom_interfaces/srv/detail/drive_to_wall_s__rosidl_typesupport_introspection_c.h
-- Installing: /root/ros2_ws/install/custom_interfaces/lib/libcustom_interfaces__rosidl_typesupport_introspection_c.so
-- Set runtime path of "/root/ros2_ws/install/custom_interfaces/lib/libcustom_interfaces__rosidl_typesupport_introspection_c.so" to ""
-- Installing: /root/ros2_ws/install/custom_interfaces/lib/libcustom_interfaces__rosidl_typesupport_c.so
-- Set runtime path of "/root/ros2_ws/install/custom_interfaces/lib/libcustom_interfaces__rosidl_typesupport_c.so" to ""
-- Up-to-date: /root/ros2_ws/install/custom_interfaces/include/custom_interfaces/custom_interfaces
-- Up-to-date: /root/ros2_ws/install/custom_interfaces/include/custom_interfaces/custom_interfaces/action
-- Up-to-date: /root/ros2_ws/install/custom_interfaces/include/custom_interfaces/custom_interfaces/action/detail
-- Installing: /root/ros2_ws/install/custom_interfaces/include/custom_interfaces/custom_interfaces/action/detail/drive_to_wall_a__type_support.cpp
-- Installing: /root/ros2_ws/install/custom_interfaces/include/custom_interfaces/custom_interfaces/action/detail/drive_to_wall_a__rosidl_typesupport_introspection_cpp.hpp
-- Up-to-date: /root/ros2_ws/install/custom_interfaces/include/custom_interfaces/custom_interfaces/msg
-- Up-to-date: /root/ros2_ws/install/custom_interfaces/include/custom_interfaces/custom_interfaces/msg/detail
-- Installing: /root/ros2_ws/install/custom_interfaces/include/custom_interfaces/custom_interfaces/msg/detail/drive_to_wall_t__rosidl_typesupport_introspection_cpp.hpp
-- Installing: /root/ros2_ws/install/custom_interfaces/include/custom_interfaces/custom_interfaces/msg/detail/reached_wall_t__type_support.cpp
-- Installing: /root/ros2_ws/install/custom_interfaces/include/custom_interfaces/custom_interfaces/msg/detail/reached_wall_t__rosidl_typesupport_introspection_cpp.hpp
-- Installing: /root/ros2_ws/install/custom_interfaces/include/custom_interfaces/custom_interfaces/msg/detail/drive_to_wall_t__type_support.cpp
-- Up-to-date: /root/ros2_ws/install/custom_interfaces/include/custom_interfaces/custom_interfaces/srv
-- Up-to-date: /root/ros2_ws/install/custom_interfaces/include/custom_interfaces/custom_interfaces/srv/detail
-- Installing: /root/ros2_ws/install/custom_interfaces/include/custom_interfaces/custom_interfaces/srv/detail/drive_to_wall_s__type_support.cpp
-- Installing: /root/ros2_ws/install/custom_interfaces/include/custom_interfaces/custom_interfaces/srv/detail/drive_to_wall_s__rosidl_typesupport_introspection_cpp.hpp
-- Installing: /root/ros2_ws/install/custom_interfaces/lib/libcustom_interfaces__rosidl_typesupport_introspection_cpp.so
-- Set runtime path of "/root/ros2_ws/install/custom_interfaces/lib/libcustom_interfaces__rosidl_typesupport_introspection_cpp.so" to ""
-- Installing: /root/ros2_ws/install/custom_interfaces/lib/libcustom_interfaces__rosidl_typesupport_cpp.so
-- Set runtime path of "/root/ros2_ws/install/custom_interfaces/lib/libcustom_interfaces__rosidl_typesupport_cpp.so" to ""
-- Installing: /root/ros2_ws/install/custom_interfaces/share/custom_interfaces/environment/pythonpath.sh
-- Installing: /root/ros2_ws/install/custom_interfaces/share/custom_interfaces/environment/pythonpath.dsv
-- Installing: /root/ros2_ws/install/custom_interfaces/local/lib/python3.10/dist-packages/custom_interfaces-0.0.0-py3.10.egg-info
-- Installing: /root/ros2_ws/install/custom_interfaces/local/lib/python3.10/dist-packages/custom_interfaces-0.0.0-py3.10.egg-info/dependency_links.txt
-- Installing: /root/ros2_ws/install/custom_interfaces/local/lib/python3.10/dist-packages/custom_interfaces-0.0.0-py3.10.egg-info/PKG-INFO
-- Installing: /root/ros2_ws/install/custom_interfaces/local/lib/python3.10/dist-packages/custom_interfaces-0.0.0-py3.10.egg-info/top_level.txt
-- Installing: /root/ros2_ws/install/custom_interfaces/local/lib/python3.10/dist-packages/custom_interfaces-0.0.0-py3.10.egg-info/SOURCES.txt
-- Installing: /root/ros2_ws/install/custom_interfaces/local/lib/python3.10/dist-packages/custom_interfaces
-- Installing: /root/ros2_ws/install/custom_interfaces/local/lib/python3.10/dist-packages/custom_interfaces/custom_interfaces_s__rosidl_typesupport_fastrtps_c.cpython-310-x86_64-linux-gnu.so
-- Installing: /root/ros2_ws/install/custom_interfaces/local/lib/python3.10/dist-packages/custom_interfaces/_custom_interfaces_s.ep.rosidl_typesupport_introspection_c.c
-- Installing: /root/ros2_ws/install/custom_interfaces/local/lib/python3.10/dist-packages/custom_interfaces/custom_interfaces_s__rosidl_typesupport_c.cpython-310-x86_64-linux-gnu.so
-- Installing: /root/ros2_ws/install/custom_interfaces/local/lib/python3.10/dist-packages/custom_interfaces/libcustom_interfaces__rosidl_generator_py.so
-- Installing: /root/ros2_ws/install/custom_interfaces/local/lib/python3.10/dist-packages/custom_interfaces/action
-- Installing: /root/ros2_ws/install/custom_interfaces/local/lib/python3.10/dist-packages/custom_interfaces/action/_drive_to_wall_a.py
-- Installing: /root/ros2_ws/install/custom_interfaces/local/lib/python3.10/dist-packages/custom_interfaces/action/_drive_to_wall_a_s.c
-- Installing: /root/ros2_ws/install/custom_interfaces/local/lib/python3.10/dist-packages/custom_interfaces/action/__init__.py
-- Installing: /root/ros2_ws/install/custom_interfaces/local/lib/python3.10/dist-packages/custom_interfaces/_custom_interfaces_s.ep.rosidl_typesupport_fastrtps_c.c
-- Installing: /root/ros2_ws/install/custom_interfaces/local/lib/python3.10/dist-packages/custom_interfaces/custom_interfaces_s__rosidl_typesupport_introspection_c.cpython-310-x86_64-linux-gnu.so
-- Installing: /root/ros2_ws/install/custom_interfaces/local/lib/python3.10/dist-packages/custom_interfaces/msg
-- Installing: /root/ros2_ws/install/custom_interfaces/local/lib/python3.10/dist-packages/custom_interfaces/msg/_drive_to_wall_t_s.c
-- Installing: /root/ros2_ws/install/custom_interfaces/local/lib/python3.10/dist-packages/custom_interfaces/msg/_reached_wall_t.py
-- Installing: /root/ros2_ws/install/custom_interfaces/local/lib/python3.10/dist-packages/custom_interfaces/msg/_reached_wall_t_s.c
-- Installing: /root/ros2_ws/install/custom_interfaces/local/lib/python3.10/dist-packages/custom_interfaces/msg/_drive_to_wall_t.py
-- Installing: /root/ros2_ws/install/custom_interfaces/local/lib/python3.10/dist-packages/custom_interfaces/msg/__init__.py
-- Installing: /root/ros2_ws/install/custom_interfaces/local/lib/python3.10/dist-packages/custom_interfaces/srv
-- Installing: /root/ros2_ws/install/custom_interfaces/local/lib/python3.10/dist-packages/custom_interfaces/srv/_drive_to_wall_s.py
-- Installing: /root/ros2_ws/install/custom_interfaces/local/lib/python3.10/dist-packages/custom_interfaces/srv/_drive_to_wall_s_s.c
-- Installing: /root/ros2_ws/install/custom_interfaces/local/lib/python3.10/dist-packages/custom_interfaces/srv/__init__.py
-- Installing: /root/ros2_ws/install/custom_interfaces/local/lib/python3.10/dist-packages/custom_interfaces/__init__.py
-- Installing: /root/ros2_ws/install/custom_interfaces/local/lib/python3.10/dist-packages/custom_interfaces/_custom_interfaces_s.ep.rosidl_typesupport_c.c
Listing '/root/ros2_ws/install/custom_interfaces/local/lib/python3.10/dist-packages/custom_interfaces'...
Compiling '/root/ros2_ws/install/custom_interfaces/local/lib/python3.10/dist-packages/custom_interfaces/__init__.py'...
Listing '/root/ros2_ws/install/custom_interfaces/local/lib/python3.10/dist-packages/custom_interfaces/action'...
Compiling '/root/ros2_ws/install/custom_interfaces/local/lib/python3.10/dist-packages/custom_interfaces/action/__init__.py'...
Compiling '/root/ros2_ws/install/custom_interfaces/local/lib/python3.10/dist-packages/custom_interfaces/action/_drive_to_wall_a.py'...
Listing '/root/ros2_ws/install/custom_interfaces/local/lib/python3.10/dist-packages/custom_interfaces/msg'...
Compiling '/root/ros2_ws/install/custom_interfaces/local/lib/python3.10/dist-packages/custom_interfaces/msg/__init__.py'...
Compiling '/root/ros2_ws/install/custom_interfaces/local/lib/python3.10/dist-packages/custom_interfaces/msg/_drive_to_wall_t.py'...
Compiling '/root/ros2_ws/install/custom_interfaces/local/lib/python3.10/dist-packages/custom_interfaces/msg/_reached_wall_t.py'...
Listing '/root/ros2_ws/install/custom_interfaces/local/lib/python3.10/dist-packages/custom_interfaces/srv'...
Compiling '/root/ros2_ws/install/custom_interfaces/local/lib/python3.10/dist-packages/custom_interfaces/srv/__init__.py'...
Compiling '/root/ros2_ws/install/custom_interfaces/local/lib/python3.10/dist-packages/custom_interfaces/srv/_drive_to_wall_s.py'...
-- Installing: /root/ros2_ws/install/custom_interfaces/local/lib/python3.10/dist-packages/custom_interfaces/custom_interfaces_s__rosidl_typesupport_fastrtps_c.cpython-310-x86_64-linux-gnu.so
-- Set runtime path of "/root/ros2_ws/install/custom_interfaces/local/lib/python3.10/dist-packages/custom_interfaces/custom_interfaces_s__rosidl_typesupport_fastrtps_c.cpython-310-x86_64-linux-gnu.so" to ""
-- Installing: /root/ros2_ws/install/custom_interfaces/local/lib/python3.10/dist-packages/custom_interfaces/custom_interfaces_s__rosidl_typesupport_introspection_c.cpython-310-x86_64-linux-gnu.so
-- Set runtime path of "/root/ros2_ws/install/custom_interfaces/local/lib/python3.10/dist-packages/custom_interfaces/custom_interfaces_s__rosidl_typesupport_introspection_c.cpython-310-x86_64-linux-gnu.so" to ""
-- Installing: /root/ros2_ws/install/custom_interfaces/local/lib/python3.10/dist-packages/custom_interfaces/custom_interfaces_s__rosidl_typesupport_c.cpython-310-x86_64-linux-gnu.so
-- Set runtime path of "/root/ros2_ws/install/custom_interfaces/local/lib/python3.10/dist-packages/custom_interfaces/custom_interfaces_s__rosidl_typesupport_c.cpython-310-x86_64-linux-gnu.so" to ""
-- Installing: /root/ros2_ws/install/custom_interfaces/lib/libcustom_interfaces__rosidl_generator_py.so
-- Set runtime path of "/root/ros2_ws/install/custom_interfaces/lib/libcustom_interfaces__rosidl_generator_py.so" to ""
-- Installing: /root/ros2_ws/install/custom_interfaces/share/custom_interfaces/msg/DriveToWallT.idl
-- Installing: /root/ros2_ws/install/custom_interfaces/share/custom_interfaces/msg/ReachedWallT.idl
-- Installing: /root/ros2_ws/install/custom_interfaces/share/custom_interfaces/srv/DriveToWallS.idl
-- Installing: /root/ros2_ws/install/custom_interfaces/share/custom_interfaces/action/DriveToWallA.idl
-- Installing: /root/ros2_ws/install/custom_interfaces/share/custom_interfaces/msg/DriveToWallT.msg
-- Installing: /root/ros2_ws/install/custom_interfaces/share/custom_interfaces/msg/ReachedWallT.msg
-- Installing: /root/ros2_ws/install/custom_interfaces/share/custom_interfaces/srv/DriveToWallS.srv
-- Installing: /root/ros2_ws/install/custom_interfaces/share/custom_interfaces/srv/DriveToWallS_Request.msg
-- Installing: /root/ros2_ws/install/custom_interfaces/share/custom_interfaces/srv/DriveToWallS_Response.msg
-- Installing: /root/ros2_ws/install/custom_interfaces/share/custom_interfaces/action/DriveToWallA.action
-- Installing: /root/ros2_ws/install/custom_interfaces/share/ament_index/resource_index/package_run_dependencies/custom_interfaces
-- Installing: /root/ros2_ws/install/custom_interfaces/share/ament_index/resource_index/parent_prefix_path/custom_interfaces
-- Installing: /root/ros2_ws/install/custom_interfaces/share/custom_interfaces/environment/ament_prefix_path.sh
-- Installing: /root/ros2_ws/install/custom_interfaces/share/custom_interfaces/environment/ament_prefix_path.dsv
-- Installing: /root/ros2_ws/install/custom_interfaces/share/custom_interfaces/environment/path.sh
-- Installing: /root/ros2_ws/install/custom_interfaces/share/custom_interfaces/environment/path.dsv
-- Installing: /root/ros2_ws/install/custom_interfaces/share/custom_interfaces/local_setup.bash
-- Installing: /root/ros2_ws/install/custom_interfaces/share/custom_interfaces/local_setup.sh
-- Installing: /root/ros2_ws/install/custom_interfaces/share/custom_interfaces/local_setup.zsh
-- Installing: /root/ros2_ws/install/custom_interfaces/share/custom_interfaces/local_setup.dsv
-- Installing: /root/ros2_ws/install/custom_interfaces/share/custom_interfaces/package.dsv
-- Installing: /root/ros2_ws/install/custom_interfaces/share/ament_index/resource_index/packages/custom_interfaces
-- Installing: /root/ros2_ws/install/custom_interfaces/share/custom_interfaces/cmake/export_custom_interfaces__rosidl_generator_cExport.cmake
-- Installing: /root/ros2_ws/install/custom_interfaces/share/custom_interfaces/cmake/export_custom_interfaces__rosidl_generator_cExport-noconfig.cmake
-- Installing: /root/ros2_ws/install/custom_interfaces/share/custom_interfaces/cmake/export_custom_interfaces__rosidl_typesupport_fastrtps_cExport.cmake
-- Installing: /root/ros2_ws/install/custom_interfaces/share/custom_interfaces/cmake/export_custom_interfaces__rosidl_typesupport_fastrtps_cExport-noconfig.cmake
-- Installing: /root/ros2_ws/install/custom_interfaces/share/custom_interfaces/cmake/export_custom_interfaces__rosidl_generator_cppExport.cmake
-- Installing: /root/ros2_ws/install/custom_interfaces/share/custom_interfaces/cmake/export_custom_interfaces__rosidl_typesupport_fastrtps_cppExport.cmake
-- Installing: /root/ros2_ws/install/custom_interfaces/share/custom_interfaces/cmake/export_custom_interfaces__rosidl_typesupport_fastrtps_cppExport-noconfig.cmake
-- Installing: /root/ros2_ws/install/custom_interfaces/share/custom_interfaces/cmake/custom_interfaces__rosidl_typesupport_introspection_cExport.cmake
-- Installing: /root/ros2_ws/install/custom_interfaces/share/custom_interfaces/cmake/custom_interfaces__rosidl_typesupport_introspection_cExport-noconfig.cmake
-- Installing: /root/ros2_ws/install/custom_interfaces/share/custom_interfaces/cmake/custom_interfaces__rosidl_typesupport_cExport.cmake
-- Installing: /root/ros2_ws/install/custom_interfaces/share/custom_interfaces/cmake/custom_interfaces__rosidl_typesupport_cExport-noconfig.cmake
-- Installing: /root/ros2_ws/install/custom_interfaces/share/custom_interfaces/cmake/custom_interfaces__rosidl_typesupport_introspection_cppExport.cmake
-- Installing: /root/ros2_ws/install/custom_interfaces/share/custom_interfaces/cmake/custom_interfaces__rosidl_typesupport_introspection_cppExport-noconfig.cmake
-- Installing: /root/ros2_ws/install/custom_interfaces/share/custom_interfaces/cmake/custom_interfaces__rosidl_typesupport_cppExport.cmake
-- Installing: /root/ros2_ws/install/custom_interfaces/share/custom_interfaces/cmake/custom_interfaces__rosidl_typesupport_cppExport-noconfig.cmake
-- Installing: /root/ros2_ws/install/custom_interfaces/share/custom_interfaces/cmake/export_custom_interfaces__rosidl_generator_pyExport.cmake
-- Installing: /root/ros2_ws/install/custom_interfaces/share/custom_interfaces/cmake/export_custom_interfaces__rosidl_generator_pyExport-noconfig.cmake
-- Installing: /root/ros2_ws/install/custom_interfaces/share/custom_interfaces/cmake/rosidl_cmake-extras.cmake
-- Installing: /root/ros2_ws/install/custom_interfaces/share/custom_interfaces/cmake/ament_cmake_export_dependencies-extras.cmake
-- Installing: /root/ros2_ws/install/custom_interfaces/share/custom_interfaces/cmake/ament_cmake_export_include_directories-extras.cmake
-- Installing: /root/ros2_ws/install/custom_interfaces/share/custom_interfaces/cmake/ament_cmake_export_libraries-extras.cmake
-- Installing: /root/ros2_ws/install/custom_interfaces/share/custom_interfaces/cmake/ament_cmake_export_targets-extras.cmake
-- Installing: /root/ros2_ws/install/custom_interfaces/share/custom_interfaces/cmake/rosidl_cmake_export_typesupport_targets-extras.cmake
-- Installing: /root/ros2_ws/install/custom_interfaces/share/custom_interfaces/cmake/rosidl_cmake_export_typesupport_libraries-extras.cmake
-- Installing: /root/ros2_ws/install/custom_interfaces/share/custom_interfaces/cmake/custom_interfacesConfig.cmake
-- Installing: /root/ros2_ws/install/custom_interfaces/share/custom_interfaces/cmake/custom_interfacesConfig-version.cmake
-- Installing: /root/ros2_ws/install/custom_interfaces/share/custom_interfaces/package.xml
