[5.134s] Invoking command in '/root/ros2_ws/src/nb-246830/stage_3/tiago_inspection': PYTHONPATH=/root/ros2_ws/src/nb-246830/stage_3/build/tiago_inspection/prefix_override:/usr/lib/python3/dist-packages/colcon_core/task/python/colcon_distutils_commands:/root/ros2_ws/src/nb-246830/stage_3/install/tiago_inspection/lib/python3.10/site-packages:${PYTHONPATH} /usr/bin/python3 -W ignore:setup.py install is deprecated setup.py egg_info --egg-base ../build/tiago_inspection build --build-base /root/ros2_ws/src/nb-246830/stage_3/build/tiago_inspection/build install --record /root/ros2_ws/src/nb-246830/stage_3/build/tiago_inspection/install.log --single-version-externally-managed install_data
[6.625s] running egg_info
[6.630s] writing ../build/tiago_inspection/tiago_inspection.egg-info/PKG-INFO
[6.631s] writing dependency_links to ../build/tiago_inspection/tiago_inspection.egg-info/dependency_links.txt
[6.631s] writing entry points to ../build/tiago_inspection/tiago_inspection.egg-info/entry_points.txt
[6.632s] writing requirements to ../build/tiago_inspection/tiago_inspection.egg-info/requires.txt
[6.632s] writing top-level names to ../build/tiago_inspection/tiago_inspection.egg-info/top_level.txt
[6.636s] reading manifest file '../build/tiago_inspection/tiago_inspection.egg-info/SOURCES.txt'
[6.637s] adding license file 'LICENSE'
[6.643s] writing manifest file '../build/tiago_inspection/tiago_inspection.egg-info/SOURCES.txt'
[6.644s] running build
[6.644s] running build_py
[6.645s] running install
[6.645s] running install_lib
[6.655s] running install_data
[6.656s] copying package.xml -> /root/ros2_ws/src/nb-246830/stage_3/install/tiago_inspection/share/tiago_inspection
[6.657s] running install_egg_info
[6.665s] removing '/root/ros2_ws/src/nb-246830/stage_3/install/tiago_inspection/lib/python3.10/site-packages/tiago_inspection-0.0.0-py3.10.egg-info' (and everything under it)
[6.666s] Copying ../build/tiago_inspection/tiago_inspection.egg-info to /root/ros2_ws/src/nb-246830/stage_3/install/tiago_inspection/lib/python3.10/site-packages/tiago_inspection-0.0.0-py3.10.egg-info
[6.670s] running install_scripts
[6.787s] Installing start_inspection script to /root/ros2_ws/src/nb-246830/stage_3/install/tiago_inspection/lib/tiago_inspection
[6.790s] writing list of installed files to '/root/ros2_ws/src/nb-246830/stage_3/build/tiago_inspection/install.log'
[6.908s] Invoked command in '/root/ros2_ws/src/nb-246830/stage_3/tiago_inspection' returned '0': PYTHONPATH=/root/ros2_ws/src/nb-246830/stage_3/build/tiago_inspection/prefix_override:/usr/lib/python3/dist-packages/colcon_core/task/python/colcon_distutils_commands:/root/ros2_ws/src/nb-246830/stage_3/install/tiago_inspection/lib/python3.10/site-packages:${PYTHONPATH} /usr/bin/python3 -W ignore:setup.py install is deprecated setup.py egg_info --egg-base ../build/tiago_inspection build --build-base /root/ros2_ws/src/nb-246830/stage_3/build/tiago_inspection/build install --record /root/ros2_ws/src/nb-246830/stage_3/build/tiago_inspection/install.log --single-version-externally-managed install_data
