-- The C compiler identification is GNU 11.4.0
-- The CXX compiler identification is GNU 11.4.0
-- Detecting C compiler ABI info
-- Detecting C compiler ABI info - done
-- Check for working C compiler: /usr/bin/cc - skipped
-- Detecting C compile features
-- Detecting C compile features - done
-- Detecting CXX compiler ABI info
-- Detecting CXX compiler ABI info - done
-- Check for working CXX compiler: /usr/bin/c++ - skipped
-- Detecting CXX compile features
-- Detecting CXX compile features - done
-- Found rclcpp: 16.0.15 (/opt/ros/humble/share/rclcpp/cmake)
-- Found Python3: /usr/bin/python3 (found version "3.10.12") found components: Interpreter 
-- Found rosidl_generator_c: 3.1.7 (/opt/ros/humble/share/rosidl_generator_c/cmake)
-- Found rosidl_adapter: 3.1.7 (/opt/ros/humble/share/rosidl_adapter/cmake)
-- Found rosidl_generator_cpp: 3.1.7 (/opt/ros/humble/share/rosidl_generator_cpp/cmake)
-- Using all available rosidl_typesupport_c: rosidl_typesupport_fastrtps_c;rosidl_typesupport_introspection_c
-- Using all available rosidl_typesupport_cpp: rosidl_typesupport_fastrtps_cpp;rosidl_typesupport_introspection_cpp
-- Found rmw_implementation_cmake: 6.1.2 (/opt/ros/humble/share/rmw_implementation_cmake/cmake)
-- Found rmw_cyclonedds_cpp: 1.3.4 (/opt/ros/humble/share/rmw_cyclonedds_cpp/cmake)
-- Using RMW implementation 'rmw_cyclonedds_cpp' as default
-- Looking for pthread.h
-- Looking for pthread.h - found
-- Performing Test CMAKE_HAVE_LIBC_PTHREAD
-- Performing Test CMAKE_HAVE_LIBC_PTHREAD - Success
-- Found Threads: TRUE  
-- Found rclcpp_components: 16.0.15 (/opt/ros/humble/share/rclcpp_components/cmake)
-- Found sensor_msgs: 4.9.0 (/opt/ros/humble/share/sensor_msgs/cmake)
-- Found apriltag_msgs: 2.0.1 (/root/ros2_ws/install/apriltag_msgs/share/apriltag_msgs/cmake)
-- Found tf2_ros: 0.25.16 (/opt/ros/humble/share/tf2_ros/cmake)
-- Found image_transport: 3.1.12 (/opt/ros/humble/share/image_transport/cmake)
-- Found cv_bridge: 3.2.1 (/opt/ros/humble/share/cv_bridge/cmake)
-- Found OpenCV: /usr (found version "4.5.4") found components: core calib3d 
-- Found ament_lint_auto: 0.12.14 (/opt/ros/humble/share/ament_lint_auto/cmake)
-- Added test 'cppcheck' to perform static code analysis on C / C++ code
-- Configured cppcheck include dirs: 
-- Configured cppcheck exclude dirs and/or files: 
-- Configuring done
-- Generating done
-- Build files have been written to: /root/ros2_ws/build/apriltag_ros
[ 10%] [32mBuilding CXX object CMakeFiles/conversion.dir/src/conversion.cpp.o[0m
[ 20%] [32mBuilding CXX object CMakeFiles/apriltag_node.dir/rclcpp_components/node_main_apriltag_node.cpp.o[0m
[ 30%] [32mBuilding CXX object CMakeFiles/tags.dir/src/tag_functions.cpp.o[0m
[ 40%] [32m[1mLinking CXX static library libtags.a[0m
[ 40%] Built target tags
[ 50%] [32m[1mLinking CXX static library libconversion.a[0m
[ 50%] Built target conversion
[ 60%] [32mBuilding CXX object CMakeFiles/pose_estimation.dir/src/pose_estimation.cpp.o[0m
[ 70%] [32m[1mLinking CXX executable apriltag_node[0m
[ 80%] [32m[1mLinking CXX static library libpose_estimation.a[0m
[ 80%] Built target pose_estimation
[ 90%] [32mBuilding CXX object CMakeFiles/AprilTagNode.dir/src/AprilTagNode.cpp.o[0m
[ 90%] Built target apriltag_node
[100%] [32m[1mLinking CXX shared library libAprilTagNode.so[0m
[100%] Built target AprilTagNode
-- Install configuration: ""
-- Installing: /root/ros2_ws/install/apriltag_ros/lib/apriltag_ros/apriltag_node
-- Set runtime path of "/root/ros2_ws/install/apriltag_ros/lib/apriltag_ros/apriltag_node" to ""
-- Installing: /root/ros2_ws/install/apriltag_ros/share/apriltag_ros/environment/library_path.sh
-- Installing: /root/ros2_ws/install/apriltag_ros/share/apriltag_ros/environment/library_path.dsv
-- Installing: /root/ros2_ws/install/apriltag_ros/lib/libAprilTagNode.so
-- Set runtime path of "/root/ros2_ws/install/apriltag_ros/lib/libAprilTagNode.so" to ""
-- Up-to-date: /root/ros2_ws/install/apriltag_ros/share/apriltag_ros/cfg
-- Up-to-date: /root/ros2_ws/install/apriltag_ros/share/apriltag_ros/cfg/tags_36h11.yaml
-- Installing: /root/ros2_ws/install/apriltag_ros/share/apriltag_ros/launch
-- Installing: /root/ros2_ws/install/apriltag_ros/share/apriltag_ros/launch/v4l2_36h11.launch.yml
-- Installing: /root/ros2_ws/install/apriltag_ros/share/ament_index/resource_index/package_run_dependencies/apriltag_ros
-- Installing: /root/ros2_ws/install/apriltag_ros/share/ament_index/resource_index/parent_prefix_path/apriltag_ros
-- Installing: /root/ros2_ws/install/apriltag_ros/share/apriltag_ros/environment/ament_prefix_path.sh
-- Installing: /root/ros2_ws/install/apriltag_ros/share/apriltag_ros/environment/ament_prefix_path.dsv
-- Installing: /root/ros2_ws/install/apriltag_ros/share/apriltag_ros/environment/path.sh
-- Installing: /root/ros2_ws/install/apriltag_ros/share/apriltag_ros/environment/path.dsv
-- Installing: /root/ros2_ws/install/apriltag_ros/share/apriltag_ros/local_setup.bash
-- Installing: /root/ros2_ws/install/apriltag_ros/share/apriltag_ros/local_setup.sh
-- Installing: /root/ros2_ws/install/apriltag_ros/share/apriltag_ros/local_setup.zsh
-- Installing: /root/ros2_ws/install/apriltag_ros/share/apriltag_ros/local_setup.dsv
-- Installing: /root/ros2_ws/install/apriltag_ros/share/apriltag_ros/package.dsv
-- Installing: /root/ros2_ws/install/apriltag_ros/share/ament_index/resource_index/packages/apriltag_ros
-- Installing: /root/ros2_ws/install/apriltag_ros/share/ament_index/resource_index/rclcpp_components/apriltag_ros
-- Installing: /root/ros2_ws/install/apriltag_ros/share/apriltag_ros/cmake/apriltag_rosConfig.cmake
-- Installing: /root/ros2_ws/install/apriltag_ros/share/apriltag_ros/cmake/apriltag_rosConfig-version.cmake
-- Installing: /root/ros2_ws/install/apriltag_ros/share/apriltag_ros/package.xml
