[0.028s] Invoking command in '/root/ros2_ws/build/apriltag_ros': AMENT_PREFIX_PATH=/root/ros2_ws/install/apriltag_msgs:${AMENT_PREFIX_PATH} CMAKE_PREFIX_PATH=/root/ros2_ws/install/apriltag_msgs:/root/ros2_ws/install/apriltag:/opt/ros/humble LD_LIBRARY_PATH=/root/ros2_ws/install/apriltag_msgs/lib:/root/ros2_ws/install/apriltag/lib:${LD_LIBRARY_PATH} PATH=/root/ros2_ws/install/apriltag/bin:${PATH} PKG_CONFIG_PATH=/root/ros2_ws/install/apriltag/lib/x86_64-linux-gnu/pkgconfig:/root/ros2_ws/install/apriltag/lib/pkgconfig PYTHONPATH=/root/ros2_ws/install/apriltag_msgs/local/lib/python3.10/dist-packages:/root/ros2_ws/install/apriltag/lib/python3.10/site-packages:${PYTHONPATH} /usr/bin/cmake /root/ros2_ws/src/25ws_nb-246830/submodules/ros-2-apriltags/submodules/apriltag_ros -DCMAKE_INSTALL_PREFIX=/root/ros2_ws/install/apriltag_ros
[0.126s] -- The C compiler identification is GNU 11.4.0
[0.208s] -- The CXX compiler identification is GNU 11.4.0
[0.217s] -- Detecting C compiler ABI info
[0.300s] -- Detecting C compiler ABI info - done
[0.316s] -- Check for working C compiler: /usr/bin/cc - skipped
[0.317s] -- Detecting C compile features
[0.317s] -- Detecting C compile features - done
[0.323s] -- Detecting CXX compiler ABI info
[0.430s] -- Detecting CXX compiler ABI info - done
[0.447s] -- Check for working CXX compiler: /usr/bin/c++ - skipped
[0.448s] -- Detecting CXX compile features
[0.449s] -- Detecting CXX compile features - done
[0.456s] -- Found rclcpp: 16.0.15 (/opt/ros/humble/share/rclcpp/cmake)
[0.658s] -- Found Python3: /usr/bin/python3 (found version "3.10.12") found components: Interpreter 
[0.926s] -- Found rosidl_generator_c: 3.1.7 (/opt/ros/humble/share/rosidl_generator_c/cmake)
[0.944s] -- Found rosidl_adapter: 3.1.7 (/opt/ros/humble/share/rosidl_adapter/cmake)
[0.969s] -- Found rosidl_generator_cpp: 3.1.7 (/opt/ros/humble/share/rosidl_generator_cpp/cmake)
[1.009s] -- Using all available rosidl_typesupport_c: rosidl_typesupport_fastrtps_c;rosidl_typesupport_introspection_c
[1.046s] -- Using all available rosidl_typesupport_cpp: rosidl_typesupport_fastrtps_cpp;rosidl_typesupport_introspection_cpp
[1.126s] -- Found rmw_implementation_cmake: 6.1.2 (/opt/ros/humble/share/rmw_implementation_cmake/cmake)
[1.131s] -- Found rmw_cyclonedds_cpp: 1.3.4 (/opt/ros/humble/share/rmw_cyclonedds_cpp/cmake)
[1.174s] -- Using RMW implementation 'rmw_cyclonedds_cpp' as default
[1.192s] -- Looking for pthread.h
[1.273s] -- Looking for pthread.h - found
[1.273s] -- Performing Test CMAKE_HAVE_LIBC_PTHREAD
[1.363s] -- Performing Test CMAKE_HAVE_LIBC_PTHREAD - Success
[1.364s] -- Found Threads: TRUE  
[1.505s] -- Found rclcpp_components: 16.0.15 (/opt/ros/humble/share/rclcpp_components/cmake)
[1.552s] -- Found sensor_msgs: 4.9.0 (/opt/ros/humble/share/sensor_msgs/cmake)
[1.610s] -- Found apriltag_msgs: 2.0.1 (/root/ros2_ws/install/apriltag_msgs/share/apriltag_msgs/cmake)
[1.636s] -- Found tf2_ros: 0.25.16 (/opt/ros/humble/share/tf2_ros/cmake)
[1.846s] -- Found image_transport: 3.1.12 (/opt/ros/humble/share/image_transport/cmake)
[1.938s] -- Found cv_bridge: 3.2.1 (/opt/ros/humble/share/cv_bridge/cmake)
[2.032s] -- Found OpenCV: /usr (found version "4.5.4") found components: core calib3d 
[2.091s] -- Found ament_lint_auto: 0.12.14 (/opt/ros/humble/share/ament_lint_auto/cmake)
[2.370s] -- Added test 'cppcheck' to perform static code analysis on C / C++ code
[2.371s] -- Configured cppcheck include dirs: 
[2.372s] -- Configured cppcheck exclude dirs and/or files: 
[2.378s] -- Configuring done
[2.463s] -- Generating done
[2.483s] -- Build files have been written to: /root/ros2_ws/build/apriltag_ros
[2.504s] Invoked command in '/root/ros2_ws/build/apriltag_ros' returned '0': AMENT_PREFIX_PATH=/root/ros2_ws/install/apriltag_msgs:${AMENT_PREFIX_PATH} CMAKE_PREFIX_PATH=/root/ros2_ws/install/apriltag_msgs:/root/ros2_ws/install/apriltag:/opt/ros/humble LD_LIBRARY_PATH=/root/ros2_ws/install/apriltag_msgs/lib:/root/ros2_ws/install/apriltag/lib:${LD_LIBRARY_PATH} PATH=/root/ros2_ws/install/apriltag/bin:${PATH} PKG_CONFIG_PATH=/root/ros2_ws/install/apriltag/lib/x86_64-linux-gnu/pkgconfig:/root/ros2_ws/install/apriltag/lib/pkgconfig PYTHONPATH=/root/ros2_ws/install/apriltag_msgs/local/lib/python3.10/dist-packages:/root/ros2_ws/install/apriltag/lib/python3.10/site-packages:${PYTHONPATH} /usr/bin/cmake /root/ros2_ws/src/25ws_nb-246830/submodules/ros-2-apriltags/submodules/apriltag_ros -DCMAKE_INSTALL_PREFIX=/root/ros2_ws/install/apriltag_ros
[2.505s] Invoking command in '/root/ros2_ws/build/apriltag_ros': AMENT_PREFIX_PATH=/root/ros2_ws/install/apriltag_msgs:${AMENT_PREFIX_PATH} CMAKE_PREFIX_PATH=/root/ros2_ws/install/apriltag_msgs:/root/ros2_ws/install/apriltag:/opt/ros/humble LD_LIBRARY_PATH=/root/ros2_ws/install/apriltag_msgs/lib:/root/ros2_ws/install/apriltag/lib:${LD_LIBRARY_PATH} PATH=/root/ros2_ws/install/apriltag/bin:${PATH} PKG_CONFIG_PATH=/root/ros2_ws/install/apriltag/lib/x86_64-linux-gnu/pkgconfig:/root/ros2_ws/install/apriltag/lib/pkgconfig PYTHONPATH=/root/ros2_ws/install/apriltag_msgs/local/lib/python3.10/dist-packages:/root/ros2_ws/install/apriltag/lib/python3.10/site-packages:${PYTHONPATH} /usr/bin/cmake --build /root/ros2_ws/build/apriltag_ros -- -j8 -l8
[2.743s] [ 10%] [32mBuilding CXX object CMakeFiles/conversion.dir/src/conversion.cpp.o[0m
[2.747s] [ 20%] [32mBuilding CXX object CMakeFiles/apriltag_node.dir/rclcpp_components/node_main_apriltag_node.cpp.o[0m
[2.755s] [ 30%] [32mBuilding CXX object CMakeFiles/tags.dir/src/tag_functions.cpp.o[0m
[3.944s] [ 40%] [32m[1mLinking CXX static library libtags.a[0m
[4.111s] [ 40%] Built target tags
[8.029s] [ 50%] [32m[1mLinking CXX static library libconversion.a[0m
[8.133s] [ 50%] Built target conversion
[8.195s] [ 60%] [32mBuilding CXX object CMakeFiles/pose_estimation.dir/src/pose_estimation.cpp.o[0m
[13.622s] [ 70%] [32m[1mLinking CXX executable apriltag_node[0m
[13.719s] [ 80%] [32m[1mLinking CXX static library libpose_estimation.a[0m
[13.887s] [ 80%] Built target pose_estimation
[13.943s] [ 90%] [32mBuilding CXX object CMakeFiles/AprilTagNode.dir/src/AprilTagNode.cpp.o[0m
[14.393s] [ 90%] Built target apriltag_node
[55.793s] [100%] [32m[1mLinking CXX shared library libAprilTagNode.so[0m
[58.965s] [100%] Built target AprilTagNode
[59.066s] Invoked command in '/root/ros2_ws/build/apriltag_ros' returned '0': AMENT_PREFIX_PATH=/root/ros2_ws/install/apriltag_msgs:${AMENT_PREFIX_PATH} CMAKE_PREFIX_PATH=/root/ros2_ws/install/apriltag_msgs:/root/ros2_ws/install/apriltag:/opt/ros/humble LD_LIBRARY_PATH=/root/ros2_ws/install/apriltag_msgs/lib:/root/ros2_ws/install/apriltag/lib:${LD_LIBRARY_PATH} PATH=/root/ros2_ws/install/apriltag/bin:${PATH} PKG_CONFIG_PATH=/root/ros2_ws/install/apriltag/lib/x86_64-linux-gnu/pkgconfig:/root/ros2_ws/install/apriltag/lib/pkgconfig PYTHONPATH=/root/ros2_ws/install/apriltag_msgs/local/lib/python3.10/dist-packages:/root/ros2_ws/install/apriltag/lib/python3.10/site-packages:${PYTHONPATH} /usr/bin/cmake --build /root/ros2_ws/build/apriltag_ros -- -j8 -l8
[59.073s] Invoking command in '/root/ros2_ws/build/apriltag_ros': AMENT_PREFIX_PATH=/root/ros2_ws/install/apriltag_msgs:${AMENT_PREFIX_PATH} CMAKE_PREFIX_PATH=/root/ros2_ws/install/apriltag_msgs:/root/ros2_ws/install/apriltag:/opt/ros/humble LD_LIBRARY_PATH=/root/ros2_ws/install/apriltag_msgs/lib:/root/ros2_ws/install/apriltag/lib:${LD_LIBRARY_PATH} PATH=/root/ros2_ws/install/apriltag/bin:${PATH} PKG_CONFIG_PATH=/root/ros2_ws/install/apriltag/lib/x86_64-linux-gnu/pkgconfig:/root/ros2_ws/install/apriltag/lib/pkgconfig PYTHONPATH=/root/ros2_ws/install/apriltag_msgs/local/lib/python3.10/dist-packages:/root/ros2_ws/install/apriltag/lib/python3.10/site-packages:${PYTHONPATH} /usr/bin/cmake --install /root/ros2_ws/build/apriltag_ros
[59.147s] -- Install configuration: ""
[59.148s] -- Installing: /root/ros2_ws/install/apriltag_ros/lib/apriltag_ros/apriltag_node
[59.159s] -- Set runtime path of "/root/ros2_ws/install/apriltag_ros/lib/apriltag_ros/apriltag_node" to ""
[59.160s] -- Installing: /root/ros2_ws/install/apriltag_ros/share/apriltag_ros/environment/library_path.sh
[59.167s] -- Installing: /root/ros2_ws/install/apriltag_ros/share/apriltag_ros/environment/library_path.dsv
[59.167s] -- Installing: /root/ros2_ws/install/apriltag_ros/lib/libAprilTagNode.so
[59.206s] -- Set runtime path of "/root/ros2_ws/install/apriltag_ros/lib/libAprilTagNode.so" to ""
[59.208s] -- Up-to-date: /root/ros2_ws/install/apriltag_ros/share/apriltag_ros/cfg
[59.210s] -- Up-to-date: /root/ros2_ws/install/apriltag_ros/share/apriltag_ros/cfg/tags_36h11.yaml
[59.211s] -- Installing: /root/ros2_ws/install/apriltag_ros/share/apriltag_ros/launch
[59.211s] -- Installing: /root/ros2_ws/install/apriltag_ros/share/apriltag_ros/launch/v4l2_36h11.launch.yml
[59.229s] -- Installing: /root/ros2_ws/install/apriltag_ros/share/ament_index/resource_index/package_run_dependencies/apriltag_ros
[59.229s] -- Installing: /root/ros2_ws/install/apriltag_ros/share/ament_index/resource_index/parent_prefix_path/apriltag_ros
[59.232s] -- Installing: /root/ros2_ws/install/apriltag_ros/share/apriltag_ros/environment/ament_prefix_path.sh
[59.240s] -- Installing: /root/ros2_ws/install/apriltag_ros/share/apriltag_ros/environment/ament_prefix_path.dsv
[59.243s] -- Installing: /root/ros2_ws/install/apriltag_ros/share/apriltag_ros/environment/path.sh
[59.244s] -- Installing: /root/ros2_ws/install/apriltag_ros/share/apriltag_ros/environment/path.dsv
[59.247s] -- Installing: /root/ros2_ws/install/apriltag_ros/share/apriltag_ros/local_setup.bash
[59.252s] -- Installing: /root/ros2_ws/install/apriltag_ros/share/apriltag_ros/local_setup.sh
[59.252s] -- Installing: /root/ros2_ws/install/apriltag_ros/share/apriltag_ros/local_setup.zsh
[59.259s] -- Installing: /root/ros2_ws/install/apriltag_ros/share/apriltag_ros/local_setup.dsv
[59.259s] -- Installing: /root/ros2_ws/install/apriltag_ros/share/apriltag_ros/package.dsv
[59.263s] -- Installing: /root/ros2_ws/install/apriltag_ros/share/ament_index/resource_index/packages/apriltag_ros
[59.266s] -- Installing: /root/ros2_ws/install/apriltag_ros/share/ament_index/resource_index/rclcpp_components/apriltag_ros
[59.270s] -- Installing: /root/ros2_ws/install/apriltag_ros/share/apriltag_ros/cmake/apriltag_rosConfig.cmake
[59.271s] -- Installing: /root/ros2_ws/install/apriltag_ros/share/apriltag_ros/cmake/apriltag_rosConfig-version.cmake
[59.271s] -- Installing: /root/ros2_ws/install/apriltag_ros/share/apriltag_ros/package.xml
[59.304s] Invoked command in '/root/ros2_ws/build/apriltag_ros' returned '0': AMENT_PREFIX_PATH=/root/ros2_ws/install/apriltag_msgs:${AMENT_PREFIX_PATH} CMAKE_PREFIX_PATH=/root/ros2_ws/install/apriltag_msgs:/root/ros2_ws/install/apriltag:/opt/ros/humble LD_LIBRARY_PATH=/root/ros2_ws/install/apriltag_msgs/lib:/root/ros2_ws/install/apriltag/lib:${LD_LIBRARY_PATH} PATH=/root/ros2_ws/install/apriltag/bin:${PATH} PKG_CONFIG_PATH=/root/ros2_ws/install/apriltag/lib/x86_64-linux-gnu/pkgconfig:/root/ros2_ws/install/apriltag/lib/pkgconfig PYTHONPATH=/root/ros2_ws/install/apriltag_msgs/local/lib/python3.10/dist-packages:/root/ros2_ws/install/apriltag/lib/python3.10/site-packages:${PYTHONPATH} /usr/bin/cmake --install /root/ros2_ws/build/apriltag_ros
