[5.432s] Invoking command in '/root/ros2_ws/src/25ws_nb-246830/stage_2/py_pubsub': PYTHONPATH=/root/ros2_ws/build/py_pubsub/prefix_override:/usr/lib/python3/dist-packages/colcon_core/task/python/colcon_distutils_commands:/root/ros2_ws/install/py_pubsub/lib/python3.10/site-packages:${PYTHONPATH} /usr/bin/python3 -W ignore:setup.py install is deprecated -W ignore:easy_install command is deprecated setup.py egg_info --egg-base ../../../../build/py_pubsub build --build-base /root/ros2_ws/build/py_pubsub/build install --record /root/ros2_ws/build/py_pubsub/install.log --single-version-externally-managed install_data
[7.507s] running egg_info
[7.507s] creating ../../../../build/py_pubsub/py_pubsub.egg-info
[7.512s] writing ../../../../build/py_pubsub/py_pubsub.egg-info/PKG-INFO
[7.512s] writing dependency_links to ../../../../build/py_pubsub/py_pubsub.egg-info/dependency_links.txt
[7.513s] writing entry points to ../../../../build/py_pubsub/py_pubsub.egg-info/entry_points.txt
[7.517s] writing requirements to ../../../../build/py_pubsub/py_pubsub.egg-info/requires.txt
[7.517s] writing top-level names to ../../../../build/py_pubsub/py_pubsub.egg-info/top_level.txt
[7.517s] writing manifest file '../../../../build/py_pubsub/py_pubsub.egg-info/SOURCES.txt'
[7.533s] reading manifest file '../../../../build/py_pubsub/py_pubsub.egg-info/SOURCES.txt'
[7.533s] adding license file 'LICENSE'
[7.535s] writing manifest file '../../../../build/py_pubsub/py_pubsub.egg-info/SOURCES.txt'
[7.550s] running build
[7.555s] running build_py
[7.556s] creating /root/ros2_ws/build/py_pubsub/build
[7.556s] creating /root/ros2_ws/build/py_pubsub/build/lib
[7.557s] creating /root/ros2_ws/build/py_pubsub/build/lib/py_pubsub
[7.558s] copying py_pubsub/publisher_member_function.py -> /root/ros2_ws/build/py_pubsub/build/lib/py_pubsub
[7.559s] copying py_pubsub/subscriber_member_function.py -> /root/ros2_ws/build/py_pubsub/build/lib/py_pubsub
[7.559s] copying py_pubsub/__init__.py -> /root/ros2_ws/build/py_pubsub/build/lib/py_pubsub
[7.559s] running install
[7.561s] running install_lib
[7.571s] creating /root/ros2_ws/install/py_pubsub/lib/python3.10/site-packages/py_pubsub
[7.572s] copying /root/ros2_ws/build/py_pubsub/build/lib/py_pubsub/publisher_member_function.py -> /root/ros2_ws/install/py_pubsub/lib/python3.10/site-packages/py_pubsub
[7.572s] copying /root/ros2_ws/build/py_pubsub/build/lib/py_pubsub/subscriber_member_function.py -> /root/ros2_ws/install/py_pubsub/lib/python3.10/site-packages/py_pubsub
[7.572s] copying /root/ros2_ws/build/py_pubsub/build/lib/py_pubsub/__init__.py -> /root/ros2_ws/install/py_pubsub/lib/python3.10/site-packages/py_pubsub
[7.583s] byte-compiling /root/ros2_ws/install/py_pubsub/lib/python3.10/site-packages/py_pubsub/publisher_member_function.py to publisher_member_function.cpython-310.pyc
[7.589s] byte-compiling /root/ros2_ws/install/py_pubsub/lib/python3.10/site-packages/py_pubsub/subscriber_member_function.py to subscriber_member_function.cpython-310.pyc
[7.593s] byte-compiling /root/ros2_ws/install/py_pubsub/lib/python3.10/site-packages/py_pubsub/__init__.py to __init__.cpython-310.pyc
[7.598s] running install_data
[7.598s] creating /root/ros2_ws/install/py_pubsub/share/ament_index
[7.598s] creating /root/ros2_ws/install/py_pubsub/share/ament_index/resource_index
[7.598s] creating /root/ros2_ws/install/py_pubsub/share/ament_index/resource_index/packages
[7.599s] copying resource/py_pubsub -> /root/ros2_ws/install/py_pubsub/share/ament_index/resource_index/packages
[7.599s] copying package.xml -> /root/ros2_ws/install/py_pubsub/share/py_pubsub
[7.599s] running install_egg_info
[7.615s] Copying ../../../../build/py_pubsub/py_pubsub.egg-info to /root/ros2_ws/install/py_pubsub/lib/python3.10/site-packages/py_pubsub-0.0.0-py3.10.egg-info
[7.629s] running install_scripts
[7.885s] Installing listener script to /root/ros2_ws/install/py_pubsub/lib/py_pubsub
[7.886s] Installing talker script to /root/ros2_ws/install/py_pubsub/lib/py_pubsub
[7.894s] writing list of installed files to '/root/ros2_ws/build/py_pubsub/install.log'
[9.322s] Invoked command in '/root/ros2_ws/src/25ws_nb-246830/stage_2/py_pubsub' returned '0': PYTHONPATH=/root/ros2_ws/build/py_pubsub/prefix_override:/usr/lib/python3/dist-packages/colcon_core/task/python/colcon_distutils_commands:/root/ros2_ws/install/py_pubsub/lib/python3.10/site-packages:${PYTHONPATH} /usr/bin/python3 -W ignore:setup.py install is deprecated -W ignore:easy_install command is deprecated setup.py egg_info --egg-base ../../../../build/py_pubsub build --build-base /root/ros2_ws/build/py_pubsub/build install --record /root/ros2_ws/build/py_pubsub/install.log --single-version-externally-managed install_data
