-- Found ament_cmake: 1.3.12 (/opt/ros/humble/share/ament_cmake/cmake)
-- Override CMake install command with custom implementation using symlinks instead of copying resources
-- Found rosidl_default_generators: 1.2.0 (/opt/ros/humble/share/rosidl_default_generators/cmake)
-- Using all available rosidl_typesupport_c: rosidl_typesupport_fastrtps_c;rosidl_typesupport_introspection_c
-- Found rosidl_adapter: 3.1.7 (/opt/ros/humble/share/rosidl_adapter/cmake)
-- Using all available rosidl_typesupport_cpp: rosidl_typesupport_fastrtps_cpp;rosidl_typesupport_introspection_cpp
-- Found geometry_msgs: 4.9.0 (/opt/ros/humble/share/geometry_msgs/cmake)
-- Found visualization_msgs: 4.9.0 (/opt/ros/humble/share/visualization_msgs/cmake)
-- Found moveit_msgs: 2.2.1 (/opt/ros/humble/share/moveit_msgs/cmake)
-- Found ament_cmake_ros: 0.10.0 (/opt/ros/humble/share/ament_cmake_ros/cmake)
-- Using all available rosidl_typesupport_c: rosidl_typesupport_fastrtps_c;rosidl_typesupport_introspection_c
-- Using all available rosidl_typesupport_cpp: rosidl_typesupport_fastrtps_cpp;rosidl_typesupport_introspection_cpp
-- Found python_cmake_module: 0.10.0 (/opt/ros/humble/share/python_cmake_module/cmake)
-- Using PYTHON_EXECUTABLE: /usr/bin/python3
-- Using PYTHON_INCLUDE_DIRS: /usr/include/python3.10
-- Using PYTHON_LIBRARIES: /usr/lib/x86_64-linux-gnu/libpython3.10.so
-- Configuring done
-- Generating done
-- Build files have been written to: /root/ros2_ws/build/moveit_wrapper_interfaces
[35m[1mConsolidate compiler generated dependencies of target moveit_wrapper_interfaces__rosidl_generator_c[0m
[  0%] Built target moveit_wrapper_interfaces__cpp
[ 12%] Built target moveit_wrapper_interfaces__rosidl_generator_c
[ 12%] Built target ament_cmake_python_symlink_moveit_wrapper_interfaces
[35m[1mConsolidate compiler generated dependencies of target moveit_wrapper_interfaces__rosidl_typesupport_cpp[0m
[35m[1mConsolidate compiler generated dependencies of target moveit_wrapper_interfaces__rosidl_typesupport_introspection_c[0m
[35m[1mConsolidate compiler generated dependencies of target moveit_wrapper_interfaces__rosidl_typesupport_c[0m
[35m[1mConsolidate compiler generated dependencies of target moveit_wrapper_interfaces__rosidl_typesupport_introspection_cpp[0m
[35m[1mConsolidate compiler generated dependencies of target moveit_wrapper_interfaces__rosidl_typesupport_fastrtps_cpp[0m
[35m[1mConsolidate compiler generated dependencies of target moveit_wrapper_interfaces__rosidl_typesupport_fastrtps_c[0m
[ 24%] Built target moveit_wrapper_interfaces__rosidl_typesupport_introspection_c
[ 36%] Built target moveit_wrapper_interfaces__rosidl_typesupport_c
[ 48%] Built target moveit_wrapper_interfaces__rosidl_typesupport_cpp
[ 60%] Built target moveit_wrapper_interfaces__rosidl_typesupport_introspection_cpp
[ 72%] Built target moveit_wrapper_interfaces__rosidl_typesupport_fastrtps_c
[ 84%] Built target moveit_wrapper_interfaces__rosidl_typesupport_fastrtps_cpp
[ 84%] Built target moveit_wrapper_interfaces
[ 85%] Built target moveit_wrapper_interfaces__py
[35m[1mConsolidate compiler generated dependencies of target moveit_wrapper_interfaces__rosidl_generator_py[0m
[ 96%] Built target moveit_wrapper_interfaces__rosidl_generator_py
[35m[1mConsolidate compiler generated dependencies of target moveit_wrapper_interfaces__rosidl_typesupport_introspection_c__pyext[0m
[35m[1mConsolidate compiler generated dependencies of target moveit_wrapper_interfaces__rosidl_typesupport_fastrtps_c__pyext[0m
[ 98%] Built target moveit_wrapper_interfaces__rosidl_typesupport_introspection_c__pyext
[ 99%] Built target moveit_wrapper_interfaces__rosidl_typesupport_fastrtps_c__pyext
[35m[1mConsolidate compiler generated dependencies of target moveit_wrapper_interfaces__rosidl_typesupport_c__pyext[0m
[100%] Built target moveit_wrapper_interfaces__rosidl_typesupport_c__pyext
running egg_info
writing moveit_wrapper_interfaces.egg-info/PKG-INFO
writing dependency_links to moveit_wrapper_interfaces.egg-info/dependency_links.txt
writing top-level names to moveit_wrapper_interfaces.egg-info/top_level.txt
reading manifest file 'moveit_wrapper_interfaces.egg-info/SOURCES.txt'
writing manifest file 'moveit_wrapper_interfaces.egg-info/SOURCES.txt'
[100%] Built target ament_cmake_python_build_moveit_wrapper_interfaces_egg
-- Install configuration: ""
-- Execute custom install script
-- Up-to-date symlink: /root/ros2_ws/install/moveit_wrapper_interfaces/share/ament_index/resource_index/rosidl_interfaces/moveit_wrapper_interfaces
-- Up-to-date symlink: /root/ros2_ws/install/moveit_wrapper_interfaces/include/moveit_wrapper_interfaces/moveit_wrapper_interfaces/msg/detail/waypoint__functions.h
-- Up-to-date symlink: /root/ros2_ws/install/moveit_wrapper_interfaces/include/moveit_wrapper_interfaces/moveit_wrapper_interfaces/msg/detail/waypoint__struct.h
-- Up-to-date symlink: /root/ros2_ws/install/moveit_wrapper_interfaces/include/moveit_wrapper_interfaces/moveit_wrapper_interfaces/msg/detail/waypoint__type_support.h
-- Up-to-date symlink: /root/ros2_ws/install/moveit_wrapper_interfaces/include/moveit_wrapper_interfaces/moveit_wrapper_interfaces/msg/detail/waypoint_sequence__functions.h
-- Up-to-date symlink: /root/ros2_ws/install/moveit_wrapper_interfaces/include/moveit_wrapper_interfaces/moveit_wrapper_interfaces/msg/detail/waypoint_sequence__struct.h
-- Up-to-date symlink: /root/ros2_ws/install/moveit_wrapper_interfaces/include/moveit_wrapper_interfaces/moveit_wrapper_interfaces/msg/detail/waypoint_sequence__type_support.h
-- Up-to-date symlink: /root/ros2_ws/install/moveit_wrapper_interfaces/include/moveit_wrapper_interfaces/moveit_wrapper_interfaces/msg/rosidl_generator_c__visibility_control.h
-- Up-to-date symlink: /root/ros2_ws/install/moveit_wrapper_interfaces/include/moveit_wrapper_interfaces/moveit_wrapper_interfaces/msg/waypoint.h
-- Up-to-date symlink: /root/ros2_ws/install/moveit_wrapper_interfaces/include/moveit_wrapper_interfaces/moveit_wrapper_interfaces/msg/waypoint_sequence.h
-- Up-to-date symlink: /root/ros2_ws/install/moveit_wrapper_interfaces/include/moveit_wrapper_interfaces/moveit_wrapper_interfaces/srv/add_col_obj.h
-- Up-to-date symlink: /root/ros2_ws/install/moveit_wrapper_interfaces/include/moveit_wrapper_interfaces/moveit_wrapper_interfaces/srv/attach_obj.h
-- Up-to-date symlink: /root/ros2_ws/install/moveit_wrapper_interfaces/include/moveit_wrapper_interfaces/moveit_wrapper_interfaces/srv/detail/add_col_obj__functions.h
-- Up-to-date symlink: /root/ros2_ws/install/moveit_wrapper_interfaces/include/moveit_wrapper_interfaces/moveit_wrapper_interfaces/srv/detail/add_col_obj__struct.h
-- Up-to-date symlink: /root/ros2_ws/install/moveit_wrapper_interfaces/include/moveit_wrapper_interfaces/moveit_wrapper_interfaces/srv/detail/add_col_obj__type_support.h
-- Up-to-date symlink: /root/ros2_ws/install/moveit_wrapper_interfaces/include/moveit_wrapper_interfaces/moveit_wrapper_interfaces/srv/detail/attach_obj__functions.h
-- Up-to-date symlink: /root/ros2_ws/install/moveit_wrapper_interfaces/include/moveit_wrapper_interfaces/moveit_wrapper_interfaces/srv/detail/attach_obj__struct.h
-- Up-to-date symlink: /root/ros2_ws/install/moveit_wrapper_interfaces/include/moveit_wrapper_interfaces/moveit_wrapper_interfaces/srv/detail/attach_obj__type_support.h
-- Up-to-date symlink: /root/ros2_ws/install/moveit_wrapper_interfaces/include/moveit_wrapper_interfaces/moveit_wrapper_interfaces/srv/detail/dettach_obj__functions.h
-- Up-to-date symlink: /root/ros2_ws/install/moveit_wrapper_interfaces/include/moveit_wrapper_interfaces/moveit_wrapper_interfaces/srv/detail/dettach_obj__struct.h
-- Up-to-date symlink: /root/ros2_ws/install/moveit_wrapper_interfaces/include/moveit_wrapper_interfaces/moveit_wrapper_interfaces/srv/detail/dettach_obj__type_support.h
-- Up-to-date symlink: /root/ros2_ws/install/moveit_wrapper_interfaces/include/moveit_wrapper_interfaces/moveit_wrapper_interfaces/srv/detail/execute_plans__functions.h
-- Up-to-date symlink: /root/ros2_ws/install/moveit_wrapper_interfaces/include/moveit_wrapper_interfaces/moveit_wrapper_interfaces/srv/detail/execute_plans__struct.h
-- Up-to-date symlink: /root/ros2_ws/install/moveit_wrapper_interfaces/include/moveit_wrapper_interfaces/moveit_wrapper_interfaces/srv/detail/execute_plans__type_support.h
-- Up-to-date symlink: /root/ros2_ws/install/moveit_wrapper_interfaces/include/moveit_wrapper_interfaces/moveit_wrapper_interfaces/srv/detail/get_attached_objs__functions.h
-- Up-to-date symlink: /root/ros2_ws/install/moveit_wrapper_interfaces/include/moveit_wrapper_interfaces/moveit_wrapper_interfaces/srv/detail/get_attached_objs__struct.h
-- Up-to-date symlink: /root/ros2_ws/install/moveit_wrapper_interfaces/include/moveit_wrapper_interfaces/moveit_wrapper_interfaces/srv/detail/get_attached_objs__type_support.h
-- Up-to-date symlink: /root/ros2_ws/install/moveit_wrapper_interfaces/include/moveit_wrapper_interfaces/moveit_wrapper_interfaces/srv/detail/get_col_obj__functions.h
-- Up-to-date symlink: /root/ros2_ws/install/moveit_wrapper_interfaces/include/moveit_wrapper_interfaces/moveit_wrapper_interfaces/srv/detail/get_col_obj__struct.h
-- Up-to-date symlink: /root/ros2_ws/install/moveit_wrapper_interfaces/include/moveit_wrapper_interfaces/moveit_wrapper_interfaces/srv/detail/get_col_obj__type_support.h
-- Up-to-date symlink: /root/ros2_ws/install/moveit_wrapper_interfaces/include/moveit_wrapper_interfaces/moveit_wrapper_interfaces/srv/detail/get_named_target__functions.h
-- Up-to-date symlink: /root/ros2_ws/install/moveit_wrapper_interfaces/include/moveit_wrapper_interfaces/moveit_wrapper_interfaces/srv/detail/get_named_target__struct.h
-- Up-to-date symlink: /root/ros2_ws/install/moveit_wrapper_interfaces/include/moveit_wrapper_interfaces/moveit_wrapper_interfaces/srv/detail/get_named_target__type_support.h
-- Up-to-date symlink: /root/ros2_ws/install/moveit_wrapper_interfaces/include/moveit_wrapper_interfaces/moveit_wrapper_interfaces/srv/detail/get_named_targets__functions.h
-- Up-to-date symlink: /root/ros2_ws/install/moveit_wrapper_interfaces/include/moveit_wrapper_interfaces/moveit_wrapper_interfaces/srv/detail/get_named_targets__struct.h
-- Up-to-date symlink: /root/ros2_ws/install/moveit_wrapper_interfaces/include/moveit_wrapper_interfaces/moveit_wrapper_interfaces/srv/detail/get_named_targets__type_support.h
-- Up-to-date symlink: /root/ros2_ws/install/moveit_wrapper_interfaces/include/moveit_wrapper_interfaces/moveit_wrapper_interfaces/srv/detail/goto_named_target__functions.h
-- Up-to-date symlink: /root/ros2_ws/install/moveit_wrapper_interfaces/include/moveit_wrapper_interfaces/moveit_wrapper_interfaces/srv/detail/goto_named_target__struct.h
-- Up-to-date symlink: /root/ros2_ws/install/moveit_wrapper_interfaces/include/moveit_wrapper_interfaces/moveit_wrapper_interfaces/srv/detail/goto_named_target__type_support.h
-- Up-to-date symlink: /root/ros2_ws/install/moveit_wrapper_interfaces/include/moveit_wrapper_interfaces/moveit_wrapper_interfaces/srv/detail/move_torso__functions.h
-- Up-to-date symlink: /root/ros2_ws/install/moveit_wrapper_interfaces/include/moveit_wrapper_interfaces/moveit_wrapper_interfaces/srv/detail/move_torso__struct.h
-- Up-to-date symlink: /root/ros2_ws/install/moveit_wrapper_interfaces/include/moveit_wrapper_interfaces/moveit_wrapper_interfaces/srv/detail/move_torso__type_support.h
-- Up-to-date symlink: /root/ros2_ws/install/moveit_wrapper_interfaces/include/moveit_wrapper_interfaces/moveit_wrapper_interfaces/srv/detail/plan__functions.h
-- Up-to-date symlink: /root/ros2_ws/install/moveit_wrapper_interfaces/include/moveit_wrapper_interfaces/moveit_wrapper_interfaces/srv/detail/plan__struct.h
-- Up-to-date symlink: /root/ros2_ws/install/moveit_wrapper_interfaces/include/moveit_wrapper_interfaces/moveit_wrapper_interfaces/srv/detail/plan__type_support.h
-- Up-to-date symlink: /root/ros2_ws/install/moveit_wrapper_interfaces/include/moveit_wrapper_interfaces/moveit_wrapper_interfaces/srv/detail/plan_joints__functions.h
-- Up-to-date symlink: /root/ros2_ws/install/moveit_wrapper_interfaces/include/moveit_wrapper_interfaces/moveit_wrapper_interfaces/srv/detail/plan_joints__struct.h
-- Up-to-date symlink: /root/ros2_ws/install/moveit_wrapper_interfaces/include/moveit_wrapper_interfaces/moveit_wrapper_interfaces/srv/detail/plan_joints__type_support.h
-- Up-to-date symlink: /root/ros2_ws/install/moveit_wrapper_interfaces/include/moveit_wrapper_interfaces/moveit_wrapper_interfaces/srv/detail/remove_col_obj__functions.h
-- Up-to-date symlink: /root/ros2_ws/install/moveit_wrapper_interfaces/include/moveit_wrapper_interfaces/moveit_wrapper_interfaces/srv/detail/remove_col_obj__struct.h
-- Up-to-date symlink: /root/ros2_ws/install/moveit_wrapper_interfaces/include/moveit_wrapper_interfaces/moveit_wrapper_interfaces/srv/detail/remove_col_obj__type_support.h
-- Up-to-date symlink: /root/ros2_ws/install/moveit_wrapper_interfaces/include/moveit_wrapper_interfaces/moveit_wrapper_interfaces/srv/dettach_obj.h
-- Up-to-date symlink: /root/ros2_ws/install/moveit_wrapper_interfaces/include/moveit_wrapper_interfaces/moveit_wrapper_interfaces/srv/execute_plans.h
-- Up-to-date symlink: /root/ros2_ws/install/moveit_wrapper_interfaces/include/moveit_wrapper_interfaces/moveit_wrapper_interfaces/srv/get_attached_objs.h
-- Up-to-date symlink: /root/ros2_ws/install/moveit_wrapper_interfaces/include/moveit_wrapper_interfaces/moveit_wrapper_interfaces/srv/get_col_obj.h
-- Up-to-date symlink: /root/ros2_ws/install/moveit_wrapper_interfaces/include/moveit_wrapper_interfaces/moveit_wrapper_interfaces/srv/get_named_target.h
-- Up-to-date symlink: /root/ros2_ws/install/moveit_wrapper_interfaces/include/moveit_wrapper_interfaces/moveit_wrapper_interfaces/srv/get_named_targets.h
-- Up-to-date symlink: /root/ros2_ws/install/moveit_wrapper_interfaces/include/moveit_wrapper_interfaces/moveit_wrapper_interfaces/srv/goto_named_target.h
-- Up-to-date symlink: /root/ros2_ws/install/moveit_wrapper_interfaces/include/moveit_wrapper_interfaces/moveit_wrapper_interfaces/srv/move_torso.h
-- Up-to-date symlink: /root/ros2_ws/install/moveit_wrapper_interfaces/include/moveit_wrapper_interfaces/moveit_wrapper_interfaces/srv/plan.h
-- Up-to-date symlink: /root/ros2_ws/install/moveit_wrapper_interfaces/include/moveit_wrapper_interfaces/moveit_wrapper_interfaces/srv/plan_joints.h
-- Up-to-date symlink: /root/ros2_ws/install/moveit_wrapper_interfaces/include/moveit_wrapper_interfaces/moveit_wrapper_interfaces/srv/remove_col_obj.h
-- Up-to-date symlink: /root/ros2_ws/install/moveit_wrapper_interfaces/share/moveit_wrapper_interfaces/environment/library_path.sh
-- Up-to-date symlink: /root/ros2_ws/install/moveit_wrapper_interfaces/share/moveit_wrapper_interfaces/environment/library_path.dsv
-- Up-to-date symlink: /root/ros2_ws/install/moveit_wrapper_interfaces/include/moveit_wrapper_interfaces/moveit_wrapper_interfaces/msg/detail/waypoint__rosidl_typesupport_fastrtps_c.h
-- Up-to-date symlink: /root/ros2_ws/install/moveit_wrapper_interfaces/include/moveit_wrapper_interfaces/moveit_wrapper_interfaces/msg/detail/waypoint_sequence__rosidl_typesupport_fastrtps_c.h
-- Up-to-date symlink: /root/ros2_ws/install/moveit_wrapper_interfaces/include/moveit_wrapper_interfaces/moveit_wrapper_interfaces/msg/rosidl_typesupport_fastrtps_c__visibility_control.h
-- Up-to-date symlink: /root/ros2_ws/install/moveit_wrapper_interfaces/include/moveit_wrapper_interfaces/moveit_wrapper_interfaces/srv/detail/add_col_obj__rosidl_typesupport_fastrtps_c.h
-- Up-to-date symlink: /root/ros2_ws/install/moveit_wrapper_interfaces/include/moveit_wrapper_interfaces/moveit_wrapper_interfaces/srv/detail/attach_obj__rosidl_typesupport_fastrtps_c.h
-- Up-to-date symlink: /root/ros2_ws/install/moveit_wrapper_interfaces/include/moveit_wrapper_interfaces/moveit_wrapper_interfaces/srv/detail/dettach_obj__rosidl_typesupport_fastrtps_c.h
-- Up-to-date symlink: /root/ros2_ws/install/moveit_wrapper_interfaces/include/moveit_wrapper_interfaces/moveit_wrapper_interfaces/srv/detail/execute_plans__rosidl_typesupport_fastrtps_c.h
-- Up-to-date symlink: /root/ros2_ws/install/moveit_wrapper_interfaces/include/moveit_wrapper_interfaces/moveit_wrapper_interfaces/srv/detail/get_attached_objs__rosidl_typesupport_fastrtps_c.h
-- Up-to-date symlink: /root/ros2_ws/install/moveit_wrapper_interfaces/include/moveit_wrapper_interfaces/moveit_wrapper_interfaces/srv/detail/get_col_obj__rosidl_typesupport_fastrtps_c.h
-- Up-to-date symlink: /root/ros2_ws/install/moveit_wrapper_interfaces/include/moveit_wrapper_interfaces/moveit_wrapper_interfaces/srv/detail/get_named_target__rosidl_typesupport_fastrtps_c.h
-- Up-to-date symlink: /root/ros2_ws/install/moveit_wrapper_interfaces/include/moveit_wrapper_interfaces/moveit_wrapper_interfaces/srv/detail/get_named_targets__rosidl_typesupport_fastrtps_c.h
-- Up-to-date symlink: /root/ros2_ws/install/moveit_wrapper_interfaces/include/moveit_wrapper_interfaces/moveit_wrapper_interfaces/srv/detail/goto_named_target__rosidl_typesupport_fastrtps_c.h
-- Up-to-date symlink: /root/ros2_ws/install/moveit_wrapper_interfaces/include/moveit_wrapper_interfaces/moveit_wrapper_interfaces/srv/detail/move_torso__rosidl_typesupport_fastrtps_c.h
-- Up-to-date symlink: /root/ros2_ws/install/moveit_wrapper_interfaces/include/moveit_wrapper_interfaces/moveit_wrapper_interfaces/srv/detail/plan__rosidl_typesupport_fastrtps_c.h
-- Up-to-date symlink: /root/ros2_ws/install/moveit_wrapper_interfaces/include/moveit_wrapper_interfaces/moveit_wrapper_interfaces/srv/detail/plan_joints__rosidl_typesupport_fastrtps_c.h
-- Up-to-date symlink: /root/ros2_ws/install/moveit_wrapper_interfaces/include/moveit_wrapper_interfaces/moveit_wrapper_interfaces/srv/detail/remove_col_obj__rosidl_typesupport_fastrtps_c.h
-- Up-to-date symlink: /root/ros2_ws/install/moveit_wrapper_interfaces/include/moveit_wrapper_interfaces/moveit_wrapper_interfaces/msg/detail/waypoint__rosidl_typesupport_introspection_c.h
-- Up-to-date symlink: /root/ros2_ws/install/moveit_wrapper_interfaces/include/moveit_wrapper_interfaces/moveit_wrapper_interfaces/msg/detail/waypoint_sequence__rosidl_typesupport_introspection_c.h
-- Up-to-date symlink: /root/ros2_ws/install/moveit_wrapper_interfaces/include/moveit_wrapper_interfaces/moveit_wrapper_interfaces/msg/rosidl_typesupport_introspection_c__visibility_control.h
-- Up-to-date symlink: /root/ros2_ws/install/moveit_wrapper_interfaces/include/moveit_wrapper_interfaces/moveit_wrapper_interfaces/srv/detail/add_col_obj__rosidl_typesupport_introspection_c.h
-- Up-to-date symlink: /root/ros2_ws/install/moveit_wrapper_interfaces/include/moveit_wrapper_interfaces/moveit_wrapper_interfaces/srv/detail/attach_obj__rosidl_typesupport_introspection_c.h
-- Up-to-date symlink: /root/ros2_ws/install/moveit_wrapper_interfaces/include/moveit_wrapper_interfaces/moveit_wrapper_interfaces/srv/detail/dettach_obj__rosidl_typesupport_introspection_c.h
-- Up-to-date symlink: /root/ros2_ws/install/moveit_wrapper_interfaces/include/moveit_wrapper_interfaces/moveit_wrapper_interfaces/srv/detail/execute_plans__rosidl_typesupport_introspection_c.h
-- Up-to-date symlink: /root/ros2_ws/install/moveit_wrapper_interfaces/include/moveit_wrapper_interfaces/moveit_wrapper_interfaces/srv/detail/get_attached_objs__rosidl_typesupport_introspection_c.h
-- Up-to-date symlink: /root/ros2_ws/install/moveit_wrapper_interfaces/include/moveit_wrapper_interfaces/moveit_wrapper_interfaces/srv/detail/get_col_obj__rosidl_typesupport_introspection_c.h
-- Up-to-date symlink: /root/ros2_ws/install/moveit_wrapper_interfaces/include/moveit_wrapper_interfaces/moveit_wrapper_interfaces/srv/detail/get_named_target__rosidl_typesupport_introspection_c.h
-- Up-to-date symlink: /root/ros2_ws/install/moveit_wrapper_interfaces/include/moveit_wrapper_interfaces/moveit_wrapper_interfaces/srv/detail/get_named_targets__rosidl_typesupport_introspection_c.h
-- Up-to-date symlink: /root/ros2_ws/install/moveit_wrapper_interfaces/include/moveit_wrapper_interfaces/moveit_wrapper_interfaces/srv/detail/goto_named_target__rosidl_typesupport_introspection_c.h
-- Up-to-date symlink: /root/ros2_ws/install/moveit_wrapper_interfaces/include/moveit_wrapper_interfaces/moveit_wrapper_interfaces/srv/detail/move_torso__rosidl_typesupport_introspection_c.h
-- Up-to-date symlink: /root/ros2_ws/install/moveit_wrapper_interfaces/include/moveit_wrapper_interfaces/moveit_wrapper_interfaces/srv/detail/plan__rosidl_typesupport_introspection_c.h
-- Up-to-date symlink: /root/ros2_ws/install/moveit_wrapper_interfaces/include/moveit_wrapper_interfaces/moveit_wrapper_interfaces/srv/detail/plan_joints__rosidl_typesupport_introspection_c.h
-- Up-to-date symlink: /root/ros2_ws/install/moveit_wrapper_interfaces/include/moveit_wrapper_interfaces/moveit_wrapper_interfaces/srv/detail/remove_col_obj__rosidl_typesupport_introspection_c.h
-- Up-to-date symlink: /root/ros2_ws/install/moveit_wrapper_interfaces/include/moveit_wrapper_interfaces/moveit_wrapper_interfaces/msg/detail/waypoint__builder.hpp
-- Up-to-date symlink: /root/ros2_ws/install/moveit_wrapper_interfaces/include/moveit_wrapper_interfaces/moveit_wrapper_interfaces/msg/detail/waypoint__struct.hpp
-- Up-to-date symlink: /root/ros2_ws/install/moveit_wrapper_interfaces/include/moveit_wrapper_interfaces/moveit_wrapper_interfaces/msg/detail/waypoint__traits.hpp
-- Up-to-date symlink: /root/ros2_ws/install/moveit_wrapper_interfaces/include/moveit_wrapper_interfaces/moveit_wrapper_interfaces/msg/detail/waypoint__type_support.hpp
-- Up-to-date symlink: /root/ros2_ws/install/moveit_wrapper_interfaces/include/moveit_wrapper_interfaces/moveit_wrapper_interfaces/msg/detail/waypoint_sequence__builder.hpp
-- Up-to-date symlink: /root/ros2_ws/install/moveit_wrapper_interfaces/include/moveit_wrapper_interfaces/moveit_wrapper_interfaces/msg/detail/waypoint_sequence__struct.hpp
-- Up-to-date symlink: /root/ros2_ws/install/moveit_wrapper_interfaces/include/moveit_wrapper_interfaces/moveit_wrapper_interfaces/msg/detail/waypoint_sequence__traits.hpp
-- Up-to-date symlink: /root/ros2_ws/install/moveit_wrapper_interfaces/include/moveit_wrapper_interfaces/moveit_wrapper_interfaces/msg/detail/waypoint_sequence__type_support.hpp
-- Up-to-date symlink: /root/ros2_ws/install/moveit_wrapper_interfaces/include/moveit_wrapper_interfaces/moveit_wrapper_interfaces/msg/rosidl_generator_cpp__visibility_control.hpp
-- Up-to-date symlink: /root/ros2_ws/install/moveit_wrapper_interfaces/include/moveit_wrapper_interfaces/moveit_wrapper_interfaces/msg/waypoint.hpp
-- Up-to-date symlink: /root/ros2_ws/install/moveit_wrapper_interfaces/include/moveit_wrapper_interfaces/moveit_wrapper_interfaces/msg/waypoint_sequence.hpp
-- Up-to-date symlink: /root/ros2_ws/install/moveit_wrapper_interfaces/include/moveit_wrapper_interfaces/moveit_wrapper_interfaces/srv/add_col_obj.hpp
-- Up-to-date symlink: /root/ros2_ws/install/moveit_wrapper_interfaces/include/moveit_wrapper_interfaces/moveit_wrapper_interfaces/srv/attach_obj.hpp
-- Up-to-date symlink: /root/ros2_ws/install/moveit_wrapper_interfaces/include/moveit_wrapper_interfaces/moveit_wrapper_interfaces/srv/detail/add_col_obj__builder.hpp
-- Up-to-date symlink: /root/ros2_ws/install/moveit_wrapper_interfaces/include/moveit_wrapper_interfaces/moveit_wrapper_interfaces/srv/detail/add_col_obj__struct.hpp
-- Up-to-date symlink: /root/ros2_ws/install/moveit_wrapper_interfaces/include/moveit_wrapper_interfaces/moveit_wrapper_interfaces/srv/detail/add_col_obj__traits.hpp
-- Up-to-date symlink: /root/ros2_ws/install/moveit_wrapper_interfaces/include/moveit_wrapper_interfaces/moveit_wrapper_interfaces/srv/detail/add_col_obj__type_support.hpp
-- Up-to-date symlink: /root/ros2_ws/install/moveit_wrapper_interfaces/include/moveit_wrapper_interfaces/moveit_wrapper_interfaces/srv/detail/attach_obj__builder.hpp
-- Up-to-date symlink: /root/ros2_ws/install/moveit_wrapper_interfaces/include/moveit_wrapper_interfaces/moveit_wrapper_interfaces/srv/detail/attach_obj__struct.hpp
-- Up-to-date symlink: /root/ros2_ws/install/moveit_wrapper_interfaces/include/moveit_wrapper_interfaces/moveit_wrapper_interfaces/srv/detail/attach_obj__traits.hpp
-- Up-to-date symlink: /root/ros2_ws/install/moveit_wrapper_interfaces/include/moveit_wrapper_interfaces/moveit_wrapper_interfaces/srv/detail/attach_obj__type_support.hpp
-- Up-to-date symlink: /root/ros2_ws/install/moveit_wrapper_interfaces/include/moveit_wrapper_interfaces/moveit_wrapper_interfaces/srv/detail/dettach_obj__builder.hpp
-- Up-to-date symlink: /root/ros2_ws/install/moveit_wrapper_interfaces/include/moveit_wrapper_interfaces/moveit_wrapper_interfaces/srv/detail/dettach_obj__struct.hpp
-- Up-to-date symlink: /root/ros2_ws/install/moveit_wrapper_interfaces/include/moveit_wrapper_interfaces/moveit_wrapper_interfaces/srv/detail/dettach_obj__traits.hpp
-- Up-to-date symlink: /root/ros2_ws/install/moveit_wrapper_interfaces/include/moveit_wrapper_interfaces/moveit_wrapper_interfaces/srv/detail/dettach_obj__type_support.hpp
-- Up-to-date symlink: /root/ros2_ws/install/moveit_wrapper_interfaces/include/moveit_wrapper_interfaces/moveit_wrapper_interfaces/srv/detail/execute_plans__builder.hpp
-- Up-to-date symlink: /root/ros2_ws/install/moveit_wrapper_interfaces/include/moveit_wrapper_interfaces/moveit_wrapper_interfaces/srv/detail/execute_plans__struct.hpp
-- Up-to-date symlink: /root/ros2_ws/install/moveit_wrapper_interfaces/include/moveit_wrapper_interfaces/moveit_wrapper_interfaces/srv/detail/execute_plans__traits.hpp
-- Up-to-date symlink: /root/ros2_ws/install/moveit_wrapper_interfaces/include/moveit_wrapper_interfaces/moveit_wrapper_interfaces/srv/detail/execute_plans__type_support.hpp
-- Up-to-date symlink: /root/ros2_ws/install/moveit_wrapper_interfaces/include/moveit_wrapper_interfaces/moveit_wrapper_interfaces/srv/detail/get_attached_objs__builder.hpp
-- Up-to-date symlink: /root/ros2_ws/install/moveit_wrapper_interfaces/include/moveit_wrapper_interfaces/moveit_wrapper_interfaces/srv/detail/get_attached_objs__struct.hpp
-- Up-to-date symlink: /root/ros2_ws/install/moveit_wrapper_interfaces/include/moveit_wrapper_interfaces/moveit_wrapper_interfaces/srv/detail/get_attached_objs__traits.hpp
-- Up-to-date symlink: /root/ros2_ws/install/moveit_wrapper_interfaces/include/moveit_wrapper_interfaces/moveit_wrapper_interfaces/srv/detail/get_attached_objs__type_support.hpp
-- Up-to-date symlink: /root/ros2_ws/install/moveit_wrapper_interfaces/include/moveit_wrapper_interfaces/moveit_wrapper_interfaces/srv/detail/get_col_obj__builder.hpp
-- Up-to-date symlink: /root/ros2_ws/install/moveit_wrapper_interfaces/include/moveit_wrapper_interfaces/moveit_wrapper_interfaces/srv/detail/get_col_obj__struct.hpp
-- Up-to-date symlink: /root/ros2_ws/install/moveit_wrapper_interfaces/include/moveit_wrapper_interfaces/moveit_wrapper_interfaces/srv/detail/get_col_obj__traits.hpp
-- Up-to-date symlink: /root/ros2_ws/install/moveit_wrapper_interfaces/include/moveit_wrapper_interfaces/moveit_wrapper_interfaces/srv/detail/get_col_obj__type_support.hpp
-- Up-to-date symlink: /root/ros2_ws/install/moveit_wrapper_interfaces/include/moveit_wrapper_interfaces/moveit_wrapper_interfaces/srv/detail/get_named_target__builder.hpp
-- Up-to-date symlink: /root/ros2_ws/install/moveit_wrapper_interfaces/include/moveit_wrapper_interfaces/moveit_wrapper_interfaces/srv/detail/get_named_target__struct.hpp
-- Up-to-date symlink: /root/ros2_ws/install/moveit_wrapper_interfaces/include/moveit_wrapper_interfaces/moveit_wrapper_interfaces/srv/detail/get_named_target__traits.hpp
-- Up-to-date symlink: /root/ros2_ws/install/moveit_wrapper_interfaces/include/moveit_wrapper_interfaces/moveit_wrapper_interfaces/srv/detail/get_named_target__type_support.hpp
-- Up-to-date symlink: /root/ros2_ws/install/moveit_wrapper_interfaces/include/moveit_wrapper_interfaces/moveit_wrapper_interfaces/srv/detail/get_named_targets__builder.hpp
-- Up-to-date symlink: /root/ros2_ws/install/moveit_wrapper_interfaces/include/moveit_wrapper_interfaces/moveit_wrapper_interfaces/srv/detail/get_named_targets__struct.hpp
-- Up-to-date symlink: /root/ros2_ws/install/moveit_wrapper_interfaces/include/moveit_wrapper_interfaces/moveit_wrapper_interfaces/srv/detail/get_named_targets__traits.hpp
-- Up-to-date symlink: /root/ros2_ws/install/moveit_wrapper_interfaces/include/moveit_wrapper_interfaces/moveit_wrapper_interfaces/srv/detail/get_named_targets__type_support.hpp
-- Up-to-date symlink: /root/ros2_ws/install/moveit_wrapper_interfaces/include/moveit_wrapper_interfaces/moveit_wrapper_interfaces/srv/detail/goto_named_target__builder.hpp
-- Up-to-date symlink: /root/ros2_ws/install/moveit_wrapper_interfaces/include/moveit_wrapper_interfaces/moveit_wrapper_interfaces/srv/detail/goto_named_target__struct.hpp
-- Up-to-date symlink: /root/ros2_ws/install/moveit_wrapper_interfaces/include/moveit_wrapper_interfaces/moveit_wrapper_interfaces/srv/detail/goto_named_target__traits.hpp
-- Up-to-date symlink: /root/ros2_ws/install/moveit_wrapper_interfaces/include/moveit_wrapper_interfaces/moveit_wrapper_interfaces/srv/detail/goto_named_target__type_support.hpp
-- Up-to-date symlink: /root/ros2_ws/install/moveit_wrapper_interfaces/include/moveit_wrapper_interfaces/moveit_wrapper_interfaces/srv/detail/move_torso__builder.hpp
-- Up-to-date symlink: /root/ros2_ws/install/moveit_wrapper_interfaces/include/moveit_wrapper_interfaces/moveit_wrapper_interfaces/srv/detail/move_torso__struct.hpp
-- Up-to-date symlink: /root/ros2_ws/install/moveit_wrapper_interfaces/include/moveit_wrapper_interfaces/moveit_wrapper_interfaces/srv/detail/move_torso__traits.hpp
-- Up-to-date symlink: /root/ros2_ws/install/moveit_wrapper_interfaces/include/moveit_wrapper_interfaces/moveit_wrapper_interfaces/srv/detail/move_torso__type_support.hpp
-- Up-to-date symlink: /root/ros2_ws/install/moveit_wrapper_interfaces/include/moveit_wrapper_interfaces/moveit_wrapper_interfaces/srv/detail/plan__builder.hpp
-- Up-to-date symlink: /root/ros2_ws/install/moveit_wrapper_interfaces/include/moveit_wrapper_interfaces/moveit_wrapper_interfaces/srv/detail/plan__struct.hpp
-- Up-to-date symlink: /root/ros2_ws/install/moveit_wrapper_interfaces/include/moveit_wrapper_interfaces/moveit_wrapper_interfaces/srv/detail/plan__traits.hpp
-- Up-to-date symlink: /root/ros2_ws/install/moveit_wrapper_interfaces/include/moveit_wrapper_interfaces/moveit_wrapper_interfaces/srv/detail/plan__type_support.hpp
-- Up-to-date symlink: /root/ros2_ws/install/moveit_wrapper_interfaces/include/moveit_wrapper_interfaces/moveit_wrapper_interfaces/srv/detail/plan_joints__builder.hpp
-- Up-to-date symlink: /root/ros2_ws/install/moveit_wrapper_interfaces/include/moveit_wrapper_interfaces/moveit_wrapper_interfaces/srv/detail/plan_joints__struct.hpp
-- Up-to-date symlink: /root/ros2_ws/install/moveit_wrapper_interfaces/include/moveit_wrapper_interfaces/moveit_wrapper_interfaces/srv/detail/plan_joints__traits.hpp
-- Up-to-date symlink: /root/ros2_ws/install/moveit_wrapper_interfaces/include/moveit_wrapper_interfaces/moveit_wrapper_interfaces/srv/detail/plan_joints__type_support.hpp
-- Up-to-date symlink: /root/ros2_ws/install/moveit_wrapper_interfaces/include/moveit_wrapper_interfaces/moveit_wrapper_interfaces/srv/detail/remove_col_obj__builder.hpp
-- Up-to-date symlink: /root/ros2_ws/install/moveit_wrapper_interfaces/include/moveit_wrapper_interfaces/moveit_wrapper_interfaces/srv/detail/remove_col_obj__struct.hpp
-- Up-to-date symlink: /root/ros2_ws/install/moveit_wrapper_interfaces/include/moveit_wrapper_interfaces/moveit_wrapper_interfaces/srv/detail/remove_col_obj__traits.hpp
-- Up-to-date symlink: /root/ros2_ws/install/moveit_wrapper_interfaces/include/moveit_wrapper_interfaces/moveit_wrapper_interfaces/srv/detail/remove_col_obj__type_support.hpp
-- Up-to-date symlink: /root/ros2_ws/install/moveit_wrapper_interfaces/include/moveit_wrapper_interfaces/moveit_wrapper_interfaces/srv/dettach_obj.hpp
-- Up-to-date symlink: /root/ros2_ws/install/moveit_wrapper_interfaces/include/moveit_wrapper_interfaces/moveit_wrapper_interfaces/srv/execute_plans.hpp
-- Up-to-date symlink: /root/ros2_ws/install/moveit_wrapper_interfaces/include/moveit_wrapper_interfaces/moveit_wrapper_interfaces/srv/get_attached_objs.hpp
-- Up-to-date symlink: /root/ros2_ws/install/moveit_wrapper_interfaces/include/moveit_wrapper_interfaces/moveit_wrapper_interfaces/srv/get_col_obj.hpp
-- Up-to-date symlink: /root/ros2_ws/install/moveit_wrapper_interfaces/include/moveit_wrapper_interfaces/moveit_wrapper_interfaces/srv/get_named_target.hpp
-- Up-to-date symlink: /root/ros2_ws/install/moveit_wrapper_interfaces/include/moveit_wrapper_interfaces/moveit_wrapper_interfaces/srv/get_named_targets.hpp
-- Up-to-date symlink: /root/ros2_ws/install/moveit_wrapper_interfaces/include/moveit_wrapper_interfaces/moveit_wrapper_interfaces/srv/goto_named_target.hpp
-- Up-to-date symlink: /root/ros2_ws/install/moveit_wrapper_interfaces/include/moveit_wrapper_interfaces/moveit_wrapper_interfaces/srv/move_torso.hpp
-- Up-to-date symlink: /root/ros2_ws/install/moveit_wrapper_interfaces/include/moveit_wrapper_interfaces/moveit_wrapper_interfaces/srv/plan.hpp
-- Up-to-date symlink: /root/ros2_ws/install/moveit_wrapper_interfaces/include/moveit_wrapper_interfaces/moveit_wrapper_interfaces/srv/plan_joints.hpp
-- Up-to-date symlink: /root/ros2_ws/install/moveit_wrapper_interfaces/include/moveit_wrapper_interfaces/moveit_wrapper_interfaces/srv/remove_col_obj.hpp
-- Up-to-date symlink: /root/ros2_ws/install/moveit_wrapper_interfaces/include/moveit_wrapper_interfaces/moveit_wrapper_interfaces/msg/detail/waypoint__rosidl_typesupport_fastrtps_cpp.hpp
-- Up-to-date symlink: /root/ros2_ws/install/moveit_wrapper_interfaces/include/moveit_wrapper_interfaces/moveit_wrapper_interfaces/msg/detail/waypoint_sequence__rosidl_typesupport_fastrtps_cpp.hpp
-- Up-to-date symlink: /root/ros2_ws/install/moveit_wrapper_interfaces/include/moveit_wrapper_interfaces/moveit_wrapper_interfaces/msg/rosidl_typesupport_fastrtps_cpp__visibility_control.h
-- Up-to-date symlink: /root/ros2_ws/install/moveit_wrapper_interfaces/include/moveit_wrapper_interfaces/moveit_wrapper_interfaces/srv/detail/add_col_obj__rosidl_typesupport_fastrtps_cpp.hpp
-- Up-to-date symlink: /root/ros2_ws/install/moveit_wrapper_interfaces/include/moveit_wrapper_interfaces/moveit_wrapper_interfaces/srv/detail/attach_obj__rosidl_typesupport_fastrtps_cpp.hpp
-- Up-to-date symlink: /root/ros2_ws/install/moveit_wrapper_interfaces/include/moveit_wrapper_interfaces/moveit_wrapper_interfaces/srv/detail/dettach_obj__rosidl_typesupport_fastrtps_cpp.hpp
-- Up-to-date symlink: /root/ros2_ws/install/moveit_wrapper_interfaces/include/moveit_wrapper_interfaces/moveit_wrapper_interfaces/srv/detail/execute_plans__rosidl_typesupport_fastrtps_cpp.hpp
-- Up-to-date symlink: /root/ros2_ws/install/moveit_wrapper_interfaces/include/moveit_wrapper_interfaces/moveit_wrapper_interfaces/srv/detail/get_attached_objs__rosidl_typesupport_fastrtps_cpp.hpp
-- Up-to-date symlink: /root/ros2_ws/install/moveit_wrapper_interfaces/include/moveit_wrapper_interfaces/moveit_wrapper_interfaces/srv/detail/get_col_obj__rosidl_typesupport_fastrtps_cpp.hpp
-- Up-to-date symlink: /root/ros2_ws/install/moveit_wrapper_interfaces/include/moveit_wrapper_interfaces/moveit_wrapper_interfaces/srv/detail/get_named_target__rosidl_typesupport_fastrtps_cpp.hpp
-- Up-to-date symlink: /root/ros2_ws/install/moveit_wrapper_interfaces/include/moveit_wrapper_interfaces/moveit_wrapper_interfaces/srv/detail/get_named_targets__rosidl_typesupport_fastrtps_cpp.hpp
-- Up-to-date symlink: /root/ros2_ws/install/moveit_wrapper_interfaces/include/moveit_wrapper_interfaces/moveit_wrapper_interfaces/srv/detail/goto_named_target__rosidl_typesupport_fastrtps_cpp.hpp
-- Up-to-date symlink: /root/ros2_ws/install/moveit_wrapper_interfaces/include/moveit_wrapper_interfaces/moveit_wrapper_interfaces/srv/detail/move_torso__rosidl_typesupport_fastrtps_cpp.hpp
-- Up-to-date symlink: /root/ros2_ws/install/moveit_wrapper_interfaces/include/moveit_wrapper_interfaces/moveit_wrapper_interfaces/srv/detail/plan__rosidl_typesupport_fastrtps_cpp.hpp
-- Up-to-date symlink: /root/ros2_ws/install/moveit_wrapper_interfaces/include/moveit_wrapper_interfaces/moveit_wrapper_interfaces/srv/detail/plan_joints__rosidl_typesupport_fastrtps_cpp.hpp
-- Up-to-date symlink: /root/ros2_ws/install/moveit_wrapper_interfaces/include/moveit_wrapper_interfaces/moveit_wrapper_interfaces/srv/detail/remove_col_obj__rosidl_typesupport_fastrtps_cpp.hpp
-- Up-to-date symlink: /root/ros2_ws/install/moveit_wrapper_interfaces/include/moveit_wrapper_interfaces/moveit_wrapper_interfaces/msg/detail/waypoint__rosidl_typesupport_introspection_cpp.hpp
-- Up-to-date symlink: /root/ros2_ws/install/moveit_wrapper_interfaces/include/moveit_wrapper_interfaces/moveit_wrapper_interfaces/msg/detail/waypoint_sequence__rosidl_typesupport_introspection_cpp.hpp
-- Up-to-date symlink: /root/ros2_ws/install/moveit_wrapper_interfaces/include/moveit_wrapper_interfaces/moveit_wrapper_interfaces/srv/detail/add_col_obj__rosidl_typesupport_introspection_cpp.hpp
-- Up-to-date symlink: /root/ros2_ws/install/moveit_wrapper_interfaces/include/moveit_wrapper_interfaces/moveit_wrapper_interfaces/srv/detail/attach_obj__rosidl_typesupport_introspection_cpp.hpp
-- Up-to-date symlink: /root/ros2_ws/install/moveit_wrapper_interfaces/include/moveit_wrapper_interfaces/moveit_wrapper_interfaces/srv/detail/dettach_obj__rosidl_typesupport_introspection_cpp.hpp
-- Up-to-date symlink: /root/ros2_ws/install/moveit_wrapper_interfaces/include/moveit_wrapper_interfaces/moveit_wrapper_interfaces/srv/detail/execute_plans__rosidl_typesupport_introspection_cpp.hpp
-- Up-to-date symlink: /root/ros2_ws/install/moveit_wrapper_interfaces/include/moveit_wrapper_interfaces/moveit_wrapper_interfaces/srv/detail/get_attached_objs__rosidl_typesupport_introspection_cpp.hpp
-- Up-to-date symlink: /root/ros2_ws/install/moveit_wrapper_interfaces/include/moveit_wrapper_interfaces/moveit_wrapper_interfaces/srv/detail/get_col_obj__rosidl_typesupport_introspection_cpp.hpp
-- Up-to-date symlink: /root/ros2_ws/install/moveit_wrapper_interfaces/include/moveit_wrapper_interfaces/moveit_wrapper_interfaces/srv/detail/get_named_target__rosidl_typesupport_introspection_cpp.hpp
-- Up-to-date symlink: /root/ros2_ws/install/moveit_wrapper_interfaces/include/moveit_wrapper_interfaces/moveit_wrapper_interfaces/srv/detail/get_named_targets__rosidl_typesupport_introspection_cpp.hpp
-- Up-to-date symlink: /root/ros2_ws/install/moveit_wrapper_interfaces/include/moveit_wrapper_interfaces/moveit_wrapper_interfaces/srv/detail/goto_named_target__rosidl_typesupport_introspection_cpp.hpp
-- Up-to-date symlink: /root/ros2_ws/install/moveit_wrapper_interfaces/include/moveit_wrapper_interfaces/moveit_wrapper_interfaces/srv/detail/move_torso__rosidl_typesupport_introspection_cpp.hpp
-- Up-to-date symlink: /root/ros2_ws/install/moveit_wrapper_interfaces/include/moveit_wrapper_interfaces/moveit_wrapper_interfaces/srv/detail/plan__rosidl_typesupport_introspection_cpp.hpp
-- Up-to-date symlink: /root/ros2_ws/install/moveit_wrapper_interfaces/include/moveit_wrapper_interfaces/moveit_wrapper_interfaces/srv/detail/plan_joints__rosidl_typesupport_introspection_cpp.hpp
-- Up-to-date symlink: /root/ros2_ws/install/moveit_wrapper_interfaces/include/moveit_wrapper_interfaces/moveit_wrapper_interfaces/srv/detail/remove_col_obj__rosidl_typesupport_introspection_cpp.hpp
-- Up-to-date symlink: /root/ros2_ws/install/moveit_wrapper_interfaces/share/moveit_wrapper_interfaces/environment/pythonpath.sh
-- Up-to-date symlink: /root/ros2_ws/install/moveit_wrapper_interfaces/share/moveit_wrapper_interfaces/environment/pythonpath.dsv
-- Up-to-date symlink: /root/ros2_ws/install/moveit_wrapper_interfaces/local/lib/python3.10/dist-packages/moveit_wrapper_interfaces-1.1.2-py3.10.egg-info/PKG-INFO
-- Up-to-date symlink: /root/ros2_ws/install/moveit_wrapper_interfaces/local/lib/python3.10/dist-packages/moveit_wrapper_interfaces-1.1.2-py3.10.egg-info/SOURCES.txt
-- Up-to-date symlink: /root/ros2_ws/install/moveit_wrapper_interfaces/local/lib/python3.10/dist-packages/moveit_wrapper_interfaces-1.1.2-py3.10.egg-info/dependency_links.txt
-- Up-to-date symlink: /root/ros2_ws/install/moveit_wrapper_interfaces/local/lib/python3.10/dist-packages/moveit_wrapper_interfaces-1.1.2-py3.10.egg-info/top_level.txt
-- Up-to-date symlink: /root/ros2_ws/install/moveit_wrapper_interfaces/local/lib/python3.10/dist-packages/moveit_wrapper_interfaces/__init__.py
-- Up-to-date symlink: /root/ros2_ws/install/moveit_wrapper_interfaces/local/lib/python3.10/dist-packages/moveit_wrapper_interfaces/_moveit_wrapper_interfaces_s.ep.rosidl_typesupport_c.c
-- Up-to-date symlink: /root/ros2_ws/install/moveit_wrapper_interfaces/local/lib/python3.10/dist-packages/moveit_wrapper_interfaces/_moveit_wrapper_interfaces_s.ep.rosidl_typesupport_fastrtps_c.c
-- Up-to-date symlink: /root/ros2_ws/install/moveit_wrapper_interfaces/local/lib/python3.10/dist-packages/moveit_wrapper_interfaces/_moveit_wrapper_interfaces_s.ep.rosidl_typesupport_introspection_c.c
-- Up-to-date symlink: /root/ros2_ws/install/moveit_wrapper_interfaces/local/lib/python3.10/dist-packages/moveit_wrapper_interfaces/libmoveit_wrapper_interfaces__rosidl_generator_py.so
-- Up-to-date symlink: /root/ros2_ws/install/moveit_wrapper_interfaces/local/lib/python3.10/dist-packages/moveit_wrapper_interfaces/moveit_wrapper_interfaces_s__rosidl_typesupport_c.cpython-310-x86_64-linux-gnu.so
-- Up-to-date symlink: /root/ros2_ws/install/moveit_wrapper_interfaces/local/lib/python3.10/dist-packages/moveit_wrapper_interfaces/moveit_wrapper_interfaces_s__rosidl_typesupport_fastrtps_c.cpython-310-x86_64-linux-gnu.so
-- Up-to-date symlink: /root/ros2_ws/install/moveit_wrapper_interfaces/local/lib/python3.10/dist-packages/moveit_wrapper_interfaces/moveit_wrapper_interfaces_s__rosidl_typesupport_introspection_c.cpython-310-x86_64-linux-gnu.so
-- Up-to-date symlink: /root/ros2_ws/install/moveit_wrapper_interfaces/local/lib/python3.10/dist-packages/moveit_wrapper_interfaces/msg/__init__.py
-- Up-to-date symlink: /root/ros2_ws/install/moveit_wrapper_interfaces/local/lib/python3.10/dist-packages/moveit_wrapper_interfaces/msg/_waypoint.py
-- Up-to-date symlink: /root/ros2_ws/install/moveit_wrapper_interfaces/local/lib/python3.10/dist-packages/moveit_wrapper_interfaces/msg/_waypoint_s.c
-- Up-to-date symlink: /root/ros2_ws/install/moveit_wrapper_interfaces/local/lib/python3.10/dist-packages/moveit_wrapper_interfaces/msg/_waypoint_sequence.py
-- Up-to-date symlink: /root/ros2_ws/install/moveit_wrapper_interfaces/local/lib/python3.10/dist-packages/moveit_wrapper_interfaces/msg/_waypoint_sequence_s.c
-- Up-to-date symlink: /root/ros2_ws/install/moveit_wrapper_interfaces/local/lib/python3.10/dist-packages/moveit_wrapper_interfaces/srv/__init__.py
-- Up-to-date symlink: /root/ros2_ws/install/moveit_wrapper_interfaces/local/lib/python3.10/dist-packages/moveit_wrapper_interfaces/srv/_add_col_obj.py
-- Up-to-date symlink: /root/ros2_ws/install/moveit_wrapper_interfaces/local/lib/python3.10/dist-packages/moveit_wrapper_interfaces/srv/_add_col_obj_s.c
-- Up-to-date symlink: /root/ros2_ws/install/moveit_wrapper_interfaces/local/lib/python3.10/dist-packages/moveit_wrapper_interfaces/srv/_attach_obj.py
-- Up-to-date symlink: /root/ros2_ws/install/moveit_wrapper_interfaces/local/lib/python3.10/dist-packages/moveit_wrapper_interfaces/srv/_attach_obj_s.c
-- Up-to-date symlink: /root/ros2_ws/install/moveit_wrapper_interfaces/local/lib/python3.10/dist-packages/moveit_wrapper_interfaces/srv/_dettach_obj.py
-- Up-to-date symlink: /root/ros2_ws/install/moveit_wrapper_interfaces/local/lib/python3.10/dist-packages/moveit_wrapper_interfaces/srv/_dettach_obj_s.c
-- Up-to-date symlink: /root/ros2_ws/install/moveit_wrapper_interfaces/local/lib/python3.10/dist-packages/moveit_wrapper_interfaces/srv/_execute_plans.py
-- Up-to-date symlink: /root/ros2_ws/install/moveit_wrapper_interfaces/local/lib/python3.10/dist-packages/moveit_wrapper_interfaces/srv/_execute_plans_s.c
-- Up-to-date symlink: /root/ros2_ws/install/moveit_wrapper_interfaces/local/lib/python3.10/dist-packages/moveit_wrapper_interfaces/srv/_get_attached_objs.py
-- Up-to-date symlink: /root/ros2_ws/install/moveit_wrapper_interfaces/local/lib/python3.10/dist-packages/moveit_wrapper_interfaces/srv/_get_attached_objs_s.c
-- Up-to-date symlink: /root/ros2_ws/install/moveit_wrapper_interfaces/local/lib/python3.10/dist-packages/moveit_wrapper_interfaces/srv/_get_col_obj.py
-- Up-to-date symlink: /root/ros2_ws/install/moveit_wrapper_interfaces/local/lib/python3.10/dist-packages/moveit_wrapper_interfaces/srv/_get_col_obj_s.c
-- Up-to-date symlink: /root/ros2_ws/install/moveit_wrapper_interfaces/local/lib/python3.10/dist-packages/moveit_wrapper_interfaces/srv/_get_named_target.py
-- Up-to-date symlink: /root/ros2_ws/install/moveit_wrapper_interfaces/local/lib/python3.10/dist-packages/moveit_wrapper_interfaces/srv/_get_named_target_s.c
-- Up-to-date symlink: /root/ros2_ws/install/moveit_wrapper_interfaces/local/lib/python3.10/dist-packages/moveit_wrapper_interfaces/srv/_get_named_targets.py
-- Up-to-date symlink: /root/ros2_ws/install/moveit_wrapper_interfaces/local/lib/python3.10/dist-packages/moveit_wrapper_interfaces/srv/_get_named_targets_s.c
-- Up-to-date symlink: /root/ros2_ws/install/moveit_wrapper_interfaces/local/lib/python3.10/dist-packages/moveit_wrapper_interfaces/srv/_goto_named_target.py
-- Up-to-date symlink: /root/ros2_ws/install/moveit_wrapper_interfaces/local/lib/python3.10/dist-packages/moveit_wrapper_interfaces/srv/_goto_named_target_s.c
-- Up-to-date symlink: /root/ros2_ws/install/moveit_wrapper_interfaces/local/lib/python3.10/dist-packages/moveit_wrapper_interfaces/srv/_move_torso.py
-- Up-to-date symlink: /root/ros2_ws/install/moveit_wrapper_interfaces/local/lib/python3.10/dist-packages/moveit_wrapper_interfaces/srv/_move_torso_s.c
-- Up-to-date symlink: /root/ros2_ws/install/moveit_wrapper_interfaces/local/lib/python3.10/dist-packages/moveit_wrapper_interfaces/srv/_plan.py
-- Up-to-date symlink: /root/ros2_ws/install/moveit_wrapper_interfaces/local/lib/python3.10/dist-packages/moveit_wrapper_interfaces/srv/_plan_joints.py
-- Up-to-date symlink: /root/ros2_ws/install/moveit_wrapper_interfaces/local/lib/python3.10/dist-packages/moveit_wrapper_interfaces/srv/_plan_joints_s.c
-- Up-to-date symlink: /root/ros2_ws/install/moveit_wrapper_interfaces/local/lib/python3.10/dist-packages/moveit_wrapper_interfaces/srv/_plan_s.c
-- Up-to-date symlink: /root/ros2_ws/install/moveit_wrapper_interfaces/local/lib/python3.10/dist-packages/moveit_wrapper_interfaces/srv/_remove_col_obj.py
-- Up-to-date symlink: /root/ros2_ws/install/moveit_wrapper_interfaces/local/lib/python3.10/dist-packages/moveit_wrapper_interfaces/srv/_remove_col_obj_s.c
-- Up-to-date symlink: /root/ros2_ws/install/moveit_wrapper_interfaces/local/lib/python3.10/dist-packages/moveit_wrapper_interfaces/moveit_wrapper_interfaces_s__rosidl_typesupport_fastrtps_c.cpython-310-x86_64-linux-gnu.so
-- Up-to-date symlink: /root/ros2_ws/install/moveit_wrapper_interfaces/local/lib/python3.10/dist-packages/moveit_wrapper_interfaces/moveit_wrapper_interfaces_s__rosidl_typesupport_introspection_c.cpython-310-x86_64-linux-gnu.so
-- Up-to-date symlink: /root/ros2_ws/install/moveit_wrapper_interfaces/local/lib/python3.10/dist-packages/moveit_wrapper_interfaces/moveit_wrapper_interfaces_s__rosidl_typesupport_c.cpython-310-x86_64-linux-gnu.so
-- Up-to-date symlink: /root/ros2_ws/install/moveit_wrapper_interfaces/share/moveit_wrapper_interfaces/msg/Waypoint.idl
-- Up-to-date symlink: /root/ros2_ws/install/moveit_wrapper_interfaces/share/moveit_wrapper_interfaces/msg/WaypointSequence.idl
-- Up-to-date symlink: /root/ros2_ws/install/moveit_wrapper_interfaces/share/moveit_wrapper_interfaces/srv/AddColObj.idl
-- Up-to-date symlink: /root/ros2_ws/install/moveit_wrapper_interfaces/share/moveit_wrapper_interfaces/srv/AttachObj.idl
-- Up-to-date symlink: /root/ros2_ws/install/moveit_wrapper_interfaces/share/moveit_wrapper_interfaces/srv/DettachObj.idl
-- Up-to-date symlink: /root/ros2_ws/install/moveit_wrapper_interfaces/share/moveit_wrapper_interfaces/srv/ExecutePlans.idl
-- Up-to-date symlink: /root/ros2_ws/install/moveit_wrapper_interfaces/share/moveit_wrapper_interfaces/srv/GetAttachedObjs.idl
-- Up-to-date symlink: /root/ros2_ws/install/moveit_wrapper_interfaces/share/moveit_wrapper_interfaces/srv/GetColObj.idl
-- Up-to-date symlink: /root/ros2_ws/install/moveit_wrapper_interfaces/share/moveit_wrapper_interfaces/srv/GetNamedTarget.idl
-- Up-to-date symlink: /root/ros2_ws/install/moveit_wrapper_interfaces/share/moveit_wrapper_interfaces/srv/GetNamedTargets.idl
-- Up-to-date symlink: /root/ros2_ws/install/moveit_wrapper_interfaces/share/moveit_wrapper_interfaces/srv/GotoNamedTarget.idl
-- Up-to-date symlink: /root/ros2_ws/install/moveit_wrapper_interfaces/share/moveit_wrapper_interfaces/srv/Plan.idl
-- Up-to-date symlink: /root/ros2_ws/install/moveit_wrapper_interfaces/share/moveit_wrapper_interfaces/srv/PlanJoints.idl
-- Up-to-date symlink: /root/ros2_ws/install/moveit_wrapper_interfaces/share/moveit_wrapper_interfaces/srv/RemoveColObj.idl
-- Up-to-date symlink: /root/ros2_ws/install/moveit_wrapper_interfaces/share/moveit_wrapper_interfaces/srv/MoveTorso.idl
-- Up-to-date symlink: /root/ros2_ws/install/moveit_wrapper_interfaces/share/moveit_wrapper_interfaces/msg/Waypoint.msg
-- Up-to-date symlink: /root/ros2_ws/install/moveit_wrapper_interfaces/share/moveit_wrapper_interfaces/msg/WaypointSequence.msg
-- Up-to-date symlink: /root/ros2_ws/install/moveit_wrapper_interfaces/share/moveit_wrapper_interfaces/srv/AddColObj.srv
-- Up-to-date symlink: /root/ros2_ws/install/moveit_wrapper_interfaces/share/moveit_wrapper_interfaces/srv/AddColObj_Request.msg
-- Up-to-date symlink: /root/ros2_ws/install/moveit_wrapper_interfaces/share/moveit_wrapper_interfaces/srv/AddColObj_Response.msg
-- Up-to-date symlink: /root/ros2_ws/install/moveit_wrapper_interfaces/share/moveit_wrapper_interfaces/srv/AttachObj.srv
-- Up-to-date symlink: /root/ros2_ws/install/moveit_wrapper_interfaces/share/moveit_wrapper_interfaces/srv/AttachObj_Request.msg
-- Up-to-date symlink: /root/ros2_ws/install/moveit_wrapper_interfaces/share/moveit_wrapper_interfaces/srv/AttachObj_Response.msg
-- Up-to-date symlink: /root/ros2_ws/install/moveit_wrapper_interfaces/share/moveit_wrapper_interfaces/srv/DettachObj.srv
-- Up-to-date symlink: /root/ros2_ws/install/moveit_wrapper_interfaces/share/moveit_wrapper_interfaces/srv/DettachObj_Request.msg
-- Up-to-date symlink: /root/ros2_ws/install/moveit_wrapper_interfaces/share/moveit_wrapper_interfaces/srv/DettachObj_Response.msg
-- Up-to-date symlink: /root/ros2_ws/install/moveit_wrapper_interfaces/share/moveit_wrapper_interfaces/srv/ExecutePlans.srv
-- Up-to-date symlink: /root/ros2_ws/install/moveit_wrapper_interfaces/share/moveit_wrapper_interfaces/srv/ExecutePlans_Request.msg
-- Up-to-date symlink: /root/ros2_ws/install/moveit_wrapper_interfaces/share/moveit_wrapper_interfaces/srv/ExecutePlans_Response.msg
-- Up-to-date symlink: /root/ros2_ws/install/moveit_wrapper_interfaces/share/moveit_wrapper_interfaces/srv/GetAttachedObjs.srv
-- Up-to-date symlink: /root/ros2_ws/install/moveit_wrapper_interfaces/share/moveit_wrapper_interfaces/srv/GetAttachedObjs_Request.msg
-- Up-to-date symlink: /root/ros2_ws/install/moveit_wrapper_interfaces/share/moveit_wrapper_interfaces/srv/GetAttachedObjs_Response.msg
-- Up-to-date symlink: /root/ros2_ws/install/moveit_wrapper_interfaces/share/moveit_wrapper_interfaces/srv/GetColObj.srv
-- Up-to-date symlink: /root/ros2_ws/install/moveit_wrapper_interfaces/share/moveit_wrapper_interfaces/srv/GetColObj_Request.msg
-- Up-to-date symlink: /root/ros2_ws/install/moveit_wrapper_interfaces/share/moveit_wrapper_interfaces/srv/GetColObj_Response.msg
-- Up-to-date symlink: /root/ros2_ws/install/moveit_wrapper_interfaces/share/moveit_wrapper_interfaces/srv/GetNamedTarget.srv
-- Up-to-date symlink: /root/ros2_ws/install/moveit_wrapper_interfaces/share/moveit_wrapper_interfaces/srv/GetNamedTarget_Request.msg
-- Up-to-date symlink: /root/ros2_ws/install/moveit_wrapper_interfaces/share/moveit_wrapper_interfaces/srv/GetNamedTarget_Response.msg
-- Up-to-date symlink: /root/ros2_ws/install/moveit_wrapper_interfaces/share/moveit_wrapper_interfaces/srv/GetNamedTargets.srv
-- Up-to-date symlink: /root/ros2_ws/install/moveit_wrapper_interfaces/share/moveit_wrapper_interfaces/srv/GetNamedTargets_Request.msg
-- Up-to-date symlink: /root/ros2_ws/install/moveit_wrapper_interfaces/share/moveit_wrapper_interfaces/srv/GetNamedTargets_Response.msg
-- Up-to-date symlink: /root/ros2_ws/install/moveit_wrapper_interfaces/share/moveit_wrapper_interfaces/srv/GotoNamedTarget.srv
-- Up-to-date symlink: /root/ros2_ws/install/moveit_wrapper_interfaces/share/moveit_wrapper_interfaces/srv/GotoNamedTarget_Request.msg
-- Up-to-date symlink: /root/ros2_ws/install/moveit_wrapper_interfaces/share/moveit_wrapper_interfaces/srv/GotoNamedTarget_Response.msg
-- Up-to-date symlink: /root/ros2_ws/install/moveit_wrapper_interfaces/share/moveit_wrapper_interfaces/srv/Plan.srv
-- Up-to-date symlink: /root/ros2_ws/install/moveit_wrapper_interfaces/share/moveit_wrapper_interfaces/srv/Plan_Request.msg
-- Up-to-date symlink: /root/ros2_ws/install/moveit_wrapper_interfaces/share/moveit_wrapper_interfaces/srv/Plan_Response.msg
-- Up-to-date symlink: /root/ros2_ws/install/moveit_wrapper_interfaces/share/moveit_wrapper_interfaces/srv/PlanJoints.srv
-- Up-to-date symlink: /root/ros2_ws/install/moveit_wrapper_interfaces/share/moveit_wrapper_interfaces/srv/PlanJoints_Request.msg
-- Up-to-date symlink: /root/ros2_ws/install/moveit_wrapper_interfaces/share/moveit_wrapper_interfaces/srv/PlanJoints_Response.msg
-- Up-to-date symlink: /root/ros2_ws/install/moveit_wrapper_interfaces/share/moveit_wrapper_interfaces/srv/RemoveColObj.srv
-- Up-to-date symlink: /root/ros2_ws/install/moveit_wrapper_interfaces/share/moveit_wrapper_interfaces/srv/RemoveColObj_Request.msg
-- Up-to-date symlink: /root/ros2_ws/install/moveit_wrapper_interfaces/share/moveit_wrapper_interfaces/srv/RemoveColObj_Response.msg
-- Up-to-date symlink: /root/ros2_ws/install/moveit_wrapper_interfaces/share/moveit_wrapper_interfaces/srv/MoveTorso.srv
-- Up-to-date symlink: /root/ros2_ws/install/moveit_wrapper_interfaces/share/moveit_wrapper_interfaces/srv/MoveTorso_Request.msg
-- Up-to-date symlink: /root/ros2_ws/install/moveit_wrapper_interfaces/share/moveit_wrapper_interfaces/srv/MoveTorso_Response.msg
-- Up-to-date symlink: /root/ros2_ws/install/moveit_wrapper_interfaces/share/ament_index/resource_index/package_run_dependencies/moveit_wrapper_interfaces
-- Up-to-date symlink: /root/ros2_ws/install/moveit_wrapper_interfaces/share/ament_index/resource_index/parent_prefix_path/moveit_wrapper_interfaces
-- Up-to-date symlink: /root/ros2_ws/install/moveit_wrapper_interfaces/share/moveit_wrapper_interfaces/environment/ament_prefix_path.sh
-- Up-to-date symlink: /root/ros2_ws/install/moveit_wrapper_interfaces/share/moveit_wrapper_interfaces/environment/ament_prefix_path.dsv
-- Up-to-date symlink: /root/ros2_ws/install/moveit_wrapper_interfaces/share/moveit_wrapper_interfaces/environment/path.sh
-- Up-to-date symlink: /root/ros2_ws/install/moveit_wrapper_interfaces/share/moveit_wrapper_interfaces/environment/path.dsv
-- Up-to-date symlink: /root/ros2_ws/install/moveit_wrapper_interfaces/share/moveit_wrapper_interfaces/local_setup.bash
-- Up-to-date symlink: /root/ros2_ws/install/moveit_wrapper_interfaces/share/moveit_wrapper_interfaces/local_setup.sh
-- Up-to-date symlink: /root/ros2_ws/install/moveit_wrapper_interfaces/share/moveit_wrapper_interfaces/local_setup.zsh
-- Up-to-date symlink: /root/ros2_ws/install/moveit_wrapper_interfaces/share/moveit_wrapper_interfaces/local_setup.dsv
-- Symlinking: /root/ros2_ws/install/moveit_wrapper_interfaces/share/moveit_wrapper_interfaces/package.dsv
-- Up-to-date symlink: /root/ros2_ws/install/moveit_wrapper_interfaces/share/ament_index/resource_index/packages/moveit_wrapper_interfaces
-- Up-to-date symlink: /root/ros2_ws/install/moveit_wrapper_interfaces/share/moveit_wrapper_interfaces/cmake/rosidl_cmake-extras.cmake
-- Up-to-date symlink: /root/ros2_ws/install/moveit_wrapper_interfaces/share/moveit_wrapper_interfaces/cmake/ament_cmake_export_dependencies-extras.cmake
-- Up-to-date symlink: /root/ros2_ws/install/moveit_wrapper_interfaces/share/moveit_wrapper_interfaces/cmake/ament_cmake_export_include_directories-extras.cmake
-- Up-to-date symlink: /root/ros2_ws/install/moveit_wrapper_interfaces/share/moveit_wrapper_interfaces/cmake/ament_cmake_export_libraries-extras.cmake
-- Up-to-date symlink: /root/ros2_ws/install/moveit_wrapper_interfaces/share/moveit_wrapper_interfaces/cmake/ament_cmake_export_targets-extras.cmake
-- Up-to-date symlink: /root/ros2_ws/install/moveit_wrapper_interfaces/share/moveit_wrapper_interfaces/cmake/rosidl_cmake_export_typesupport_targets-extras.cmake
-- Up-to-date symlink: /root/ros2_ws/install/moveit_wrapper_interfaces/share/moveit_wrapper_interfaces/cmake/rosidl_cmake_export_typesupport_libraries-extras.cmake
-- Up-to-date symlink: /root/ros2_ws/install/moveit_wrapper_interfaces/share/moveit_wrapper_interfaces/cmake/moveit_wrapper_interfacesConfig.cmake
-- Up-to-date symlink: /root/ros2_ws/install/moveit_wrapper_interfaces/share/moveit_wrapper_interfaces/cmake/moveit_wrapper_interfacesConfig-version.cmake
-- Up-to-date symlink: /root/ros2_ws/install/moveit_wrapper_interfaces/share/moveit_wrapper_interfaces/package.xml
-- Up-to-date: /root/ros2_ws/install/moveit_wrapper_interfaces/lib/libmoveit_wrapper_interfaces__rosidl_generator_c.so
-- Up-to-date: /root/ros2_ws/install/moveit_wrapper_interfaces/lib/libmoveit_wrapper_interfaces__rosidl_typesupport_fastrtps_c.so
-- Up-to-date: /root/ros2_ws/install/moveit_wrapper_interfaces/lib/libmoveit_wrapper_interfaces__rosidl_typesupport_introspection_c.so
-- Up-to-date: /root/ros2_ws/install/moveit_wrapper_interfaces/lib/libmoveit_wrapper_interfaces__rosidl_typesupport_c.so
-- Up-to-date: /root/ros2_ws/install/moveit_wrapper_interfaces/lib/libmoveit_wrapper_interfaces__rosidl_typesupport_fastrtps_cpp.so
-- Up-to-date: /root/ros2_ws/install/moveit_wrapper_interfaces/lib/libmoveit_wrapper_interfaces__rosidl_typesupport_introspection_cpp.so
-- Up-to-date: /root/ros2_ws/install/moveit_wrapper_interfaces/lib/libmoveit_wrapper_interfaces__rosidl_typesupport_cpp.so
Listing '/root/ros2_ws/install/moveit_wrapper_interfaces/local/lib/python3.10/dist-packages/moveit_wrapper_interfaces'...
Compiling '/root/ros2_ws/install/moveit_wrapper_interfaces/local/lib/python3.10/dist-packages/moveit_wrapper_interfaces/__init__.py'...
Listing '/root/ros2_ws/install/moveit_wrapper_interfaces/local/lib/python3.10/dist-packages/moveit_wrapper_interfaces/msg'...
Listing '/root/ros2_ws/install/moveit_wrapper_interfaces/local/lib/python3.10/dist-packages/moveit_wrapper_interfaces/srv'...
-- Up-to-date: /root/ros2_ws/install/moveit_wrapper_interfaces/lib/libmoveit_wrapper_interfaces__rosidl_generator_py.so
-- Up-to-date: /root/ros2_ws/install/moveit_wrapper_interfaces/share/moveit_wrapper_interfaces/cmake/export_moveit_wrapper_interfaces__rosidl_generator_cExport.cmake
-- Up-to-date: /root/ros2_ws/install/moveit_wrapper_interfaces/share/moveit_wrapper_interfaces/cmake/export_moveit_wrapper_interfaces__rosidl_generator_cExport-noconfig.cmake
-- Up-to-date: /root/ros2_ws/install/moveit_wrapper_interfaces/share/moveit_wrapper_interfaces/cmake/export_moveit_wrapper_interfaces__rosidl_typesupport_fastrtps_cExport.cmake
-- Up-to-date: /root/ros2_ws/install/moveit_wrapper_interfaces/share/moveit_wrapper_interfaces/cmake/export_moveit_wrapper_interfaces__rosidl_typesupport_fastrtps_cExport-noconfig.cmake
-- Up-to-date: /root/ros2_ws/install/moveit_wrapper_interfaces/share/moveit_wrapper_interfaces/cmake/moveit_wrapper_interfaces__rosidl_typesupport_introspection_cExport.cmake
-- Up-to-date: /root/ros2_ws/install/moveit_wrapper_interfaces/share/moveit_wrapper_interfaces/cmake/moveit_wrapper_interfaces__rosidl_typesupport_introspection_cExport-noconfig.cmake
-- Up-to-date: /root/ros2_ws/install/moveit_wrapper_interfaces/share/moveit_wrapper_interfaces/cmake/moveit_wrapper_interfaces__rosidl_typesupport_cExport.cmake
-- Up-to-date: /root/ros2_ws/install/moveit_wrapper_interfaces/share/moveit_wrapper_interfaces/cmake/moveit_wrapper_interfaces__rosidl_typesupport_cExport-noconfig.cmake
-- Up-to-date: /root/ros2_ws/install/moveit_wrapper_interfaces/share/moveit_wrapper_interfaces/cmake/export_moveit_wrapper_interfaces__rosidl_generator_cppExport.cmake
-- Up-to-date: /root/ros2_ws/install/moveit_wrapper_interfaces/share/moveit_wrapper_interfaces/cmake/export_moveit_wrapper_interfaces__rosidl_typesupport_fastrtps_cppExport.cmake
-- Up-to-date: /root/ros2_ws/install/moveit_wrapper_interfaces/share/moveit_wrapper_interfaces/cmake/export_moveit_wrapper_interfaces__rosidl_typesupport_fastrtps_cppExport-noconfig.cmake
-- Up-to-date: /root/ros2_ws/install/moveit_wrapper_interfaces/share/moveit_wrapper_interfaces/cmake/moveit_wrapper_interfaces__rosidl_typesupport_introspection_cppExport.cmake
-- Up-to-date: /root/ros2_ws/install/moveit_wrapper_interfaces/share/moveit_wrapper_interfaces/cmake/moveit_wrapper_interfaces__rosidl_typesupport_introspection_cppExport-noconfig.cmake
-- Up-to-date: /root/ros2_ws/install/moveit_wrapper_interfaces/share/moveit_wrapper_interfaces/cmake/moveit_wrapper_interfaces__rosidl_typesupport_cppExport.cmake
-- Up-to-date: /root/ros2_ws/install/moveit_wrapper_interfaces/share/moveit_wrapper_interfaces/cmake/moveit_wrapper_interfaces__rosidl_typesupport_cppExport-noconfig.cmake
-- Up-to-date: /root/ros2_ws/install/moveit_wrapper_interfaces/share/moveit_wrapper_interfaces/cmake/export_moveit_wrapper_interfaces__rosidl_generator_pyExport.cmake
-- Up-to-date: /root/ros2_ws/install/moveit_wrapper_interfaces/share/moveit_wrapper_interfaces/cmake/export_moveit_wrapper_interfaces__rosidl_generator_pyExport-noconfig.cmake
