[0.043s] Invoking command in '/root/ros2_ws/build/moveit_wrapper_interfaces': CMAKE_PREFIX_PATH=/opt/ros/humble /usr/bin/cmake /root/ros2_ws/src/25ws_nb-246830/submodules/moveit-wrapper-stud/moveit_wrapper_interfaces -DCMAKE_INSTALL_PREFIX=/root/ros2_ws/install/moveit_wrapper_interfaces
[1.669s] -- Found ament_cmake: 1.3.12 (/opt/ros/humble/share/ament_cmake/cmake)
[1.670s] -- Override CMake install command with custom implementation using symlinks instead of copying resources
[1.671s] -- Found rosidl_default_generators: 1.2.0 (/opt/ros/humble/share/rosidl_default_generators/cmake)
[1.672s] -- Using all available rosidl_typesupport_c: rosidl_typesupport_fastrtps_c;rosidl_typesupport_introspection_c
[1.674s] -- Found rosidl_adapter: 3.1.7 (/opt/ros/humble/share/rosidl_adapter/cmake)
[1.676s] -- Using all available rosidl_typesupport_cpp: rosidl_typesupport_fastrtps_cpp;rosidl_typesupport_introspection_cpp
[1.676s] -- Found geometry_msgs: 4.9.0 (/opt/ros/humble/share/geometry_msgs/cmake)
[1.676s] -- Found visualization_msgs: 4.9.0 (/opt/ros/humble/share/visualization_msgs/cmake)
[1.676s] -- Found moveit_msgs: 2.2.1 (/opt/ros/humble/share/moveit_msgs/cmake)
[2.036s] -- Found ament_cmake_ros: 0.10.0 (/opt/ros/humble/share/ament_cmake_ros/cmake)
[4.804s] -- Using all available rosidl_typesupport_c: rosidl_typesupport_fastrtps_c;rosidl_typesupport_introspection_c
[7.111s] -- Using all available rosidl_typesupport_cpp: rosidl_typesupport_fastrtps_cpp;rosidl_typesupport_introspection_cpp
[7.244s] -- Found python_cmake_module: 0.10.0 (/opt/ros/humble/share/python_cmake_module/cmake)
[7.305s] -- Using PYTHON_EXECUTABLE: /usr/bin/python3
[7.305s] -- Using PYTHON_INCLUDE_DIRS: /usr/include/python3.10
[7.306s] -- Using PYTHON_LIBRARIES: /usr/lib/x86_64-linux-gnu/libpython3.10.so
[7.679s] -- Configuring done
[8.234s] -- Generating done
[8.342s] -- Build files have been written to: /root/ros2_ws/build/moveit_wrapper_interfaces
[8.835s] Invoked command in '/root/ros2_ws/build/moveit_wrapper_interfaces' returned '0': CMAKE_PREFIX_PATH=/opt/ros/humble /usr/bin/cmake /root/ros2_ws/src/25ws_nb-246830/submodules/moveit-wrapper-stud/moveit_wrapper_interfaces -DCMAKE_INSTALL_PREFIX=/root/ros2_ws/install/moveit_wrapper_interfaces
[8.843s] Invoking command in '/root/ros2_ws/build/moveit_wrapper_interfaces': CMAKE_PREFIX_PATH=/opt/ros/humble /usr/bin/cmake --build /root/ros2_ws/build/moveit_wrapper_interfaces -- -j8 -l8
[9.001s] [35m[1mConsolidate compiler generated dependencies of target moveit_wrapper_interfaces__rosidl_generator_c[0m
[9.060s] [  0%] Built target moveit_wrapper_interfaces__cpp
[9.097s] [ 12%] Built target moveit_wrapper_interfaces__rosidl_generator_c
[9.119s] [ 12%] Built target ament_cmake_python_symlink_moveit_wrapper_interfaces
[9.151s] [35m[1mConsolidate compiler generated dependencies of target moveit_wrapper_interfaces__rosidl_typesupport_cpp[0m
[9.173s] [35m[1mConsolidate compiler generated dependencies of target moveit_wrapper_interfaces__rosidl_typesupport_introspection_c[0m
[9.220s] [35m[1mConsolidate compiler generated dependencies of target moveit_wrapper_interfaces__rosidl_typesupport_c[0m
[9.274s] [35m[1mConsolidate compiler generated dependencies of target moveit_wrapper_interfaces__rosidl_typesupport_introspection_cpp[0m
[9.290s] [35m[1mConsolidate compiler generated dependencies of target moveit_wrapper_interfaces__rosidl_typesupport_fastrtps_cpp[0m
[9.346s] [35m[1mConsolidate compiler generated dependencies of target moveit_wrapper_interfaces__rosidl_typesupport_fastrtps_c[0m
[9.357s] [ 24%] Built target moveit_wrapper_interfaces__rosidl_typesupport_introspection_c
[9.394s] [ 36%] Built target moveit_wrapper_interfaces__rosidl_typesupport_c
[9.441s] [ 48%] Built target moveit_wrapper_interfaces__rosidl_typesupport_cpp
[9.553s] [ 60%] Built target moveit_wrapper_interfaces__rosidl_typesupport_introspection_cpp
[9.602s] [ 72%] Built target moveit_wrapper_interfaces__rosidl_typesupport_fastrtps_c
[9.641s] [ 84%] Built target moveit_wrapper_interfaces__rosidl_typesupport_fastrtps_cpp
[9.729s] [ 84%] Built target moveit_wrapper_interfaces
[9.801s] [ 85%] Built target moveit_wrapper_interfaces__py
[9.843s] [35m[1mConsolidate compiler generated dependencies of target moveit_wrapper_interfaces__rosidl_generator_py[0m
[9.977s] [ 96%] Built target moveit_wrapper_interfaces__rosidl_generator_py
[10.060s] [35m[1mConsolidate compiler generated dependencies of target moveit_wrapper_interfaces__rosidl_typesupport_introspection_c__pyext[0m
[10.079s] [35m[1mConsolidate compiler generated dependencies of target moveit_wrapper_interfaces__rosidl_typesupport_fastrtps_c__pyext[0m
[10.111s] [ 98%] Built target moveit_wrapper_interfaces__rosidl_typesupport_introspection_c__pyext
[10.132s] [ 99%] Built target moveit_wrapper_interfaces__rosidl_typesupport_fastrtps_c__pyext
[10.146s] [35m[1mConsolidate compiler generated dependencies of target moveit_wrapper_interfaces__rosidl_typesupport_c__pyext[0m
[10.198s] [100%] Built target moveit_wrapper_interfaces__rosidl_typesupport_c__pyext
[10.989s] running egg_info
[11.005s] writing moveit_wrapper_interfaces.egg-info/PKG-INFO
[11.006s] writing dependency_links to moveit_wrapper_interfaces.egg-info/dependency_links.txt
[11.006s] writing top-level names to moveit_wrapper_interfaces.egg-info/top_level.txt
[11.007s] reading manifest file 'moveit_wrapper_interfaces.egg-info/SOURCES.txt'
[11.007s] writing manifest file 'moveit_wrapper_interfaces.egg-info/SOURCES.txt'
[11.084s] [100%] Built target ament_cmake_python_build_moveit_wrapper_interfaces_egg
[11.191s] Invoked command in '/root/ros2_ws/build/moveit_wrapper_interfaces' returned '0': CMAKE_PREFIX_PATH=/opt/ros/humble /usr/bin/cmake --build /root/ros2_ws/build/moveit_wrapper_interfaces -- -j8 -l8
[11.223s] Invoking command in '/root/ros2_ws/build/moveit_wrapper_interfaces': CMAKE_PREFIX_PATH=/opt/ros/humble /usr/bin/cmake --install /root/ros2_ws/build/moveit_wrapper_interfaces
[11.246s] -- Install configuration: ""
[11.249s] -- Execute custom install script
[11.251s] -- Up-to-date symlink: /root/ros2_ws/install/moveit_wrapper_interfaces/share/ament_index/resource_index/rosidl_interfaces/moveit_wrapper_interfaces
[11.255s] -- Up-to-date symlink: /root/ros2_ws/install/moveit_wrapper_interfaces/include/moveit_wrapper_interfaces/moveit_wrapper_interfaces/msg/detail/waypoint__functions.h
[11.258s] -- Up-to-date symlink: /root/ros2_ws/install/moveit_wrapper_interfaces/include/moveit_wrapper_interfaces/moveit_wrapper_interfaces/msg/detail/waypoint__struct.h
[11.260s] -- Up-to-date symlink: /root/ros2_ws/install/moveit_wrapper_interfaces/include/moveit_wrapper_interfaces/moveit_wrapper_interfaces/msg/detail/waypoint__type_support.h
[11.262s] -- Up-to-date symlink: /root/ros2_ws/install/moveit_wrapper_interfaces/include/moveit_wrapper_interfaces/moveit_wrapper_interfaces/msg/detail/waypoint_sequence__functions.h
[11.262s] -- Up-to-date symlink: /root/ros2_ws/install/moveit_wrapper_interfaces/include/moveit_wrapper_interfaces/moveit_wrapper_interfaces/msg/detail/waypoint_sequence__struct.h
[11.265s] -- Up-to-date symlink: /root/ros2_ws/install/moveit_wrapper_interfaces/include/moveit_wrapper_interfaces/moveit_wrapper_interfaces/msg/detail/waypoint_sequence__type_support.h
[11.267s] -- Up-to-date symlink: /root/ros2_ws/install/moveit_wrapper_interfaces/include/moveit_wrapper_interfaces/moveit_wrapper_interfaces/msg/rosidl_generator_c__visibility_control.h
[11.270s] -- Up-to-date symlink: /root/ros2_ws/install/moveit_wrapper_interfaces/include/moveit_wrapper_interfaces/moveit_wrapper_interfaces/msg/waypoint.h
[11.270s] -- Up-to-date symlink: /root/ros2_ws/install/moveit_wrapper_interfaces/include/moveit_wrapper_interfaces/moveit_wrapper_interfaces/msg/waypoint_sequence.h
[11.273s] -- Up-to-date symlink: /root/ros2_ws/install/moveit_wrapper_interfaces/include/moveit_wrapper_interfaces/moveit_wrapper_interfaces/srv/add_col_obj.h
[11.274s] -- Up-to-date symlink: /root/ros2_ws/install/moveit_wrapper_interfaces/include/moveit_wrapper_interfaces/moveit_wrapper_interfaces/srv/attach_obj.h
[11.276s] -- Up-to-date symlink: /root/ros2_ws/install/moveit_wrapper_interfaces/include/moveit_wrapper_interfaces/moveit_wrapper_interfaces/srv/detail/add_col_obj__functions.h
[11.277s] -- Up-to-date symlink: /root/ros2_ws/install/moveit_wrapper_interfaces/include/moveit_wrapper_interfaces/moveit_wrapper_interfaces/srv/detail/add_col_obj__struct.h
[11.281s] -- Up-to-date symlink: /root/ros2_ws/install/moveit_wrapper_interfaces/include/moveit_wrapper_interfaces/moveit_wrapper_interfaces/srv/detail/add_col_obj__type_support.h
[11.284s] -- Up-to-date symlink: /root/ros2_ws/install/moveit_wrapper_interfaces/include/moveit_wrapper_interfaces/moveit_wrapper_interfaces/srv/detail/attach_obj__functions.h
[11.288s] -- Up-to-date symlink: /root/ros2_ws/install/moveit_wrapper_interfaces/include/moveit_wrapper_interfaces/moveit_wrapper_interfaces/srv/detail/attach_obj__struct.h
[11.294s] -- Up-to-date symlink: /root/ros2_ws/install/moveit_wrapper_interfaces/include/moveit_wrapper_interfaces/moveit_wrapper_interfaces/srv/detail/attach_obj__type_support.h
[11.297s] -- Up-to-date symlink: /root/ros2_ws/install/moveit_wrapper_interfaces/include/moveit_wrapper_interfaces/moveit_wrapper_interfaces/srv/detail/dettach_obj__functions.h
[11.300s] -- Up-to-date symlink: /root/ros2_ws/install/moveit_wrapper_interfaces/include/moveit_wrapper_interfaces/moveit_wrapper_interfaces/srv/detail/dettach_obj__struct.h
[11.328s] -- Up-to-date symlink: /root/ros2_ws/install/moveit_wrapper_interfaces/include/moveit_wrapper_interfaces/moveit_wrapper_interfaces/srv/detail/dettach_obj__type_support.h
[11.330s] -- Up-to-date symlink: /root/ros2_ws/install/moveit_wrapper_interfaces/include/moveit_wrapper_interfaces/moveit_wrapper_interfaces/srv/detail/execute_plans__functions.h
[11.331s] -- Up-to-date symlink: /root/ros2_ws/install/moveit_wrapper_interfaces/include/moveit_wrapper_interfaces/moveit_wrapper_interfaces/srv/detail/execute_plans__struct.h
[11.332s] -- Up-to-date symlink: /root/ros2_ws/install/moveit_wrapper_interfaces/include/moveit_wrapper_interfaces/moveit_wrapper_interfaces/srv/detail/execute_plans__type_support.h
[11.333s] -- Up-to-date symlink: /root/ros2_ws/install/moveit_wrapper_interfaces/include/moveit_wrapper_interfaces/moveit_wrapper_interfaces/srv/detail/get_attached_objs__functions.h
[11.334s] -- Up-to-date symlink: /root/ros2_ws/install/moveit_wrapper_interfaces/include/moveit_wrapper_interfaces/moveit_wrapper_interfaces/srv/detail/get_attached_objs__struct.h
[11.335s] -- Up-to-date symlink: /root/ros2_ws/install/moveit_wrapper_interfaces/include/moveit_wrapper_interfaces/moveit_wrapper_interfaces/srv/detail/get_attached_objs__type_support.h
[11.335s] -- Up-to-date symlink: /root/ros2_ws/install/moveit_wrapper_interfaces/include/moveit_wrapper_interfaces/moveit_wrapper_interfaces/srv/detail/get_col_obj__functions.h
[11.335s] -- Up-to-date symlink: /root/ros2_ws/install/moveit_wrapper_interfaces/include/moveit_wrapper_interfaces/moveit_wrapper_interfaces/srv/detail/get_col_obj__struct.h
[11.335s] -- Up-to-date symlink: /root/ros2_ws/install/moveit_wrapper_interfaces/include/moveit_wrapper_interfaces/moveit_wrapper_interfaces/srv/detail/get_col_obj__type_support.h
[11.335s] -- Up-to-date symlink: /root/ros2_ws/install/moveit_wrapper_interfaces/include/moveit_wrapper_interfaces/moveit_wrapper_interfaces/srv/detail/get_named_target__functions.h
[11.335s] -- Up-to-date symlink: /root/ros2_ws/install/moveit_wrapper_interfaces/include/moveit_wrapper_interfaces/moveit_wrapper_interfaces/srv/detail/get_named_target__struct.h
[11.336s] -- Up-to-date symlink: /root/ros2_ws/install/moveit_wrapper_interfaces/include/moveit_wrapper_interfaces/moveit_wrapper_interfaces/srv/detail/get_named_target__type_support.h
[11.336s] -- Up-to-date symlink: /root/ros2_ws/install/moveit_wrapper_interfaces/include/moveit_wrapper_interfaces/moveit_wrapper_interfaces/srv/detail/get_named_targets__functions.h
[11.336s] -- Up-to-date symlink: /root/ros2_ws/install/moveit_wrapper_interfaces/include/moveit_wrapper_interfaces/moveit_wrapper_interfaces/srv/detail/get_named_targets__struct.h
[11.336s] -- Up-to-date symlink: /root/ros2_ws/install/moveit_wrapper_interfaces/include/moveit_wrapper_interfaces/moveit_wrapper_interfaces/srv/detail/get_named_targets__type_support.h
[11.336s] -- Up-to-date symlink: /root/ros2_ws/install/moveit_wrapper_interfaces/include/moveit_wrapper_interfaces/moveit_wrapper_interfaces/srv/detail/goto_named_target__functions.h
[11.336s] -- Up-to-date symlink: /root/ros2_ws/install/moveit_wrapper_interfaces/include/moveit_wrapper_interfaces/moveit_wrapper_interfaces/srv/detail/goto_named_target__struct.h
[11.344s] -- Up-to-date symlink: /root/ros2_ws/install/moveit_wrapper_interfaces/include/moveit_wrapper_interfaces/moveit_wrapper_interfaces/srv/detail/goto_named_target__type_support.h
[11.344s] -- Up-to-date symlink: /root/ros2_ws/install/moveit_wrapper_interfaces/include/moveit_wrapper_interfaces/moveit_wrapper_interfaces/srv/detail/move_torso__functions.h
[11.344s] -- Up-to-date symlink: /root/ros2_ws/install/moveit_wrapper_interfaces/include/moveit_wrapper_interfaces/moveit_wrapper_interfaces/srv/detail/move_torso__struct.h
[11.344s] -- Up-to-date symlink: /root/ros2_ws/install/moveit_wrapper_interfaces/include/moveit_wrapper_interfaces/moveit_wrapper_interfaces/srv/detail/move_torso__type_support.h
[11.344s] -- Up-to-date symlink: /root/ros2_ws/install/moveit_wrapper_interfaces/include/moveit_wrapper_interfaces/moveit_wrapper_interfaces/srv/detail/plan__functions.h
[11.344s] -- Up-to-date symlink: /root/ros2_ws/install/moveit_wrapper_interfaces/include/moveit_wrapper_interfaces/moveit_wrapper_interfaces/srv/detail/plan__struct.h
[11.345s] -- Up-to-date symlink: /root/ros2_ws/install/moveit_wrapper_interfaces/include/moveit_wrapper_interfaces/moveit_wrapper_interfaces/srv/detail/plan__type_support.h
[11.345s] -- Up-to-date symlink: /root/ros2_ws/install/moveit_wrapper_interfaces/include/moveit_wrapper_interfaces/moveit_wrapper_interfaces/srv/detail/plan_joints__functions.h
[11.345s] -- Up-to-date symlink: /root/ros2_ws/install/moveit_wrapper_interfaces/include/moveit_wrapper_interfaces/moveit_wrapper_interfaces/srv/detail/plan_joints__struct.h
[11.345s] -- Up-to-date symlink: /root/ros2_ws/install/moveit_wrapper_interfaces/include/moveit_wrapper_interfaces/moveit_wrapper_interfaces/srv/detail/plan_joints__type_support.h
[11.345s] -- Up-to-date symlink: /root/ros2_ws/install/moveit_wrapper_interfaces/include/moveit_wrapper_interfaces/moveit_wrapper_interfaces/srv/detail/remove_col_obj__functions.h
[11.345s] -- Up-to-date symlink: /root/ros2_ws/install/moveit_wrapper_interfaces/include/moveit_wrapper_interfaces/moveit_wrapper_interfaces/srv/detail/remove_col_obj__struct.h
[11.345s] -- Up-to-date symlink: /root/ros2_ws/install/moveit_wrapper_interfaces/include/moveit_wrapper_interfaces/moveit_wrapper_interfaces/srv/detail/remove_col_obj__type_support.h
[11.346s] -- Up-to-date symlink: /root/ros2_ws/install/moveit_wrapper_interfaces/include/moveit_wrapper_interfaces/moveit_wrapper_interfaces/srv/dettach_obj.h
[11.346s] -- Up-to-date symlink: /root/ros2_ws/install/moveit_wrapper_interfaces/include/moveit_wrapper_interfaces/moveit_wrapper_interfaces/srv/execute_plans.h
[11.346s] -- Up-to-date symlink: /root/ros2_ws/install/moveit_wrapper_interfaces/include/moveit_wrapper_interfaces/moveit_wrapper_interfaces/srv/get_attached_objs.h
[11.346s] -- Up-to-date symlink: /root/ros2_ws/install/moveit_wrapper_interfaces/include/moveit_wrapper_interfaces/moveit_wrapper_interfaces/srv/get_col_obj.h
[11.346s] -- Up-to-date symlink: /root/ros2_ws/install/moveit_wrapper_interfaces/include/moveit_wrapper_interfaces/moveit_wrapper_interfaces/srv/get_named_target.h
[11.346s] -- Up-to-date symlink: /root/ros2_ws/install/moveit_wrapper_interfaces/include/moveit_wrapper_interfaces/moveit_wrapper_interfaces/srv/get_named_targets.h
[11.346s] -- Up-to-date symlink: /root/ros2_ws/install/moveit_wrapper_interfaces/include/moveit_wrapper_interfaces/moveit_wrapper_interfaces/srv/goto_named_target.h
[11.347s] -- Up-to-date symlink: /root/ros2_ws/install/moveit_wrapper_interfaces/include/moveit_wrapper_interfaces/moveit_wrapper_interfaces/srv/move_torso.h
[11.347s] -- Up-to-date symlink: /root/ros2_ws/install/moveit_wrapper_interfaces/include/moveit_wrapper_interfaces/moveit_wrapper_interfaces/srv/plan.h
[11.347s] -- Up-to-date symlink: /root/ros2_ws/install/moveit_wrapper_interfaces/include/moveit_wrapper_interfaces/moveit_wrapper_interfaces/srv/plan_joints.h
[11.347s] -- Up-to-date symlink: /root/ros2_ws/install/moveit_wrapper_interfaces/include/moveit_wrapper_interfaces/moveit_wrapper_interfaces/srv/remove_col_obj.h
[11.347s] -- Up-to-date symlink: /root/ros2_ws/install/moveit_wrapper_interfaces/share/moveit_wrapper_interfaces/environment/library_path.sh
[11.347s] -- Up-to-date symlink: /root/ros2_ws/install/moveit_wrapper_interfaces/share/moveit_wrapper_interfaces/environment/library_path.dsv
[11.360s] -- Up-to-date symlink: /root/ros2_ws/install/moveit_wrapper_interfaces/include/moveit_wrapper_interfaces/moveit_wrapper_interfaces/msg/detail/waypoint__rosidl_typesupport_fastrtps_c.h
[11.360s] -- Up-to-date symlink: /root/ros2_ws/install/moveit_wrapper_interfaces/include/moveit_wrapper_interfaces/moveit_wrapper_interfaces/msg/detail/waypoint_sequence__rosidl_typesupport_fastrtps_c.h
[11.361s] -- Up-to-date symlink: /root/ros2_ws/install/moveit_wrapper_interfaces/include/moveit_wrapper_interfaces/moveit_wrapper_interfaces/msg/rosidl_typesupport_fastrtps_c__visibility_control.h
[11.361s] -- Up-to-date symlink: /root/ros2_ws/install/moveit_wrapper_interfaces/include/moveit_wrapper_interfaces/moveit_wrapper_interfaces/srv/detail/add_col_obj__rosidl_typesupport_fastrtps_c.h
[11.361s] -- Up-to-date symlink: /root/ros2_ws/install/moveit_wrapper_interfaces/include/moveit_wrapper_interfaces/moveit_wrapper_interfaces/srv/detail/attach_obj__rosidl_typesupport_fastrtps_c.h
[11.361s] -- Up-to-date symlink: /root/ros2_ws/install/moveit_wrapper_interfaces/include/moveit_wrapper_interfaces/moveit_wrapper_interfaces/srv/detail/dettach_obj__rosidl_typesupport_fastrtps_c.h
[11.361s] -- Up-to-date symlink: /root/ros2_ws/install/moveit_wrapper_interfaces/include/moveit_wrapper_interfaces/moveit_wrapper_interfaces/srv/detail/execute_plans__rosidl_typesupport_fastrtps_c.h
[11.361s] -- Up-to-date symlink: /root/ros2_ws/install/moveit_wrapper_interfaces/include/moveit_wrapper_interfaces/moveit_wrapper_interfaces/srv/detail/get_attached_objs__rosidl_typesupport_fastrtps_c.h
[11.363s] -- Up-to-date symlink: /root/ros2_ws/install/moveit_wrapper_interfaces/include/moveit_wrapper_interfaces/moveit_wrapper_interfaces/srv/detail/get_col_obj__rosidl_typesupport_fastrtps_c.h
[11.363s] -- Up-to-date symlink: /root/ros2_ws/install/moveit_wrapper_interfaces/include/moveit_wrapper_interfaces/moveit_wrapper_interfaces/srv/detail/get_named_target__rosidl_typesupport_fastrtps_c.h
[11.363s] -- Up-to-date symlink: /root/ros2_ws/install/moveit_wrapper_interfaces/include/moveit_wrapper_interfaces/moveit_wrapper_interfaces/srv/detail/get_named_targets__rosidl_typesupport_fastrtps_c.h
[11.364s] -- Up-to-date symlink: /root/ros2_ws/install/moveit_wrapper_interfaces/include/moveit_wrapper_interfaces/moveit_wrapper_interfaces/srv/detail/goto_named_target__rosidl_typesupport_fastrtps_c.h
[11.364s] -- Up-to-date symlink: /root/ros2_ws/install/moveit_wrapper_interfaces/include/moveit_wrapper_interfaces/moveit_wrapper_interfaces/srv/detail/move_torso__rosidl_typesupport_fastrtps_c.h
[11.364s] -- Up-to-date symlink: /root/ros2_ws/install/moveit_wrapper_interfaces/include/moveit_wrapper_interfaces/moveit_wrapper_interfaces/srv/detail/plan__rosidl_typesupport_fastrtps_c.h
[11.364s] -- Up-to-date symlink: /root/ros2_ws/install/moveit_wrapper_interfaces/include/moveit_wrapper_interfaces/moveit_wrapper_interfaces/srv/detail/plan_joints__rosidl_typesupport_fastrtps_c.h
[11.364s] -- Up-to-date symlink: /root/ros2_ws/install/moveit_wrapper_interfaces/include/moveit_wrapper_interfaces/moveit_wrapper_interfaces/srv/detail/remove_col_obj__rosidl_typesupport_fastrtps_c.h
[11.365s] -- Up-to-date symlink: /root/ros2_ws/install/moveit_wrapper_interfaces/include/moveit_wrapper_interfaces/moveit_wrapper_interfaces/msg/detail/waypoint__rosidl_typesupport_introspection_c.h
[11.365s] -- Up-to-date symlink: /root/ros2_ws/install/moveit_wrapper_interfaces/include/moveit_wrapper_interfaces/moveit_wrapper_interfaces/msg/detail/waypoint_sequence__rosidl_typesupport_introspection_c.h
[11.365s] -- Up-to-date symlink: /root/ros2_ws/install/moveit_wrapper_interfaces/include/moveit_wrapper_interfaces/moveit_wrapper_interfaces/msg/rosidl_typesupport_introspection_c__visibility_control.h
[11.365s] -- Up-to-date symlink: /root/ros2_ws/install/moveit_wrapper_interfaces/include/moveit_wrapper_interfaces/moveit_wrapper_interfaces/srv/detail/add_col_obj__rosidl_typesupport_introspection_c.h
[11.365s] -- Up-to-date symlink: /root/ros2_ws/install/moveit_wrapper_interfaces/include/moveit_wrapper_interfaces/moveit_wrapper_interfaces/srv/detail/attach_obj__rosidl_typesupport_introspection_c.h
[11.365s] -- Up-to-date symlink: /root/ros2_ws/install/moveit_wrapper_interfaces/include/moveit_wrapper_interfaces/moveit_wrapper_interfaces/srv/detail/dettach_obj__rosidl_typesupport_introspection_c.h
[11.366s] -- Up-to-date symlink: /root/ros2_ws/install/moveit_wrapper_interfaces/include/moveit_wrapper_interfaces/moveit_wrapper_interfaces/srv/detail/execute_plans__rosidl_typesupport_introspection_c.h
[11.366s] -- Up-to-date symlink: /root/ros2_ws/install/moveit_wrapper_interfaces/include/moveit_wrapper_interfaces/moveit_wrapper_interfaces/srv/detail/get_attached_objs__rosidl_typesupport_introspection_c.h
[11.366s] -- Up-to-date symlink: /root/ros2_ws/install/moveit_wrapper_interfaces/include/moveit_wrapper_interfaces/moveit_wrapper_interfaces/srv/detail/get_col_obj__rosidl_typesupport_introspection_c.h
[11.366s] -- Up-to-date symlink: /root/ros2_ws/install/moveit_wrapper_interfaces/include/moveit_wrapper_interfaces/moveit_wrapper_interfaces/srv/detail/get_named_target__rosidl_typesupport_introspection_c.h
[11.366s] -- Up-to-date symlink: /root/ros2_ws/install/moveit_wrapper_interfaces/include/moveit_wrapper_interfaces/moveit_wrapper_interfaces/srv/detail/get_named_targets__rosidl_typesupport_introspection_c.h
[11.366s] -- Up-to-date symlink: /root/ros2_ws/install/moveit_wrapper_interfaces/include/moveit_wrapper_interfaces/moveit_wrapper_interfaces/srv/detail/goto_named_target__rosidl_typesupport_introspection_c.h
[11.367s] -- Up-to-date symlink: /root/ros2_ws/install/moveit_wrapper_interfaces/include/moveit_wrapper_interfaces/moveit_wrapper_interfaces/srv/detail/move_torso__rosidl_typesupport_introspection_c.h
[11.367s] -- Up-to-date symlink: /root/ros2_ws/install/moveit_wrapper_interfaces/include/moveit_wrapper_interfaces/moveit_wrapper_interfaces/srv/detail/plan__rosidl_typesupport_introspection_c.h
[11.367s] -- Up-to-date symlink: /root/ros2_ws/install/moveit_wrapper_interfaces/include/moveit_wrapper_interfaces/moveit_wrapper_interfaces/srv/detail/plan_joints__rosidl_typesupport_introspection_c.h
[11.367s] -- Up-to-date symlink: /root/ros2_ws/install/moveit_wrapper_interfaces/include/moveit_wrapper_interfaces/moveit_wrapper_interfaces/srv/detail/remove_col_obj__rosidl_typesupport_introspection_c.h
[11.372s] -- Up-to-date symlink: /root/ros2_ws/install/moveit_wrapper_interfaces/include/moveit_wrapper_interfaces/moveit_wrapper_interfaces/msg/detail/waypoint__builder.hpp
[11.372s] -- Up-to-date symlink: /root/ros2_ws/install/moveit_wrapper_interfaces/include/moveit_wrapper_interfaces/moveit_wrapper_interfaces/msg/detail/waypoint__struct.hpp
[11.372s] -- Up-to-date symlink: /root/ros2_ws/install/moveit_wrapper_interfaces/include/moveit_wrapper_interfaces/moveit_wrapper_interfaces/msg/detail/waypoint__traits.hpp
[11.372s] -- Up-to-date symlink: /root/ros2_ws/install/moveit_wrapper_interfaces/include/moveit_wrapper_interfaces/moveit_wrapper_interfaces/msg/detail/waypoint__type_support.hpp
[11.373s] -- Up-to-date symlink: /root/ros2_ws/install/moveit_wrapper_interfaces/include/moveit_wrapper_interfaces/moveit_wrapper_interfaces/msg/detail/waypoint_sequence__builder.hpp
[11.373s] -- Up-to-date symlink: /root/ros2_ws/install/moveit_wrapper_interfaces/include/moveit_wrapper_interfaces/moveit_wrapper_interfaces/msg/detail/waypoint_sequence__struct.hpp
[11.373s] -- Up-to-date symlink: /root/ros2_ws/install/moveit_wrapper_interfaces/include/moveit_wrapper_interfaces/moveit_wrapper_interfaces/msg/detail/waypoint_sequence__traits.hpp
[11.373s] -- Up-to-date symlink: /root/ros2_ws/install/moveit_wrapper_interfaces/include/moveit_wrapper_interfaces/moveit_wrapper_interfaces/msg/detail/waypoint_sequence__type_support.hpp
[11.373s] -- Up-to-date symlink: /root/ros2_ws/install/moveit_wrapper_interfaces/include/moveit_wrapper_interfaces/moveit_wrapper_interfaces/msg/rosidl_generator_cpp__visibility_control.hpp
[11.380s] -- Up-to-date symlink: /root/ros2_ws/install/moveit_wrapper_interfaces/include/moveit_wrapper_interfaces/moveit_wrapper_interfaces/msg/waypoint.hpp
[11.380s] -- Up-to-date symlink: /root/ros2_ws/install/moveit_wrapper_interfaces/include/moveit_wrapper_interfaces/moveit_wrapper_interfaces/msg/waypoint_sequence.hpp
[11.380s] -- Up-to-date symlink: /root/ros2_ws/install/moveit_wrapper_interfaces/include/moveit_wrapper_interfaces/moveit_wrapper_interfaces/srv/add_col_obj.hpp
[11.381s] -- Up-to-date symlink: /root/ros2_ws/install/moveit_wrapper_interfaces/include/moveit_wrapper_interfaces/moveit_wrapper_interfaces/srv/attach_obj.hpp
[11.381s] -- Up-to-date symlink: /root/ros2_ws/install/moveit_wrapper_interfaces/include/moveit_wrapper_interfaces/moveit_wrapper_interfaces/srv/detail/add_col_obj__builder.hpp
[11.381s] -- Up-to-date symlink: /root/ros2_ws/install/moveit_wrapper_interfaces/include/moveit_wrapper_interfaces/moveit_wrapper_interfaces/srv/detail/add_col_obj__struct.hpp
[11.381s] -- Up-to-date symlink: /root/ros2_ws/install/moveit_wrapper_interfaces/include/moveit_wrapper_interfaces/moveit_wrapper_interfaces/srv/detail/add_col_obj__traits.hpp
[11.381s] -- Up-to-date symlink: /root/ros2_ws/install/moveit_wrapper_interfaces/include/moveit_wrapper_interfaces/moveit_wrapper_interfaces/srv/detail/add_col_obj__type_support.hpp
[11.382s] -- Up-to-date symlink: /root/ros2_ws/install/moveit_wrapper_interfaces/include/moveit_wrapper_interfaces/moveit_wrapper_interfaces/srv/detail/attach_obj__builder.hpp
[11.382s] -- Up-to-date symlink: /root/ros2_ws/install/moveit_wrapper_interfaces/include/moveit_wrapper_interfaces/moveit_wrapper_interfaces/srv/detail/attach_obj__struct.hpp
[11.382s] -- Up-to-date symlink: /root/ros2_ws/install/moveit_wrapper_interfaces/include/moveit_wrapper_interfaces/moveit_wrapper_interfaces/srv/detail/attach_obj__traits.hpp
[11.385s] -- Up-to-date symlink: /root/ros2_ws/install/moveit_wrapper_interfaces/include/moveit_wrapper_interfaces/moveit_wrapper_interfaces/srv/detail/attach_obj__type_support.hpp
[11.386s] -- Up-to-date symlink: /root/ros2_ws/install/moveit_wrapper_interfaces/include/moveit_wrapper_interfaces/moveit_wrapper_interfaces/srv/detail/dettach_obj__builder.hpp
[11.386s] -- Up-to-date symlink: /root/ros2_ws/install/moveit_wrapper_interfaces/include/moveit_wrapper_interfaces/moveit_wrapper_interfaces/srv/detail/dettach_obj__struct.hpp
[11.390s] -- Up-to-date symlink: /root/ros2_ws/install/moveit_wrapper_interfaces/include/moveit_wrapper_interfaces/moveit_wrapper_interfaces/srv/detail/dettach_obj__traits.hpp
[11.391s] -- Up-to-date symlink: /root/ros2_ws/install/moveit_wrapper_interfaces/include/moveit_wrapper_interfaces/moveit_wrapper_interfaces/srv/detail/dettach_obj__type_support.hpp
[11.391s] -- Up-to-date symlink: /root/ros2_ws/install/moveit_wrapper_interfaces/include/moveit_wrapper_interfaces/moveit_wrapper_interfaces/srv/detail/execute_plans__builder.hpp
[11.392s] -- Up-to-date symlink: /root/ros2_ws/install/moveit_wrapper_interfaces/include/moveit_wrapper_interfaces/moveit_wrapper_interfaces/srv/detail/execute_plans__struct.hpp
[11.392s] -- Up-to-date symlink: /root/ros2_ws/install/moveit_wrapper_interfaces/include/moveit_wrapper_interfaces/moveit_wrapper_interfaces/srv/detail/execute_plans__traits.hpp
[11.392s] -- Up-to-date symlink: /root/ros2_ws/install/moveit_wrapper_interfaces/include/moveit_wrapper_interfaces/moveit_wrapper_interfaces/srv/detail/execute_plans__type_support.hpp
[11.392s] -- Up-to-date symlink: /root/ros2_ws/install/moveit_wrapper_interfaces/include/moveit_wrapper_interfaces/moveit_wrapper_interfaces/srv/detail/get_attached_objs__builder.hpp
[11.393s] -- Up-to-date symlink: /root/ros2_ws/install/moveit_wrapper_interfaces/include/moveit_wrapper_interfaces/moveit_wrapper_interfaces/srv/detail/get_attached_objs__struct.hpp
[11.393s] -- Up-to-date symlink: /root/ros2_ws/install/moveit_wrapper_interfaces/include/moveit_wrapper_interfaces/moveit_wrapper_interfaces/srv/detail/get_attached_objs__traits.hpp
[11.395s] -- Up-to-date symlink: /root/ros2_ws/install/moveit_wrapper_interfaces/include/moveit_wrapper_interfaces/moveit_wrapper_interfaces/srv/detail/get_attached_objs__type_support.hpp
[11.395s] -- Up-to-date symlink: /root/ros2_ws/install/moveit_wrapper_interfaces/include/moveit_wrapper_interfaces/moveit_wrapper_interfaces/srv/detail/get_col_obj__builder.hpp
[11.396s] -- Up-to-date symlink: /root/ros2_ws/install/moveit_wrapper_interfaces/include/moveit_wrapper_interfaces/moveit_wrapper_interfaces/srv/detail/get_col_obj__struct.hpp
[11.396s] -- Up-to-date symlink: /root/ros2_ws/install/moveit_wrapper_interfaces/include/moveit_wrapper_interfaces/moveit_wrapper_interfaces/srv/detail/get_col_obj__traits.hpp
[11.401s] -- Up-to-date symlink: /root/ros2_ws/install/moveit_wrapper_interfaces/include/moveit_wrapper_interfaces/moveit_wrapper_interfaces/srv/detail/get_col_obj__type_support.hpp
[11.402s] -- Up-to-date symlink: /root/ros2_ws/install/moveit_wrapper_interfaces/include/moveit_wrapper_interfaces/moveit_wrapper_interfaces/srv/detail/get_named_target__builder.hpp
[11.402s] -- Up-to-date symlink: /root/ros2_ws/install/moveit_wrapper_interfaces/include/moveit_wrapper_interfaces/moveit_wrapper_interfaces/srv/detail/get_named_target__struct.hpp
[11.402s] -- Up-to-date symlink: /root/ros2_ws/install/moveit_wrapper_interfaces/include/moveit_wrapper_interfaces/moveit_wrapper_interfaces/srv/detail/get_named_target__traits.hpp
[11.402s] -- Up-to-date symlink: /root/ros2_ws/install/moveit_wrapper_interfaces/include/moveit_wrapper_interfaces/moveit_wrapper_interfaces/srv/detail/get_named_target__type_support.hpp
[11.402s] -- Up-to-date symlink: /root/ros2_ws/install/moveit_wrapper_interfaces/include/moveit_wrapper_interfaces/moveit_wrapper_interfaces/srv/detail/get_named_targets__builder.hpp
[11.403s] -- Up-to-date symlink: /root/ros2_ws/install/moveit_wrapper_interfaces/include/moveit_wrapper_interfaces/moveit_wrapper_interfaces/srv/detail/get_named_targets__struct.hpp
[11.403s] -- Up-to-date symlink: /root/ros2_ws/install/moveit_wrapper_interfaces/include/moveit_wrapper_interfaces/moveit_wrapper_interfaces/srv/detail/get_named_targets__traits.hpp
[11.404s] -- Up-to-date symlink: /root/ros2_ws/install/moveit_wrapper_interfaces/include/moveit_wrapper_interfaces/moveit_wrapper_interfaces/srv/detail/get_named_targets__type_support.hpp
[11.404s] -- Up-to-date symlink: /root/ros2_ws/install/moveit_wrapper_interfaces/include/moveit_wrapper_interfaces/moveit_wrapper_interfaces/srv/detail/goto_named_target__builder.hpp
[11.408s] -- Up-to-date symlink: /root/ros2_ws/install/moveit_wrapper_interfaces/include/moveit_wrapper_interfaces/moveit_wrapper_interfaces/srv/detail/goto_named_target__struct.hpp
[11.408s] -- Up-to-date symlink: /root/ros2_ws/install/moveit_wrapper_interfaces/include/moveit_wrapper_interfaces/moveit_wrapper_interfaces/srv/detail/goto_named_target__traits.hpp
[11.408s] -- Up-to-date symlink: /root/ros2_ws/install/moveit_wrapper_interfaces/include/moveit_wrapper_interfaces/moveit_wrapper_interfaces/srv/detail/goto_named_target__type_support.hpp
[11.409s] -- Up-to-date symlink: /root/ros2_ws/install/moveit_wrapper_interfaces/include/moveit_wrapper_interfaces/moveit_wrapper_interfaces/srv/detail/move_torso__builder.hpp
[11.409s] -- Up-to-date symlink: /root/ros2_ws/install/moveit_wrapper_interfaces/include/moveit_wrapper_interfaces/moveit_wrapper_interfaces/srv/detail/move_torso__struct.hpp
[11.409s] -- Up-to-date symlink: /root/ros2_ws/install/moveit_wrapper_interfaces/include/moveit_wrapper_interfaces/moveit_wrapper_interfaces/srv/detail/move_torso__traits.hpp
[11.409s] -- Up-to-date symlink: /root/ros2_ws/install/moveit_wrapper_interfaces/include/moveit_wrapper_interfaces/moveit_wrapper_interfaces/srv/detail/move_torso__type_support.hpp
[11.410s] -- Up-to-date symlink: /root/ros2_ws/install/moveit_wrapper_interfaces/include/moveit_wrapper_interfaces/moveit_wrapper_interfaces/srv/detail/plan__builder.hpp
[11.411s] -- Up-to-date symlink: /root/ros2_ws/install/moveit_wrapper_interfaces/include/moveit_wrapper_interfaces/moveit_wrapper_interfaces/srv/detail/plan__struct.hpp
[11.411s] -- Up-to-date symlink: /root/ros2_ws/install/moveit_wrapper_interfaces/include/moveit_wrapper_interfaces/moveit_wrapper_interfaces/srv/detail/plan__traits.hpp
[11.411s] -- Up-to-date symlink: /root/ros2_ws/install/moveit_wrapper_interfaces/include/moveit_wrapper_interfaces/moveit_wrapper_interfaces/srv/detail/plan__type_support.hpp
[11.411s] -- Up-to-date symlink: /root/ros2_ws/install/moveit_wrapper_interfaces/include/moveit_wrapper_interfaces/moveit_wrapper_interfaces/srv/detail/plan_joints__builder.hpp
[11.413s] -- Up-to-date symlink: /root/ros2_ws/install/moveit_wrapper_interfaces/include/moveit_wrapper_interfaces/moveit_wrapper_interfaces/srv/detail/plan_joints__struct.hpp
[11.414s] -- Up-to-date symlink: /root/ros2_ws/install/moveit_wrapper_interfaces/include/moveit_wrapper_interfaces/moveit_wrapper_interfaces/srv/detail/plan_joints__traits.hpp
[11.415s] -- Up-to-date symlink: /root/ros2_ws/install/moveit_wrapper_interfaces/include/moveit_wrapper_interfaces/moveit_wrapper_interfaces/srv/detail/plan_joints__type_support.hpp
[11.415s] -- Up-to-date symlink: /root/ros2_ws/install/moveit_wrapper_interfaces/include/moveit_wrapper_interfaces/moveit_wrapper_interfaces/srv/detail/remove_col_obj__builder.hpp
[11.416s] -- Up-to-date symlink: /root/ros2_ws/install/moveit_wrapper_interfaces/include/moveit_wrapper_interfaces/moveit_wrapper_interfaces/srv/detail/remove_col_obj__struct.hpp
[11.417s] -- Up-to-date symlink: /root/ros2_ws/install/moveit_wrapper_interfaces/include/moveit_wrapper_interfaces/moveit_wrapper_interfaces/srv/detail/remove_col_obj__traits.hpp
[11.417s] -- Up-to-date symlink: /root/ros2_ws/install/moveit_wrapper_interfaces/include/moveit_wrapper_interfaces/moveit_wrapper_interfaces/srv/detail/remove_col_obj__type_support.hpp
[11.417s] -- Up-to-date symlink: /root/ros2_ws/install/moveit_wrapper_interfaces/include/moveit_wrapper_interfaces/moveit_wrapper_interfaces/srv/dettach_obj.hpp
[11.417s] -- Up-to-date symlink: /root/ros2_ws/install/moveit_wrapper_interfaces/include/moveit_wrapper_interfaces/moveit_wrapper_interfaces/srv/execute_plans.hpp
[11.417s] -- Up-to-date symlink: /root/ros2_ws/install/moveit_wrapper_interfaces/include/moveit_wrapper_interfaces/moveit_wrapper_interfaces/srv/get_attached_objs.hpp
[11.417s] -- Up-to-date symlink: /root/ros2_ws/install/moveit_wrapper_interfaces/include/moveit_wrapper_interfaces/moveit_wrapper_interfaces/srv/get_col_obj.hpp
[11.418s] -- Up-to-date symlink: /root/ros2_ws/install/moveit_wrapper_interfaces/include/moveit_wrapper_interfaces/moveit_wrapper_interfaces/srv/get_named_target.hpp
[11.418s] -- Up-to-date symlink: /root/ros2_ws/install/moveit_wrapper_interfaces/include/moveit_wrapper_interfaces/moveit_wrapper_interfaces/srv/get_named_targets.hpp
[11.418s] -- Up-to-date symlink: /root/ros2_ws/install/moveit_wrapper_interfaces/include/moveit_wrapper_interfaces/moveit_wrapper_interfaces/srv/goto_named_target.hpp
[11.418s] -- Up-to-date symlink: /root/ros2_ws/install/moveit_wrapper_interfaces/include/moveit_wrapper_interfaces/moveit_wrapper_interfaces/srv/move_torso.hpp
[11.424s] -- Up-to-date symlink: /root/ros2_ws/install/moveit_wrapper_interfaces/include/moveit_wrapper_interfaces/moveit_wrapper_interfaces/srv/plan.hpp
[11.424s] -- Up-to-date symlink: /root/ros2_ws/install/moveit_wrapper_interfaces/include/moveit_wrapper_interfaces/moveit_wrapper_interfaces/srv/plan_joints.hpp
[11.424s] -- Up-to-date symlink: /root/ros2_ws/install/moveit_wrapper_interfaces/include/moveit_wrapper_interfaces/moveit_wrapper_interfaces/srv/remove_col_obj.hpp
[11.425s] -- Up-to-date symlink: /root/ros2_ws/install/moveit_wrapper_interfaces/include/moveit_wrapper_interfaces/moveit_wrapper_interfaces/msg/detail/waypoint__rosidl_typesupport_fastrtps_cpp.hpp
[11.425s] -- Up-to-date symlink: /root/ros2_ws/install/moveit_wrapper_interfaces/include/moveit_wrapper_interfaces/moveit_wrapper_interfaces/msg/detail/waypoint_sequence__rosidl_typesupport_fastrtps_cpp.hpp
[11.425s] -- Up-to-date symlink: /root/ros2_ws/install/moveit_wrapper_interfaces/include/moveit_wrapper_interfaces/moveit_wrapper_interfaces/msg/rosidl_typesupport_fastrtps_cpp__visibility_control.h
[11.425s] -- Up-to-date symlink: /root/ros2_ws/install/moveit_wrapper_interfaces/include/moveit_wrapper_interfaces/moveit_wrapper_interfaces/srv/detail/add_col_obj__rosidl_typesupport_fastrtps_cpp.hpp
[11.428s] -- Up-to-date symlink: /root/ros2_ws/install/moveit_wrapper_interfaces/include/moveit_wrapper_interfaces/moveit_wrapper_interfaces/srv/detail/attach_obj__rosidl_typesupport_fastrtps_cpp.hpp
[11.429s] -- Up-to-date symlink: /root/ros2_ws/install/moveit_wrapper_interfaces/include/moveit_wrapper_interfaces/moveit_wrapper_interfaces/srv/detail/dettach_obj__rosidl_typesupport_fastrtps_cpp.hpp
[11.429s] -- Up-to-date symlink: /root/ros2_ws/install/moveit_wrapper_interfaces/include/moveit_wrapper_interfaces/moveit_wrapper_interfaces/srv/detail/execute_plans__rosidl_typesupport_fastrtps_cpp.hpp
[11.429s] -- Up-to-date symlink: /root/ros2_ws/install/moveit_wrapper_interfaces/include/moveit_wrapper_interfaces/moveit_wrapper_interfaces/srv/detail/get_attached_objs__rosidl_typesupport_fastrtps_cpp.hpp
[11.429s] -- Up-to-date symlink: /root/ros2_ws/install/moveit_wrapper_interfaces/include/moveit_wrapper_interfaces/moveit_wrapper_interfaces/srv/detail/get_col_obj__rosidl_typesupport_fastrtps_cpp.hpp
[11.430s] -- Up-to-date symlink: /root/ros2_ws/install/moveit_wrapper_interfaces/include/moveit_wrapper_interfaces/moveit_wrapper_interfaces/srv/detail/get_named_target__rosidl_typesupport_fastrtps_cpp.hpp
[11.430s] -- Up-to-date symlink: /root/ros2_ws/install/moveit_wrapper_interfaces/include/moveit_wrapper_interfaces/moveit_wrapper_interfaces/srv/detail/get_named_targets__rosidl_typesupport_fastrtps_cpp.hpp
[11.430s] -- Up-to-date symlink: /root/ros2_ws/install/moveit_wrapper_interfaces/include/moveit_wrapper_interfaces/moveit_wrapper_interfaces/srv/detail/goto_named_target__rosidl_typesupport_fastrtps_cpp.hpp
[11.430s] -- Up-to-date symlink: /root/ros2_ws/install/moveit_wrapper_interfaces/include/moveit_wrapper_interfaces/moveit_wrapper_interfaces/srv/detail/move_torso__rosidl_typesupport_fastrtps_cpp.hpp
[11.430s] -- Up-to-date symlink: /root/ros2_ws/install/moveit_wrapper_interfaces/include/moveit_wrapper_interfaces/moveit_wrapper_interfaces/srv/detail/plan__rosidl_typesupport_fastrtps_cpp.hpp
[11.431s] -- Up-to-date symlink: /root/ros2_ws/install/moveit_wrapper_interfaces/include/moveit_wrapper_interfaces/moveit_wrapper_interfaces/srv/detail/plan_joints__rosidl_typesupport_fastrtps_cpp.hpp
[11.434s] -- Up-to-date symlink: /root/ros2_ws/install/moveit_wrapper_interfaces/include/moveit_wrapper_interfaces/moveit_wrapper_interfaces/srv/detail/remove_col_obj__rosidl_typesupport_fastrtps_cpp.hpp
[11.435s] -- Up-to-date symlink: /root/ros2_ws/install/moveit_wrapper_interfaces/include/moveit_wrapper_interfaces/moveit_wrapper_interfaces/msg/detail/waypoint__rosidl_typesupport_introspection_cpp.hpp
[11.435s] -- Up-to-date symlink: /root/ros2_ws/install/moveit_wrapper_interfaces/include/moveit_wrapper_interfaces/moveit_wrapper_interfaces/msg/detail/waypoint_sequence__rosidl_typesupport_introspection_cpp.hpp
[11.435s] -- Up-to-date symlink: /root/ros2_ws/install/moveit_wrapper_interfaces/include/moveit_wrapper_interfaces/moveit_wrapper_interfaces/srv/detail/add_col_obj__rosidl_typesupport_introspection_cpp.hpp
[11.436s] -- Up-to-date symlink: /root/ros2_ws/install/moveit_wrapper_interfaces/include/moveit_wrapper_interfaces/moveit_wrapper_interfaces/srv/detail/attach_obj__rosidl_typesupport_introspection_cpp.hpp
[11.436s] -- Up-to-date symlink: /root/ros2_ws/install/moveit_wrapper_interfaces/include/moveit_wrapper_interfaces/moveit_wrapper_interfaces/srv/detail/dettach_obj__rosidl_typesupport_introspection_cpp.hpp
[11.436s] -- Up-to-date symlink: /root/ros2_ws/install/moveit_wrapper_interfaces/include/moveit_wrapper_interfaces/moveit_wrapper_interfaces/srv/detail/execute_plans__rosidl_typesupport_introspection_cpp.hpp
[11.436s] -- Up-to-date symlink: /root/ros2_ws/install/moveit_wrapper_interfaces/include/moveit_wrapper_interfaces/moveit_wrapper_interfaces/srv/detail/get_attached_objs__rosidl_typesupport_introspection_cpp.hpp
[11.437s] -- Up-to-date symlink: /root/ros2_ws/install/moveit_wrapper_interfaces/include/moveit_wrapper_interfaces/moveit_wrapper_interfaces/srv/detail/get_col_obj__rosidl_typesupport_introspection_cpp.hpp
[11.437s] -- Up-to-date symlink: /root/ros2_ws/install/moveit_wrapper_interfaces/include/moveit_wrapper_interfaces/moveit_wrapper_interfaces/srv/detail/get_named_target__rosidl_typesupport_introspection_cpp.hpp
[11.437s] -- Up-to-date symlink: /root/ros2_ws/install/moveit_wrapper_interfaces/include/moveit_wrapper_interfaces/moveit_wrapper_interfaces/srv/detail/get_named_targets__rosidl_typesupport_introspection_cpp.hpp
[11.437s] -- Up-to-date symlink: /root/ros2_ws/install/moveit_wrapper_interfaces/include/moveit_wrapper_interfaces/moveit_wrapper_interfaces/srv/detail/goto_named_target__rosidl_typesupport_introspection_cpp.hpp
[11.438s] -- Up-to-date symlink: /root/ros2_ws/install/moveit_wrapper_interfaces/include/moveit_wrapper_interfaces/moveit_wrapper_interfaces/srv/detail/move_torso__rosidl_typesupport_introspection_cpp.hpp
[11.441s] -- Up-to-date symlink: /root/ros2_ws/install/moveit_wrapper_interfaces/include/moveit_wrapper_interfaces/moveit_wrapper_interfaces/srv/detail/plan__rosidl_typesupport_introspection_cpp.hpp
[11.442s] -- Up-to-date symlink: /root/ros2_ws/install/moveit_wrapper_interfaces/include/moveit_wrapper_interfaces/moveit_wrapper_interfaces/srv/detail/plan_joints__rosidl_typesupport_introspection_cpp.hpp
[11.442s] -- Up-to-date symlink: /root/ros2_ws/install/moveit_wrapper_interfaces/include/moveit_wrapper_interfaces/moveit_wrapper_interfaces/srv/detail/remove_col_obj__rosidl_typesupport_introspection_cpp.hpp
[11.442s] -- Up-to-date symlink: /root/ros2_ws/install/moveit_wrapper_interfaces/share/moveit_wrapper_interfaces/environment/pythonpath.sh
[11.442s] -- Up-to-date symlink: /root/ros2_ws/install/moveit_wrapper_interfaces/share/moveit_wrapper_interfaces/environment/pythonpath.dsv
[11.443s] -- Up-to-date symlink: /root/ros2_ws/install/moveit_wrapper_interfaces/local/lib/python3.10/dist-packages/moveit_wrapper_interfaces-1.1.2-py3.10.egg-info/PKG-INFO
[11.443s] -- Up-to-date symlink: /root/ros2_ws/install/moveit_wrapper_interfaces/local/lib/python3.10/dist-packages/moveit_wrapper_interfaces-1.1.2-py3.10.egg-info/SOURCES.txt
[11.443s] -- Up-to-date symlink: /root/ros2_ws/install/moveit_wrapper_interfaces/local/lib/python3.10/dist-packages/moveit_wrapper_interfaces-1.1.2-py3.10.egg-info/dependency_links.txt
[11.444s] -- Up-to-date symlink: /root/ros2_ws/install/moveit_wrapper_interfaces/local/lib/python3.10/dist-packages/moveit_wrapper_interfaces-1.1.2-py3.10.egg-info/top_level.txt
[11.451s] -- Up-to-date symlink: /root/ros2_ws/install/moveit_wrapper_interfaces/local/lib/python3.10/dist-packages/moveit_wrapper_interfaces/__init__.py
[11.451s] -- Up-to-date symlink: /root/ros2_ws/install/moveit_wrapper_interfaces/local/lib/python3.10/dist-packages/moveit_wrapper_interfaces/_moveit_wrapper_interfaces_s.ep.rosidl_typesupport_c.c
[11.452s] -- Up-to-date symlink: /root/ros2_ws/install/moveit_wrapper_interfaces/local/lib/python3.10/dist-packages/moveit_wrapper_interfaces/_moveit_wrapper_interfaces_s.ep.rosidl_typesupport_fastrtps_c.c
[11.452s] -- Up-to-date symlink: /root/ros2_ws/install/moveit_wrapper_interfaces/local/lib/python3.10/dist-packages/moveit_wrapper_interfaces/_moveit_wrapper_interfaces_s.ep.rosidl_typesupport_introspection_c.c
[11.452s] -- Up-to-date symlink: /root/ros2_ws/install/moveit_wrapper_interfaces/local/lib/python3.10/dist-packages/moveit_wrapper_interfaces/libmoveit_wrapper_interfaces__rosidl_generator_py.so
[11.452s] -- Up-to-date symlink: /root/ros2_ws/install/moveit_wrapper_interfaces/local/lib/python3.10/dist-packages/moveit_wrapper_interfaces/moveit_wrapper_interfaces_s__rosidl_typesupport_c.cpython-310-x86_64-linux-gnu.so
[11.453s] -- Up-to-date symlink: /root/ros2_ws/install/moveit_wrapper_interfaces/local/lib/python3.10/dist-packages/moveit_wrapper_interfaces/moveit_wrapper_interfaces_s__rosidl_typesupport_fastrtps_c.cpython-310-x86_64-linux-gnu.so
[11.453s] -- Up-to-date symlink: /root/ros2_ws/install/moveit_wrapper_interfaces/local/lib/python3.10/dist-packages/moveit_wrapper_interfaces/moveit_wrapper_interfaces_s__rosidl_typesupport_introspection_c.cpython-310-x86_64-linux-gnu.so
[11.453s] -- Up-to-date symlink: /root/ros2_ws/install/moveit_wrapper_interfaces/local/lib/python3.10/dist-packages/moveit_wrapper_interfaces/msg/__init__.py
[11.453s] -- Up-to-date symlink: /root/ros2_ws/install/moveit_wrapper_interfaces/local/lib/python3.10/dist-packages/moveit_wrapper_interfaces/msg/_waypoint.py
[11.456s] -- Up-to-date symlink: /root/ros2_ws/install/moveit_wrapper_interfaces/local/lib/python3.10/dist-packages/moveit_wrapper_interfaces/msg/_waypoint_s.c
[11.456s] -- Up-to-date symlink: /root/ros2_ws/install/moveit_wrapper_interfaces/local/lib/python3.10/dist-packages/moveit_wrapper_interfaces/msg/_waypoint_sequence.py
[11.457s] -- Up-to-date symlink: /root/ros2_ws/install/moveit_wrapper_interfaces/local/lib/python3.10/dist-packages/moveit_wrapper_interfaces/msg/_waypoint_sequence_s.c
[11.457s] -- Up-to-date symlink: /root/ros2_ws/install/moveit_wrapper_interfaces/local/lib/python3.10/dist-packages/moveit_wrapper_interfaces/srv/__init__.py
[11.458s] -- Up-to-date symlink: /root/ros2_ws/install/moveit_wrapper_interfaces/local/lib/python3.10/dist-packages/moveit_wrapper_interfaces/srv/_add_col_obj.py
[11.458s] -- Up-to-date symlink: /root/ros2_ws/install/moveit_wrapper_interfaces/local/lib/python3.10/dist-packages/moveit_wrapper_interfaces/srv/_add_col_obj_s.c
[11.460s] -- Up-to-date symlink: /root/ros2_ws/install/moveit_wrapper_interfaces/local/lib/python3.10/dist-packages/moveit_wrapper_interfaces/srv/_attach_obj.py
[11.460s] -- Up-to-date symlink: /root/ros2_ws/install/moveit_wrapper_interfaces/local/lib/python3.10/dist-packages/moveit_wrapper_interfaces/srv/_attach_obj_s.c
[11.460s] -- Up-to-date symlink: /root/ros2_ws/install/moveit_wrapper_interfaces/local/lib/python3.10/dist-packages/moveit_wrapper_interfaces/srv/_dettach_obj.py
[11.461s] -- Up-to-date symlink: /root/ros2_ws/install/moveit_wrapper_interfaces/local/lib/python3.10/dist-packages/moveit_wrapper_interfaces/srv/_dettach_obj_s.c
[11.461s] -- Up-to-date symlink: /root/ros2_ws/install/moveit_wrapper_interfaces/local/lib/python3.10/dist-packages/moveit_wrapper_interfaces/srv/_execute_plans.py
[11.462s] -- Up-to-date symlink: /root/ros2_ws/install/moveit_wrapper_interfaces/local/lib/python3.10/dist-packages/moveit_wrapper_interfaces/srv/_execute_plans_s.c
[11.462s] -- Up-to-date symlink: /root/ros2_ws/install/moveit_wrapper_interfaces/local/lib/python3.10/dist-packages/moveit_wrapper_interfaces/srv/_get_attached_objs.py
[11.463s] -- Up-to-date symlink: /root/ros2_ws/install/moveit_wrapper_interfaces/local/lib/python3.10/dist-packages/moveit_wrapper_interfaces/srv/_get_attached_objs_s.c
[11.463s] -- Up-to-date symlink: /root/ros2_ws/install/moveit_wrapper_interfaces/local/lib/python3.10/dist-packages/moveit_wrapper_interfaces/srv/_get_col_obj.py
[11.467s] -- Up-to-date symlink: /root/ros2_ws/install/moveit_wrapper_interfaces/local/lib/python3.10/dist-packages/moveit_wrapper_interfaces/srv/_get_col_obj_s.c
[11.467s] -- Up-to-date symlink: /root/ros2_ws/install/moveit_wrapper_interfaces/local/lib/python3.10/dist-packages/moveit_wrapper_interfaces/srv/_get_named_target.py
[11.467s] -- Up-to-date symlink: /root/ros2_ws/install/moveit_wrapper_interfaces/local/lib/python3.10/dist-packages/moveit_wrapper_interfaces/srv/_get_named_target_s.c
[11.467s] -- Up-to-date symlink: /root/ros2_ws/install/moveit_wrapper_interfaces/local/lib/python3.10/dist-packages/moveit_wrapper_interfaces/srv/_get_named_targets.py
[11.468s] -- Up-to-date symlink: /root/ros2_ws/install/moveit_wrapper_interfaces/local/lib/python3.10/dist-packages/moveit_wrapper_interfaces/srv/_get_named_targets_s.c
[11.468s] -- Up-to-date symlink: /root/ros2_ws/install/moveit_wrapper_interfaces/local/lib/python3.10/dist-packages/moveit_wrapper_interfaces/srv/_goto_named_target.py
[11.469s] -- Up-to-date symlink: /root/ros2_ws/install/moveit_wrapper_interfaces/local/lib/python3.10/dist-packages/moveit_wrapper_interfaces/srv/_goto_named_target_s.c
[11.469s] -- Up-to-date symlink: /root/ros2_ws/install/moveit_wrapper_interfaces/local/lib/python3.10/dist-packages/moveit_wrapper_interfaces/srv/_move_torso.py
[11.471s] -- Up-to-date symlink: /root/ros2_ws/install/moveit_wrapper_interfaces/local/lib/python3.10/dist-packages/moveit_wrapper_interfaces/srv/_move_torso_s.c
[11.472s] -- Up-to-date symlink: /root/ros2_ws/install/moveit_wrapper_interfaces/local/lib/python3.10/dist-packages/moveit_wrapper_interfaces/srv/_plan.py
[11.472s] -- Up-to-date symlink: /root/ros2_ws/install/moveit_wrapper_interfaces/local/lib/python3.10/dist-packages/moveit_wrapper_interfaces/srv/_plan_joints.py
[11.472s] -- Up-to-date symlink: /root/ros2_ws/install/moveit_wrapper_interfaces/local/lib/python3.10/dist-packages/moveit_wrapper_interfaces/srv/_plan_joints_s.c
[11.472s] -- Up-to-date symlink: /root/ros2_ws/install/moveit_wrapper_interfaces/local/lib/python3.10/dist-packages/moveit_wrapper_interfaces/srv/_plan_s.c
[11.475s] -- Up-to-date symlink: /root/ros2_ws/install/moveit_wrapper_interfaces/local/lib/python3.10/dist-packages/moveit_wrapper_interfaces/srv/_remove_col_obj.py
[11.476s] -- Up-to-date symlink: /root/ros2_ws/install/moveit_wrapper_interfaces/local/lib/python3.10/dist-packages/moveit_wrapper_interfaces/srv/_remove_col_obj_s.c
[11.477s] -- Up-to-date symlink: /root/ros2_ws/install/moveit_wrapper_interfaces/local/lib/python3.10/dist-packages/moveit_wrapper_interfaces/moveit_wrapper_interfaces_s__rosidl_typesupport_fastrtps_c.cpython-310-x86_64-linux-gnu.so
[11.477s] -- Up-to-date symlink: /root/ros2_ws/install/moveit_wrapper_interfaces/local/lib/python3.10/dist-packages/moveit_wrapper_interfaces/moveit_wrapper_interfaces_s__rosidl_typesupport_introspection_c.cpython-310-x86_64-linux-gnu.so
[11.478s] -- Up-to-date symlink: /root/ros2_ws/install/moveit_wrapper_interfaces/local/lib/python3.10/dist-packages/moveit_wrapper_interfaces/moveit_wrapper_interfaces_s__rosidl_typesupport_c.cpython-310-x86_64-linux-gnu.so
[11.478s] -- Up-to-date symlink: /root/ros2_ws/install/moveit_wrapper_interfaces/share/moveit_wrapper_interfaces/msg/Waypoint.idl
[11.479s] -- Up-to-date symlink: /root/ros2_ws/install/moveit_wrapper_interfaces/share/moveit_wrapper_interfaces/msg/WaypointSequence.idl
[11.479s] -- Up-to-date symlink: /root/ros2_ws/install/moveit_wrapper_interfaces/share/moveit_wrapper_interfaces/srv/AddColObj.idl
[11.482s] -- Up-to-date symlink: /root/ros2_ws/install/moveit_wrapper_interfaces/share/moveit_wrapper_interfaces/srv/AttachObj.idl
[11.482s] -- Up-to-date symlink: /root/ros2_ws/install/moveit_wrapper_interfaces/share/moveit_wrapper_interfaces/srv/DettachObj.idl
[11.482s] -- Up-to-date symlink: /root/ros2_ws/install/moveit_wrapper_interfaces/share/moveit_wrapper_interfaces/srv/ExecutePlans.idl
[11.482s] -- Up-to-date symlink: /root/ros2_ws/install/moveit_wrapper_interfaces/share/moveit_wrapper_interfaces/srv/GetAttachedObjs.idl
[11.482s] -- Up-to-date symlink: /root/ros2_ws/install/moveit_wrapper_interfaces/share/moveit_wrapper_interfaces/srv/GetColObj.idl
[11.490s] -- Up-to-date symlink: /root/ros2_ws/install/moveit_wrapper_interfaces/share/moveit_wrapper_interfaces/srv/GetNamedTarget.idl
[11.496s] -- Up-to-date symlink: /root/ros2_ws/install/moveit_wrapper_interfaces/share/moveit_wrapper_interfaces/srv/GetNamedTargets.idl
[11.496s] -- Up-to-date symlink: /root/ros2_ws/install/moveit_wrapper_interfaces/share/moveit_wrapper_interfaces/srv/GotoNamedTarget.idl
[11.497s] -- Up-to-date symlink: /root/ros2_ws/install/moveit_wrapper_interfaces/share/moveit_wrapper_interfaces/srv/Plan.idl
[11.497s] -- Up-to-date symlink: /root/ros2_ws/install/moveit_wrapper_interfaces/share/moveit_wrapper_interfaces/srv/PlanJoints.idl
[11.498s] -- Up-to-date symlink: /root/ros2_ws/install/moveit_wrapper_interfaces/share/moveit_wrapper_interfaces/srv/RemoveColObj.idl
[11.498s] -- Up-to-date symlink: /root/ros2_ws/install/moveit_wrapper_interfaces/share/moveit_wrapper_interfaces/srv/MoveTorso.idl
[11.501s] -- Up-to-date symlink: /root/ros2_ws/install/moveit_wrapper_interfaces/share/moveit_wrapper_interfaces/msg/Waypoint.msg
[11.501s] -- Up-to-date symlink: /root/ros2_ws/install/moveit_wrapper_interfaces/share/moveit_wrapper_interfaces/msg/WaypointSequence.msg
[11.501s] -- Up-to-date symlink: /root/ros2_ws/install/moveit_wrapper_interfaces/share/moveit_wrapper_interfaces/srv/AddColObj.srv
[11.501s] -- Up-to-date symlink: /root/ros2_ws/install/moveit_wrapper_interfaces/share/moveit_wrapper_interfaces/srv/AddColObj_Request.msg
[11.501s] -- Up-to-date symlink: /root/ros2_ws/install/moveit_wrapper_interfaces/share/moveit_wrapper_interfaces/srv/AddColObj_Response.msg
[11.502s] -- Up-to-date symlink: /root/ros2_ws/install/moveit_wrapper_interfaces/share/moveit_wrapper_interfaces/srv/AttachObj.srv
[11.502s] -- Up-to-date symlink: /root/ros2_ws/install/moveit_wrapper_interfaces/share/moveit_wrapper_interfaces/srv/AttachObj_Request.msg
[11.503s] -- Up-to-date symlink: /root/ros2_ws/install/moveit_wrapper_interfaces/share/moveit_wrapper_interfaces/srv/AttachObj_Response.msg
[11.503s] -- Up-to-date symlink: /root/ros2_ws/install/moveit_wrapper_interfaces/share/moveit_wrapper_interfaces/srv/DettachObj.srv
[11.508s] -- Up-to-date symlink: /root/ros2_ws/install/moveit_wrapper_interfaces/share/moveit_wrapper_interfaces/srv/DettachObj_Request.msg
[11.508s] -- Up-to-date symlink: /root/ros2_ws/install/moveit_wrapper_interfaces/share/moveit_wrapper_interfaces/srv/DettachObj_Response.msg
[11.510s] -- Up-to-date symlink: /root/ros2_ws/install/moveit_wrapper_interfaces/share/moveit_wrapper_interfaces/srv/ExecutePlans.srv
[11.510s] -- Up-to-date symlink: /root/ros2_ws/install/moveit_wrapper_interfaces/share/moveit_wrapper_interfaces/srv/ExecutePlans_Request.msg
[11.510s] -- Up-to-date symlink: /root/ros2_ws/install/moveit_wrapper_interfaces/share/moveit_wrapper_interfaces/srv/ExecutePlans_Response.msg
[11.510s] -- Up-to-date symlink: /root/ros2_ws/install/moveit_wrapper_interfaces/share/moveit_wrapper_interfaces/srv/GetAttachedObjs.srv
[11.510s] -- Up-to-date symlink: /root/ros2_ws/install/moveit_wrapper_interfaces/share/moveit_wrapper_interfaces/srv/GetAttachedObjs_Request.msg
[11.510s] -- Up-to-date symlink: /root/ros2_ws/install/moveit_wrapper_interfaces/share/moveit_wrapper_interfaces/srv/GetAttachedObjs_Response.msg
[11.511s] -- Up-to-date symlink: /root/ros2_ws/install/moveit_wrapper_interfaces/share/moveit_wrapper_interfaces/srv/GetColObj.srv
[11.511s] -- Up-to-date symlink: /root/ros2_ws/install/moveit_wrapper_interfaces/share/moveit_wrapper_interfaces/srv/GetColObj_Request.msg
[11.512s] -- Up-to-date symlink: /root/ros2_ws/install/moveit_wrapper_interfaces/share/moveit_wrapper_interfaces/srv/GetColObj_Response.msg
[11.512s] -- Up-to-date symlink: /root/ros2_ws/install/moveit_wrapper_interfaces/share/moveit_wrapper_interfaces/srv/GetNamedTarget.srv
[11.517s] -- Up-to-date symlink: /root/ros2_ws/install/moveit_wrapper_interfaces/share/moveit_wrapper_interfaces/srv/GetNamedTarget_Request.msg
[11.517s] -- Up-to-date symlink: /root/ros2_ws/install/moveit_wrapper_interfaces/share/moveit_wrapper_interfaces/srv/GetNamedTarget_Response.msg
[11.517s] -- Up-to-date symlink: /root/ros2_ws/install/moveit_wrapper_interfaces/share/moveit_wrapper_interfaces/srv/GetNamedTargets.srv
[11.517s] -- Up-to-date symlink: /root/ros2_ws/install/moveit_wrapper_interfaces/share/moveit_wrapper_interfaces/srv/GetNamedTargets_Request.msg
[11.517s] -- Up-to-date symlink: /root/ros2_ws/install/moveit_wrapper_interfaces/share/moveit_wrapper_interfaces/srv/GetNamedTargets_Response.msg
[11.518s] -- Up-to-date symlink: /root/ros2_ws/install/moveit_wrapper_interfaces/share/moveit_wrapper_interfaces/srv/GotoNamedTarget.srv
[11.518s] -- Up-to-date symlink: /root/ros2_ws/install/moveit_wrapper_interfaces/share/moveit_wrapper_interfaces/srv/GotoNamedTarget_Request.msg
[11.518s] -- Up-to-date symlink: /root/ros2_ws/install/moveit_wrapper_interfaces/share/moveit_wrapper_interfaces/srv/GotoNamedTarget_Response.msg
[11.518s] -- Up-to-date symlink: /root/ros2_ws/install/moveit_wrapper_interfaces/share/moveit_wrapper_interfaces/srv/Plan.srv
[11.518s] -- Up-to-date symlink: /root/ros2_ws/install/moveit_wrapper_interfaces/share/moveit_wrapper_interfaces/srv/Plan_Request.msg
[11.518s] -- Up-to-date symlink: /root/ros2_ws/install/moveit_wrapper_interfaces/share/moveit_wrapper_interfaces/srv/Plan_Response.msg
[11.519s] -- Up-to-date symlink: /root/ros2_ws/install/moveit_wrapper_interfaces/share/moveit_wrapper_interfaces/srv/PlanJoints.srv
[11.519s] -- Up-to-date symlink: /root/ros2_ws/install/moveit_wrapper_interfaces/share/moveit_wrapper_interfaces/srv/PlanJoints_Request.msg
[11.519s] -- Up-to-date symlink: /root/ros2_ws/install/moveit_wrapper_interfaces/share/moveit_wrapper_interfaces/srv/PlanJoints_Response.msg
[11.519s] -- Up-to-date symlink: /root/ros2_ws/install/moveit_wrapper_interfaces/share/moveit_wrapper_interfaces/srv/RemoveColObj.srv
[11.519s] -- Up-to-date symlink: /root/ros2_ws/install/moveit_wrapper_interfaces/share/moveit_wrapper_interfaces/srv/RemoveColObj_Request.msg
[11.521s] -- Up-to-date symlink: /root/ros2_ws/install/moveit_wrapper_interfaces/share/moveit_wrapper_interfaces/srv/RemoveColObj_Response.msg
[11.521s] -- Up-to-date symlink: /root/ros2_ws/install/moveit_wrapper_interfaces/share/moveit_wrapper_interfaces/srv/MoveTorso.srv
[11.522s] -- Up-to-date symlink: /root/ros2_ws/install/moveit_wrapper_interfaces/share/moveit_wrapper_interfaces/srv/MoveTorso_Request.msg
[11.522s] -- Up-to-date symlink: /root/ros2_ws/install/moveit_wrapper_interfaces/share/moveit_wrapper_interfaces/srv/MoveTorso_Response.msg
[11.522s] -- Up-to-date symlink: /root/ros2_ws/install/moveit_wrapper_interfaces/share/ament_index/resource_index/package_run_dependencies/moveit_wrapper_interfaces
[11.523s] -- Up-to-date symlink: /root/ros2_ws/install/moveit_wrapper_interfaces/share/ament_index/resource_index/parent_prefix_path/moveit_wrapper_interfaces
[11.523s] -- Up-to-date symlink: /root/ros2_ws/install/moveit_wrapper_interfaces/share/moveit_wrapper_interfaces/environment/ament_prefix_path.sh
[11.526s] -- Up-to-date symlink: /root/ros2_ws/install/moveit_wrapper_interfaces/share/moveit_wrapper_interfaces/environment/ament_prefix_path.dsv
[11.526s] -- Up-to-date symlink: /root/ros2_ws/install/moveit_wrapper_interfaces/share/moveit_wrapper_interfaces/environment/path.sh
[11.526s] -- Up-to-date symlink: /root/ros2_ws/install/moveit_wrapper_interfaces/share/moveit_wrapper_interfaces/environment/path.dsv
[11.531s] -- Up-to-date symlink: /root/ros2_ws/install/moveit_wrapper_interfaces/share/moveit_wrapper_interfaces/local_setup.bash
[11.532s] -- Up-to-date symlink: /root/ros2_ws/install/moveit_wrapper_interfaces/share/moveit_wrapper_interfaces/local_setup.sh
[11.532s] -- Up-to-date symlink: /root/ros2_ws/install/moveit_wrapper_interfaces/share/moveit_wrapper_interfaces/local_setup.zsh
[11.533s] -- Up-to-date symlink: /root/ros2_ws/install/moveit_wrapper_interfaces/share/moveit_wrapper_interfaces/local_setup.dsv
[11.533s] -- Symlinking: /root/ros2_ws/install/moveit_wrapper_interfaces/share/moveit_wrapper_interfaces/package.dsv
[11.583s] -- Up-to-date symlink: /root/ros2_ws/install/moveit_wrapper_interfaces/share/ament_index/resource_index/packages/moveit_wrapper_interfaces
[11.583s] -- Up-to-date symlink: /root/ros2_ws/install/moveit_wrapper_interfaces/share/moveit_wrapper_interfaces/cmake/rosidl_cmake-extras.cmake
[11.583s] -- Up-to-date symlink: /root/ros2_ws/install/moveit_wrapper_interfaces/share/moveit_wrapper_interfaces/cmake/ament_cmake_export_dependencies-extras.cmake
[11.588s] -- Up-to-date symlink: /root/ros2_ws/install/moveit_wrapper_interfaces/share/moveit_wrapper_interfaces/cmake/ament_cmake_export_include_directories-extras.cmake
[11.588s] -- Up-to-date symlink: /root/ros2_ws/install/moveit_wrapper_interfaces/share/moveit_wrapper_interfaces/cmake/ament_cmake_export_libraries-extras.cmake
[11.588s] -- Up-to-date symlink: /root/ros2_ws/install/moveit_wrapper_interfaces/share/moveit_wrapper_interfaces/cmake/ament_cmake_export_targets-extras.cmake
[11.588s] -- Up-to-date symlink: /root/ros2_ws/install/moveit_wrapper_interfaces/share/moveit_wrapper_interfaces/cmake/rosidl_cmake_export_typesupport_targets-extras.cmake
[11.588s] -- Up-to-date symlink: /root/ros2_ws/install/moveit_wrapper_interfaces/share/moveit_wrapper_interfaces/cmake/rosidl_cmake_export_typesupport_libraries-extras.cmake
[11.595s] -- Up-to-date symlink: /root/ros2_ws/install/moveit_wrapper_interfaces/share/moveit_wrapper_interfaces/cmake/moveit_wrapper_interfacesConfig.cmake
[11.596s] -- Up-to-date symlink: /root/ros2_ws/install/moveit_wrapper_interfaces/share/moveit_wrapper_interfaces/cmake/moveit_wrapper_interfacesConfig-version.cmake
[11.603s] -- Up-to-date symlink: /root/ros2_ws/install/moveit_wrapper_interfaces/share/moveit_wrapper_interfaces/package.xml
[11.603s] -- Up-to-date: /root/ros2_ws/install/moveit_wrapper_interfaces/lib/libmoveit_wrapper_interfaces__rosidl_generator_c.so
[11.603s] -- Up-to-date: /root/ros2_ws/install/moveit_wrapper_interfaces/lib/libmoveit_wrapper_interfaces__rosidl_typesupport_fastrtps_c.so
[11.603s] -- Up-to-date: /root/ros2_ws/install/moveit_wrapper_interfaces/lib/libmoveit_wrapper_interfaces__rosidl_typesupport_introspection_c.so
[11.603s] -- Up-to-date: /root/ros2_ws/install/moveit_wrapper_interfaces/lib/libmoveit_wrapper_interfaces__rosidl_typesupport_c.so
[11.604s] -- Up-to-date: /root/ros2_ws/install/moveit_wrapper_interfaces/lib/libmoveit_wrapper_interfaces__rosidl_typesupport_fastrtps_cpp.so
[11.604s] -- Up-to-date: /root/ros2_ws/install/moveit_wrapper_interfaces/lib/libmoveit_wrapper_interfaces__rosidl_typesupport_introspection_cpp.so
[11.611s] -- Up-to-date: /root/ros2_ws/install/moveit_wrapper_interfaces/lib/libmoveit_wrapper_interfaces__rosidl_typesupport_cpp.so
[12.068s] Listing '/root/ros2_ws/install/moveit_wrapper_interfaces/local/lib/python3.10/dist-packages/moveit_wrapper_interfaces'...
[12.069s] Compiling '/root/ros2_ws/install/moveit_wrapper_interfaces/local/lib/python3.10/dist-packages/moveit_wrapper_interfaces/__init__.py'...
[12.069s] Listing '/root/ros2_ws/install/moveit_wrapper_interfaces/local/lib/python3.10/dist-packages/moveit_wrapper_interfaces/msg'...
[12.069s] Listing '/root/ros2_ws/install/moveit_wrapper_interfaces/local/lib/python3.10/dist-packages/moveit_wrapper_interfaces/srv'...
[12.157s] -- Up-to-date: /root/ros2_ws/install/moveit_wrapper_interfaces/lib/libmoveit_wrapper_interfaces__rosidl_generator_py.so
[12.160s] -- Up-to-date: /root/ros2_ws/install/moveit_wrapper_interfaces/share/moveit_wrapper_interfaces/cmake/export_moveit_wrapper_interfaces__rosidl_generator_cExport.cmake
[12.160s] -- Up-to-date: /root/ros2_ws/install/moveit_wrapper_interfaces/share/moveit_wrapper_interfaces/cmake/export_moveit_wrapper_interfaces__rosidl_generator_cExport-noconfig.cmake
[12.160s] -- Up-to-date: /root/ros2_ws/install/moveit_wrapper_interfaces/share/moveit_wrapper_interfaces/cmake/export_moveit_wrapper_interfaces__rosidl_typesupport_fastrtps_cExport.cmake
[12.160s] -- Up-to-date: /root/ros2_ws/install/moveit_wrapper_interfaces/share/moveit_wrapper_interfaces/cmake/export_moveit_wrapper_interfaces__rosidl_typesupport_fastrtps_cExport-noconfig.cmake
[12.169s] -- Up-to-date: /root/ros2_ws/install/moveit_wrapper_interfaces/share/moveit_wrapper_interfaces/cmake/moveit_wrapper_interfaces__rosidl_typesupport_introspection_cExport.cmake
[12.169s] -- Up-to-date: /root/ros2_ws/install/moveit_wrapper_interfaces/share/moveit_wrapper_interfaces/cmake/moveit_wrapper_interfaces__rosidl_typesupport_introspection_cExport-noconfig.cmake
[12.169s] -- Up-to-date: /root/ros2_ws/install/moveit_wrapper_interfaces/share/moveit_wrapper_interfaces/cmake/moveit_wrapper_interfaces__rosidl_typesupport_cExport.cmake
[12.170s] -- Up-to-date: /root/ros2_ws/install/moveit_wrapper_interfaces/share/moveit_wrapper_interfaces/cmake/moveit_wrapper_interfaces__rosidl_typesupport_cExport-noconfig.cmake
[12.170s] -- Up-to-date: /root/ros2_ws/install/moveit_wrapper_interfaces/share/moveit_wrapper_interfaces/cmake/export_moveit_wrapper_interfaces__rosidl_generator_cppExport.cmake
[12.170s] -- Up-to-date: /root/ros2_ws/install/moveit_wrapper_interfaces/share/moveit_wrapper_interfaces/cmake/export_moveit_wrapper_interfaces__rosidl_typesupport_fastrtps_cppExport.cmake
[12.171s] -- Up-to-date: /root/ros2_ws/install/moveit_wrapper_interfaces/share/moveit_wrapper_interfaces/cmake/export_moveit_wrapper_interfaces__rosidl_typesupport_fastrtps_cppExport-noconfig.cmake
[12.171s] -- Up-to-date: /root/ros2_ws/install/moveit_wrapper_interfaces/share/moveit_wrapper_interfaces/cmake/moveit_wrapper_interfaces__rosidl_typesupport_introspection_cppExport.cmake
[12.171s] -- Up-to-date: /root/ros2_ws/install/moveit_wrapper_interfaces/share/moveit_wrapper_interfaces/cmake/moveit_wrapper_interfaces__rosidl_typesupport_introspection_cppExport-noconfig.cmake
[12.171s] -- Up-to-date: /root/ros2_ws/install/moveit_wrapper_interfaces/share/moveit_wrapper_interfaces/cmake/moveit_wrapper_interfaces__rosidl_typesupport_cppExport.cmake
[12.171s] -- Up-to-date: /root/ros2_ws/install/moveit_wrapper_interfaces/share/moveit_wrapper_interfaces/cmake/moveit_wrapper_interfaces__rosidl_typesupport_cppExport-noconfig.cmake
[12.190s] -- Up-to-date: /root/ros2_ws/install/moveit_wrapper_interfaces/share/moveit_wrapper_interfaces/cmake/export_moveit_wrapper_interfaces__rosidl_generator_pyExport.cmake
[12.191s] -- Up-to-date: /root/ros2_ws/install/moveit_wrapper_interfaces/share/moveit_wrapper_interfaces/cmake/export_moveit_wrapper_interfaces__rosidl_generator_pyExport-noconfig.cmake
[12.217s] Invoked command in '/root/ros2_ws/build/moveit_wrapper_interfaces' returned '0': CMAKE_PREFIX_PATH=/opt/ros/humble /usr/bin/cmake --install /root/ros2_ws/build/moveit_wrapper_interfaces
