-- The C compiler identification is GNU 11.4.0
-- The CXX compiler identification is GNU 11.4.0
-- Detecting C compiler ABI info
-- Detecting C compiler ABI info - done
-- Check for working C compiler: /usr/bin/cc - skipped
-- Detecting C compile features
-- Detecting C compile features - done
-- Detecting CXX compiler ABI info
-- Detecting CXX compiler ABI info - done
-- Check for working CXX compiler: /usr/bin/c++ - skipped
-- Detecting CXX compile features
-- Detecting CXX compile features - done
-- Found ament_cmake: 1.3.12 (/opt/ros/humble/share/ament_cmake/cmake)
-- Found Python3: /usr/bin/python3 (found version "3.10.12") found components: Interpreter 
-- Found rclcpp: 16.0.15 (/opt/ros/humble/share/rclcpp/cmake)
-- Found rosidl_generator_c: 3.1.7 (/opt/ros/humble/share/rosidl_generator_c/cmake)
-- Found rosidl_adapter: 3.1.7 (/opt/ros/humble/share/rosidl_adapter/cmake)
-- Found rosidl_generator_cpp: 3.1.7 (/opt/ros/humble/share/rosidl_generator_cpp/cmake)
-- Using all available rosidl_typesupport_c: rosidl_typesupport_fastrtps_c;rosidl_typesupport_introspection_c
-- Using all available rosidl_typesupport_cpp: rosidl_typesupport_fastrtps_cpp;rosidl_typesupport_introspection_cpp
-- Found rmw_implementation_cmake: 6.1.2 (/opt/ros/humble/share/rmw_implementation_cmake/cmake)
-- Found rmw_cyclonedds_cpp: 1.3.4 (/opt/ros/humble/share/rmw_cyclonedds_cpp/cmake)
-- Using RMW implementation 'rmw_cyclonedds_cpp' as default
-- Looking for pthread.h
-- Looking for pthread.h - found
-- Performing Test CMAKE_HAVE_LIBC_PTHREAD
-- Performing Test CMAKE_HAVE_LIBC_PTHREAD - Success
-- Found Threads: TRUE  
-- Found rclcpp_components: 16.0.15 (/opt/ros/humble/share/rclcpp_components/cmake)
-- Found tf2_ros: 0.25.16 (/opt/ros/humble/share/tf2_ros/cmake)
-- Found tf2_geometry_msgs: 0.25.16 (/opt/ros/humble/share/tf2_geometry_msgs/cmake)
-- Found eigen3_cmake_module: 0.1.1 (/opt/ros/humble/share/eigen3_cmake_module/cmake)
-- Found Eigen3: TRUE (found version "3.4.0") 
-- Ensuring Eigen3 include directory is part of orocos-kdl CMake target
-- Found moveit_ros_planning_interface: 2.5.9 (/opt/ros/humble/share/moveit_ros_planning_interface/cmake)
-- Found Boost: /usr/lib/x86_64-linux-gnu/cmake/Boost-1.74.0/BoostConfig.cmake (found version "1.74.0") found components: date_time filesystem program_options system thread 
-- Found Boost: /usr/lib/x86_64-linux-gnu/cmake/Boost-1.74.0/BoostConfig.cmake (found version "1.74.0") found components: chrono date_time filesystem iostreams program_options regex serialization system thread 
-- Found parameter_traits: 0.5.0 (/opt/ros/humble/share/parameter_traits/cmake)
-- Found rclcpp_lifecycle: 16.0.15 (/opt/ros/humble/share/rclcpp_lifecycle/cmake)
-- Found Boost: /usr/lib/x86_64-linux-gnu/cmake/Boost-1.74.0/BoostConfig.cmake (found version "1.74.0") found components: filesystem 
-- library: /usr/lib/x86_64-linux-gnu/libcurl.so
-- Found Boost: /usr/lib/x86_64-linux-gnu/cmake/Boost-1.74.0/BoostConfig.cmake (found version "1.74.0") found components: system filesystem date_time program_options thread chrono 
-- Found Boost: /usr/lib/x86_64-linux-gnu/cmake/Boost-1.74.0/BoostConfig.cmake (found version "1.74.0") found components: thread system filesystem regex date_time program_options 
-- Found Boost: /usr/lib/x86_64-linux-gnu/cmake/Boost-1.74.0/BoostConfig.cmake (found version "1.74.0") found components: system filesystem date_time program_options thread 
-- moveit_cpp not found (normal for Jazzy), using moveit_ros_planning instead
-- Found moveit_wrapper_interfaces: 1.1.2 (/root/ros2_ws/install/moveit_wrapper_interfaces/share/moveit_wrapper_interfaces/cmake)
-- Configuring done
-- Generating done
-- Build files have been written to: /root/ros2_ws/build/moveit_wrapper
[  6%] [32mBuilding CXX object CMakeFiles/moveit_wrapper.dir/src/services/attach_object.cpp.o[0m
[ 13%] [32mBuilding CXX object CMakeFiles/moveit_wrapper.dir/src/services/detach_object.cpp.o[0m
[ 20%] [32mBuilding CXX object CMakeFiles/moveit_wrapper.dir/src/moveit_wrapper.cpp.o[0m
[ 26%] [32mBuilding CXX object CMakeFiles/moveit_wrapper.dir/src/services/add_collision_object.cpp.o[0m
[ 33%] [32mBuilding CXX object CMakeFiles/moveit_wrapper.dir/src/services/execute_plans.cpp.o[0m
[ 40%] [32mBuilding CXX object CMakeFiles/moveit_wrapper.dir/src/services/get_collision_objects.cpp.o[0m
[ 46%] [32mBuilding CXX object CMakeFiles/moveit_wrapper.dir/src/services/get_attached_objects.cpp.o[0m
[ 53%] [32mBuilding CXX object CMakeFiles/moveit_wrapper.dir/src/services/get_named_target.cpp.o[0m
[ 60%] [32mBuilding CXX object CMakeFiles/moveit_wrapper.dir/src/services/remove_collision_object.cpp.o[0m
[ 80%] [32mBuilding CXX object CMakeFiles/moveit_wrapper.dir/src/services/plan_joints.cpp.o[0m
[ 80%] [32mBuilding CXX object CMakeFiles/moveit_wrapper.dir/src/services/move_torso.cpp.o[0m
[ 80%] [32mBuilding CXX object CMakeFiles/moveit_wrapper.dir/src/services/plan.cpp.o[0m
[ 86%] [32mBuilding CXX object CMakeFiles/moveit_wrapper.dir/src/services/goto_named_target.cpp.o[0m
[ 93%] [32mBuilding CXX object CMakeFiles/moveit_wrapper.dir/src/services/get_named_targets.cpp.o[0m
[100%] [32m[1mLinking CXX shared library libmoveit_wrapper.so[0m
[100%] Built target moveit_wrapper
-- Install configuration: ""
-- Installing: /root/ros2_ws/install/moveit_wrapper/lib/libmoveit_wrapper.so
-- Set runtime path of "/root/ros2_ws/install/moveit_wrapper/lib/libmoveit_wrapper.so" to ""
-- Installing: /root/ros2_ws/install/moveit_wrapper/include/
-- Installing: /root/ros2_ws/install/moveit_wrapper/include//moveit_wrapper
-- Installing: /root/ros2_ws/install/moveit_wrapper/include//moveit_wrapper/moveit_wrapper.hpp
-- Installing: /root/ros2_ws/install/moveit_wrapper/include//moveit_wrapper/marker_utils.hpp
-- Installing: /root/ros2_ws/install/moveit_wrapper/share/moveit_wrapper/launch
-- Installing: /root/ros2_ws/install/moveit_wrapper/share/moveit_wrapper/launch/moveit_wrapper.launch.py
-- Installing: /root/ros2_ws/install/moveit_wrapper/share/moveit_wrapper/params
-- Installing: /root/ros2_ws/install/moveit_wrapper/share/moveit_wrapper/params/tiago.yaml
-- Installing: /root/ros2_ws/install/moveit_wrapper/share/moveit_wrapper/params/moveit_wrapper.yaml
-- Installing: /root/ros2_ws/install/moveit_wrapper/share/ament_index/resource_index/package_run_dependencies/moveit_wrapper
-- Installing: /root/ros2_ws/install/moveit_wrapper/share/ament_index/resource_index/parent_prefix_path/moveit_wrapper
-- Installing: /root/ros2_ws/install/moveit_wrapper/share/moveit_wrapper/environment/ament_prefix_path.sh
-- Installing: /root/ros2_ws/install/moveit_wrapper/share/moveit_wrapper/environment/ament_prefix_path.dsv
-- Installing: /root/ros2_ws/install/moveit_wrapper/share/moveit_wrapper/environment/path.sh
-- Installing: /root/ros2_ws/install/moveit_wrapper/share/moveit_wrapper/environment/path.dsv
-- Installing: /root/ros2_ws/install/moveit_wrapper/share/moveit_wrapper/local_setup.bash
-- Installing: /root/ros2_ws/install/moveit_wrapper/share/moveit_wrapper/local_setup.sh
-- Installing: /root/ros2_ws/install/moveit_wrapper/share/moveit_wrapper/local_setup.zsh
-- Installing: /root/ros2_ws/install/moveit_wrapper/share/moveit_wrapper/local_setup.dsv
-- Installing: /root/ros2_ws/install/moveit_wrapper/share/moveit_wrapper/package.dsv
-- Installing: /root/ros2_ws/install/moveit_wrapper/share/ament_index/resource_index/packages/moveit_wrapper
-- Installing: /root/ros2_ws/install/moveit_wrapper/share/ament_index/resource_index/rclcpp_components/moveit_wrapper
-- Installing: /root/ros2_ws/install/moveit_wrapper/share/moveit_wrapper/cmake/moveit_wrapperConfig.cmake
-- Installing: /root/ros2_ws/install/moveit_wrapper/share/moveit_wrapper/cmake/moveit_wrapperConfig-version.cmake
-- Installing: /root/ros2_ws/install/moveit_wrapper/share/moveit_wrapper/package.xml
