[0.052s] Invoking command in '/root/ros2_ws/build/moveit_wrapper_interfaces': /usr/bin/cmake /root/ros2_ws/src/25ws_nb-246830/submodules/moveit-wrapper-stud/moveit_wrapper_interfaces -DAMENT_CMAKE_SYMLINK_INSTALL=1 -DCMAKE_INSTALL_PREFIX=/root/ros2_ws/install/moveit_wrapper_interfaces
[0.396s] -- The C compiler identification is GNU 11.4.0
[0.675s] -- The CXX compiler identification is GNU 11.4.0
[0.718s] -- Detecting C compiler ABI info
[1.054s] -- Detecting C compiler ABI info - done
[1.097s] -- Check for working C compiler: /usr/bin/cc - skipped
[1.108s] -- Detecting C compile features
[1.109s] -- Detecting C compile features - done
[1.130s] -- Detecting CXX compiler ABI info
[1.488s] -- Detecting CXX compiler ABI info - done
[1.533s] -- Check for working CXX compiler: /usr/bin/c++ - skipped
[1.534s] -- Detecting CXX compile features
[1.550s] -- Detecting CXX compile features - done
[1.631s] [31mCMake Error at CMakeLists.txt:7 (find_package):
[1.631s]   By not providing "Findament_cmake.cmake" in CMAKE_MODULE_PATH this project
[1.631s]   has asked CMake to find a package configuration file provided by
[1.632s]   "ament_cmake", but CMake did not find one.
[1.632s] 
[1.632s]   Could not find a package configuration file provided by "ament_cmake" with
[1.632s]   any of the following names:
[1.632s] 
[1.633s]     ament_cmakeConfig.cmake
[1.633s]     ament_cmake-config.cmake
[1.633s] 
[1.633s]   Add the installation prefix of "ament_cmake" to CMAKE_PREFIX_PATH or set
[1.633s]   "ament_cmake_DIR" to a directory containing one of the above files.  If
[1.634s]   "ament_cmake" provides a separate development package or SDK, be sure it
[1.635s]   has been installed.
[1.636s] 
[1.636s] -- Configuring incomplete, errors occurred!
[1.637s] See also "/root/ros2_ws/build/moveit_wrapper_interfaces/CMakeFiles/CMakeOutput.log".
[1.637s] [0m
[1.655s] Invoked command in '/root/ros2_ws/build/moveit_wrapper_interfaces' returned '1': /usr/bin/cmake /root/ros2_ws/src/25ws_nb-246830/submodules/moveit-wrapper-stud/moveit_wrapper_interfaces -DAMENT_CMAKE_SYMLINK_INSTALL=1 -DCMAKE_INSTALL_PREFIX=/root/ros2_ws/install/moveit_wrapper_interfaces
