-- The C compiler identification is GNU 11.4.0
-- The CXX compiler identification is GNU 11.4.0
-- Detecting C compiler ABI info
-- Detecting C compiler ABI info - done
-- Check for working C compiler: /usr/bin/cc - skipped
-- Detecting C compile features
-- Detecting C compile features - done
-- Detecting CXX compiler ABI info
-- Detecting CXX compiler ABI info - done
-- Check for working CXX compiler: /usr/bin/c++ - skipped
-- Detecting CXX compile features
-- Detecting CXX compile features - done
-- Found ament_cmake: 1.3.12 (/opt/ros/humble/share/ament_cmake/cmake)
-- Found Python3: /usr/bin/python3 (found version "3.10.12") found components: Interpreter 
-- Found rclcpp: 16.0.15 (/opt/ros/humble/share/rclcpp/cmake)
-- Found rosidl_generator_c: 3.1.7 (/opt/ros/humble/share/rosidl_generator_c/cmake)
-- Found rosidl_adapter: 3.1.7 (/opt/ros/humble/share/rosidl_adapter/cmake)
-- Found rosidl_generator_cpp: 3.1.7 (/opt/ros/humble/share/rosidl_generator_cpp/cmake)
-- Using all available rosidl_typesupport_c: rosidl_typesupport_fastrtps_c;rosidl_typesupport_introspection_c
-- Using all available rosidl_typesupport_cpp: rosidl_typesupport_fastrtps_cpp;rosidl_typesupport_introspection_cpp
-- Found rmw_implementation_cmake: 6.1.2 (/opt/ros/humble/share/rmw_implementation_cmake/cmake)
-- Found rmw_cyclonedds_cpp: 1.3.4 (/opt/ros/humble/share/rmw_cyclonedds_cpp/cmake)
-- Using RMW implementation 'rmw_cyclonedds_cpp' as default
-- Looking for pthread.h
-- Looking for pthread.h - found
-- Performing Test CMAKE_HAVE_LIBC_PTHREAD
-- Performing Test CMAKE_HAVE_LIBC_PTHREAD - Success
-- Found Threads: TRUE  
-- Found geometry_msgs: 4.9.0 (/opt/ros/humble/share/geometry_msgs/cmake)
-- Found visualization_msgs: 4.9.0 (/opt/ros/humble/share/visualization_msgs/cmake)
-- Found tf2_ros: 0.25.16 (/opt/ros/humble/share/tf2_ros/cmake)
-- Found tf2_geometry_msgs: 0.25.16 (/opt/ros/humble/share/tf2_geometry_msgs/cmake)
-- Found eigen3_cmake_module: 0.1.1 (/opt/ros/humble/share/eigen3_cmake_module/cmake)
-- Found Eigen3: TRUE (found version "3.4.0") 
-- Ensuring Eigen3 include directory is part of orocos-kdl CMake target
-- Found moveit_ros_planning_interface: 2.5.9 (/opt/ros/humble/share/moveit_ros_planning_interface/cmake)
-- Found Boost: /usr/lib/x86_64-linux-gnu/cmake/Boost-1.74.0/BoostConfig.cmake (found version "1.74.0") found components: date_time filesystem program_options system thread 
-- Found Boost: /usr/lib/x86_64-linux-gnu/cmake/Boost-1.74.0/BoostConfig.cmake (found version "1.74.0") found components: chrono date_time filesystem iostreams program_options regex serialization system thread 
-- Found parameter_traits: 0.5.0 (/opt/ros/humble/share/parameter_traits/cmake)
-- Found rclcpp_lifecycle: 16.0.15 (/opt/ros/humble/share/rclcpp_lifecycle/cmake)
-- Found Boost: /usr/lib/x86_64-linux-gnu/cmake/Boost-1.74.0/BoostConfig.cmake (found version "1.74.0") found components: filesystem 
-- library: /usr/lib/x86_64-linux-gnu/libcurl.so
-- Found Boost: /usr/lib/x86_64-linux-gnu/cmake/Boost-1.74.0/BoostConfig.cmake (found version "1.74.0") found components: system filesystem date_time program_options thread chrono 
-- Found Boost: /usr/lib/x86_64-linux-gnu/cmake/Boost-1.74.0/BoostConfig.cmake (found version "1.74.0") found components: thread system filesystem regex date_time program_options 
-- Found Boost: /usr/lib/x86_64-linux-gnu/cmake/Boost-1.74.0/BoostConfig.cmake (found version "1.74.0") found components: system filesystem date_time program_options thread 
-- Found moveit_wrapper_interfaces: 1.1.2 (/root/ros2_ws/install/moveit_wrapper_interfaces/share/moveit_wrapper_interfaces/cmake)
-- Found ament_lint_auto: 0.12.14 (/opt/ros/humble/share/ament_lint_auto/cmake)
-- Added test 'cppcheck' to perform static code analysis on C / C++ code
-- Configured cppcheck include dirs: $<BUILD_INTERFACE:/root/ros2_ws/src/25ws_nb-246830/stage_6/wrapper_collision_marker/include>
-- Configured cppcheck exclude dirs and/or files: 
-- Added test 'lint_cmake' to check CMake code style
-- Added test 'uncrustify' to check C / C++ code style
-- Configured uncrustify additional arguments: 
-- Added test 'xmllint' to check XML markup files
-- Configuring done
-- Generating done
-- Build files have been written to: /root/ros2_ws/build/wrapper_collision_marker
[ 50%] [32mBuilding CXX object CMakeFiles/wrapper_marker.dir/src/wrapper_marker.cpp.o[0m
[100%] [32m[1mLinking CXX executable wrapper_marker[0m
[100%] Built target wrapper_marker
-- Install configuration: ""
-- Installing: /root/ros2_ws/install/wrapper_collision_marker/lib/wrapper_collision_marker/wrapper_marker
-- Set runtime path of "/root/ros2_ws/install/wrapper_collision_marker/lib/wrapper_collision_marker/wrapper_marker" to ""
-- Installing: /root/ros2_ws/install/wrapper_collision_marker/share/ament_index/resource_index/package_run_dependencies/wrapper_collision_marker
-- Installing: /root/ros2_ws/install/wrapper_collision_marker/share/ament_index/resource_index/parent_prefix_path/wrapper_collision_marker
-- Installing: /root/ros2_ws/install/wrapper_collision_marker/share/wrapper_collision_marker/environment/ament_prefix_path.sh
-- Installing: /root/ros2_ws/install/wrapper_collision_marker/share/wrapper_collision_marker/environment/ament_prefix_path.dsv
-- Installing: /root/ros2_ws/install/wrapper_collision_marker/share/wrapper_collision_marker/environment/path.sh
-- Installing: /root/ros2_ws/install/wrapper_collision_marker/share/wrapper_collision_marker/environment/path.dsv
-- Installing: /root/ros2_ws/install/wrapper_collision_marker/share/wrapper_collision_marker/local_setup.bash
-- Installing: /root/ros2_ws/install/wrapper_collision_marker/share/wrapper_collision_marker/local_setup.sh
-- Installing: /root/ros2_ws/install/wrapper_collision_marker/share/wrapper_collision_marker/local_setup.zsh
-- Installing: /root/ros2_ws/install/wrapper_collision_marker/share/wrapper_collision_marker/local_setup.dsv
-- Installing: /root/ros2_ws/install/wrapper_collision_marker/share/wrapper_collision_marker/package.dsv
-- Installing: /root/ros2_ws/install/wrapper_collision_marker/share/ament_index/resource_index/packages/wrapper_collision_marker
-- Installing: /root/ros2_ws/install/wrapper_collision_marker/share/wrapper_collision_marker/cmake/wrapper_collision_markerConfig.cmake
-- Installing: /root/ros2_ws/install/wrapper_collision_marker/share/wrapper_collision_marker/cmake/wrapper_collision_markerConfig-version.cmake
-- Installing: /root/ros2_ws/install/wrapper_collision_marker/share/wrapper_collision_marker/package.xml
