[0.080s] Invoking command in '/root/ros2_ws/build/wrapper_collision_marker': AMENT_PREFIX_PATH=/root/ros2_ws/install/moveit_wrapper_interfaces:${AMENT_PREFIX_PATH} CMAKE_PREFIX_PATH=/root/ros2_ws/install/moveit_wrapper_interfaces:/opt/ros/humble LD_LIBRARY_PATH=/root/ros2_ws/install/moveit_wrapper_interfaces/lib:${LD_LIBRARY_PATH} PYTHONPATH=/root/ros2_ws/install/moveit_wrapper_interfaces/local/lib/python3.10/dist-packages:${PYTHONPATH} /usr/bin/cmake /root/ros2_ws/src/25ws_nb-246830/stage_6/wrapper_collision_marker -DCMAKE_INSTALL_PREFIX=/root/ros2_ws/install/wrapper_collision_marker
[0.363s] -- The C compiler identification is GNU 11.4.0
[0.893s] -- The CXX compiler identification is GNU 11.4.0
[0.944s] -- Detecting C compiler ABI info
[1.243s] -- Detecting C compiler ABI info - done
[1.299s] -- Check for working C compiler: /usr/bin/cc - skipped
[1.303s] -- Detecting C compile features
[1.305s] -- Detecting C compile features - done
[1.326s] -- Detecting CXX compiler ABI info
[1.854s] -- Detecting CXX compiler ABI info - done
[1.957s] -- Check for working CXX compiler: /usr/bin/c++ - skipped
[1.968s] -- Detecting CXX compile features
[1.969s] -- Detecting CXX compile features - done
[1.994s] -- Found ament_cmake: 1.3.12 (/opt/ros/humble/share/ament_cmake/cmake)
[2.480s] -- Found Python3: /usr/bin/python3 (found version "3.10.12") found components: Interpreter 
[2.848s] -- Found rclcpp: 16.0.15 (/opt/ros/humble/share/rclcpp/cmake)
[3.112s] -- Found rosidl_generator_c: 3.1.7 (/opt/ros/humble/share/rosidl_generator_c/cmake)
[3.131s] -- Found rosidl_adapter: 3.1.7 (/opt/ros/humble/share/rosidl_adapter/cmake)
[3.177s] -- Found rosidl_generator_cpp: 3.1.7 (/opt/ros/humble/share/rosidl_generator_cpp/cmake)
[3.229s] -- Using all available rosidl_typesupport_c: rosidl_typesupport_fastrtps_c;rosidl_typesupport_introspection_c
[3.284s] -- Using all available rosidl_typesupport_cpp: rosidl_typesupport_fastrtps_cpp;rosidl_typesupport_introspection_cpp
[3.501s] -- Found rmw_implementation_cmake: 6.1.2 (/opt/ros/humble/share/rmw_implementation_cmake/cmake)
[3.514s] -- Found rmw_cyclonedds_cpp: 1.3.4 (/opt/ros/humble/share/rmw_cyclonedds_cpp/cmake)
[3.575s] -- Using RMW implementation 'rmw_cyclonedds_cpp' as default
[3.604s] -- Looking for pthread.h
[3.764s] -- Looking for pthread.h - found
[3.764s] -- Performing Test CMAKE_HAVE_LIBC_PTHREAD
[3.974s] -- Performing Test CMAKE_HAVE_LIBC_PTHREAD - Success
[3.979s] -- Found Threads: TRUE  
[4.159s] -- Found geometry_msgs: 4.9.0 (/opt/ros/humble/share/geometry_msgs/cmake)
[4.202s] -- Found visualization_msgs: 4.9.0 (/opt/ros/humble/share/visualization_msgs/cmake)
[4.299s] -- Found tf2_ros: 0.25.16 (/opt/ros/humble/share/tf2_ros/cmake)
[4.551s] -- Found tf2_geometry_msgs: 0.25.16 (/opt/ros/humble/share/tf2_geometry_msgs/cmake)
[4.584s] -- Found eigen3_cmake_module: 0.1.1 (/opt/ros/humble/share/eigen3_cmake_module/cmake)
[4.585s] -- Found Eigen3: TRUE (found version "3.4.0") 
[4.585s] -- Ensuring Eigen3 include directory is part of orocos-kdl CMake target
[4.591s] -- Found moveit_ros_planning_interface: 2.5.9 (/opt/ros/humble/share/moveit_ros_planning_interface/cmake)
[4.651s] -- Found Boost: /usr/lib/x86_64-linux-gnu/cmake/Boost-1.74.0/BoostConfig.cmake (found version "1.74.0") found components: date_time filesystem program_options system thread 
[4.883s] -- Found Boost: /usr/lib/x86_64-linux-gnu/cmake/Boost-1.74.0/BoostConfig.cmake (found version "1.74.0") found components: chrono date_time filesystem iostreams program_options regex serialization system thread 
[4.959s] -- Found parameter_traits: 0.5.0 (/opt/ros/humble/share/parameter_traits/cmake)
[4.987s] -- Found rclcpp_lifecycle: 16.0.15 (/opt/ros/humble/share/rclcpp_lifecycle/cmake)
[5.043s] -- Found Boost: /usr/lib/x86_64-linux-gnu/cmake/Boost-1.74.0/BoostConfig.cmake (found version "1.74.0") found components: filesystem 
[5.199s] -- library: /usr/lib/x86_64-linux-gnu/libcurl.so
[5.411s] -- Found Boost: /usr/lib/x86_64-linux-gnu/cmake/Boost-1.74.0/BoostConfig.cmake (found version "1.74.0") found components: system filesystem date_time program_options thread chrono 
[5.503s] -- Found Boost: /usr/lib/x86_64-linux-gnu/cmake/Boost-1.74.0/BoostConfig.cmake (found version "1.74.0") found components: thread system filesystem regex date_time program_options 
[5.638s] -- Found Boost: /usr/lib/x86_64-linux-gnu/cmake/Boost-1.74.0/BoostConfig.cmake (found version "1.74.0") found components: system filesystem date_time program_options thread 
[5.723s] -- Found moveit_wrapper_interfaces: 1.1.2 (/root/ros2_ws/install/moveit_wrapper_interfaces/share/moveit_wrapper_interfaces/cmake)
[5.790s] -- Found ament_lint_auto: 0.12.14 (/opt/ros/humble/share/ament_lint_auto/cmake)
[5.940s] -- Added test 'cppcheck' to perform static code analysis on C / C++ code
[5.940s] -- Configured cppcheck include dirs: $<BUILD_INTERFACE:/root/ros2_ws/src/25ws_nb-246830/stage_6/wrapper_collision_marker/include>
[5.940s] -- Configured cppcheck exclude dirs and/or files: 
[5.942s] -- Added test 'lint_cmake' to check CMake code style
[5.944s] -- Added test 'uncrustify' to check C / C++ code style
[5.944s] -- Configured uncrustify additional arguments: 
[5.944s] -- Added test 'xmllint' to check XML markup files
[5.947s] -- Configuring done
[6.010s] -- Generating done
[6.023s] -- Build files have been written to: /root/ros2_ws/build/wrapper_collision_marker
[6.053s] Invoked command in '/root/ros2_ws/build/wrapper_collision_marker' returned '0': AMENT_PREFIX_PATH=/root/ros2_ws/install/moveit_wrapper_interfaces:${AMENT_PREFIX_PATH} CMAKE_PREFIX_PATH=/root/ros2_ws/install/moveit_wrapper_interfaces:/opt/ros/humble LD_LIBRARY_PATH=/root/ros2_ws/install/moveit_wrapper_interfaces/lib:${LD_LIBRARY_PATH} PYTHONPATH=/root/ros2_ws/install/moveit_wrapper_interfaces/local/lib/python3.10/dist-packages:${PYTHONPATH} /usr/bin/cmake /root/ros2_ws/src/25ws_nb-246830/stage_6/wrapper_collision_marker -DCMAKE_INSTALL_PREFIX=/root/ros2_ws/install/wrapper_collision_marker
[6.060s] Invoking command in '/root/ros2_ws/build/wrapper_collision_marker': AMENT_PREFIX_PATH=/root/ros2_ws/install/moveit_wrapper_interfaces:${AMENT_PREFIX_PATH} CMAKE_PREFIX_PATH=/root/ros2_ws/install/moveit_wrapper_interfaces:/opt/ros/humble LD_LIBRARY_PATH=/root/ros2_ws/install/moveit_wrapper_interfaces/lib:${LD_LIBRARY_PATH} PYTHONPATH=/root/ros2_ws/install/moveit_wrapper_interfaces/local/lib/python3.10/dist-packages:${PYTHONPATH} /usr/bin/cmake --build /root/ros2_ws/build/wrapper_collision_marker -- -j8 -l8
[6.225s] [ 50%] [32mBuilding CXX object CMakeFiles/wrapper_marker.dir/src/wrapper_marker.cpp.o[0m
[22.223s] [100%] [32m[1mLinking CXX executable wrapper_marker[0m
[25.713s] [100%] Built target wrapper_marker
[25.775s] Invoked command in '/root/ros2_ws/build/wrapper_collision_marker' returned '0': AMENT_PREFIX_PATH=/root/ros2_ws/install/moveit_wrapper_interfaces:${AMENT_PREFIX_PATH} CMAKE_PREFIX_PATH=/root/ros2_ws/install/moveit_wrapper_interfaces:/opt/ros/humble LD_LIBRARY_PATH=/root/ros2_ws/install/moveit_wrapper_interfaces/lib:${LD_LIBRARY_PATH} PYTHONPATH=/root/ros2_ws/install/moveit_wrapper_interfaces/local/lib/python3.10/dist-packages:${PYTHONPATH} /usr/bin/cmake --build /root/ros2_ws/build/wrapper_collision_marker -- -j8 -l8
[25.777s] Invoking command in '/root/ros2_ws/build/wrapper_collision_marker': AMENT_PREFIX_PATH=/root/ros2_ws/install/moveit_wrapper_interfaces:${AMENT_PREFIX_PATH} CMAKE_PREFIX_PATH=/root/ros2_ws/install/moveit_wrapper_interfaces:/opt/ros/humble LD_LIBRARY_PATH=/root/ros2_ws/install/moveit_wrapper_interfaces/lib:${LD_LIBRARY_PATH} PYTHONPATH=/root/ros2_ws/install/moveit_wrapper_interfaces/local/lib/python3.10/dist-packages:${PYTHONPATH} /usr/bin/cmake --install /root/ros2_ws/build/wrapper_collision_marker
[25.815s] -- Install configuration: ""
[25.817s] -- Installing: /root/ros2_ws/install/wrapper_collision_marker/lib/wrapper_collision_marker/wrapper_marker
[25.819s] -- Set runtime path of "/root/ros2_ws/install/wrapper_collision_marker/lib/wrapper_collision_marker/wrapper_marker" to ""
[25.826s] -- Installing: /root/ros2_ws/install/wrapper_collision_marker/share/ament_index/resource_index/package_run_dependencies/wrapper_collision_marker
[25.827s] -- Installing: /root/ros2_ws/install/wrapper_collision_marker/share/ament_index/resource_index/parent_prefix_path/wrapper_collision_marker
[25.831s] -- Installing: /root/ros2_ws/install/wrapper_collision_marker/share/wrapper_collision_marker/environment/ament_prefix_path.sh
[25.831s] -- Installing: /root/ros2_ws/install/wrapper_collision_marker/share/wrapper_collision_marker/environment/ament_prefix_path.dsv
[25.832s] -- Installing: /root/ros2_ws/install/wrapper_collision_marker/share/wrapper_collision_marker/environment/path.sh
[25.832s] -- Installing: /root/ros2_ws/install/wrapper_collision_marker/share/wrapper_collision_marker/environment/path.dsv
[25.833s] -- Installing: /root/ros2_ws/install/wrapper_collision_marker/share/wrapper_collision_marker/local_setup.bash
[25.834s] -- Installing: /root/ros2_ws/install/wrapper_collision_marker/share/wrapper_collision_marker/local_setup.sh
[25.834s] -- Installing: /root/ros2_ws/install/wrapper_collision_marker/share/wrapper_collision_marker/local_setup.zsh
[25.845s] -- Installing: /root/ros2_ws/install/wrapper_collision_marker/share/wrapper_collision_marker/local_setup.dsv
[25.845s] -- Installing: /root/ros2_ws/install/wrapper_collision_marker/share/wrapper_collision_marker/package.dsv
[25.845s] -- Installing: /root/ros2_ws/install/wrapper_collision_marker/share/ament_index/resource_index/packages/wrapper_collision_marker
[25.846s] -- Installing: /root/ros2_ws/install/wrapper_collision_marker/share/wrapper_collision_marker/cmake/wrapper_collision_markerConfig.cmake
[25.847s] -- Installing: /root/ros2_ws/install/wrapper_collision_marker/share/wrapper_collision_marker/cmake/wrapper_collision_markerConfig-version.cmake
[25.848s] -- Installing: /root/ros2_ws/install/wrapper_collision_marker/share/wrapper_collision_marker/package.xml
[25.885s] Invoked command in '/root/ros2_ws/build/wrapper_collision_marker' returned '0': AMENT_PREFIX_PATH=/root/ros2_ws/install/moveit_wrapper_interfaces:${AMENT_PREFIX_PATH} CMAKE_PREFIX_PATH=/root/ros2_ws/install/moveit_wrapper_interfaces:/opt/ros/humble LD_LIBRARY_PATH=/root/ros2_ws/install/moveit_wrapper_interfaces/lib:${LD_LIBRARY_PATH} PYTHONPATH=/root/ros2_ws/install/moveit_wrapper_interfaces/local/lib/python3.10/dist-packages:${PYTHONPATH} /usr/bin/cmake --install /root/ros2_ws/build/wrapper_collision_marker
