[0.000000] (-) TimerEvent: {}
[0.001363] (-) JobUnselected: {'identifier': 'apriltag'}
[0.001844] (-) JobUnselected: {'identifier': 'apriltag_msgs'}
[0.002177] (-) JobUnselected: {'identifier': 'apriltag_ros'}
[0.002435] (-) JobUnselected: {'identifier': 'clean_the_table'}
[0.004686] (-) JobUnselected: {'identifier': 'custom_interfaces'}
[0.007305] (-) JobUnselected: {'identifier': 'drive_to_wall'}
[0.007855] (-) JobUnselected: {'identifier': 'move_head'}
[0.010796] (-) JobUnselected: {'identifier': 'moveit_wrapper'}
[0.012647] (-) JobUnselected: {'identifier': 'moveit_wrapper_interfaces'}
[0.013011] (-) JobUnselected: {'identifier': 'moveit_wrapper_test'}
[0.013280] (-) JobUnselected: {'identifier': 'my_nav2'}
[0.013537] (-) JobUnselected: {'identifier': 'my_package'}
[0.013854] (-) JobUnselected: {'identifier': 'py_pubsub'}
[0.014088] (-) JobUnselected: {'identifier': 'py_srvcli'}
[0.014273] (-) JobUnselected: {'identifier': 'tf_test'}
[0.014485] (-) JobUnselected: {'identifier': 'tiago_inspection'}
[0.014758] (-) JobUnselected: {'identifier': 'wall_stop'}
[0.015023] (-) JobUnselected: {'identifier': 'wrapper_collision_marker'}
[0.023378] (-) EventReactorShutdown: {}
