[0.000000] (-) TimerEvent: {}
[0.000113] (-) JobUnselected: {'identifier': 'apriltag'}
[0.000242] (-) JobUnselected: {'identifier': 'apriltag_msgs'}
[0.000436] (-) JobUnselected: {'identifier': 'apriltag_ros'}
[0.000736] (-) JobUnselected: {'identifier': 'custom_interfaces'}
[0.000762] (-) JobUnselected: {'identifier': 'drive_to_wall'}
[0.000783] (-) JobUnselected: {'identifier': 'move_head'}
[0.000803] (-) JobUnselected: {'identifier': 'moveit_wrapper'}
[0.000823] (-) JobUnselected: {'identifier': 'moveit_wrapper_interfaces'}
[0.000842] (-) JobUnselected: {'identifier': 'moveit_wrapper_test'}
[0.000861] (-) JobUnselected: {'identifier': 'my_nav2'}
[0.000880] (-) JobUnselected: {'identifier': 'my_package'}
[0.000899] (-) JobUnselected: {'identifier': 'py_pubsub'}
[0.000918] (-) JobUnselected: {'identifier': 'py_srvcli'}
[0.000936] (-) JobUnselected: {'identifier': 'tf_test'}
[0.000955] (-) JobUnselected: {'identifier': 'tiago_inspection'}
[0.000974] (-) JobUnselected: {'identifier': 'wall_stop'}
[0.000993] (-) JobUnselected: {'identifier': 'wrapper_collision_marker'}
[0.001015] (clean_the_table) JobQueued: {'identifier': 'clean_the_table', 'dependencies': OrderedDict()}
[0.001038] (clean_the_table) JobStarted: {'identifier': 'clean_the_table'}
[0.099644] (-) TimerEvent: {}
