running egg_info
creating ../build/tiago_inspection/tiago_inspection.egg-info
writing ../build/tiago_inspection/tiago_inspection.egg-info/PKG-INFO
writing dependency_links to ../build/tiago_inspection/tiago_inspection.egg-info/dependency_links.txt
writing entry points to ../build/tiago_inspection/tiago_inspection.egg-info/entry_points.txt
writing requirements to ../build/tiago_inspection/tiago_inspection.egg-info/requires.txt
writing top-level names to ../build/tiago_inspection/tiago_inspection.egg-info/top_level.txt
writing manifest file '../build/tiago_inspection/tiago_inspection.egg-info/SOURCES.txt'
reading manifest file '../build/tiago_inspection/tiago_inspection.egg-info/SOURCES.txt'
adding license file 'LICENSE'
writing manifest file '../build/tiago_inspection/tiago_inspection.egg-info/SOURCES.txt'
running build
running build_py
creating /root/ros2_ws/src/nb-246830/stage_3/build/tiago_inspection/build
creating /root/ros2_ws/src/nb-246830/stage_3/build/tiago_inspection/build/lib
creating /root/ros2_ws/src/nb-246830/stage_3/build/tiago_inspection/build/lib/tiago_inspection
copying tiago_inspection/__init__.py -> /root/ros2_ws/src/nb-246830/stage_3/build/tiago_inspection/build/lib/tiago_inspection
copying tiago_inspection/start_inspection.py -> /root/ros2_ws/src/nb-246830/stage_3/build/tiago_inspection/build/lib/tiago_inspection
running install
running install_lib
creating /root/ros2_ws/src/nb-246830/stage_3/install/tiago_inspection/lib/python3.10/site-packages/tiago_inspection
copying /root/ros2_ws/src/nb-246830/stage_3/build/tiago_inspection/build/lib/tiago_inspection/__init__.py -> /root/ros2_ws/src/nb-246830/stage_3/install/tiago_inspection/lib/python3.10/site-packages/tiago_inspection
copying /root/ros2_ws/src/nb-246830/stage_3/build/tiago_inspection/build/lib/tiago_inspection/start_inspection.py -> /root/ros2_ws/src/nb-246830/stage_3/install/tiago_inspection/lib/python3.10/site-packages/tiago_inspection
byte-compiling /root/ros2_ws/src/nb-246830/stage_3/install/tiago_inspection/lib/python3.10/site-packages/tiago_inspection/__init__.py to __init__.cpython-310.pyc
byte-compiling /root/ros2_ws/src/nb-246830/stage_3/install/tiago_inspection/lib/python3.10/site-packages/tiago_inspection/start_inspection.py to start_inspection.cpython-310.pyc
running install_data
creating /root/ros2_ws/src/nb-246830/stage_3/install/tiago_inspection/share/ament_index
creating /root/ros2_ws/src/nb-246830/stage_3/install/tiago_inspection/share/ament_index/resource_index
creating /root/ros2_ws/src/nb-246830/stage_3/install/tiago_inspection/share/ament_index/resource_index/packages
copying resource/tiago_inspection -> /root/ros2_ws/src/nb-246830/stage_3/install/tiago_inspection/share/ament_index/resource_index/packages
copying package.xml -> /root/ros2_ws/src/nb-246830/stage_3/install/tiago_inspection/share/tiago_inspection
running install_egg_info
Copying ../build/tiago_inspection/tiago_inspection.egg-info to /root/ros2_ws/src/nb-246830/stage_3/install/tiago_inspection/lib/python3.10/site-packages/tiago_inspection-0.0.0-py3.10.egg-info
running install_scripts
Installing start_inspection script to /root/ros2_ws/src/nb-246830/stage_3/install/tiago_inspection/lib/tiago_inspection
writing list of installed files to '/root/ros2_ws/src/nb-246830/stage_3/build/tiago_inspection/install.log'
