[4.715s] Invoking command in '/root/ros2_ws/src/nb-246830/stage_3/tiago_inspection': PYTHONPATH=/root/ros2_ws/src/nb-246830/stage_3/build/tiago_inspection/prefix_override:/usr/lib/python3/dist-packages/colcon_core/task/python/colcon_distutils_commands:/root/ros2_ws/src/nb-246830/stage_3/install/tiago_inspection/lib/python3.10/site-packages:${PYTHONPATH} /usr/bin/python3 -W ignore:setup.py install is deprecated setup.py egg_info --egg-base ../build/tiago_inspection build --build-base /root/ros2_ws/src/nb-246830/stage_3/build/tiago_inspection/build install --record /root/ros2_ws/src/nb-246830/stage_3/build/tiago_inspection/install.log --single-version-externally-managed install_data
[6.157s] running egg_info
[6.159s] creating ../build/tiago_inspection/tiago_inspection.egg-info
[6.161s] writing ../build/tiago_inspection/tiago_inspection.egg-info/PKG-INFO
[6.162s] writing dependency_links to ../build/tiago_inspection/tiago_inspection.egg-info/dependency_links.txt
[6.162s] writing entry points to ../build/tiago_inspection/tiago_inspection.egg-info/entry_points.txt
[6.162s] writing requirements to ../build/tiago_inspection/tiago_inspection.egg-info/requires.txt
[6.163s] writing top-level names to ../build/tiago_inspection/tiago_inspection.egg-info/top_level.txt
[6.171s] writing manifest file '../build/tiago_inspection/tiago_inspection.egg-info/SOURCES.txt'
[6.180s] reading manifest file '../build/tiago_inspection/tiago_inspection.egg-info/SOURCES.txt'
[6.181s] adding license file 'LICENSE'
[6.183s] writing manifest file '../build/tiago_inspection/tiago_inspection.egg-info/SOURCES.txt'
[6.183s] running build
[6.184s] running build_py
[6.185s] creating /root/ros2_ws/src/nb-246830/stage_3/build/tiago_inspection/build
[6.186s] creating /root/ros2_ws/src/nb-246830/stage_3/build/tiago_inspection/build/lib
[6.186s] creating /root/ros2_ws/src/nb-246830/stage_3/build/tiago_inspection/build/lib/tiago_inspection
[6.188s] copying tiago_inspection/__init__.py -> /root/ros2_ws/src/nb-246830/stage_3/build/tiago_inspection/build/lib/tiago_inspection
[6.188s] copying tiago_inspection/start_inspection.py -> /root/ros2_ws/src/nb-246830/stage_3/build/tiago_inspection/build/lib/tiago_inspection
[6.189s] running install
[6.189s] running install_lib
[6.190s] creating /root/ros2_ws/src/nb-246830/stage_3/install/tiago_inspection/lib/python3.10/site-packages/tiago_inspection
[6.190s] copying /root/ros2_ws/src/nb-246830/stage_3/build/tiago_inspection/build/lib/tiago_inspection/__init__.py -> /root/ros2_ws/src/nb-246830/stage_3/install/tiago_inspection/lib/python3.10/site-packages/tiago_inspection
[6.191s] copying /root/ros2_ws/src/nb-246830/stage_3/build/tiago_inspection/build/lib/tiago_inspection/start_inspection.py -> /root/ros2_ws/src/nb-246830/stage_3/install/tiago_inspection/lib/python3.10/site-packages/tiago_inspection
[6.196s] byte-compiling /root/ros2_ws/src/nb-246830/stage_3/install/tiago_inspection/lib/python3.10/site-packages/tiago_inspection/__init__.py to __init__.cpython-310.pyc
[6.197s] byte-compiling /root/ros2_ws/src/nb-246830/stage_3/install/tiago_inspection/lib/python3.10/site-packages/tiago_inspection/start_inspection.py to start_inspection.cpython-310.pyc
[6.201s] running install_data
[6.202s] creating /root/ros2_ws/src/nb-246830/stage_3/install/tiago_inspection/share/ament_index
[6.202s] creating /root/ros2_ws/src/nb-246830/stage_3/install/tiago_inspection/share/ament_index/resource_index
[6.203s] creating /root/ros2_ws/src/nb-246830/stage_3/install/tiago_inspection/share/ament_index/resource_index/packages
[6.204s] copying resource/tiago_inspection -> /root/ros2_ws/src/nb-246830/stage_3/install/tiago_inspection/share/ament_index/resource_index/packages
[6.204s] copying package.xml -> /root/ros2_ws/src/nb-246830/stage_3/install/tiago_inspection/share/tiago_inspection
[6.204s] running install_egg_info
[6.211s] Copying ../build/tiago_inspection/tiago_inspection.egg-info to /root/ros2_ws/src/nb-246830/stage_3/install/tiago_inspection/lib/python3.10/site-packages/tiago_inspection-0.0.0-py3.10.egg-info
[6.215s] running install_scripts
[6.335s] Installing start_inspection script to /root/ros2_ws/src/nb-246830/stage_3/install/tiago_inspection/lib/tiago_inspection
[6.336s] writing list of installed files to '/root/ros2_ws/src/nb-246830/stage_3/build/tiago_inspection/install.log'
[6.451s] Invoked command in '/root/ros2_ws/src/nb-246830/stage_3/tiago_inspection' returned '0': PYTHONPATH=/root/ros2_ws/src/nb-246830/stage_3/build/tiago_inspection/prefix_override:/usr/lib/python3/dist-packages/colcon_core/task/python/colcon_distutils_commands:/root/ros2_ws/src/nb-246830/stage_3/install/tiago_inspection/lib/python3.10/site-packages:${PYTHONPATH} /usr/bin/python3 -W ignore:setup.py install is deprecated setup.py egg_info --egg-base ../build/tiago_inspection build --build-base /root/ros2_ws/src/nb-246830/stage_3/build/tiago_inspection/build install --record /root/ros2_ws/src/nb-246830/stage_3/build/tiago_inspection/install.log --single-version-externally-managed install_data
