running egg_info
creating ../../../../build/drive_to_wall/drive_to_wall.egg-info
writing ../../../../build/drive_to_wall/drive_to_wall.egg-info/PKG-INFO
writing dependency_links to ../../../../build/drive_to_wall/drive_to_wall.egg-info/dependency_links.txt
writing entry points to ../../../../build/drive_to_wall/drive_to_wall.egg-info/entry_points.txt
writing requirements to ../../../../build/drive_to_wall/drive_to_wall.egg-info/requires.txt
writing top-level names to ../../../../build/drive_to_wall/drive_to_wall.egg-info/top_level.txt
writing manifest file '../../../../build/drive_to_wall/drive_to_wall.egg-info/SOURCES.txt'
reading manifest file '../../../../build/drive_to_wall/drive_to_wall.egg-info/SOURCES.txt'
adding license file 'LICENSE'
writing manifest file '../../../../build/drive_to_wall/drive_to_wall.egg-info/SOURCES.txt'
running build
running build_py
creating /root/ros2_ws/build/drive_to_wall/build
creating /root/ros2_ws/build/drive_to_wall/build/lib
creating /root/ros2_ws/build/drive_to_wall/build/lib/drive_to_wall
copying drive_to_wall/drive_to_wall_action.py -> /root/ros2_ws/build/drive_to_wall/build/lib/drive_to_wall
copying drive_to_wall/drive_to_wall_topic.py -> /root/ros2_ws/build/drive_to_wall/build/lib/drive_to_wall
copying drive_to_wall/drive_to_wall_topic_client.py -> /root/ros2_ws/build/drive_to_wall/build/lib/drive_to_wall
copying drive_to_wall/drive_to_wall_service_client.py -> /root/ros2_ws/build/drive_to_wall/build/lib/drive_to_wall
copying drive_to_wall/drive_to_wall_service.py -> /root/ros2_ws/build/drive_to_wall/build/lib/drive_to_wall
copying drive_to_wall/drive_to_wall_action_client.py -> /root/ros2_ws/build/drive_to_wall/build/lib/drive_to_wall
copying drive_to_wall/__init__.py -> /root/ros2_ws/build/drive_to_wall/build/lib/drive_to_wall
running install
running install_lib
creating /root/ros2_ws/install/drive_to_wall/lib/python3.10/site-packages/drive_to_wall
copying /root/ros2_ws/build/drive_to_wall/build/lib/drive_to_wall/drive_to_wall_action.py -> /root/ros2_ws/install/drive_to_wall/lib/python3.10/site-packages/drive_to_wall
copying /root/ros2_ws/build/drive_to_wall/build/lib/drive_to_wall/drive_to_wall_topic.py -> /root/ros2_ws/install/drive_to_wall/lib/python3.10/site-packages/drive_to_wall
copying /root/ros2_ws/build/drive_to_wall/build/lib/drive_to_wall/drive_to_wall_topic_client.py -> /root/ros2_ws/install/drive_to_wall/lib/python3.10/site-packages/drive_to_wall
copying /root/ros2_ws/build/drive_to_wall/build/lib/drive_to_wall/drive_to_wall_service_client.py -> /root/ros2_ws/install/drive_to_wall/lib/python3.10/site-packages/drive_to_wall
copying /root/ros2_ws/build/drive_to_wall/build/lib/drive_to_wall/drive_to_wall_service.py -> /root/ros2_ws/install/drive_to_wall/lib/python3.10/site-packages/drive_to_wall
copying /root/ros2_ws/build/drive_to_wall/build/lib/drive_to_wall/drive_to_wall_action_client.py -> /root/ros2_ws/install/drive_to_wall/lib/python3.10/site-packages/drive_to_wall
copying /root/ros2_ws/build/drive_to_wall/build/lib/drive_to_wall/__init__.py -> /root/ros2_ws/install/drive_to_wall/lib/python3.10/site-packages/drive_to_wall
byte-compiling /root/ros2_ws/install/drive_to_wall/lib/python3.10/site-packages/drive_to_wall/drive_to_wall_action.py to drive_to_wall_action.cpython-310.pyc
byte-compiling /root/ros2_ws/install/drive_to_wall/lib/python3.10/site-packages/drive_to_wall/drive_to_wall_topic.py to drive_to_wall_topic.cpython-310.pyc
byte-compiling /root/ros2_ws/install/drive_to_wall/lib/python3.10/site-packages/drive_to_wall/drive_to_wall_topic_client.py to drive_to_wall_topic_client.cpython-310.pyc
byte-compiling /root/ros2_ws/install/drive_to_wall/lib/python3.10/site-packages/drive_to_wall/drive_to_wall_service_client.py to drive_to_wall_service_client.cpython-310.pyc
byte-compiling /root/ros2_ws/install/drive_to_wall/lib/python3.10/site-packages/drive_to_wall/drive_to_wall_service.py to drive_to_wall_service.cpython-310.pyc
byte-compiling /root/ros2_ws/install/drive_to_wall/lib/python3.10/site-packages/drive_to_wall/drive_to_wall_action_client.py to drive_to_wall_action_client.cpython-310.pyc
byte-compiling /root/ros2_ws/install/drive_to_wall/lib/python3.10/site-packages/drive_to_wall/__init__.py to __init__.cpython-310.pyc
running install_data
creating /root/ros2_ws/install/drive_to_wall/share/ament_index
creating /root/ros2_ws/install/drive_to_wall/share/ament_index/resource_index
creating /root/ros2_ws/install/drive_to_wall/share/ament_index/resource_index/packages
copying resource/drive_to_wall -> /root/ros2_ws/install/drive_to_wall/share/ament_index/resource_index/packages
copying package.xml -> /root/ros2_ws/install/drive_to_wall/share/drive_to_wall
running install_egg_info
Copying ../../../../build/drive_to_wall/drive_to_wall.egg-info to /root/ros2_ws/install/drive_to_wall/lib/python3.10/site-packages/drive_to_wall-0.0.0-py3.10.egg-info
running install_scripts
Installing drive_to_wall_action script to /root/ros2_ws/install/drive_to_wall/lib/drive_to_wall
Installing drive_to_wall_action_client script to /root/ros2_ws/install/drive_to_wall/lib/drive_to_wall
Installing drive_to_wall_service script to /root/ros2_ws/install/drive_to_wall/lib/drive_to_wall
Installing drive_to_wall_service_client script to /root/ros2_ws/install/drive_to_wall/lib/drive_to_wall
Installing drive_to_wall_topic script to /root/ros2_ws/install/drive_to_wall/lib/drive_to_wall
Installing drive_to_wall_topic_client script to /root/ros2_ws/install/drive_to_wall/lib/drive_to_wall
writing list of installed files to '/root/ros2_ws/build/drive_to_wall/install.log'
