[1.450s] DEBUG:colcon:Command line arguments: ['/usr/bin/colcon', 'build', '--packages-select', 'tiago_inspection']
[1.451s] DEBUG:colcon:Parsed command line arguments: Namespace(log_base=None, log_level=None, verb_name='build', build_base='build', install_base='install', merge_install=False, symlink_install=False, test_result_base=None, continue_on_error=False, executor='parallel', parallel_workers=8, event_handlers=None, ignore_user_meta=False, metas=['./colcon.meta'], base_paths=['.'], packages_ignore=None, packages_ignore_regex=None, paths=None, packages_up_to=None, packages_up_to_regex=None, packages_above=None, packages_above_and_dependencies=None, packages_above_depth=None, packages_select_by_dep=None, packages_skip_by_dep=None, packages_skip_up_to=None, packages_select_build_failed=False, packages_skip_build_finished=False, packages_select_test_failures=False, packages_skip_test_passed=False, packages_select=['tiago_inspection'], packages_skip=None, packages_select_regex=None, packages_skip_regex=None, packages_start=None, packages_end=None, cmake_args=None, cmake_target=None, cmake_target_skip_unavailable=False, cmake_clean_cache=False, cmake_clean_first=False, cmake_force_configure=False, ament_cmake_args=None, catkin_cmake_args=None, catkin_skip_building_tests=False, mixin_files=None, mixin=None, verb_parser=<colcon_mixin.mixin.mixin_argument.MixinArgumentDecorator object at 0x786dc96c99c0>, verb_extension=<colcon_core.verb.build.BuildVerb object at 0x786dc97fe110>, main=<bound method BuildVerb.main of <colcon_core.verb.build.BuildVerb object at 0x786dc97fe110>>, mixin_verb=('build',))
[3.460s] Level 1:colcon.colcon_core.package_discovery:discover_packages(colcon_meta) check parameters
[3.462s] Level 1:colcon.colcon_core.package_discovery:discover_packages(recursive) check parameters
[3.463s] Level 1:colcon.colcon_core.package_discovery:discover_packages(ignore) check parameters
[3.464s] Level 1:colcon.colcon_core.package_discovery:discover_packages(path) check parameters
[3.466s] Level 1:colcon.colcon_core.package_discovery:discover_packages(colcon_meta) discover
[3.466s] Level 1:colcon.colcon_core.package_discovery:discover_packages(recursive) discover
[3.467s] INFO:colcon.colcon_core.package_discovery:Crawling recursively for packages in '/root/ros2_ws/src/nb-246830/stage_3'
[3.468s] Level 1:colcon.colcon_core.package_identification:_identify(.) by extensions ['ignore', 'ignore_ament_install']
[3.468s] Level 1:colcon.colcon_core.package_identification:_identify(.) by extension 'ignore'
[3.469s] Level 1:colcon.colcon_core.package_identification:_identify(.) by extension 'ignore_ament_install'
[3.470s] Level 1:colcon.colcon_core.package_identification:_identify(.) by extensions ['colcon_pkg']
[3.470s] Level 1:colcon.colcon_core.package_identification:_identify(.) by extension 'colcon_pkg'
[3.470s] Level 1:colcon.colcon_core.package_identification:_identify(.) by extensions ['colcon_meta']
[3.471s] Level 1:colcon.colcon_core.package_identification:_identify(.) by extension 'colcon_meta'
[3.471s] Level 1:colcon.colcon_core.package_identification:_identify(.) by extensions ['ros']
[3.471s] Level 1:colcon.colcon_core.package_identification:_identify(.) by extension 'ros'
[3.596s] Level 1:colcon.colcon_core.package_identification:_identify(.) by extensions ['cmake', 'python']
[3.596s] Level 1:colcon.colcon_core.package_identification:_identify(.) by extension 'cmake'
[3.597s] Level 1:colcon.colcon_core.package_identification:_identify(.) by extension 'python'
[3.597s] Level 1:colcon.colcon_core.package_identification:_identify(.) by extensions ['python_setup_py']
[3.598s] Level 1:colcon.colcon_core.package_identification:_identify(.) by extension 'python_setup_py'
[3.599s] Level 1:colcon.colcon_core.package_identification:_identify(build) by extensions ['ignore', 'ignore_ament_install']
[3.600s] Level 1:colcon.colcon_core.package_identification:_identify(build) by extension 'ignore'
[3.600s] Level 1:colcon.colcon_core.package_identification:_identify(build) ignored
[3.601s] Level 1:colcon.colcon_core.package_identification:_identify(docker) by extensions ['ignore', 'ignore_ament_install']
[3.602s] Level 1:colcon.colcon_core.package_identification:_identify(docker) by extension 'ignore'
[3.603s] Level 1:colcon.colcon_core.package_identification:_identify(docker) by extension 'ignore_ament_install'
[3.603s] Level 1:colcon.colcon_core.package_identification:_identify(docker) by extensions ['colcon_pkg']
[3.604s] Level 1:colcon.colcon_core.package_identification:_identify(docker) by extension 'colcon_pkg'
[3.604s] Level 1:colcon.colcon_core.package_identification:_identify(docker) by extensions ['colcon_meta']
[3.604s] Level 1:colcon.colcon_core.package_identification:_identify(docker) by extension 'colcon_meta'
[3.605s] Level 1:colcon.colcon_core.package_identification:_identify(docker) by extensions ['ros']
[3.605s] Level 1:colcon.colcon_core.package_identification:_identify(docker) by extension 'ros'
[3.606s] Level 1:colcon.colcon_core.package_identification:_identify(docker) by extensions ['cmake', 'python']
[3.606s] Level 1:colcon.colcon_core.package_identification:_identify(docker) by extension 'cmake'
[3.607s] Level 1:colcon.colcon_core.package_identification:_identify(docker) by extension 'python'
[3.607s] Level 1:colcon.colcon_core.package_identification:_identify(docker) by extensions ['python_setup_py']
[3.608s] Level 1:colcon.colcon_core.package_identification:_identify(docker) by extension 'python_setup_py'
[3.609s] Level 1:colcon.colcon_core.package_identification:_identify(install) by extensions ['ignore', 'ignore_ament_install']
[3.610s] Level 1:colcon.colcon_core.package_identification:_identify(install) by extension 'ignore'
[3.610s] Level 1:colcon.colcon_core.package_identification:_identify(install) ignored
[3.611s] Level 1:colcon.colcon_core.package_identification:_identify(log) by extensions ['ignore', 'ignore_ament_install']
[3.612s] Level 1:colcon.colcon_core.package_identification:_identify(log) by extension 'ignore'
[3.612s] Level 1:colcon.colcon_core.package_identification:_identify(log) ignored
[3.613s] Level 1:colcon.colcon_core.package_identification:_identify(my_nav2) by extensions ['ignore', 'ignore_ament_install']
[3.614s] Level 1:colcon.colcon_core.package_identification:_identify(my_nav2) by extension 'ignore'
[3.615s] Level 1:colcon.colcon_core.package_identification:_identify(my_nav2) by extension 'ignore_ament_install'
[3.615s] Level 1:colcon.colcon_core.package_identification:_identify(my_nav2) by extensions ['colcon_pkg']
[3.616s] Level 1:colcon.colcon_core.package_identification:_identify(my_nav2) by extension 'colcon_pkg'
[3.616s] Level 1:colcon.colcon_core.package_identification:_identify(my_nav2) by extensions ['colcon_meta']
[3.616s] Level 1:colcon.colcon_core.package_identification:_identify(my_nav2) by extension 'colcon_meta'
[3.617s] Level 1:colcon.colcon_core.package_identification:_identify(my_nav2) by extensions ['ros']
[3.617s] Level 1:colcon.colcon_core.package_identification:_identify(my_nav2) by extension 'ros'
[3.639s] DEBUG:colcon.colcon_core.package_identification:Package 'my_nav2' with type 'ros.ament_python' and name 'my_nav2'
[3.641s] Level 1:colcon.colcon_core.package_identification:_identify(py_srvcli) by extensions ['ignore', 'ignore_ament_install']
[3.642s] Level 1:colcon.colcon_core.package_identification:_identify(py_srvcli) by extension 'ignore'
[3.643s] Level 1:colcon.colcon_core.package_identification:_identify(py_srvcli) by extension 'ignore_ament_install'
[3.643s] Level 1:colcon.colcon_core.package_identification:_identify(py_srvcli) by extensions ['colcon_pkg']
[3.644s] Level 1:colcon.colcon_core.package_identification:_identify(py_srvcli) by extension 'colcon_pkg'
[3.644s] Level 1:colcon.colcon_core.package_identification:_identify(py_srvcli) by extensions ['colcon_meta']
[3.644s] Level 1:colcon.colcon_core.package_identification:_identify(py_srvcli) by extension 'colcon_meta'
[3.645s] Level 1:colcon.colcon_core.package_identification:_identify(py_srvcli) by extensions ['ros']
[3.645s] Level 1:colcon.colcon_core.package_identification:_identify(py_srvcli) by extension 'ros'
[3.652s] DEBUG:colcon.colcon_core.package_identification:Package 'py_srvcli' with type 'ros.ament_python' and name 'py_srvcli'
[3.653s] Level 1:colcon.colcon_core.package_identification:_identify(tiago_inspection) by extensions ['ignore', 'ignore_ament_install']
[3.654s] Level 1:colcon.colcon_core.package_identification:_identify(tiago_inspection) by extension 'ignore'
[3.655s] Level 1:colcon.colcon_core.package_identification:_identify(tiago_inspection) by extension 'ignore_ament_install'
[3.655s] Level 1:colcon.colcon_core.package_identification:_identify(tiago_inspection) by extensions ['colcon_pkg']
[3.656s] Level 1:colcon.colcon_core.package_identification:_identify(tiago_inspection) by extension 'colcon_pkg'
[3.656s] Level 1:colcon.colcon_core.package_identification:_identify(tiago_inspection) by extensions ['colcon_meta']
[3.657s] Level 1:colcon.colcon_core.package_identification:_identify(tiago_inspection) by extension 'colcon_meta'
[3.657s] Level 1:colcon.colcon_core.package_identification:_identify(tiago_inspection) by extensions ['ros']
[3.658s] Level 1:colcon.colcon_core.package_identification:_identify(tiago_inspection) by extension 'ros'
[3.663s] DEBUG:colcon.colcon_core.package_identification:Package 'tiago_inspection' with type 'ros.ament_python' and name 'tiago_inspection'
[3.664s] Level 1:colcon.colcon_core.package_identification:_identify(wall_stop) by extensions ['ignore', 'ignore_ament_install']
[3.665s] Level 1:colcon.colcon_core.package_identification:_identify(wall_stop) by extension 'ignore'
[3.665s] Level 1:colcon.colcon_core.package_identification:_identify(wall_stop) by extension 'ignore_ament_install'
[3.666s] Level 1:colcon.colcon_core.package_identification:_identify(wall_stop) by extensions ['colcon_pkg']
[3.666s] Level 1:colcon.colcon_core.package_identification:_identify(wall_stop) by extension 'colcon_pkg'
[3.667s] Level 1:colcon.colcon_core.package_identification:_identify(wall_stop) by extensions ['colcon_meta']
[3.667s] Level 1:colcon.colcon_core.package_identification:_identify(wall_stop) by extension 'colcon_meta'
[3.668s] Level 1:colcon.colcon_core.package_identification:_identify(wall_stop) by extensions ['ros']
[3.668s] Level 1:colcon.colcon_core.package_identification:_identify(wall_stop) by extension 'ros'
[3.672s] DEBUG:colcon.colcon_core.package_identification:Package 'wall_stop' with type 'ros.ament_python' and name 'wall_stop'
[3.673s] Level 1:colcon.colcon_core.package_discovery:discover_packages(recursive) using defaults
[3.674s] Level 1:colcon.colcon_core.package_discovery:discover_packages(ignore) discover
[3.674s] Level 1:colcon.colcon_core.package_discovery:discover_packages(ignore) using defaults
[3.674s] Level 1:colcon.colcon_core.package_discovery:discover_packages(path) discover
[3.674s] Level 1:colcon.colcon_core.package_discovery:discover_packages(path) using defaults
[3.872s] INFO:colcon.colcon_core.package_selection:Skipping not selected package 'my_nav2' in 'my_nav2'
[3.873s] INFO:colcon.colcon_core.package_selection:Skipping not selected package 'py_srvcli' in 'py_srvcli'
[3.873s] INFO:colcon.colcon_core.package_selection:Skipping not selected package 'wall_stop' in 'wall_stop'
[3.876s] Level 5:colcon.colcon_core.verb:set package 'tiago_inspection' build argument 'cmake_args' from command line to 'None'
[3.877s] Level 5:colcon.colcon_core.verb:set package 'tiago_inspection' build argument 'cmake_target' from command line to 'None'
[3.877s] Level 5:colcon.colcon_core.verb:set package 'tiago_inspection' build argument 'cmake_target_skip_unavailable' from command line to 'False'
[3.877s] Level 5:colcon.colcon_core.verb:set package 'tiago_inspection' build argument 'cmake_clean_cache' from command line to 'False'
[3.878s] Level 5:colcon.colcon_core.verb:set package 'tiago_inspection' build argument 'cmake_clean_first' from command line to 'False'
[3.878s] Level 5:colcon.colcon_core.verb:set package 'tiago_inspection' build argument 'cmake_force_configure' from command line to 'False'
[3.878s] Level 5:colcon.colcon_core.verb:set package 'tiago_inspection' build argument 'ament_cmake_args' from command line to 'None'
[3.878s] Level 5:colcon.colcon_core.verb:set package 'tiago_inspection' build argument 'catkin_cmake_args' from command line to 'None'
[3.879s] Level 5:colcon.colcon_core.verb:set package 'tiago_inspection' build argument 'catkin_skip_building_tests' from command line to 'False'
[3.879s] DEBUG:colcon.colcon_core.verb:Building package 'tiago_inspection' with the following arguments: {'ament_cmake_args': None, 'build_base': '/root/ros2_ws/src/nb-246830/stage_3/build/tiago_inspection', 'catkin_cmake_args': None, 'catkin_skip_building_tests': False, 'cmake_args': None, 'cmake_clean_cache': False, 'cmake_clean_first': False, 'cmake_force_configure': False, 'cmake_target': None, 'cmake_target_skip_unavailable': False, 'install_base': '/root/ros2_ws/src/nb-246830/stage_3/install/tiago_inspection', 'merge_install': False, 'path': '/root/ros2_ws/src/nb-246830/stage_3/tiago_inspection', 'symlink_install': False, 'test_result_base': None}
[3.880s] INFO:colcon.colcon_core.executor:Executing jobs using 'parallel' executor
[3.887s] DEBUG:colcon.colcon_parallel_executor.executor.parallel:run_until_complete
[3.888s] INFO:colcon.colcon_ros.task.ament_python.build:Building ROS package in '/root/ros2_ws/src/nb-246830/stage_3/tiago_inspection' with build type 'ament_python'
[3.889s] Level 1:colcon.colcon_core.shell:create_environment_hook('tiago_inspection', 'ament_prefix_path')
[3.913s] INFO:colcon.colcon_core.plugin_system:Skipping extension 'colcon_core.shell.bat': Not used on non-Windows systems
[3.916s] INFO:colcon.colcon_core.shell:Creating environment hook '/root/ros2_ws/src/nb-246830/stage_3/install/tiago_inspection/share/tiago_inspection/hook/ament_prefix_path.ps1'
[3.922s] INFO:colcon.colcon_core.shell:Creating environment descriptor '/root/ros2_ws/src/nb-246830/stage_3/install/tiago_inspection/share/tiago_inspection/hook/ament_prefix_path.dsv'
[3.925s] INFO:colcon.colcon_core.shell:Creating environment hook '/root/ros2_ws/src/nb-246830/stage_3/install/tiago_inspection/share/tiago_inspection/hook/ament_prefix_path.sh'
[3.932s] INFO:colcon.colcon_core.shell:Skip shell extension 'powershell' for command environment: Not usable outside of PowerShell
[3.933s] DEBUG:colcon.colcon_core.shell:Skip shell extension 'dsv' for command environment
[6.183s] INFO:colcon.colcon_core.task.python.build:Building Python package in '/root/ros2_ws/src/nb-246830/stage_3/tiago_inspection'
[6.185s] INFO:colcon.colcon_core.shell:Skip shell extension 'powershell' for command environment: Not usable outside of PowerShell
[6.187s] DEBUG:colcon.colcon_core.shell:Skip shell extension 'dsv' for command environment
[8.613s] DEBUG:colcon.colcon_core.event_handler.log_command:Invoking command in '/root/ros2_ws/src/nb-246830/stage_3/tiago_inspection': PYTHONPATH=/root/ros2_ws/src/nb-246830/stage_3/build/tiago_inspection/prefix_override:/usr/lib/python3/dist-packages/colcon_core/task/python/colcon_distutils_commands:/root/ros2_ws/src/nb-246830/stage_3/install/tiago_inspection/lib/python3.10/site-packages:${PYTHONPATH} /usr/bin/python3 -W ignore:setup.py install is deprecated setup.py egg_info --egg-base ../build/tiago_inspection build --build-base /root/ros2_ws/src/nb-246830/stage_3/build/tiago_inspection/build install --record /root/ros2_ws/src/nb-246830/stage_3/build/tiago_inspection/install.log --single-version-externally-managed install_data
[10.349s] DEBUG:colcon.colcon_core.event_handler.log_command:Invoked command in '/root/ros2_ws/src/nb-246830/stage_3/tiago_inspection' returned '0': PYTHONPATH=/root/ros2_ws/src/nb-246830/stage_3/build/tiago_inspection/prefix_override:/usr/lib/python3/dist-packages/colcon_core/task/python/colcon_distutils_commands:/root/ros2_ws/src/nb-246830/stage_3/install/tiago_inspection/lib/python3.10/site-packages:${PYTHONPATH} /usr/bin/python3 -W ignore:setup.py install is deprecated setup.py egg_info --egg-base ../build/tiago_inspection build --build-base /root/ros2_ws/src/nb-246830/stage_3/build/tiago_inspection/build install --record /root/ros2_ws/src/nb-246830/stage_3/build/tiago_inspection/install.log --single-version-externally-managed install_data
[10.361s] Level 1:colcon.colcon_core.environment:checking '/root/ros2_ws/src/nb-246830/stage_3/install/tiago_inspection' for CMake module files
[10.364s] Level 1:colcon.colcon_core.environment:checking '/root/ros2_ws/src/nb-246830/stage_3/install/tiago_inspection' for CMake config files
[10.368s] Level 1:colcon.colcon_core.environment:checking '/root/ros2_ws/src/nb-246830/stage_3/install/tiago_inspection/lib'
[10.369s] Level 1:colcon.colcon_core.environment:checking '/root/ros2_ws/src/nb-246830/stage_3/install/tiago_inspection/bin'
[10.370s] Level 1:colcon.colcon_core.environment:checking '/root/ros2_ws/src/nb-246830/stage_3/install/tiago_inspection/lib/pkgconfig/tiago_inspection.pc'
[10.371s] Level 1:colcon.colcon_core.environment:checking '/root/ros2_ws/src/nb-246830/stage_3/install/tiago_inspection/lib/python3.10/site-packages'
[10.372s] Level 1:colcon.colcon_core.shell:create_environment_hook('tiago_inspection', 'pythonpath')
[10.372s] INFO:colcon.colcon_core.shell:Creating environment hook '/root/ros2_ws/src/nb-246830/stage_3/install/tiago_inspection/share/tiago_inspection/hook/pythonpath.ps1'
[10.376s] INFO:colcon.colcon_core.shell:Creating environment descriptor '/root/ros2_ws/src/nb-246830/stage_3/install/tiago_inspection/share/tiago_inspection/hook/pythonpath.dsv'
[10.380s] INFO:colcon.colcon_core.shell:Creating environment hook '/root/ros2_ws/src/nb-246830/stage_3/install/tiago_inspection/share/tiago_inspection/hook/pythonpath.sh'
[10.385s] Level 1:colcon.colcon_core.environment:checking '/root/ros2_ws/src/nb-246830/stage_3/install/tiago_inspection/bin'
[10.386s] Level 1:colcon.colcon_core.environment:create_environment_scripts_only(tiago_inspection)
[10.388s] INFO:colcon.colcon_core.shell:Creating package script '/root/ros2_ws/src/nb-246830/stage_3/install/tiago_inspection/share/tiago_inspection/package.ps1'
[10.424s] INFO:colcon.colcon_core.shell:Creating package descriptor '/root/ros2_ws/src/nb-246830/stage_3/install/tiago_inspection/share/tiago_inspection/package.dsv'
[10.428s] INFO:colcon.colcon_core.shell:Creating package script '/root/ros2_ws/src/nb-246830/stage_3/install/tiago_inspection/share/tiago_inspection/package.sh'
[10.434s] INFO:colcon.colcon_core.shell:Creating package script '/root/ros2_ws/src/nb-246830/stage_3/install/tiago_inspection/share/tiago_inspection/package.bash'
[10.439s] INFO:colcon.colcon_core.shell:Creating package script '/root/ros2_ws/src/nb-246830/stage_3/install/tiago_inspection/share/tiago_inspection/package.zsh'
[10.443s] Level 1:colcon.colcon_core.environment:create_file_with_runtime_dependencies(/root/ros2_ws/src/nb-246830/stage_3/install/tiago_inspection/share/colcon-core/packages/tiago_inspection)
[10.445s] DEBUG:colcon.colcon_parallel_executor.executor.parallel:closing loop
[10.446s] DEBUG:colcon.colcon_parallel_executor.executor.parallel:loop closed
[10.447s] DEBUG:colcon.colcon_parallel_executor.executor.parallel:run_until_complete finished with '0'
[10.447s] DEBUG:colcon.colcon_core.event_reactor:joining thread
[10.490s] INFO:colcon.colcon_core.plugin_system:Skipping extension 'colcon_notification.desktop_notification.notify_send': Could not find 'notify-send'
[10.490s] INFO:colcon.colcon_core.plugin_system:Skipping extension 'colcon_notification.desktop_notification.terminal_notifier': Not used on non-Darwin systems
[10.492s] INFO:colcon.colcon_core.plugin_system:Skipping extension 'colcon_notification.desktop_notification.win32': Not used on non-Windows systems
[10.492s] INFO:colcon.colcon_notification.desktop_notification:Sending desktop notification using 'notify2'
[10.503s] DEBUG:colcon.colcon_notification.desktop_notification.notify2:Failed to initialize notify2: org.freedesktop.DBus.Error.Spawn.ExecFailed: /usr/bin/dbus-launch terminated abnormally without any error message
[10.504s] DEBUG:colcon.colcon_core.event_reactor:joined thread
[10.507s] INFO:colcon.colcon_core.shell:Creating prefix script '/root/ros2_ws/src/nb-246830/stage_3/install/local_setup.ps1'
[10.515s] INFO:colcon.colcon_core.shell:Creating prefix util module '/root/ros2_ws/src/nb-246830/stage_3/install/_local_setup_util_ps1.py'
[10.523s] INFO:colcon.colcon_core.shell:Creating prefix chain script '/root/ros2_ws/src/nb-246830/stage_3/install/setup.ps1'
[10.530s] INFO:colcon.colcon_core.shell:Creating prefix script '/root/ros2_ws/src/nb-246830/stage_3/install/local_setup.sh'
[10.533s] INFO:colcon.colcon_core.shell:Creating prefix util module '/root/ros2_ws/src/nb-246830/stage_3/install/_local_setup_util_sh.py'
[10.535s] INFO:colcon.colcon_core.shell:Creating prefix chain script '/root/ros2_ws/src/nb-246830/stage_3/install/setup.sh'
[10.543s] INFO:colcon.colcon_core.shell:Creating prefix script '/root/ros2_ws/src/nb-246830/stage_3/install/local_setup.bash'
[10.548s] INFO:colcon.colcon_core.shell:Creating prefix chain script '/root/ros2_ws/src/nb-246830/stage_3/install/setup.bash'
[10.554s] INFO:colcon.colcon_core.shell:Creating prefix script '/root/ros2_ws/src/nb-246830/stage_3/install/local_setup.zsh'
[10.556s] INFO:colcon.colcon_core.shell:Creating prefix chain script '/root/ros2_ws/src/nb-246830/stage_3/install/setup.zsh'
