[0.000000] (-) TimerEvent: {}
[0.003696] (wall_stop) JobQueued: {'identifier': 'wall_stop', 'dependencies': OrderedDict()}
[0.004907] (wall_stop) JobStarted: {'identifier': 'wall_stop'}
[0.096742] (-) TimerEvent: {}
[0.202283] (-) TimerEvent: {}
[0.303487] (-) TimerEvent: {}
[0.404694] (-) TimerEvent: {}
[0.510751] (-) TimerEvent: {}
[0.612250] (-) TimerEvent: {}
[0.713284] (-) TimerEvent: {}
[0.814669] (-) TimerEvent: {}
[0.917333] (-) TimerEvent: {}
[1.018932] (-) TimerEvent: {}
[1.121562] (-) TimerEvent: {}
[1.223428] (-) TimerEvent: {}
[1.324850] (-) TimerEvent: {}
[1.426556] (-) TimerEvent: {}
[1.528015] (-) TimerEvent: {}
[1.629343] (-) TimerEvent: {}
[1.734763] (-) TimerEvent: {}
[1.835906] (-) TimerEvent: {}
[1.937185] (-) TimerEvent: {}
[2.038795] (-) TimerEvent: {}
[2.140807] (-) TimerEvent: {}
[2.249261] (-) TimerEvent: {}
[2.350885] (-) TimerEvent: {}
[2.452438] (-) TimerEvent: {}
[2.536143] (wall_stop) StderrLine: {'line': b'Traceback (most recent call last):\n  File "/usr/lib/python3/dist-packages/colcon_core/executor/__init__.py", line 91, in __call__\n    rc = await self.task(*args, **kwargs)\n  File "/usr/lib/python3/dist-packages/colcon_core/task/__init__.py", line 93, in __call__\n    return await task_method(*args, **kwargs)\n  File "/usr/lib/python3/dist-packages/colcon_ros/task/ament_python/build.py", line 51, in build\n    setup_py_data = get_setup_data(self.context.pkg, env)\n  File "/usr/lib/python3/dist-packages/colcon_core/task/python/__init__.py", line 20, in get_setup_data\n    return dict(pkg.metadata[key](env))\n  File "/usr/lib/python3/dist-packages/colcon_ros/package_augmentation/ros_ament_python.py", line 57, in getter\n    return get_setup_information(\n  File "/usr/lib/python3/dist-packages/colcon_python_setup_py/package_identification/python_setup_py.py", line 241, in get_setup_information\n    _setup_information_cache[hashable_env] = _get_setup_information(\n  File "/usr/lib/python3/dist-packages/colcon_python_setup_py/package_identification/python_setup_py.py", line 288, in _get_setup_information\n    result = subprocess.run(\n  File "/usr/lib/python3.10/subprocess.py", line 526, in run\n    raise CalledProcessError(retcode, process.args,\nsubprocess.CalledProcessError: Command \'[\'/usr/bin/python3\', \'-c\', \'import sys;from contextlib import suppress;exec("with suppress(ImportError):    from setuptools.extern.packaging.specifiers    import SpecifierSet");exec("with suppress(ImportError):    from packaging.specifiers import SpecifierSet");from distutils.core import run_setup;dist = run_setup(    \\\'setup.py\\\', script_args=(\\\'--dry-run\\\',), stop_after=\\\'config\\\');skip_keys = (\\\'cmdclass\\\', \\\'distclass\\\', \\\'ext_modules\\\', \\\'metadata\\\');data = {    key: value for key, value in dist.__dict__.items()     if (        not key.startswith(\\\'_\\\') and         not callable(value) and         key not in skip_keys and         key not in dist.display_option_names    )};data[\\\'metadata\\\'] = {    k: v for k, v in dist.metadata.__dict__.items()     if k not in (\\\'license_files\\\', \\\'provides_extras\\\')};sys.stdout.buffer.write(repr(data).encode(\\\'utf-8\\\'))\']\' returned non-zero exit status 1.\n'}
[2.540833] (wall_stop) JobEnded: {'identifier': 'wall_stop', 'rc': 1}
[2.549667] (-) EventReactorShutdown: {}
